#
# There is insufficient memory for the Java Runtime Environment to continue.
# Native memory allocation (malloc) failed to allocate 1048576 bytes for AllocateHeap
# Possible reasons:
#   The system is out of physical RAM or swap space
#   The process is running with CompressedOops enabled, and the Java Heap may be blocking the growth of the native heap
# Possible solutions:
#   Reduce memory load on the system
#   Increase physical memory or swap space
#   Check if swap backing store is full
#   Decrease Java heap size (-Xmx/-Xms)
#   Decrease number of Java threads
#   Decrease Java thread stack sizes (-Xss)
#   Set larger code cache with -XX:ReservedCodeCacheSize=
#   JVM is running with Unscaled Compressed Oops mode in which the Java heap is
#     placed in the first 4GB address space. The Java Heap base address is the
#     maximum limit for the native heap growth. Please use -XX:HeapBaseMinAddress
#     to set the Java Heap base and to place the Java Heap above 4GB virtual address.
# This output file may be truncated or incomplete.
#
#  Out of Memory Error (allocation.cpp:44), pid=10288, tid=12224
#
# JRE version:  (17.0.6+9) (build )
# Java VM: Java HotSpot(TM) 64-Bit Server VM (17.0.6+9-LTS-190, mixed mode, sharing, tiered, compressed oops, compressed class ptrs, g1 gc, windows-amd64)
# No core dump will be written. Minidumps are not enabled by default on client versions of Windows
#

---------------  S U M M A R Y ------------

Command Line: -XX:+ShowCodeDetailsInExceptionMessages App

Host: Intel(R) Core(TM) i5-9500 CPU @ 3.00GHz, 6 cores, 7G,  Windows 10 , 64 bit Build 19041 (10.0.19041.2788)
Time: Wed Apr 26 20:10:07 2023 Hora oficial do Brasil elapsed time: 0.018253 seconds (0d 0h 0m 0s)

---------------  T H R E A D  ---------------

Current thread (0x00000216414ec7b0):  JavaThread "Unknown thread" [_thread_in_vm, id=12224, stack(0x000000cd47a00000,0x000000cd47b00000)]

Stack: [0x000000cd47a00000,0x000000cd47b00000]
Native frames: (J=compiled Java code, j=interpreted, Vv=VM code, C=native code)
V  [jvm.dll+0x6734ea]
V  [jvm.dll+0x7d18f4]
V  [jvm.dll+0x7d309e]
V  [jvm.dll+0x7d3703]
V  [jvm.dll+0x2433c5]
V  [jvm.dll+0xa4ae3]
V  [jvm.dll+0x2d3127]
V  [jvm.dll+0x7a337c]
V  [jvm.dll+0x3647f1]
V  [jvm.dll+0x782839]
V  [jvm.dll+0x3e757f]
V  [jvm.dll+0x3e9001]
C  [jli.dll+0x5297]
C  [ucrtbase.dll+0x21bb2]
C  [KERNEL32.dll+0x17604]
C  [ntdll.dll+0x526a1]


---------------  P R O C E S S  ---------------

Threads class SMR info:
_java_thread_list=0x00007ffa57cbe958, length=0, elements={
}

Java Threads: ( => current thread )

Other Threads:

=>0x00000216414ec7b0 (exited) JavaThread "Unknown thread" [_thread_in_vm, id=12224, stack(0x000000cd47a00000,0x000000cd47b00000)]

Threads with active compile tasks:

VM state: not at safepoint (not fully initialized)

VM Mutex/Monitor currently owned by a thread: None

Heap address: 0x0000000000000000, size: 0 MB, Compressed Oops mode: 32-bit

CDS archive(s) mapped at: [0x0000000000000000-0x0000000000000000-0x0000000000000000), size 0, SharedBaseAddress: 0x0000000800000000, ArchiveRelocationMode: 0.
Narrow klass base: 0x0000000000000000, Narrow klass shift: 0, Narrow klass range: 0x0

GC Precious Log:
<Empty>

GC Heap History (0 events):
No events

Deoptimization events (0 events):
No events

Classes unloaded (0 events):
No events

Classes redefined (0 events):
No events

Internal exceptions (0 events):
No events

VM Operations (0 events):
No events

Events (1 events):
Event: 0.011 Loaded shared library C:\Program Files\Java\jdk-17\bin\java.dll


Dynamic libraries:
0x00007ff6c1560000 - 0x00007ff6c1570000 	C:\Program Files\Java\jdk-17\bin\java.exe
0x00007ffa92f10000 - 0x00007ffa93108000 	C:\Windows\SYSTEM32\ntdll.dll
0x00007ffa91080000 - 0x00007ffa9113f000 	C:\Windows\System32\KERNEL32.dll
0x00007ffa90320000 - 0x00007ffa90421000 	C:\Windows\system32\hmpalert.dll
0x00007ffa90620000 - 0x00007ffa908fa000 	C:\Windows\System32\KERNELBASE.dll
0x00007ffa90900000 - 0x00007ffa90a00000 	C:\Windows\System32\ucrtbase.dll
0x00007ffa6e6b0000 - 0x00007ffa6e6c8000 	C:\Program Files\Java\jdk-17\bin\jli.dll
0x00007ffa6f3b0000 - 0x00007ffa6f3cb000 	C:\Program Files\Java\jdk-17\bin\VCRUNTIME140.dll
0x00007ffa90f70000 - 0x00007ffa9101e000 	C:\Windows\System32\ADVAPI32.dll
0x00007ffa914b0000 - 0x00007ffa9154e000 	C:\Windows\System32\msvcrt.dll
0x00007ffa92240000 - 0x00007ffa922dc000 	C:\Windows\System32\sechost.dll
0x00007ffa92110000 - 0x00007ffa92236000 	C:\Windows\System32\RPCRT4.dll
0x00007ffa92480000 - 0x00007ffa9261d000 	C:\Windows\System32\USER32.dll
0x00007ffa90d00000 - 0x00007ffa90d22000 	C:\Windows\System32\win32u.dll
0x00007ffa92d10000 - 0x00007ffa92d3b000 	C:\Windows\System32\GDI32.dll
0x00007ffa90b80000 - 0x00007ffa90c90000 	C:\Windows\System32\gdi32full.dll
0x00007ffa90a00000 - 0x00007ffa90a9d000 	C:\Windows\System32\msvcp_win.dll
0x00007ffa78470000 - 0x00007ffa7870a000 	C:\Windows\WinSxS\amd64_microsoft.windows.common-controls_6595b64144ccf1df_6.0.19041.1110_none_60b5254171f9507e\COMCTL32.dll
0x00007ffa8b830000 - 0x00007ffa8b83a000 	C:\Windows\SYSTEM32\VERSION.dll
0x00007ffa91550000 - 0x00007ffa91580000 	C:\Windows\System32\IMM32.DLL
0x00007ffa7ed90000 - 0x00007ffa7ed9c000 	C:\Program Files\Java\jdk-17\bin\vcruntime140_1.dll
0x00007ffa69d40000 - 0x00007ffa69dce000 	C:\Program Files\Java\jdk-17\bin\msvcp140.dll
0x00007ffa57210000 - 0x00007ffa57de7000 	C:\Program Files\Java\jdk-17\bin\server\jvm.dll
0x00007ffa916d0000 - 0x00007ffa916d8000 	C:\Windows\System32\PSAPI.DLL
0x00007ffa8cf60000 - 0x00007ffa8cf69000 	C:\Windows\SYSTEM32\WSOCK32.dll
0x00007ffa92af0000 - 0x00007ffa92b5b000 	C:\Windows\System32\WS2_32.dll
0x00007ffa81ab0000 - 0x00007ffa81ad7000 	C:\Windows\SYSTEM32\WINMM.dll
0x00007ffa8e260000 - 0x00007ffa8e272000 	C:\Windows\SYSTEM32\kernel.appcore.dll
0x00007ffa7df10000 - 0x00007ffa7df1a000 	C:\Program Files\Java\jdk-17\bin\jimage.dll
0x00007ffa80e80000 - 0x00007ffa81064000 	C:\Windows\SYSTEM32\DBGHELP.DLL
0x00007ffa7ff00000 - 0x00007ffa7ff34000 	C:\Windows\SYSTEM32\dbgcore.DLL
0x00007ffa90e90000 - 0x00007ffa90f12000 	C:\Windows\System32\bcryptPrimitives.dll
0x00007ffa6e680000 - 0x00007ffa6e6a5000 	C:\Program Files\Java\jdk-17\bin\java.dll

dbghelp: loaded successfully - version: 4.0.5 - missing functions: none
symbol engine: initialized successfully - sym options: 0x614 - pdb path: .;C:\Program Files\Java\jdk-17\bin;C:\Windows\SYSTEM32;C:\Windows\WinSxS\amd64_microsoft.windows.common-controls_6595b64144ccf1df_6.0.19041.1110_none_60b5254171f9507e;C:\Program Files\Java\jdk-17\bin\server

VM Arguments:
jvm_args: -XX:+ShowCodeDetailsInExceptionMessages 
java_command: App
java_class_path (initial): C:\Users\daniely.campaner\OneDrive - Grupo Marista\2º SEMESTRE\Java\AppLogin\bin;c:\Users\daniely.campaner\OneDrive - Grupo Marista\2º SEMESTRE\Java\AppLogin\lib\mysql-connector-java-8.0.13.jar
Launcher Type: SUN_STANDARD

[Global flags]
     intx CICompilerCount                          = 3                                         {product} {ergonomic}
     uint ConcGCThreads                            = 2                                         {product} {ergonomic}
     uint G1ConcRefinementThreads                  = 6                                         {product} {ergonomic}
   size_t G1HeapRegionSize                         = 1048576                                   {product} {ergonomic}
    uintx GCDrainStackTargetSize                   = 64                                        {product} {ergonomic}
   size_t InitialHeapSize                          = 132120576                                 {product} {ergonomic}
   size_t MarkStackSize                            = 4194304                                   {product} {ergonomic}
   size_t MaxHeapSize                              = 2099249152                                {product} {ergonomic}
   size_t MinHeapDeltaBytes                        = 1048576                                   {product} {ergonomic}
   size_t MinHeapSize                              = 8388608                                   {product} {ergonomic}
    uintx NonNMethodCodeHeapSize                   = 5832780                                {pd product} {ergonomic}
    uintx NonProfiledCodeHeapSize                  = 122912730                              {pd product} {ergonomic}
    uintx ProfiledCodeHeapSize                     = 122912730                              {pd product} {ergonomic}
    uintx ReservedCodeCacheSize                    = 251658240                              {pd product} {ergonomic}
     bool SegmentedCodeCache                       = true                                      {product} {ergonomic}
     bool ShowCodeDetailsInExceptionMessages       = true                                   {manageable} {command line}
   size_t SoftMaxHeapSize                          = 2099249152                             {manageable} {ergonomic}
     bool UseCompressedClassPointers               = true                           {product lp64_product} {ergonomic}
     bool UseCompressedOops                        = true                           {product lp64_product} {ergonomic}
     bool UseG1GC                                  = true                                      {product} {ergonomic}
     bool UseLargePagesIndividualAllocation        = false                                  {pd product} {ergonomic}

Logging:
Log output configuration:
 #0: stdout all=warning uptime,level,tags
 #1: stderr all=off uptime,level,tags

Environment Variables:
PATH=C:\Program Files (x86)\VMware\VMware Workstation\bin\;C:\Program Files\Common Files\Oracle\Java\javapath;C:\Program Files (x86)\Common Files\Oracle\Java\javapath;C:\Windows\system32;C:\Windows;C:\Windows\System32\Wbem;C:\Windows\System32\WindowsPowerShell\v1.0\;C:\Windows\System32\OpenSSH\;C:\Program Files\Git\cmd;C:\Program Files\nodejs\;C:\Program Files\Microsoft VS Code\bin;C:\Users\daniely.campaner\AppData\Local\Microsoft\WindowsApps;
USERNAME=daniely.campaner
LANG=en_US.UTF-8
OS=Windows_NT
PROCESSOR_IDENTIFIER=Intel64 Family 6 Model 158 Stepping 10, GenuineIntel



---------------  S Y S T E M  ---------------

OS:
 Windows 10 , 64 bit Build 19041 (10.0.19041.2788)
OS uptime: 0 days 1:07 hours

CPU: total 6 (initial active 6) (6 cores per cpu, 1 threads per core) family 6 model 158 stepping 10 microcode 0xea, cx8, cmov, fxsr, mmx, 3dnowpref, sse, sse2, sse3, ssse3, sse4.1, sse4.2, popcnt, lzcnt, tsc, tscinvbit, avx, avx2, aes, erms, clmul, bmi1, bmi2, rtm, adx, fma, vzeroupper, clflush, clflushopt

Memory: 4k page, system-wide physical 8001M (1173M free)
TotalPageFile size 8001M (AvailPageFile size 5M)
current process WorkingSet (physical memory assigned to process): 10M, peak: 10M
current process commit charge ("private bytes"): 14M, peak: 15M

vm_info: Java HotSpot(TM) 64-Bit Server VM (17.0.6+9-LTS-190) for windows-amd64 JRE (17.0.6+9-LTS-190), built on Dec  6 2022 15:53:54 by "mach5one" with MS VC++ 17.1 (VS2022)

END.
