#
# There is insufficient memory for the Java Runtime Environment to continue.
# Native memory allocation (malloc) failed to allocate 580464 bytes for Chunk::new
# Possible reasons:
#   The system is out of physical RAM or swap space
#   The process is running with CompressedOops enabled, and the Java Heap may be blocking the growth of the native heap
# Possible solutions:
#   Reduce memory load on the system
#   Increase physical memory or swap space
#   Check if swap backing store is full
#   Decrease Java heap size (-Xmx/-Xms)
#   Decrease number of Java threads
#   Decrease Java thread stack sizes (-Xss)
#   Set larger code cache with -XX:ReservedCodeCacheSize=
#   JVM is running with Unscaled Compressed Oops mode in which the Java heap is
#     placed in the first 4GB address space. The Java Heap base address is the
#     maximum limit for the native heap growth. Please use -XX:HeapBaseMinAddress
#     to set the Java Heap base and to place the Java Heap above 4GB virtual address.
# This output file may be truncated or incomplete.
#
#  Out of Memory Error (arena.cpp:189), pid=6112, tid=8424
#
# JRE version: OpenJDK Runtime Environment Temurin-17.0.6+10 (17.0.6+10) (build 17.0.6+10)
# Java VM: OpenJDK 64-Bit Server VM Temurin-17.0.6+10 (17.0.6+10, mixed mode, tiered, compressed oops, compressed class ptrs, parallel gc, windows-amd64)
# No core dump will be written. Minidumps are not enabled by default on client versions of Windows
#

---------------  S U M M A R Y ------------

Command Line: --add-modules=ALL-SYSTEM --add-opens=java.base/java.util=ALL-UNNAMED --add-opens=java.base/java.lang=ALL-UNNAMED --add-opens=java.base/sun.nio.fs=ALL-UNNAMED -Declipse.application=org.eclipse.jdt.ls.core.id1 -Dosgi.bundles.defaultStartLevel=4 -Declipse.product=org.eclipse.jdt.ls.core.product -Djava.import.generatesMetadataFilesAtProjectRoot=false -Dfile.encoding=utf8 -XX:+UseParallelGC -XX:GCTimeRatio=4 -XX:AdaptiveSizePolicyWeight=90 -Dsun.zip.disableMemoryMapping=true -Xmx1G -Xms100m -Xlog:disable -javaagent:c:\Users\daniely.campaner\.vscode\extensions\redhat.java-1.16.0-win32-x64\lombok\lombok-1.18.24.jar -XX:+HeapDumpOnOutOfMemoryError -XX:HeapDumpPath=c:\Users\daniely.campaner\AppData\Roaming\Code\User\workspaceStorage\87419a09880d7988bbd91e3404af356a\redhat.java c:\Users\daniely.campaner\.vscode\extensions\redhat.java-1.16.0-win32-x64\server\plugins\org.eclipse.equinox.launcher_1.6.400.v20210924-0641.jar -configuration c:\Users\daniely.campaner\AppData\Roaming\Code\User\globalStorage\redhat.java\1.16.0\config_win -data c:\Users\daniely.campaner\AppData\Roaming\Code\User\workspaceStorage\87419a09880d7988bbd91e3404af356a\redhat.java\jdt_ws

Host: Intel(R) Core(TM) i5-9500 CPU @ 3.00GHz, 6 cores, 7G,  Windows 10 , 64 bit Build 19041 (10.0.19041.2788)
Time: Wed May 10 19:37:37 2023 Hora oficial do Brasil elapsed time: 1.812090 seconds (0d 0h 0m 1s)

---------------  T H R E A D  ---------------

Current thread (0x000001a48f8d9100):  JavaThread "C2 CompilerThread1" daemon [_thread_in_native, id=8424, stack(0x0000008039200000,0x0000008039300000)]


Current CompileTask:
C2:   1812 2384   !   4       java.util.jar.Attributes::read (498 bytes)

Stack: [0x0000008039200000,0x0000008039300000]
Native frames: (J=compiled Java code, j=interpreted, Vv=VM code, C=native code)
V  [jvm.dll+0x67741a]
V  [jvm.dll+0x834434]
V  [jvm.dll+0x835bde]
V  [jvm.dll+0x836243]
V  [jvm.dll+0x2457b5]
V  [jvm.dll+0xabafc]
V  [jvm.dll+0xac0cc]
V  [jvm.dll+0x3634e7]
V  [jvm.dll+0x32dda1]
V  [jvm.dll+0x32d24a]
V  [jvm.dll+0x2185f1]
V  [jvm.dll+0x217a11]
V  [jvm.dll+0x1a3d0d]
V  [jvm.dll+0x22742a]
V  [jvm.dll+0x225565]
V  [jvm.dll+0x7ea2cb]
V  [jvm.dll+0x7e483a]
V  [jvm.dll+0x6762c5]
C  [ucrtbase.dll+0x21bb2]
C  [KERNEL32.dll+0x17604]
C  [ntdll.dll+0x526a1]


---------------  P R O C E S S  ---------------

Threads class SMR info:
_java_thread_list=0x000001a490b681b0, length=21, elements={
0x000001a4f9243670, 0x000001a4fe0aa750, 0x000001a4fe0abde0, 0x000001a4fe0c8290,
0x000001a4fe0caf10, 0x000001a4fe0cd330, 0x000001a48f12f980, 0x000001a48f130570,
0x000001a48f130e70, 0x000001a48f139f40, 0x000001a48f23aeb0, 0x000001a48f424d40,
0x000001a48f8d9100, 0x000001a48f721390, 0x000001a490b3cde0, 0x000001a490b3d990,
0x000001a48fcef8e0, 0x000001a490933fe0, 0x000001a49099c380, 0x000001a48f7ab480,
0x000001a48f7a92d0
}

Java Threads: ( => current thread )
  0x000001a4f9243670 JavaThread "main" [_thread_blocked, id=7024, stack(0x0000008037e00000,0x0000008037f00000)]
  0x000001a4fe0aa750 JavaThread "Reference Handler" daemon [_thread_blocked, id=8836, stack(0x0000008038100000,0x0000008038200000)]
  0x000001a4fe0abde0 JavaThread "Finalizer" daemon [_thread_blocked, id=2176, stack(0x0000008038200000,0x0000008038300000)]
  0x000001a4fe0c8290 JavaThread "Signal Dispatcher" daemon [_thread_blocked, id=11244, stack(0x0000008038300000,0x0000008038400000)]
  0x000001a4fe0caf10 JavaThread "Attach Listener" daemon [_thread_blocked, id=7336, stack(0x0000008038400000,0x0000008038500000)]
  0x000001a4fe0cd330 JavaThread "Service Thread" daemon [_thread_blocked, id=5452, stack(0x0000008038500000,0x0000008038600000)]
  0x000001a48f12f980 JavaThread "Monitor Deflation Thread" daemon [_thread_blocked, id=1648, stack(0x0000008038600000,0x0000008038700000)]
  0x000001a48f130570 JavaThread "C2 CompilerThread0" daemon [_thread_blocked, id=13488, stack(0x0000008038700000,0x0000008038800000)]
  0x000001a48f130e70 JavaThread "C1 CompilerThread0" daemon [_thread_blocked, id=10280, stack(0x0000008038800000,0x0000008038900000)]
  0x000001a48f139f40 JavaThread "Sweeper thread" daemon [_thread_blocked, id=5152, stack(0x0000008038900000,0x0000008038a00000)]
  0x000001a48f23aeb0 JavaThread "Common-Cleaner" daemon [_thread_blocked, id=11464, stack(0x0000008038a00000,0x0000008038b00000)]
  0x000001a48f424d40 JavaThread "Notification Thread" daemon [_thread_blocked, id=12396, stack(0x0000008038c00000,0x0000008038d00000)]
=>0x000001a48f8d9100 JavaThread "C2 CompilerThread1" daemon [_thread_in_native, id=8424, stack(0x0000008039200000,0x0000008039300000)]
  0x000001a48f721390 JavaThread "Active Thread: Equinox Container: 1f540d50-2975-438b-8881-b67a54b68f0f" [_thread_blocked, id=9924, stack(0x0000008039300000,0x0000008039400000)]
  0x000001a490b3cde0 JavaThread "Framework Event Dispatcher: Equinox Container: 1f540d50-2975-438b-8881-b67a54b68f0f" daemon [_thread_blocked, id=13740, stack(0x0000008039400000,0x0000008039500000)]
  0x000001a490b3d990 JavaThread "Start Level: Equinox Container: 1f540d50-2975-438b-8881-b67a54b68f0f" daemon [_thread_in_vm, id=8688, stack(0x0000008039500000,0x0000008039600000)]
  0x000001a48fcef8e0 JavaThread "SCR Component Actor" daemon [_thread_blocked, id=1756, stack(0x0000008039600000,0x0000008039700000)]
  0x000001a490933fe0 JavaThread "SCR Component Registry" daemon [_thread_blocked, id=1480, stack(0x0000008039700000,0x0000008039800000)]
  0x000001a49099c380 JavaThread "Worker-JM" [_thread_blocked, id=10388, stack(0x0000008039800000,0x0000008039900000)]
  0x000001a48f7ab480 JavaThread "Worker-0: Checking project encoding" [_thread_blocked, id=2104, stack(0x0000008039900000,0x0000008039a00000)]
  0x000001a48f7a92d0 JavaThread "Worker-1" [_thread_blocked, id=11476, stack(0x0000008039a00000,0x0000008039b00000)]

Other Threads:
  0x000001a4fdf6cbb0 VMThread "VM Thread" [stack: 0x0000008038000000,0x0000008038100000] [id=7800]
  0x000001a48f425210 WatcherThread [stack: 0x0000008038d00000,0x0000008038e00000] [id=13212]
  0x000001a4f9258c60 GCTaskThread "GC Thread#0" [stack: 0x0000008037f00000,0x0000008038000000] [id=6656]
  0x000001a4f9303060 GCTaskThread "GC Thread#1" [stack: 0x0000008038b00000,0x0000008038c00000] [id=6960]
  0x000001a48f61f030 GCTaskThread "GC Thread#2" [stack: 0x0000008038e00000,0x0000008038f00000] [id=2772]
  0x000001a48fa3aa10 GCTaskThread "GC Thread#3" [stack: 0x0000008038f00000,0x0000008039000000] [id=11112]
  0x000001a48fa3acc0 GCTaskThread "GC Thread#4" [stack: 0x0000008039000000,0x0000008039100000] [id=10848]
  0x000001a48fa3af70 GCTaskThread "GC Thread#5" [stack: 0x0000008039100000,0x0000008039200000] [id=10560]

Threads with active compile tasks:
C2 CompilerThread1     1853 2384   !   4       java.util.jar.Attributes::read (498 bytes)

VM state: not at safepoint (normal execution)

VM Mutex/Monitor currently owned by a thread: None

Heap address: 0x00000000c0000000, size: 1024 MB, Compressed Oops mode: 32-bit

CDS archive(s) not mapped
Compressed class space mapped at: 0x0000000100000000-0x0000000140000000, reserved size: 1073741824
Narrow klass base: 0x0000000000000000, Narrow klass shift: 3, Narrow klass range: 0x140000000

GC Precious Log:
 CPUs: 6 total, 6 available
 Memory: 8001M
 Large Page Support: Disabled
 NUMA Support: Disabled
 Compressed Oops: Enabled (32-bit)
 Alignments: Space 512K, Generation 512K, Heap 2M
 Heap Min Capacity: 100M
 Heap Initial Capacity: 100M
 Heap Max Capacity: 1G
 Pre-touch: Disabled
 Parallel Workers: 6

Heap:
 PSYoungGen      total 29696K, used 18314K [0x00000000eab00000, 0x00000000ecc00000, 0x0000000100000000)
  eden space 25600K, 71% used [0x00000000eab00000,0x00000000ebce2b40,0x00000000ec400000)
  from space 4096K, 0% used [0x00000000ec800000,0x00000000ec800000,0x00000000ecc00000)
  to   space 4096K, 0% used [0x00000000ec400000,0x00000000ec400000,0x00000000ec800000)
 ParOldGen       total 68608K, used 8088K [0x00000000c0000000, 0x00000000c4300000, 0x00000000eab00000)
  object space 68608K, 11% used [0x00000000c0000000,0x00000000c07e6078,0x00000000c4300000)
 Metaspace       used 23252K, committed 23808K, reserved 1073152K
  class space    used 2415K, committed 2688K, reserved 1048576K

Card table byte_map: [0x000001a4f8c20000,0x000001a4f8e30000] _byte_map_base: 0x000001a4f8620000

Marking Bits: (ParMarkBitMap*) 0x00007ffce7cd3e70
 Begin Bits: [0x000001a4fbed0000, 0x000001a4fced0000)
 End Bits:   [0x000001a4fced0000, 0x000001a4fded0000)

Polling page: 0x000001a4f8a10000

Metaspace:

Usage:
  Non-class:     20.36 MB used.
      Class:      2.36 MB used.
       Both:     22.72 MB used.

Virtual space:
  Non-class space:       24.00 MB reserved,      20.62 MB ( 86%) committed,  3 nodes.
      Class space:        1.00 GB reserved,       2.62 MB ( <1%) committed,  1 nodes.
             Both:        1.02 GB reserved,      23.25 MB (  2%) committed. 

Chunk freelists:
   Non-Class:  2.45 MB
       Class:  1.23 MB
        Both:  3.68 MB

MaxMetaspaceSize: unlimited
CompressedClassSpaceSize: 1.00 GB
Initial GC threshold: 21.00 MB
Current GC threshold: 35.00 MB
CDS: off
MetaspaceReclaimPolicy: balanced
 - commit_granule_bytes: 65536.
 - commit_granule_words: 8192.
 - virtual_space_node_default_size: 1048576.
 - enlarge_chunks_in_place: 1.
 - new_chunks_are_fully_committed: 0.
 - uncommit_free_chunks: 1.
 - use_allocation_guard: 0.
 - handle_deallocations: 1.


Internal statistics:

num_allocs_failed_limit: 3.
num_arena_births: 218.
num_arena_deaths: 14.
num_vsnodes_births: 4.
num_vsnodes_deaths: 0.
num_space_committed: 372.
num_space_uncommitted: 0.
num_chunks_returned_to_freelist: 17.
num_chunks_taken_from_freelist: 796.
num_chunk_merges: 7.
num_chunk_splits: 528.
num_chunks_enlarged: 363.
num_purges: 2.
num_inconsistent_stats: 0.

CodeHeap 'non-profiled nmethods': size=120000Kb used=983Kb max_used=983Kb free=119016Kb
 bounds [0x000001a487ad0000, 0x000001a487d40000, 0x000001a48f000000]
CodeHeap 'profiled nmethods': size=120000Kb used=4834Kb max_used=4834Kb free=115165Kb
 bounds [0x000001a480000000, 0x000001a4804c0000, 0x000001a487530000]
CodeHeap 'non-nmethods': size=5760Kb used=1201Kb max_used=1223Kb free=4558Kb
 bounds [0x000001a487530000, 0x000001a4877a0000, 0x000001a487ad0000]
 total_blobs=2960 nmethods=2456 adapters=418
 compilation: enabled
              stopped_count=0, restarted_count=0
 full_count=0

Compilation events (20 events):
Event: 1.805 Thread 0x000001a48f130e70 nmethod 2438 0x000001a4804a8210 code [0x000001a4804a83c0, 0x000001a4804a8648]
Event: 1.805 Thread 0x000001a48f130e70 2433       3       sun.util.locale.BaseLocale$Key::equals (109 bytes)
Event: 1.805 Thread 0x000001a48f130e70 nmethod 2433 0x000001a4804a8710 code [0x000001a4804a8980, 0x000001a4804a9658]
Event: 1.805 Thread 0x000001a48f130e70 2422       3       sun.util.locale.InternalLocaleBuilder::clear (31 bytes)
Event: 1.806 Thread 0x000001a48f130e70 nmethod 2422 0x000001a4804a9990 code [0x000001a4804a9b40, 0x000001a4804a9d08]
Event: 1.806 Thread 0x000001a48f130e70 2423       3       sun.util.locale.LanguageTag::getExtlangs (24 bytes)
Event: 1.806 Thread 0x000001a48f130e70 nmethod 2423 0x000001a4804a9d90 code [0x000001a4804a9f60, 0x000001a4804aa238]
Event: 1.806 Thread 0x000001a48f130e70 2424       3       sun.util.locale.InternalLocaleBuilder::setExtensions (206 bytes)
Event: 1.808 Thread 0x000001a48f130e70 nmethod 2424 0x000001a4804aa310 code [0x000001a4804aa800, 0x000001a4804ad0d8]
Event: 1.808 Thread 0x000001a48f130e70 2425       3       sun.util.locale.LocaleUtils::isEmpty (19 bytes)
Event: 1.808 Thread 0x000001a48f130e70 nmethod 2425 0x000001a4804adf10 code [0x000001a4804ae0c0, 0x000001a4804ae308]
Event: 1.808 Thread 0x000001a48f130e70 2426       3       sun.util.locale.InternalLocaleBuilder::getBaseLocale (187 bytes)
Event: 1.809 Thread 0x000001a48f130e70 nmethod 2426 0x000001a4804ae410 code [0x000001a4804ae720, 0x000001a4804af718]
Event: 1.809 Thread 0x000001a48f130e70 2427       3       sun.util.locale.InternalLocaleBuilder::getLocaleExtensions (65 bytes)
Event: 1.809 Thread 0x000001a48f130e70 nmethod 2427 0x000001a4804afd90 code [0x000001a4804affc0, 0x000001a4804b0808]
Event: 1.809 Thread 0x000001a48f130e70 2428       3       sun.util.locale.LocaleUtils::isEmpty (19 bytes)
Event: 1.809 Thread 0x000001a48f130e70 nmethod 2428 0x000001a4804b0a10 code [0x000001a4804b0bc0, 0x000001a4804b0e08]
Event: 1.809 Thread 0x000001a48f130e70 2429       3       sun.util.locale.BaseLocale::convertOldISOCodes (238 bytes)
Event: 1.809 Thread 0x000001a48f130e70 nmethod 2429 0x000001a4804b0f10 code [0x000001a4804b1140, 0x000001a4804b1888]
Event: 1.809 Thread 0x000001a48f130e70 2439       1       org.apache.felix.scr.impl.metadata.ReferenceMetadata::isMultiple (5 bytes)

GC Heap History (10 events):
Event: 0.712 GC heap before
{Heap before GC invocations=1 (full 0):
 PSYoungGen      total 29696K, used 25600K [0x00000000eab00000, 0x00000000ecc00000, 0x0000000100000000)
  eden space 25600K, 100% used [0x00000000eab00000,0x00000000ec400000,0x00000000ec400000)
  from space 4096K, 0% used [0x00000000ec800000,0x00000000ec800000,0x00000000ecc00000)
  to   space 4096K, 0% used [0x00000000ec400000,0x00000000ec400000,0x00000000ec800000)
 ParOldGen       total 68608K, used 0K [0x00000000c0000000, 0x00000000c4300000, 0x00000000eab00000)
  object space 68608K, 0% used [0x00000000c0000000,0x00000000c0000000,0x00000000c4300000)
 Metaspace       used 11112K, committed 11328K, reserved 1064960K
  class space    used 1106K, committed 1216K, reserved 1048576K
}
Event: 0.719 GC heap after
{Heap after GC invocations=1 (full 0):
 PSYoungGen      total 29696K, used 3208K [0x00000000eab00000, 0x00000000ecc00000, 0x0000000100000000)
  eden space 25600K, 0% used [0x00000000eab00000,0x00000000eab00000,0x00000000ec400000)
  from space 4096K, 78% used [0x00000000ec400000,0x00000000ec722208,0x00000000ec800000)
  to   space 4096K, 0% used [0x00000000ec800000,0x00000000ec800000,0x00000000ecc00000)
 ParOldGen       total 68608K, used 16K [0x00000000c0000000, 0x00000000c4300000, 0x00000000eab00000)
  object space 68608K, 0% used [0x00000000c0000000,0x00000000c0004000,0x00000000c4300000)
 Metaspace       used 11112K, committed 11328K, reserved 1064960K
  class space    used 1106K, committed 1216K, reserved 1048576K
}
Event: 1.231 GC heap before
{Heap before GC invocations=2 (full 0):
 PSYoungGen      total 29696K, used 28808K [0x00000000eab00000, 0x00000000ecc00000, 0x0000000100000000)
  eden space 25600K, 100% used [0x00000000eab00000,0x00000000ec400000,0x00000000ec400000)
  from space 4096K, 78% used [0x00000000ec400000,0x00000000ec722208,0x00000000ec800000)
  to   space 4096K, 0% used [0x00000000ec800000,0x00000000ec800000,0x00000000ecc00000)
 ParOldGen       total 68608K, used 16K [0x00000000c0000000, 0x00000000c4300000, 0x00000000eab00000)
  object space 68608K, 0% used [0x00000000c0000000,0x00000000c0004000,0x00000000c4300000)
 Metaspace       used 14984K, committed 15296K, reserved 1064960K
  class space    used 1515K, committed 1664K, reserved 1048576K
}
Event: 1.237 GC heap after
{Heap after GC invocations=2 (full 0):
 PSYoungGen      total 29696K, used 4087K [0x00000000eab00000, 0x00000000ecc00000, 0x0000000100000000)
  eden space 25600K, 0% used [0x00000000eab00000,0x00000000eab00000,0x00000000ec400000)
  from space 4096K, 99% used [0x00000000ec800000,0x00000000ecbfded0,0x00000000ecc00000)
  to   space 4096K, 0% used [0x00000000ec400000,0x00000000ec400000,0x00000000ec800000)
 ParOldGen       total 68608K, used 1370K [0x00000000c0000000, 0x00000000c4300000, 0x00000000eab00000)
  object space 68608K, 1% used [0x00000000c0000000,0x00000000c0156850,0x00000000c4300000)
 Metaspace       used 14984K, committed 15296K, reserved 1064960K
  class space    used 1515K, committed 1664K, reserved 1048576K
}
Event: 1.556 GC heap before
{Heap before GC invocations=3 (full 0):
 PSYoungGen      total 29696K, used 29687K [0x00000000eab00000, 0x00000000ecc00000, 0x0000000100000000)
  eden space 25600K, 100% used [0x00000000eab00000,0x00000000ec400000,0x00000000ec400000)
  from space 4096K, 99% used [0x00000000ec800000,0x00000000ecbfded0,0x00000000ecc00000)
  to   space 4096K, 0% used [0x00000000ec400000,0x00000000ec400000,0x00000000ec800000)
 ParOldGen       total 68608K, used 1370K [0x00000000c0000000, 0x00000000c4300000, 0x00000000eab00000)
  object space 68608K, 1% used [0x00000000c0000000,0x00000000c0156850,0x00000000c4300000)
 Metaspace       used 19828K, committed 20224K, reserved 1073152K
  class space    used 2003K, committed 2176K, reserved 1048576K
}
Event: 1.559 GC heap after
{Heap after GC invocations=3 (full 0):
 PSYoungGen      total 29696K, used 4072K [0x00000000eab00000, 0x00000000ecc00000, 0x0000000100000000)
  eden space 25600K, 0% used [0x00000000eab00000,0x00000000eab00000,0x00000000ec400000)
  from space 4096K, 99% used [0x00000000ec400000,0x00000000ec7fa280,0x00000000ec800000)
  to   space 4096K, 0% used [0x00000000ec800000,0x00000000ec800000,0x00000000ecc00000)
 ParOldGen       total 68608K, used 3958K [0x00000000c0000000, 0x00000000c4300000, 0x00000000eab00000)
  object space 68608K, 5% used [0x00000000c0000000,0x00000000c03ddb90,0x00000000c4300000)
 Metaspace       used 19828K, committed 20224K, reserved 1073152K
  class space    used 2003K, committed 2176K, reserved 1048576K
}
Event: 1.666 GC heap before
{Heap before GC invocations=4 (full 0):
 PSYoungGen      total 29696K, used 11415K [0x00000000eab00000, 0x00000000ecc00000, 0x0000000100000000)
  eden space 25600K, 28% used [0x00000000eab00000,0x00000000eb22bab8,0x00000000ec400000)
  from space 4096K, 99% used [0x00000000ec400000,0x00000000ec7fa280,0x00000000ec800000)
  to   space 4096K, 0% used [0x00000000ec800000,0x00000000ec800000,0x00000000ecc00000)
 ParOldGen       total 68608K, used 3958K [0x00000000c0000000, 0x00000000c4300000, 0x00000000eab00000)
  object space 68608K, 5% used [0x00000000c0000000,0x00000000c03ddb90,0x00000000c4300000)
 Metaspace       used 21050K, committed 21504K, reserved 1073152K
  class space    used 2132K, committed 2368K, reserved 1048576K
}
Event: 1.668 GC heap after
{Heap after GC invocations=4 (full 0):
 PSYoungGen      total 29696K, used 4088K [0x00000000eab00000, 0x00000000ecc00000, 0x0000000100000000)
  eden space 25600K, 0% used [0x00000000eab00000,0x00000000eab00000,0x00000000ec400000)
  from space 4096K, 99% used [0x00000000ec800000,0x00000000ecbfe178,0x00000000ecc00000)
  to   space 4096K, 0% used [0x00000000ec400000,0x00000000ec400000,0x00000000ec800000)
 ParOldGen       total 68608K, used 4222K [0x00000000c0000000, 0x00000000c4300000, 0x00000000eab00000)
  object space 68608K, 6% used [0x00000000c0000000,0x00000000c041fbb0,0x00000000c4300000)
 Metaspace       used 21050K, committed 21504K, reserved 1073152K
  class space    used 2132K, committed 2368K, reserved 1048576K
}
Event: 1.668 GC heap before
{Heap before GC invocations=5 (full 1):
 PSYoungGen      total 29696K, used 4088K [0x00000000eab00000, 0x00000000ecc00000, 0x0000000100000000)
  eden space 25600K, 0% used [0x00000000eab00000,0x00000000eab00000,0x00000000ec400000)
  from space 4096K, 99% used [0x00000000ec800000,0x00000000ecbfe178,0x00000000ecc00000)
  to   space 4096K, 0% used [0x00000000ec400000,0x00000000ec400000,0x00000000ec800000)
 ParOldGen       total 68608K, used 4222K [0x00000000c0000000, 0x00000000c4300000, 0x00000000eab00000)
  object space 68608K, 6% used [0x00000000c0000000,0x00000000c041fbb0,0x00000000c4300000)
 Metaspace       used 21050K, committed 21504K, reserved 1073152K
  class space    used 2132K, committed 2368K, reserved 1048576K
}
Event: 1.682 GC heap after
{Heap after GC invocations=5 (full 1):
 PSYoungGen      total 29696K, used 0K [0x00000000eab00000, 0x00000000ecc00000, 0x0000000100000000)
  eden space 25600K, 0% used [0x00000000eab00000,0x00000000eab00000,0x00000000ec400000)
  from space 4096K, 0% used [0x00000000ec800000,0x00000000ec800000,0x00000000ecc00000)
  to   space 4096K, 0% used [0x00000000ec400000,0x00000000ec400000,0x00000000ec800000)
 ParOldGen       total 68608K, used 8088K [0x00000000c0000000, 0x00000000c4300000, 0x00000000eab00000)
  object space 68608K, 11% used [0x00000000c0000000,0x00000000c07e6078,0x00000000c4300000)
 Metaspace       used 21037K, committed 21504K, reserved 1073152K
  class space    used 2128K, committed 2368K, reserved 1048576K
}

Dll operation events (9 events):
Event: 0.011 Loaded shared library c:\Users\daniely.campaner\.vscode\extensions\redhat.java-1.16.0-win32-x64\jre\17.0.6-win32-x86_64\bin\java.dll
Event: 0.102 Loaded shared library c:\Users\daniely.campaner\.vscode\extensions\redhat.java-1.16.0-win32-x64\jre\17.0.6-win32-x86_64\bin\zip.dll
Event: 0.106 Loaded shared library C:\Users\daniely.campaner\.vscode\extensions\redhat.java-1.16.0-win32-x64\jre\17.0.6-win32-x86_64\bin\instrument.dll
Event: 0.116 Loaded shared library C:\Users\daniely.campaner\.vscode\extensions\redhat.java-1.16.0-win32-x64\jre\17.0.6-win32-x86_64\bin\net.dll
Event: 0.119 Loaded shared library C:\Users\daniely.campaner\.vscode\extensions\redhat.java-1.16.0-win32-x64\jre\17.0.6-win32-x86_64\bin\nio.dll
Event: 0.125 Loaded shared library C:\Users\daniely.campaner\.vscode\extensions\redhat.java-1.16.0-win32-x64\jre\17.0.6-win32-x86_64\bin\zip.dll
Event: 0.136 Loaded shared library C:\Users\daniely.campaner\.vscode\extensions\redhat.java-1.16.0-win32-x64\jre\17.0.6-win32-x86_64\bin\jimage.dll
Event: 0.178 Loaded shared library c:\Users\daniely.campaner\.vscode\extensions\redhat.java-1.16.0-win32-x64\jre\17.0.6-win32-x86_64\bin\verify.dll
Event: 1.163 Loaded shared library C:\Users\daniely.campaner\AppData\Roaming\Code\User\globalStorage\redhat.java\1.16.0\config_win\org.eclipse.equinox.launcher\org.eclipse.equinox.launcher.win32.win32.x86_64_1.2.700.v20221108-1024\eclipse_11801.dll

Deoptimization events (20 events):
Event: 1.777 Thread 0x000001a490b3d990 DEOPT PACKING pc=0x000001a4804819d6 sp=0x00000080395ed0c0
Event: 1.777 Thread 0x000001a490b3d990 DEOPT UNPACKING pc=0x000001a487586e43 sp=0x00000080395ec548 mode 0
Event: 1.777 Thread 0x000001a490b3d990 DEOPT PACKING pc=0x000001a4804819d6 sp=0x00000080395ed0c0
Event: 1.777 Thread 0x000001a490b3d990 DEOPT UNPACKING pc=0x000001a487586e43 sp=0x00000080395ec548 mode 0
Event: 1.777 Thread 0x000001a490b3d990 DEOPT PACKING pc=0x000001a4804819d6 sp=0x00000080395ed1f0
Event: 1.777 Thread 0x000001a490b3d990 DEOPT UNPACKING pc=0x000001a487586e43 sp=0x00000080395ec678 mode 0
Event: 1.778 Thread 0x000001a490b3d990 DEOPT PACKING pc=0x000001a4804819d6 sp=0x00000080395ed1f0
Event: 1.778 Thread 0x000001a490b3d990 DEOPT UNPACKING pc=0x000001a487586e43 sp=0x00000080395ec678 mode 0
Event: 1.778 Thread 0x000001a490b3d990 DEOPT PACKING pc=0x000001a4804819d6 sp=0x00000080395ed1f0
Event: 1.778 Thread 0x000001a490b3d990 DEOPT UNPACKING pc=0x000001a487586e43 sp=0x00000080395ec678 mode 0
Event: 1.778 Thread 0x000001a490b3d990 DEOPT PACKING pc=0x000001a4804819d6 sp=0x00000080395ed1f0
Event: 1.778 Thread 0x000001a490b3d990 DEOPT UNPACKING pc=0x000001a487586e43 sp=0x00000080395ec678 mode 0
Event: 1.778 Thread 0x000001a490b3d990 DEOPT PACKING pc=0x000001a4804819d6 sp=0x00000080395ed1f0
Event: 1.778 Thread 0x000001a490b3d990 DEOPT UNPACKING pc=0x000001a487586e43 sp=0x00000080395ec678 mode 0
Event: 1.779 Thread 0x000001a490b3d990 DEOPT PACKING pc=0x000001a4804819d6 sp=0x00000080395ed300
Event: 1.779 Thread 0x000001a490b3d990 DEOPT UNPACKING pc=0x000001a487586e43 sp=0x00000080395ec788 mode 0
Event: 1.779 Thread 0x000001a490b3d990 DEOPT PACKING pc=0x000001a4804819d6 sp=0x00000080395ed300
Event: 1.779 Thread 0x000001a490b3d990 DEOPT UNPACKING pc=0x000001a487586e43 sp=0x00000080395ec788 mode 0
Event: 1.783 Thread 0x000001a490b3d990 DEOPT PACKING pc=0x000001a4800ccc9e sp=0x00000080395ed790
Event: 1.783 Thread 0x000001a490b3d990 DEOPT UNPACKING pc=0x000001a487586e43 sp=0x00000080395ecc88 mode 0

Classes unloaded (7 events):
Event: 1.671 Thread 0x000001a4fdf6cbb0 Unloading class 0x000000010021e400 'java/lang/invoke/LambdaForm$MH+0x000000010021e400'
Event: 1.671 Thread 0x000001a4fdf6cbb0 Unloading class 0x000000010021e000 'java/lang/invoke/LambdaForm$MH+0x000000010021e000'
Event: 1.671 Thread 0x000001a4fdf6cbb0 Unloading class 0x000000010021dc00 'java/lang/invoke/LambdaForm$MH+0x000000010021dc00'
Event: 1.671 Thread 0x000001a4fdf6cbb0 Unloading class 0x000000010021d800 'java/lang/invoke/LambdaForm$MH+0x000000010021d800'
Event: 1.671 Thread 0x000001a4fdf6cbb0 Unloading class 0x000000010021d000 'java/lang/invoke/LambdaForm$BMH+0x000000010021d000'
Event: 1.671 Thread 0x000001a4fdf6cbb0 Unloading class 0x000000010021cc00 'java/lang/invoke/LambdaForm$DMH+0x000000010021cc00'
Event: 1.671 Thread 0x000001a4fdf6cbb0 Unloading class 0x000000010021a000 'java/lang/invoke/LambdaForm$DMH+0x000000010021a000'

Classes redefined (0 events):
No events

Internal exceptions (20 events):
Event: 1.515 Thread 0x000001a490b3d990 Exception <a 'java/lang/NoSuchMethodError'{0x00000000ec1c8b60}: 'void java.lang.invoke.DelegatingMethodHandle$Holder.delegate(java.lang.Object, java.lang.Object, int, java.lang.Object)'> (0x00000000ec1c8b60) 
thrown [s\src\hotspot\share\interpreter\linkResolver.cpp, line 759]
Event: 1.515 Thread 0x000001a490b3d990 Exception <a 'java/lang/NoSuchMethodError'{0x00000000ec1cd468}: 'int java.lang.invoke.DirectMethodHandle$Holder.invokeSpecial(java.lang.Object, java.lang.Object, java.lang.Object)'> (0x00000000ec1cd468) 
thrown [s\src\hotspot\share\interpreter\linkResolver.cpp, line 759]
Event: 1.516 Thread 0x000001a490b3d990 Exception <a 'java/lang/NoSuchMethodError'{0x00000000ec1dda58}: 'int java.lang.invoke.DirectMethodHandle$Holder.invokeStatic(java.lang.Object, java.lang.Object, int)'> (0x00000000ec1dda58) 
thrown [s\src\hotspot\share\interpreter\linkResolver.cpp, line 759]
Event: 1.516 Thread 0x000001a490b3d990 Exception <a 'java/lang/NoSuchMethodError'{0x00000000ec1e20f8}: 'int java.lang.invoke.DirectMethodHandle$Holder.invokeSpecial(java.lang.Object, java.lang.Object, java.lang.Object, int)'> (0x00000000ec1e20f8) 
thrown [s\src\hotspot\share\interpreter\linkResolver.cpp, line 759]
Event: 1.519 Thread 0x000001a490b3d990 Exception <a 'java/lang/NoSuchMethodError'{0x00000000ec1fcdc8}: 'java.lang.Object java.lang.invoke.DirectMethodHandle$Holder.invokeStatic(java.lang.Object, java.lang.Object, java.lang.Object, java.lang.Object, int)'> (0x00000000ec1fcdc8) 
thrown [s\src\hotspot\share\interpreter\linkResolver.cpp, line 759]
Event: 1.520 Thread 0x000001a490b3d990 Exception <a 'java/lang/NoSuchMethodError'{0x00000000ec208dc0}: 'java.lang.Object java.lang.invoke.DelegatingMethodHandle$Holder.reinvoke_L(java.lang.Object, java.lang.Object, java.lang.Object, java.lang.Object, int, int)'> (0x00000000ec208dc0) 
thrown [s\src\hotspot\share\interpreter\linkResolver.cpp, line 759]
Event: 1.521 Thread 0x000001a490b3d990 Exception <a 'java/lang/NoSuchMethodError'{0x00000000ec220d50}: 'java.lang.Object java.lang.invoke.Invokers$Holder.invokeExact_MT(java.lang.Object, java.lang.Object, java.lang.Object, java.lang.Object)'> (0x00000000ec220d50) 
thrown [s\src\hotspot\share\interpreter\linkResolver.cpp, line 759]
Event: 1.594 Thread 0x000001a490b3d990 Exception <a 'java/lang/NoSuchMethodError'{0x00000000eade0ed0}: 'java.lang.Object java.lang.invoke.DirectMethodHandle$Holder.newInvokeSpecial(java.lang.Object, java.lang.Object, java.lang.Object, java.lang.Object, java.lang.Object)'> (0x00000000eade0ed0) 
thrown [s\src\hotspot\share\interpreter\linkResolver.cpp, line 759]
Event: 1.657 Thread 0x000001a490b3d990 Exception <a 'java/lang/NoSuchMethodError'{0x00000000eb12e870}: 'java.lang.Object java.lang.invoke.DirectMethodHandle$Holder.invokeSpecial(java.lang.Object, java.lang.Object, java.lang.Object, long, java.lang.Object)'> (0x00000000eb12e870) 
thrown [s\src\hotspot\share\interpreter\linkResolver.cpp, line 759]
Event: 1.658 Thread 0x000001a490b3d990 Exception <a 'java/lang/NoSuchMethodError'{0x00000000eb136a28}: 'java.lang.Object java.lang.invoke.DirectMethodHandle$Holder.newInvokeSpecial(java.lang.Object, java.lang.Object, java.lang.Object, long)'> (0x00000000eb136a28) 
thrown [s\src\hotspot\share\interpreter\linkResolver.cpp, line 759]
Event: 1.658 Thread 0x000001a490b3d990 Exception <a 'java/lang/NoSuchMethodError'{0x00000000eb13afc8}: 'java.lang.Object java.lang.invoke.DirectMethodHandle$Holder.invokeSpecial(java.lang.Object, java.lang.Object, java.lang.Object, java.lang.Object, long)'> (0x00000000eb13afc8) 
thrown [s\src\hotspot\share\interpreter\linkResolver.cpp, line 759]
Event: 1.664 Thread 0x000001a490b3d990 Exception <a 'java/lang/NoSuchMethodError'{0x00000000eb1ad0a8}: 'int java.lang.invoke.DirectMethodHandle$Holder.invokeStaticInit(java.lang.Object, java.lang.Object, java.lang.Object)'> (0x00000000eb1ad0a8) 
thrown [s\src\hotspot\share\interpreter\linkResolver.cpp, line 759]
Event: 1.685 Thread 0x000001a490b3d990 Exception <a 'java/lang/IncompatibleClassChangeError'{0x00000000eab2ece8}: Found class java.lang.Object, but interface was expected> (0x00000000eab2ece8) 
thrown [s\src\hotspot\share\interpreter\linkResolver.cpp, line 826]
Event: 1.688 Thread 0x000001a490b3d990 Exception <a 'java/lang/NoSuchMethodError'{0x00000000eab42590}: 'java.lang.Object java.lang.invoke.DirectMethodHandle$Holder.invokeSpecial(java.lang.Object, java.lang.Object, java.lang.Object, int, java.lang.Object, java.lang.Object)'> (0x00000000eab42590) 
thrown [s\src\hotspot\share\interpreter\linkResolver.cpp, line 759]
Event: 1.689 Thread 0x000001a490b3d990 Exception <a 'java/lang/NoSuchMethodError'{0x00000000eab660b0}: 'java.lang.Object java.lang.invoke.DirectMethodHandle$Holder.newInvokeSpecial(java.lang.Object, java.lang.Object, java.lang.Object, int, java.lang.Object)'> (0x00000000eab660b0) 
thrown [s\src\hotspot\share\interpreter\linkResolver.cpp, line 759]
Event: 1.689 Thread 0x000001a490b3d990 Exception <a 'java/lang/NoSuchMethodError'{0x00000000eab6a508}: 'java.lang.Object java.lang.invoke.DirectMethodHandle$Holder.invokeSpecial(java.lang.Object, java.lang.Object, java.lang.Object, java.lang.Object, int, java.lang.Object)'> (0x00000000eab6a508) 
thrown [s\src\hotspot\share\interpreter\linkResolver.cpp, line 759]
Event: 1.690 Thread 0x000001a48f7ab480 Exception <a 'java/lang/NoSuchMethodError'{0x00000000eabae858}: 'java.lang.Object java.lang.invoke.DirectMethodHandle$Holder.invokeSpecial(java.lang.Object, java.lang.Object, int, java.lang.Object, java.lang.Object)'> (0x00000000eabae858) 
thrown [s\src\hotspot\share\interpreter\linkResolver.cpp, line 759]
Event: 1.690 Thread 0x000001a48f7ab480 Exception <a 'java/lang/NoSuchMethodError'{0x00000000eabb5f28}: 'java.lang.Object java.lang.invoke.DirectMethodHandle$Holder.newInvokeSpecial(java.lang.Object, java.lang.Object, int, java.lang.Object)'> (0x00000000eabb5f28) 
thrown [s\src\hotspot\share\interpreter\linkResolver.cpp, line 759]
Event: 1.690 Thread 0x000001a48f7ab480 Exception <a 'java/lang/NoSuchMethodError'{0x00000000eabb9a38}: 'java.lang.Object java.lang.invoke.DirectMethodHandle$Holder.invokeSpecial(java.lang.Object, java.lang.Object, java.lang.Object, int, java.lang.Object)'> (0x00000000eabb9a38) 
thrown [s\src\hotspot\share\interpreter\linkResolver.cpp, line 759]
Event: 1.788 Thread 0x000001a490b3d990 Exception <a 'java/io/FileNotFoundException'{0x00000000eb5d92c0}> (0x00000000eb5d92c0) 
thrown [s\src\hotspot\share\prims\jni.cpp, line 516]

VM Operations (20 events):
Event: 0.930 Executing VM operation: HandshakeAllThreads
Event: 0.930 Executing VM operation: HandshakeAllThreads done
Event: 0.956 Executing VM operation: HandshakeAllThreads
Event: 0.956 Executing VM operation: HandshakeAllThreads done
Event: 1.197 Executing VM operation: HandshakeAllThreads
Event: 1.197 Executing VM operation: HandshakeAllThreads done
Event: 1.231 Executing VM operation: ParallelGCFailedAllocation
Event: 1.237 Executing VM operation: ParallelGCFailedAllocation done
Event: 1.441 Executing VM operation: HandshakeAllThreads
Event: 1.441 Executing VM operation: HandshakeAllThreads done
Event: 1.444 Executing VM operation: HandshakeAllThreads
Event: 1.444 Executing VM operation: HandshakeAllThreads done
Event: 1.513 Executing VM operation: HandshakeAllThreads
Event: 1.514 Executing VM operation: HandshakeAllThreads done
Event: 1.556 Executing VM operation: ParallelGCFailedAllocation
Event: 1.559 Executing VM operation: ParallelGCFailedAllocation done
Event: 1.666 Executing VM operation: CollectForMetadataAllocation
Event: 1.682 Executing VM operation: CollectForMetadataAllocation done
Event: 1.697 Executing VM operation: HandshakeAllThreads
Event: 1.697 Executing VM operation: HandshakeAllThreads done

Events (20 events):
Event: 1.698 loading class java/lang/invoke/VarHandleLongs$FieldInstanceReadOnly done
Event: 1.698 loading class java/lang/invoke/VarHandleLongs$FieldInstanceReadWrite done
Event: 1.698 loading class java/util/concurrent/atomic/Striped64$1
Event: 1.698 loading class java/util/concurrent/atomic/Striped64$1 done
Event: 1.713 loading class java/security/Policy$UnsupportedEmptyCollection
Event: 1.713 loading class java/security/Policy$UnsupportedEmptyCollection done
Event: 1.713 loading class java/security/Policy$PolicyInfo
Event: 1.713 loading class java/security/Policy$PolicyInfo done
Event: 1.784 loading class java/text/MessageFormat
Event: 1.784 loading class java/text/MessageFormat done
Event: 1.784 loading class java/text/MessageFormat$Field
Event: 1.784 loading class java/text/MessageFormat$Field done
Event: 1.785 loading class java/lang/StackTraceElement$HashedModules
Event: 1.785 loading class java/lang/StackTraceElement$HashedModules done
Event: 1.798 loading class java/text/ParseException
Event: 1.798 loading class java/text/ParseException done
Event: 1.803 loading class sun/text/resources/cldr/FormatData_en
Event: 1.803 loading class sun/text/resources/cldr/FormatData_en done
Event: 1.803 loading class sun/text/resources/cldr/FormatData_en_US
Event: 1.803 loading class sun/text/resources/cldr/FormatData_en_US done


Dynamic libraries:
0x00007ff722980000 - 0x00007ff72298e000 	c:\Users\daniely.campaner\.vscode\extensions\redhat.java-1.16.0-win32-x64\jre\17.0.6-win32-x86_64\bin\java.exe
0x00007ffd22750000 - 0x00007ffd22948000 	C:\Windows\SYSTEM32\ntdll.dll
0x00007ffd20a70000 - 0x00007ffd20b2f000 	C:\Windows\System32\KERNEL32.dll
0x00007ffd1fb60000 - 0x00007ffd1fc61000 	C:\Windows\system32\hmpalert.dll
0x00007ffd20330000 - 0x00007ffd2060a000 	C:\Windows\System32\KERNELBASE.dll
0x00007ffd1fe60000 - 0x00007ffd1ff60000 	C:\Windows\System32\ucrtbase.dll
0x00007ffd1c7b0000 - 0x00007ffd1c7c7000 	c:\Users\daniely.campaner\.vscode\extensions\redhat.java-1.16.0-win32-x64\jre\17.0.6-win32-x86_64\bin\jli.dll
0x00007ffd21650000 - 0x00007ffd217ed000 	C:\Windows\System32\USER32.dll
0x00007ffd20010000 - 0x00007ffd20032000 	C:\Windows\System32\win32u.dll
0x00007ffd21370000 - 0x00007ffd2139b000 	C:\Windows\System32\GDI32.dll
0x00007ffd20610000 - 0x00007ffd20720000 	C:\Windows\System32\gdi32full.dll
0x00007ffd20290000 - 0x00007ffd2032d000 	C:\Windows\System32\msvcp_win.dll
0x00007ffd10d30000 - 0x00007ffd10d49000 	c:\Users\daniely.campaner\.vscode\extensions\redhat.java-1.16.0-win32-x64\jre\17.0.6-win32-x86_64\bin\VCRUNTIME140.dll
0x00007ffd0c1d0000 - 0x00007ffd0c46a000 	C:\Windows\WinSxS\amd64_microsoft.windows.common-controls_6595b64144ccf1df_6.0.19041.1110_none_60b5254171f9507e\COMCTL32.dll
0x00007ffd22080000 - 0x00007ffd2211e000 	C:\Windows\System32\msvcrt.dll
0x00007ffd21340000 - 0x00007ffd21370000 	C:\Windows\System32\IMM32.DLL
0x00007ffd10770000 - 0x00007ffd1077c000 	c:\Users\daniely.campaner\.vscode\extensions\redhat.java-1.16.0-win32-x64\jre\17.0.6-win32-x86_64\bin\vcruntime140_1.dll
0x00007ffcf5a70000 - 0x00007ffcf5b01000 	c:\Users\daniely.campaner\.vscode\extensions\redhat.java-1.16.0-win32-x64\jre\17.0.6-win32-x86_64\bin\msvcp140.dll
0x00007ffce7150000 - 0x00007ffce7d97000 	c:\Users\daniely.campaner\.vscode\extensions\redhat.java-1.16.0-win32-x64\jre\17.0.6-win32-x86_64\bin\server\jvm.dll
0x00007ffd21c30000 - 0x00007ffd21cde000 	C:\Windows\System32\ADVAPI32.dll
0x00007ffd20b30000 - 0x00007ffd20bcc000 	C:\Windows\System32\sechost.dll
0x00007ffd21480000 - 0x00007ffd215a6000 	C:\Windows\System32\RPCRT4.dll
0x00007ffd08420000 - 0x00007ffd08447000 	C:\Windows\SYSTEM32\WINMM.dll
0x00007ffd10760000 - 0x00007ffd10769000 	C:\Windows\SYSTEM32\WSOCK32.dll
0x00007ffd1b060000 - 0x00007ffd1b06a000 	C:\Windows\SYSTEM32\VERSION.dll
0x00007ffd213b0000 - 0x00007ffd2141b000 	C:\Windows\System32\WS2_32.dll
0x00007ffd1daa0000 - 0x00007ffd1dab2000 	C:\Windows\SYSTEM32\kernel.appcore.dll
0x00007ffd10750000 - 0x00007ffd1075a000 	c:\Users\daniely.campaner\.vscode\extensions\redhat.java-1.16.0-win32-x64\jre\17.0.6-win32-x86_64\bin\jimage.dll
0x00007ffd0eb80000 - 0x00007ffd0ed64000 	C:\Windows\SYSTEM32\DBGHELP.DLL
0x00007ffd0e900000 - 0x00007ffd0e934000 	C:\Windows\SYSTEM32\dbgcore.DLL
0x00007ffd20720000 - 0x00007ffd207a2000 	C:\Windows\System32\bcryptPrimitives.dll
0x00007ffd10400000 - 0x00007ffd1040e000 	c:\Users\daniely.campaner\.vscode\extensions\redhat.java-1.16.0-win32-x64\jre\17.0.6-win32-x86_64\bin\instrument.dll
0x00007ffd10100000 - 0x00007ffd10125000 	c:\Users\daniely.campaner\.vscode\extensions\redhat.java-1.16.0-win32-x64\jre\17.0.6-win32-x86_64\bin\java.dll
0x00007ffd100e0000 - 0x00007ffd100f8000 	c:\Users\daniely.campaner\.vscode\extensions\redhat.java-1.16.0-win32-x64\jre\17.0.6-win32-x86_64\bin\zip.dll
0x00007ffd20bd0000 - 0x00007ffd21314000 	C:\Windows\System32\SHELL32.dll
0x00007ffd1dca0000 - 0x00007ffd1e433000 	C:\Windows\SYSTEM32\windows.storage.dll
0x00007ffd217f0000 - 0x00007ffd21b44000 	C:\Windows\System32\combase.dll
0x00007ffd1f6d0000 - 0x00007ffd1f6fe000 	C:\Windows\SYSTEM32\Wldp.dll
0x00007ffd209c0000 - 0x00007ffd20a6d000 	C:\Windows\System32\SHCORE.dll
0x00007ffd21420000 - 0x00007ffd21475000 	C:\Windows\System32\shlwapi.dll
0x00007ffd1fda0000 - 0x00007ffd1fdbf000 	C:\Windows\SYSTEM32\profapi.dll
0x00007ffcfef50000 - 0x00007ffcfef69000 	C:\Users\daniely.campaner\.vscode\extensions\redhat.java-1.16.0-win32-x64\jre\17.0.6-win32-x86_64\bin\net.dll
0x00007ffd1ecd0000 - 0x00007ffd1edda000 	C:\Windows\SYSTEM32\WINHTTP.dll
0x00007ffd1f430000 - 0x00007ffd1f49a000 	C:\Windows\system32\mswsock.dll
0x00007ffcfdaf0000 - 0x00007ffcfdb05000 	C:\Users\daniely.campaner\.vscode\extensions\redhat.java-1.16.0-win32-x64\jre\17.0.6-win32-x86_64\bin\nio.dll
0x00007ffd103f0000 - 0x00007ffd10400000 	c:\Users\daniely.campaner\.vscode\extensions\redhat.java-1.16.0-win32-x64\jre\17.0.6-win32-x86_64\bin\verify.dll
0x00007ffcfc3f0000 - 0x00007ffcfc42e000 	C:\Users\daniely.campaner\AppData\Roaming\Code\User\globalStorage\redhat.java\1.16.0\config_win\org.eclipse.equinox.launcher\org.eclipse.equinox.launcher.win32.win32.x86_64_1.2.700.v20221108-1024\eclipse_11801.dll
0x00007ffd21e00000 - 0x00007ffd21f2a000 	C:\Windows\System32\ole32.dll

dbghelp: loaded successfully - version: 4.0.5 - missing functions: none
symbol engine: initialized successfully - sym options: 0x614 - pdb path: .;c:\Users\daniely.campaner\.vscode\extensions\redhat.java-1.16.0-win32-x64\jre\17.0.6-win32-x86_64\bin;C:\Windows\SYSTEM32;C:\Windows\WinSxS\amd64_microsoft.windows.common-controls_6595b64144ccf1df_6.0.19041.1110_none_60b5254171f9507e;c:\Users\daniely.campaner\.vscode\extensions\redhat.java-1.16.0-win32-x64\jre\17.0.6-win32-x86_64\bin\server;C:\Users\daniely.campaner\AppData\Roaming\Code\User\globalStorage\redhat.java\1.16.0\config_win\org.eclipse.equinox.launcher\org.eclipse.equinox.launcher.win32.win32.x86_64_1.2.700.v20221108-1024

VM Arguments:
jvm_args: --add-modules=ALL-SYSTEM --add-opens=java.base/java.util=ALL-UNNAMED --add-opens=java.base/java.lang=ALL-UNNAMED --add-opens=java.base/sun.nio.fs=ALL-UNNAMED -Declipse.application=org.eclipse.jdt.ls.core.id1 -Dosgi.bundles.defaultStartLevel=4 -Declipse.product=org.eclipse.jdt.ls.core.product -Djava.import.generatesMetadataFilesAtProjectRoot=false -Dfile.encoding=utf8 -XX:+UseParallelGC -XX:GCTimeRatio=4 -XX:AdaptiveSizePolicyWeight=90 -Dsun.zip.disableMemoryMapping=true -Xmx1G -Xms100m -Xlog:disable -javaagent:c:\Users\daniely.campaner\.vscode\extensions\redhat.java-1.16.0-win32-x64\lombok\lombok-1.18.24.jar -XX:+HeapDumpOnOutOfMemoryError -XX:HeapDumpPath=c:\Users\daniely.campaner\AppData\Roaming\Code\User\workspaceStorage\87419a09880d7988bbd91e3404af356a\redhat.java 
java_command: c:\Users\daniely.campaner\.vscode\extensions\redhat.java-1.16.0-win32-x64\server\plugins\org.eclipse.equinox.launcher_1.6.400.v20210924-0641.jar -configuration c:\Users\daniely.campaner\AppData\Roaming\Code\User\globalStorage\redhat.java\1.16.0\config_win -data c:\Users\daniely.campaner\AppData\Roaming\Code\User\workspaceStorage\87419a09880d7988bbd91e3404af356a\redhat.java\jdt_ws
java_class_path (initial): c:\Users\daniely.campaner\.vscode\extensions\redhat.java-1.16.0-win32-x64\server\plugins\org.eclipse.equinox.launcher_1.6.400.v20210924-0641.jar
Launcher Type: SUN_STANDARD

[Global flags]
    uintx AdaptiveSizePolicyWeight                 = 90                                        {product} {command line}
     intx CICompilerCount                          = 3                                         {product} {ergonomic}
    uintx GCTimeRatio                              = 4                                         {product} {command line}
     bool HeapDumpOnOutOfMemoryError               = true                                   {manageable} {command line}
    ccstr HeapDumpPath                             = c:\Users\daniely.campaner\AppData\Roaming\Code\User\workspaceStorage\87419a09880d7988bbd91e3404af356a\redhat.java         {manageable} {command line}
   size_t InitialHeapSize                          = 104857600                                 {product} {command line}
   size_t MaxHeapSize                              = 1073741824                                {product} {command line}
   size_t MaxNewSize                               = 357564416                                 {product} {ergonomic}
   size_t MinHeapDeltaBytes                        = 524288                                    {product} {ergonomic}
   size_t MinHeapSize                              = 104857600                                 {product} {command line}
   size_t NewSize                                  = 34603008                                  {product} {ergonomic}
    uintx NonNMethodCodeHeapSize                   = 5832780                                {pd product} {ergonomic}
    uintx NonProfiledCodeHeapSize                  = 122912730                              {pd product} {ergonomic}
   size_t OldSize                                  = 70254592                                  {product} {ergonomic}
    uintx ProfiledCodeHeapSize                     = 122912730                              {pd product} {ergonomic}
    uintx ReservedCodeCacheSize                    = 251658240                              {pd product} {ergonomic}
     bool SegmentedCodeCache                       = true                                      {product} {ergonomic}
   size_t SoftMaxHeapSize                          = 1073741824                             {manageable} {ergonomic}
     bool UseCompressedClassPointers               = true                           {product lp64_product} {ergonomic}
     bool UseCompressedOops                        = true                           {product lp64_product} {ergonomic}
     bool UseLargePagesIndividualAllocation        = false                                  {pd product} {ergonomic}
     bool UseParallelGC                            = true                                      {product} {command line}

Logging:
Log output configuration:
 #0: stdout all=off uptime,level,tags
 #1: stderr all=off uptime,level,tags

Environment Variables:
PATH=C:\Program Files (x86)\VMware\VMware Workstation\bin\;C:\Program Files\Common Files\Oracle\Java\javapath;C:\Program Files (x86)\Common Files\Oracle\Java\javapath;C:\Windows\system32;C:\Windows;C:\Windows\System32\Wbem;C:\Windows\System32\WindowsPowerShell\v1.0\;C:\Windows\System32\OpenSSH\;C:\Program Files\Git\cmd;C:\Program Files\nodejs\;C:\Program Files\Microsoft VS Code\bin;C:\Users\daniely.campaner\AppData\Local\Microsoft\WindowsApps;;C:\Program Files\Microsoft Office\root\Client
USERNAME=daniely.campaner
OS=Windows_NT
PROCESSOR_IDENTIFIER=Intel64 Family 6 Model 158 Stepping 10, GenuineIntel
TMP=C:\Users\DANIEL~1.CAM\AppData\Local\Temp
TEMP=C:\Users\DANIEL~1.CAM\AppData\Local\Temp



---------------  S Y S T E M  ---------------

OS:
 Windows 10 , 64 bit Build 19041 (10.0.19041.2788)
OS uptime: 0 days 0:24 hours

CPU: total 6 (initial active 6) (6 cores per cpu, 1 threads per core) family 6 model 158 stepping 10 microcode 0xea, cx8, cmov, fxsr, mmx, 3dnowpref, sse, sse2, sse3, ssse3, sse4.1, sse4.2, popcnt, lzcnt, tsc, tscinvbit, avx, avx2, aes, erms, clmul, bmi1, bmi2, rtm, adx, fma, vzeroupper, clflush, clflushopt

Memory: 4k page, system-wide physical 8001M (1005M free)
TotalPageFile size 8001M (AvailPageFile size 0M)
current process WorkingSet (physical memory assigned to process): 117M, peak: 117M
current process commit charge ("private bytes"): 220M, peak: 220M

vm_info: OpenJDK 64-Bit Server VM (17.0.6+10) for windows-amd64 JRE (17.0.6+10), built on Jan 18 2023 10:08:59 by "temurin" with MS VC++ 16.7 (VS2019)

END.
