#
# There is insufficient memory for the Java Runtime Environment to continue.
# Native memory allocation (mmap) failed to map 65536 bytes for Failed to commit metaspace.
# Possible reasons:
#   The system is out of physical RAM or swap space
#   The process is running with CompressedOops enabled, and the Java Heap may be blocking the growth of the native heap
# Possible solutions:
#   Reduce memory load on the system
#   Increase physical memory or swap space
#   Check if swap backing store is full
#   Decrease Java heap size (-Xmx/-Xms)
#   Decrease number of Java threads
#   Decrease Java thread stack sizes (-Xss)
#   Set larger code cache with -XX:ReservedCodeCacheSize=
#   JVM is running with Unscaled Compressed Oops mode in which the Java heap is
#     placed in the first 4GB address space. The Java Heap base address is the
#     maximum limit for the native heap growth. Please use -XX:HeapBaseMinAddress
#     to set the Java Heap base and to place the Java Heap above 4GB virtual address.
# This output file may be truncated or incomplete.
#
#  Out of Memory Error (virtualSpaceNode.cpp:110), pid=12332, tid=12956
#
# JRE version: OpenJDK Runtime Environment Temurin-17.0.6+10 (17.0.6+10) (build 17.0.6+10)
# Java VM: OpenJDK 64-Bit Server VM Temurin-17.0.6+10 (17.0.6+10, mixed mode, tiered, compressed oops, compressed class ptrs, parallel gc, windows-amd64)
# No core dump will be written. Minidumps are not enabled by default on client versions of Windows
#

---------------  S U M M A R Y ------------

Command Line: --add-modules=ALL-SYSTEM --add-opens=java.base/java.util=ALL-UNNAMED --add-opens=java.base/java.lang=ALL-UNNAMED --add-opens=java.base/sun.nio.fs=ALL-UNNAMED -Declipse.application=org.eclipse.jdt.ls.core.id1 -Dosgi.bundles.defaultStartLevel=4 -Declipse.product=org.eclipse.jdt.ls.core.product -Djava.import.generatesMetadataFilesAtProjectRoot=false -Dfile.encoding=utf8 -XX:+UseParallelGC -XX:GCTimeRatio=4 -XX:AdaptiveSizePolicyWeight=90 -Dsun.zip.disableMemoryMapping=true -Xmx1G -Xms100m -Xlog:disable -javaagent:c:\Users\daniely.campaner\.vscode\extensions\redhat.java-1.16.0-win32-x64\lombok\lombok-1.18.24.jar -XX:+HeapDumpOnOutOfMemoryError -XX:HeapDumpPath=c:\Users\daniely.campaner\AppData\Roaming\Code\User\workspaceStorage\aafcf80c885c810d8cba38d79f474c28\redhat.java c:\Users\daniely.campaner\.vscode\extensions\redhat.java-1.16.0-win32-x64\server\plugins\org.eclipse.equinox.launcher_1.6.400.v20210924-0641.jar -configuration c:\Users\daniely.campaner\AppData\Roaming\Code\User\globalStorage\redhat.java\1.16.0\config_win -data c:\Users\daniely.campaner\AppData\Roaming\Code\User\workspaceStorage\aafcf80c885c810d8cba38d79f474c28\redhat.java\jdt_ws

Host: Intel(R) Core(TM) i5-9500 CPU @ 3.00GHz, 6 cores, 7G,  Windows 10 , 64 bit Build 19041 (10.0.19041.2546)
Time: Wed Mar 29 21:37:32 2023 Hora oficial do Brasil elapsed time: 2.539008 seconds (0d 0h 0m 2s)

---------------  T H R E A D  ---------------

Current thread (0x000001ab589bf010):  JavaThread "Start Level: Equinox Container: 66f8b7ec-dd91-418b-9a8d-d72bbb0210ec" daemon [_thread_in_vm, id=12956, stack(0x00000080e0700000,0x00000080e0800000)]

Stack: [0x00000080e0700000,0x00000080e0800000]
Native frames: (J=compiled Java code, j=interpreted, Vv=VM code, C=native code)
V  [jvm.dll+0x67741a]
V  [jvm.dll+0x834434]
V  [jvm.dll+0x835bde]
V  [jvm.dll+0x836243]
V  [jvm.dll+0x2457b5]
V  [jvm.dll+0x8304cb]
V  [jvm.dll+0x61bca6]
V  [jvm.dll+0x1c05fe]
V  [jvm.dll+0x61e5f1]
V  [jvm.dll+0x61c646]
V  [jvm.dll+0x36b462]
V  [jvm.dll+0x1e20cb]
V  [jvm.dll+0x53c6f9]
V  [jvm.dll+0x7af5e8]
V  [jvm.dll+0x7af6d4]
V  [jvm.dll+0x40bc05]
V  [jvm.dll+0x411d58]
C  [java.dll+0x17ec]

Java frames: (J=compiled Java code, j=interpreted, Vv=VM code)
J 1051  java.lang.ClassLoader.defineClass1(Ljava/lang/ClassLoader;Ljava/lang/String;[BIILjava/security/ProtectionDomain;Ljava/lang/String;)Ljava/lang/Class; java.base@17.0.6 (0 bytes) @ 0x000001ab4c185bdb [0x000001ab4c185b20+0x00000000000000bb]
J 1671 c1 java.lang.ClassLoader.defineClass(Ljava/lang/String;[BIILjava/security/ProtectionDomain;)Ljava/lang/Class; java.base@17.0.6 (43 bytes) @ 0x000001ab4495b354 [0x000001ab4495b000+0x0000000000000354]
j  org.eclipse.osgi.internal.loader.ModuleClassLoader.defineClass(Ljava/lang/String;[BLorg/eclipse/osgi/internal/loader/classpath/ClasspathEntry;)Lorg/eclipse/osgi/internal/loader/ModuleClassLoader$DefineClassResult;+42
J 2064 c1 org.eclipse.osgi.internal.loader.classpath.ClasspathManager.defineClass(Ljava/lang/String;[BLorg/eclipse/osgi/internal/loader/classpath/ClasspathEntry;Lorg/eclipse/osgi/storage/bundlefile/BundleEntry;Ljava/util/List;)Ljava/lang/Class; (636 bytes) @ 0x000001ab44a38db4 [0x000001ab44a373e0+0x00000000000019d4]
J 1718 c1 org.eclipse.osgi.internal.loader.classpath.ClasspathManager.findClassImpl(Ljava/lang/String;Lorg/eclipse/osgi/internal/loader/classpath/ClasspathEntry;Ljava/util/List;)Ljava/lang/Class; (308 bytes) @ 0x000001ab4497fc9c [0x000001ab4497cec0+0x0000000000002ddc]
J 1717 c1 org.eclipse.osgi.internal.loader.classpath.ClasspathManager.findLocalClassImpl(Ljava/lang/String;[Lorg/eclipse/osgi/internal/loader/classpath/ClasspathEntry;Ljava/util/List;)Ljava/lang/Class; (55 bytes) @ 0x000001ab4497c34c [0x000001ab4497c1c0+0x000000000000018c]
J 1716 c1 org.eclipse.osgi.internal.loader.classpath.ClasspathManager.findLocalClassImpl(Ljava/lang/String;Ljava/util/List;)Ljava/lang/Class; (132 bytes) @ 0x000001ab4497b8d4 [0x000001ab4497b3c0+0x0000000000000514]
J 1933 c1 org.eclipse.osgi.internal.loader.classpath.ClasspathManager.findLocalClass(Ljava/lang/String;)Ljava/lang/Class; (210 bytes) @ 0x000001ab449ef93c [0x000001ab449eeca0+0x0000000000000c9c]
J 1706 c1 org.eclipse.osgi.internal.loader.BundleLoader.findLocalClass(Ljava/lang/String;)Ljava/lang/Class; (152 bytes) @ 0x000001ab4497106c [0x000001ab44970820+0x000000000000084c]
J 1643 c1 org.eclipse.osgi.internal.loader.BundleLoader.findClass0(Ljava/lang/String;ZZ)Ljava/lang/Class; (466 bytes) @ 0x000001ab44943b94 [0x000001ab449414a0+0x00000000000026f4]
J 1642 c1 org.eclipse.osgi.internal.loader.BundleLoader.findClass(Ljava/lang/String;)Ljava/lang/Class; (8 bytes) @ 0x000001ab44940b9c [0x000001ab44940b20+0x000000000000007c]
J 1644 c1 org.eclipse.osgi.internal.loader.ModuleClassLoader.loadClass(Ljava/lang/String;Z)Ljava/lang/Class; (36 bytes) @ 0x000001ab44946bbc [0x000001ab449469a0+0x000000000000021c]
J 788 c1 java.lang.ClassLoader.loadClass(Ljava/lang/String;)Ljava/lang/Class; java.base@17.0.6 (7 bytes) @ 0x000001ab44782b3c [0x000001ab44782a40+0x00000000000000fc]
v  ~StubRoutines::call_stub
j  org.eclipse.core.internal.runtime.InternalPlatform.getProduct()Lorg/eclipse/core/runtime/IProduct;+49
j  org.eclipse.core.runtime.Platform.getProduct()Lorg/eclipse/core/runtime/IProduct;+3
j  org.eclipse.core.internal.preferences.legacy.ProductPreferencesService.initValues()V+13
j  org.eclipse.core.internal.preferences.legacy.ProductPreferencesService.getProductCustomization()Ljava/util/Properties;+1
j  org.eclipse.core.internal.preferences.DefaultPreferences.initializeCustomizations()V+44
j  org.eclipse.core.internal.preferences.DefaultPreferences.load()V+27
j  org.eclipse.core.internal.preferences.EclipsePreferences.create(Lorg/eclipse/core/internal/preferences/EclipsePreferences;Ljava/lang/String;Ljava/lang/Object;)Lorg/eclipse/core/runtime/preferences/IEclipsePreferences;+70
j  org.eclipse.core.internal.preferences.EclipsePreferences.internalNode(Ljava/lang/String;ZLjava/lang/Object;)Lorg/eclipse/core/runtime/preferences/IEclipsePreferences;+91
j  org.eclipse.core.internal.preferences.EclipsePreferences.node(Ljava/lang/String;)Lorg/osgi/service/prefs/Preferences;+4
j  org.eclipse.core.internal.preferences.AbstractScope.getNode(Ljava/lang/String;)Lorg/eclipse/core/runtime/preferences/IEclipsePreferences;+28
j  org.eclipse.core.runtime.preferences.DefaultScope.getNode(Ljava/lang/String;)Lorg/eclipse/core/runtime/preferences/IEclipsePreferences;+2
j  org.eclipse.core.internal.resources.WorkspaceDescription.<init>(Ljava/lang/String;)V+10
j  org.eclipse.core.internal.resources.WorkspacePreferences.<init>()V+3
j  org.eclipse.core.internal.resources.Workspace.open(Lorg/eclipse/core/runtime/IProgressMonitor;)Lorg/eclipse/core/runtime/IStatus;+85
j  org.eclipse.core.resources.ResourcesPlugin$WorkspaceInitCustomizer.addingService(Lorg/osgi/framework/ServiceReference;)Lorg/eclipse/core/internal/resources/Workspace;+45
j  org.eclipse.core.resources.ResourcesPlugin$WorkspaceInitCustomizer.addingService(Lorg/osgi/framework/ServiceReference;)Ljava/lang/Object;+5
j  org.osgi.util.tracker.ServiceTracker$Tracked.customizerAdding(Lorg/osgi/framework/ServiceReference;Lorg/osgi/framework/ServiceEvent;)Ljava/lang/Object;+8
j  org.osgi.util.tracker.ServiceTracker$Tracked.customizerAdding(Ljava/lang/Object;Ljava/lang/Object;)Ljava/lang/Object;+9
j  org.osgi.util.tracker.AbstractTracked.trackAdding(Ljava/lang/Object;Ljava/lang/Object;)V+8
j  org.osgi.util.tracker.AbstractTracked.trackInitial()V+90
j  org.osgi.util.tracker.ServiceTracker.open(Z)V+198
j  org.osgi.util.tracker.ServiceTracker.open()V+2
j  org.eclipse.core.resources.ResourcesPlugin.start(Lorg/osgi/framework/BundleContext;)V+106
j  org.eclipse.osgi.internal.framework.BundleContextImpl$2.run()Ljava/lang/Void;+23
j  org.eclipse.osgi.internal.framework.BundleContextImpl$2.run()Ljava/lang/Object;+1
J 1217 c1 java.security.AccessController.executePrivileged(Ljava/security/PrivilegedExceptionAction;Ljava/security/AccessControlContext;Ljava/lang/Class;)Ljava/lang/Object; java.base@17.0.6 (65 bytes) @ 0x000001ab448628b4 [0x000001ab44862760+0x0000000000000154]
j  java.security.AccessController.doPrivileged(Ljava/security/PrivilegedExceptionAction;)Ljava/lang/Object;+9 java.base@17.0.6
j  org.eclipse.osgi.internal.framework.BundleContextImpl.startActivator(Lorg/osgi/framework/BundleActivator;)V+9
j  org.eclipse.osgi.internal.framework.BundleContextImpl.start()V+134
j  org.eclipse.osgi.internal.framework.EquinoxBundle.startWorker0()V+35
j  org.eclipse.osgi.internal.framework.EquinoxBundle$EquinoxModule.startWorker()V+4
j  org.eclipse.osgi.container.Module.doStart([Lorg/eclipse/osgi/container/Module$StartOptions;)Lorg/eclipse/osgi/container/ModuleContainerAdaptor$ModuleEvent;+190
j  org.eclipse.osgi.container.Module.start([Lorg/eclipse/osgi/container/Module$StartOptions;)V+460
j  org.eclipse.osgi.framework.util.SecureAction.start(Lorg/eclipse/osgi/container/Module;[Lorg/eclipse/osgi/container/Module$StartOptions;)V+8
J 1708 c1 org.eclipse.osgi.internal.hooks.EclipseLazyStarter.postFindLocalClass(Ljava/lang/String;Ljava/lang/Class;Lorg/eclipse/osgi/internal/loader/classpath/ClasspathManager;)V (394 bytes) @ 0x000001ab449743dc [0x000001ab44973460+0x0000000000000f7c]
J 1933 c1 org.eclipse.osgi.internal.loader.classpath.ClasspathManager.findLocalClass(Ljava/lang/String;)Ljava/lang/Class; (210 bytes) @ 0x000001ab449efc54 [0x000001ab449eeca0+0x0000000000000fb4]
J 1706 c1 org.eclipse.osgi.internal.loader.BundleLoader.findLocalClass(Ljava/lang/String;)Ljava/lang/Class; (152 bytes) @ 0x000001ab4497106c [0x000001ab44970820+0x000000000000084c]
J 1643 c1 org.eclipse.osgi.internal.loader.BundleLoader.findClass0(Ljava/lang/String;ZZ)Ljava/lang/Class; (466 bytes) @ 0x000001ab44943b94 [0x000001ab449414a0+0x00000000000026f4]
J 1642 c1 org.eclipse.osgi.internal.loader.BundleLoader.findClass(Ljava/lang/String;)Ljava/lang/Class; (8 bytes) @ 0x000001ab44940b9c [0x000001ab44940b20+0x000000000000007c]
J 1644 c1 org.eclipse.osgi.internal.loader.ModuleClassLoader.loadClass(Ljava/lang/String;Z)Ljava/lang/Class; (36 bytes) @ 0x000001ab44946bbc [0x000001ab449469a0+0x000000000000021c]
J 788 c1 java.lang.ClassLoader.loadClass(Ljava/lang/String;)Ljava/lang/Class; java.base@17.0.6 (7 bytes) @ 0x000001ab44782b3c [0x000001ab44782a40+0x00000000000000fc]
v  ~StubRoutines::call_stub
j  java.lang.Class.getDeclaredConstructors0(Z)[Ljava/lang/reflect/Constructor;+0 java.base@17.0.6
j  java.lang.Class.privateGetDeclaredConstructors(Z)[Ljava/lang/reflect/Constructor;+52 java.base@17.0.6
j  java.lang.Class.getConstructor0([Ljava/lang/Class;I)Ljava/lang/reflect/Constructor;+14 java.base@17.0.6
j  java.lang.Class.getConstructor([Ljava/lang/Class;)Ljava/lang/reflect/Constructor;+24 java.base@17.0.6
j  org.eclipse.osgi.internal.framework.BundleContextImpl.loadBundleActivator()Lorg/osgi/framework/BundleActivator;+105
j  org.eclipse.osgi.internal.framework.BundleContextImpl.start()V+18
j  org.eclipse.osgi.internal.framework.EquinoxBundle.startWorker0()V+35
j  org.eclipse.osgi.internal.framework.EquinoxBundle$EquinoxModule.startWorker()V+4
j  org.eclipse.osgi.container.Module.doStart([Lorg/eclipse/osgi/container/Module$StartOptions;)Lorg/eclipse/osgi/container/ModuleContainerAdaptor$ModuleEvent;+190
j  org.eclipse.osgi.container.Module.start([Lorg/eclipse/osgi/container/Module$StartOptions;)V+460
j  org.eclipse.osgi.container.ModuleContainer$ContainerStartLevel$2.run()V+71
j  org.eclipse.osgi.internal.framework.EquinoxContainerAdaptor$1$1.execute(Ljava/lang/Runnable;)V+1
j  org.eclipse.osgi.container.ModuleContainer$ContainerStartLevel.incStartLevel(ILjava/util/List;Z)V+192
j  org.eclipse.osgi.container.ModuleContainer$ContainerStartLevel.incStartLevel(ILjava/util/List;Ljava/util/List;Ljava/util/List;Ljava/util/List;)V+19
j  org.eclipse.osgi.container.ModuleContainer$ContainerStartLevel.doContainerStartLevel(Lorg/eclipse/osgi/container/Module;I[Lorg/osgi/framework/FrameworkListener;)V+349
j  org.eclipse.osgi.container.ModuleContainer$ContainerStartLevel.dispatchEvent(Lorg/eclipse/osgi/container/Module;[Lorg/osgi/framework/FrameworkListener;ILjava/lang/Integer;)V+32
j  org.eclipse.osgi.container.ModuleContainer$ContainerStartLevel.dispatchEvent(Ljava/lang/Object;Ljava/lang/Object;ILjava/lang/Object;)V+15
j  org.eclipse.osgi.framework.eventmgr.EventManager.dispatchEvent(Ljava/util/Set;Lorg/eclipse/osgi/framework/eventmgr/EventDispatcher;ILjava/lang/Object;)V+48
j  org.eclipse.osgi.framework.eventmgr.EventManager$EventThread.run()V+26
v  ~StubRoutines::call_stub

---------------  P R O C E S S  ---------------

Threads class SMR info:
_java_thread_list=0x000001ab59603d20, length=18, elements={
0x000001ab401e24a0, 0x000001ab55f99740, 0x000001ab55f9ab10, 0x000001ab57f8c080,
0x000001ab57f8c940, 0x000001ab57f8da90, 0x000001ab55fbe860, 0x000001ab57f952b0,
0x000001ab57f97360, 0x000001ab57fa2be0, 0x000001ab402a29a0, 0x000001ab583774a0,
0x000001ab58b38fc0, 0x000001ab58b3d700, 0x000001ab589bf010, 0x000001ab5883ac00,
0x000001ab59590b50, 0x000001ab59624da0
}

Java Threads: ( => current thread )
  0x000001ab401e24a0 JavaThread "main" [_thread_blocked, id=2664, stack(0x00000080df100000,0x00000080df200000)]
  0x000001ab55f99740 JavaThread "Reference Handler" daemon [_thread_blocked, id=8252, stack(0x00000080df400000,0x00000080df500000)]
  0x000001ab55f9ab10 JavaThread "Finalizer" daemon [_thread_blocked, id=6676, stack(0x00000080df500000,0x00000080df600000)]
  0x000001ab57f8c080 JavaThread "Signal Dispatcher" daemon [_thread_blocked, id=504, stack(0x00000080df600000,0x00000080df700000)]
  0x000001ab57f8c940 JavaThread "Attach Listener" daemon [_thread_blocked, id=6760, stack(0x00000080df700000,0x00000080df800000)]
  0x000001ab57f8da90 JavaThread "Service Thread" daemon [_thread_blocked, id=4460, stack(0x00000080df800000,0x00000080df900000)]
  0x000001ab55fbe860 JavaThread "Monitor Deflation Thread" daemon [_thread_blocked, id=8672, stack(0x00000080df900000,0x00000080dfa00000)]
  0x000001ab57f952b0 JavaThread "C2 CompilerThread0" daemon [_thread_in_native, id=8356, stack(0x00000080dfa00000,0x00000080dfb00000)]
  0x000001ab57f97360 JavaThread "C1 CompilerThread0" daemon [_thread_blocked, id=1228, stack(0x00000080dfb00000,0x00000080dfc00000)]
  0x000001ab57fa2be0 JavaThread "Sweeper thread" daemon [_thread_blocked, id=7080, stack(0x00000080dfc00000,0x00000080dfd00000)]
  0x000001ab402a29a0 JavaThread "Common-Cleaner" daemon [_thread_blocked, id=1344, stack(0x00000080dfd00000,0x00000080dfe00000)]
  0x000001ab583774a0 JavaThread "Notification Thread" daemon [_thread_blocked, id=10080, stack(0x00000080dfe00000,0x00000080dff00000)]
  0x000001ab58b38fc0 JavaThread "Active Thread: Equinox Container: 66f8b7ec-dd91-418b-9a8d-d72bbb0210ec" [_thread_blocked, id=11684, stack(0x00000080e0600000,0x00000080e0700000)]
  0x000001ab58b3d700 JavaThread "Framework Event Dispatcher: Equinox Container: 66f8b7ec-dd91-418b-9a8d-d72bbb0210ec" daemon [_thread_blocked, id=12272, stack(0x00000080e0000000,0x00000080e0100000)]
=>0x000001ab589bf010 JavaThread "Start Level: Equinox Container: 66f8b7ec-dd91-418b-9a8d-d72bbb0210ec" daemon [_thread_in_vm, id=12956, stack(0x00000080e0700000,0x00000080e0800000)]
  0x000001ab5883ac00 JavaThread "SCR Component Actor" daemon [_thread_blocked, id=6244, stack(0x00000080e0800000,0x00000080e0900000)]
  0x000001ab59590b50 JavaThread "SCR Component Registry" daemon [_thread_blocked, id=11912, stack(0x00000080e0900000,0x00000080e0a00000)]
  0x000001ab59624da0 JavaThread "Worker-JM" [_thread_blocked, id=2204, stack(0x00000080e0a00000,0x00000080e0b00000)]

Other Threads:
  0x000001ab55f833a0 VMThread "VM Thread" [stack: 0x00000080df300000,0x00000080df400000] [id=5040]
  0x000001ab58297770 WatcherThread [stack: 0x00000080dff00000,0x00000080e0000000] [id=9412]
  0x000001ab401f7070 GCTaskThread "GC Thread#0" [stack: 0x00000080df200000,0x00000080df300000] [id=6424]
  0x000001ab588d8c00 GCTaskThread "GC Thread#1" [stack: 0x00000080e0100000,0x00000080e0200000] [id=456]
  0x000001ab5844e620 GCTaskThread "GC Thread#2" [stack: 0x00000080e0200000,0x00000080e0300000] [id=4108]
  0x000001ab5844e8d0 GCTaskThread "GC Thread#3" [stack: 0x00000080e0300000,0x00000080e0400000] [id=2344]
  0x000001ab5844eb80 GCTaskThread "GC Thread#4" [stack: 0x00000080e0400000,0x00000080e0500000] [id=1180]
  0x000001ab5844ee30 GCTaskThread "GC Thread#5" [stack: 0x00000080e0500000,0x00000080e0600000] [id=2192]

Threads with active compile tasks:
C2 CompilerThread0     2572 2090 %     4       java.util.Properties$LineReader::readLine @ 53 (584 bytes)

VM state: not at safepoint (normal execution)

VM Mutex/Monitor currently owned by a thread:  ([mutex/lock_event])
[0x000001ab401d2170] Metaspace_lock - owner thread: 0x000001ab589bf010

Heap address: 0x00000000c0000000, size: 1024 MB, Compressed Oops mode: 32-bit

CDS archive(s) not mapped
Compressed class space mapped at: 0x0000000100000000-0x0000000140000000, reserved size: 1073741824
Narrow klass base: 0x0000000000000000, Narrow klass shift: 3, Narrow klass range: 0x140000000

GC Precious Log:
 CPUs: 6 total, 6 available
 Memory: 8001M
 Large Page Support: Disabled
 NUMA Support: Disabled
 Compressed Oops: Enabled (32-bit)
 Alignments: Space 512K, Generation 512K, Heap 2M
 Heap Min Capacity: 100M
 Heap Initial Capacity: 100M
 Heap Max Capacity: 1G
 Pre-touch: Disabled
 Parallel Workers: 6

Heap:
 PSYoungGen      total 29696K, used 26564K [0x00000000eab00000, 0x00000000ecc00000, 0x0000000100000000)
  eden space 25600K, 87% used [0x00000000eab00000,0x00000000ec0f1a90,0x00000000ec400000)
  from space 4096K, 99% used [0x00000000ec800000,0x00000000ecbff718,0x00000000ecc00000)
  to   space 4096K, 0% used [0x00000000ec400000,0x00000000ec400000,0x00000000ec800000)
 ParOldGen       total 68608K, used 1382K [0x00000000c0000000, 0x00000000c4300000, 0x00000000eab00000)
  object space 68608K, 2% used [0x00000000c0000000,0x00000000c0159b80,0x00000000c4300000)
 Metaspace       used 19381K, committed 19648K, reserved 1073152K
  class space    used 1953K, committed 2048K, reserved 1048576K

Card table byte_map: [0x000001ab53830000,0x000001ab53a40000] _byte_map_base: 0x000001ab53230000

Marking Bits: (ParMarkBitMap*) 0x00007ffbd94d3e70
 Begin Bits: [0x000001ab53ba0000, 0x000001ab54ba0000)
 End Bits:   [0x000001ab54ba0000, 0x000001ab55ba0000)

Polling page: 0x000001ab402b0000

Metaspace:

Usage:
  Non-class:     17.02 MB used.
      Class:      1.91 MB used.
       Both:     18.93 MB used.

Virtual space:
  Non-class space:       24.00 MB reserved,      17.19 MB ( 72%) committed,  3 nodes.
      Class space:        1.00 GB reserved,       2.00 MB ( <1%) committed,  1 nodes.
             Both:        1.02 GB reserved,      19.19 MB (  2%) committed. 

Chunk freelists:
   Non-Class:  2.12 MB
       Class:  1.93 MB
        Both:  4.05 MB

MaxMetaspaceSize: unlimited
CompressedClassSpaceSize: 1.00 GB
Initial GC threshold: 21.00 MB
Current GC threshold: 21.00 MB
CDS: off
MetaspaceReclaimPolicy: balanced
 - commit_granule_bytes: 65536.
 - commit_granule_words: 8192.
 - virtual_space_node_default_size: 1048576.
 - enlarge_chunks_in_place: 1.
 - new_chunks_are_fully_committed: 0.
 - uncommit_free_chunks: 1.
 - use_allocation_guard: 0.
 - handle_deallocations: 1.


Internal statistics:

num_allocs_failed_limit: 0.
num_arena_births: 122.
num_arena_deaths: 0.
num_vsnodes_births: 4.
num_vsnodes_deaths: 0.
num_space_committed: 307.
num_space_uncommitted: 0.
num_chunks_returned_to_freelist: 0.
num_chunks_taken_from_freelist: 509.
num_chunk_merges: 0.
num_chunk_splits: 327.
num_chunks_enlarged: 236.
num_purges: 0.
num_inconsistent_stats: 0.

CodeHeap 'non-profiled nmethods': size=120000Kb used=796Kb max_used=796Kb free=119203Kb
 bounds [0x000001ab4c120000, 0x000001ab4c390000, 0x000001ab53650000]
CodeHeap 'profiled nmethods': size=120000Kb used=4103Kb max_used=4103Kb free=115896Kb
 bounds [0x000001ab44650000, 0x000001ab44a60000, 0x000001ab4bb80000]
CodeHeap 'non-nmethods': size=5760Kb used=1183Kb max_used=1199Kb free=4576Kb
 bounds [0x000001ab4bb80000, 0x000001ab4bdf0000, 0x000001ab4c120000]
 total_blobs=2586 nmethods=2099 adapters=401
 compilation: enabled
              stopped_count=0, restarted_count=0
 full_count=0

Compilation events (20 events):
Event: 2.530 Thread 0x000001ab57f97360 nmethod 2091 0x000001ab44a4ca10 code [0x000001ab44a4cc20, 0x000001ab44a4d2c8]
Event: 2.531 Thread 0x000001ab57f97360 2093   !   3       java.util.Collections$SynchronizedMap::get (25 bytes)
Event: 2.531 Thread 0x000001ab57f97360 nmethod 2093 0x000001ab44a4d510 code [0x000001ab44a4d6c0, 0x000001ab44a4d968]
Event: 2.531 Thread 0x000001ab57f97360 2094       1       org.eclipse.core.internal.registry.Handle::getId (5 bytes)
Event: 2.531 Thread 0x000001ab57f97360 nmethod 2094 0x000001ab4c1e6890 code [0x000001ab4c1e6a20, 0x000001ab4c1e6af8]
Event: 2.531 Thread 0x000001ab57f97360 2095       1       org.eclipse.core.internal.registry.ReferenceMap$SoftRef::getKey (5 bytes)
Event: 2.531 Thread 0x000001ab57f97360 nmethod 2095 0x000001ab4c1e6b90 code [0x000001ab4c1e6d20, 0x000001ab4c1e6df8]
Event: 2.532 Thread 0x000001ab57f97360 2096       3       jdk.internal.org.objectweb.asm.ClassReader::readUtf (161 bytes)
Event: 2.532 Thread 0x000001ab57f97360 nmethod 2096 0x000001ab44a4da90 code [0x000001ab44a4dc60, 0x000001ab44a4e0c8]
Event: 2.532 Thread 0x000001ab57f97360 2097       1       java.lang.reflect.Constructor::getDeclaringClass (5 bytes)
Event: 2.532 Thread 0x000001ab57f97360 nmethod 2097 0x000001ab4c1e6e90 code [0x000001ab4c1e7020, 0x000001ab4c1e70f8]
Event: 2.533 Thread 0x000001ab57f97360 2099       3       java.lang.invoke.Invokers$Holder::linkToTargetMethod (10 bytes)
Event: 2.533 Thread 0x000001ab57f97360 nmethod 2099 0x000001ab44a4e390 code [0x000001ab44a4e540, 0x000001ab44a4e958]
Event: 2.533 Thread 0x000001ab57f97360 2100       3       java.lang.invoke.DirectMethodHandle$Holder::newInvokeSpecial (24 bytes)
Event: 2.534 Thread 0x000001ab57f97360 nmethod 2100 0x000001ab44a4ea10 code [0x000001ab44a4ec00, 0x000001ab44a4f348]
Event: 2.534 Thread 0x000001ab57f97360 2101       3       sun.net.util.URLUtil::urlNoFragString (114 bytes)
Event: 2.535 Thread 0x000001ab57f97360 nmethod 2101 0x000001ab44a4f510 code [0x000001ab44a4f840, 0x000001ab44a50858]
Event: 2.535 Thread 0x000001ab57f97360 2102       3       java.net.URL::getDefaultPort (8 bytes)
Event: 2.535 Thread 0x000001ab57f97360 nmethod 2102 0x000001ab44a50e10 code [0x000001ab44a50fc0, 0x000001ab44a51188]
Event: 2.537 Thread 0x000001ab57f97360 2103       3       lombok.patcher.PatchScript::classMatches (41 bytes)

GC Heap History (4 events):
Event: 0.674 GC heap before
{Heap before GC invocations=1 (full 0):
 PSYoungGen      total 29696K, used 25600K [0x00000000eab00000, 0x00000000ecc00000, 0x0000000100000000)
  eden space 25600K, 100% used [0x00000000eab00000,0x00000000ec400000,0x00000000ec400000)
  from space 4096K, 0% used [0x00000000ec800000,0x00000000ec800000,0x00000000ecc00000)
  to   space 4096K, 0% used [0x00000000ec400000,0x00000000ec400000,0x00000000ec800000)
 ParOldGen       total 68608K, used 0K [0x00000000c0000000, 0x00000000c4300000, 0x00000000eab00000)
  object space 68608K, 0% used [0x00000000c0000000,0x00000000c0000000,0x00000000c4300000)
 Metaspace       used 11107K, committed 11328K, reserved 1064960K
  class space    used 1106K, committed 1216K, reserved 1048576K
}
Event: 0.678 GC heap after
{Heap after GC invocations=1 (full 0):
 PSYoungGen      total 29696K, used 3224K [0x00000000eab00000, 0x00000000ecc00000, 0x0000000100000000)
  eden space 25600K, 0% used [0x00000000eab00000,0x00000000eab00000,0x00000000ec400000)
  from space 4096K, 78% used [0x00000000ec400000,0x00000000ec726218,0x00000000ec800000)
  to   space 4096K, 0% used [0x00000000ec800000,0x00000000ec800000,0x00000000ecc00000)
 ParOldGen       total 68608K, used 16K [0x00000000c0000000, 0x00000000c4300000, 0x00000000eab00000)
  object space 68608K, 0% used [0x00000000c0000000,0x00000000c0004000,0x00000000c4300000)
 Metaspace       used 11107K, committed 11328K, reserved 1064960K
  class space    used 1106K, committed 1216K, reserved 1048576K
}
Event: 2.239 GC heap before
{Heap before GC invocations=2 (full 0):
 PSYoungGen      total 29696K, used 28824K [0x00000000eab00000, 0x00000000ecc00000, 0x0000000100000000)
  eden space 25600K, 100% used [0x00000000eab00000,0x00000000ec400000,0x00000000ec400000)
  from space 4096K, 78% used [0x00000000ec400000,0x00000000ec726218,0x00000000ec800000)
  to   space 4096K, 0% used [0x00000000ec800000,0x00000000ec800000,0x00000000ecc00000)
 ParOldGen       total 68608K, used 16K [0x00000000c0000000, 0x00000000c4300000, 0x00000000eab00000)
  object space 68608K, 0% used [0x00000000c0000000,0x00000000c0004000,0x00000000c4300000)
 Metaspace       used 15034K, committed 15296K, reserved 1064960K
  class space    used 1518K, committed 1664K, reserved 1048576K
}
Event: 2.243 GC heap after
{Heap after GC invocations=2 (full 0):
 PSYoungGen      total 29696K, used 4093K [0x00000000eab00000, 0x00000000ecc00000, 0x0000000100000000)
  eden space 25600K, 0% used [0x00000000eab00000,0x00000000eab00000,0x00000000ec400000)
  from space 4096K, 99% used [0x00000000ec800000,0x00000000ecbff718,0x00000000ecc00000)
  to   space 4096K, 0% used [0x00000000ec400000,0x00000000ec400000,0x00000000ec800000)
 ParOldGen       total 68608K, used 1382K [0x00000000c0000000, 0x00000000c4300000, 0x00000000eab00000)
  object space 68608K, 2% used [0x00000000c0000000,0x00000000c0159b80,0x00000000c4300000)
 Metaspace       used 15034K, committed 15296K, reserved 1064960K
  class space    used 1518K, committed 1664K, reserved 1048576K
}

Dll operation events (9 events):
Event: 0.012 Loaded shared library c:\Users\daniely.campaner\.vscode\extensions\redhat.java-1.16.0-win32-x64\jre\17.0.6-win32-x86_64\bin\java.dll
Event: 0.103 Loaded shared library c:\Users\daniely.campaner\.vscode\extensions\redhat.java-1.16.0-win32-x64\jre\17.0.6-win32-x86_64\bin\zip.dll
Event: 0.105 Loaded shared library C:\Users\daniely.campaner\.vscode\extensions\redhat.java-1.16.0-win32-x64\jre\17.0.6-win32-x86_64\bin\instrument.dll
Event: 0.130 Loaded shared library C:\Users\daniely.campaner\.vscode\extensions\redhat.java-1.16.0-win32-x64\jre\17.0.6-win32-x86_64\bin\net.dll
Event: 0.149 Loaded shared library C:\Users\daniely.campaner\.vscode\extensions\redhat.java-1.16.0-win32-x64\jre\17.0.6-win32-x86_64\bin\nio.dll
Event: 0.154 Loaded shared library C:\Users\daniely.campaner\.vscode\extensions\redhat.java-1.16.0-win32-x64\jre\17.0.6-win32-x86_64\bin\zip.dll
Event: 0.166 Loaded shared library C:\Users\daniely.campaner\.vscode\extensions\redhat.java-1.16.0-win32-x64\jre\17.0.6-win32-x86_64\bin\jimage.dll
Event: 0.218 Loaded shared library c:\Users\daniely.campaner\.vscode\extensions\redhat.java-1.16.0-win32-x64\jre\17.0.6-win32-x86_64\bin\verify.dll
Event: 2.198 Loaded shared library C:\Users\daniely.campaner\AppData\Roaming\Code\User\globalStorage\redhat.java\1.16.0\config_win\org.eclipse.equinox.launcher\org.eclipse.equinox.launcher.win32.win32.x86_64_1.2.700.v20221108-1024\eclipse_11801.dll

Deoptimization events (20 events):
Event: 2.479 Thread 0x000001ab589bf010 Uncommon trap: trap_request=0xffffff45 fr.pc=0x000001ab4c1368a4 relative=0x0000000000000384
Event: 2.479 Thread 0x000001ab589bf010 Uncommon trap: reason=unstable_if action=reinterpret pc=0x000001ab4c1368a4 method=java.lang.StringLatin1.canEncode(I)Z @ 4 c2
Event: 2.479 Thread 0x000001ab589bf010 DEOPT PACKING pc=0x000001ab4c1368a4 sp=0x00000080e07f8b10
Event: 2.479 Thread 0x000001ab589bf010 DEOPT UNPACKING pc=0x000001ab4bbd66a3 sp=0x00000080e07f8a38 mode 2
Event: 2.479 Thread 0x000001ab589bf010 Uncommon trap: trap_request=0xffffff45 fr.pc=0x000001ab4c158c80 relative=0x0000000000000360
Event: 2.479 Thread 0x000001ab589bf010 Uncommon trap: reason=unstable_if action=reinterpret pc=0x000001ab4c158c80 method=java.lang.AbstractStringBuilder.isLatin1()Z @ 10 c2
Event: 2.479 Thread 0x000001ab589bf010 DEOPT PACKING pc=0x000001ab4c158c80 sp=0x00000080e07f8b30
Event: 2.479 Thread 0x000001ab589bf010 DEOPT UNPACKING pc=0x000001ab4bbd66a3 sp=0x00000080e07f8ab0 mode 2
Event: 2.479 Thread 0x000001ab589bf010 Uncommon trap: trap_request=0xffffff45 fr.pc=0x000001ab4c1cbf5c relative=0x000000000000005c
Event: 2.479 Thread 0x000001ab589bf010 Uncommon trap: reason=unstable_if action=reinterpret pc=0x000001ab4c1cbf5c method=java.lang.AbstractStringBuilder.isLatin1()Z @ 10 c2
Event: 2.479 Thread 0x000001ab589bf010 DEOPT PACKING pc=0x000001ab4c1cbf5c sp=0x00000080e07f8b10
Event: 2.479 Thread 0x000001ab589bf010 DEOPT UNPACKING pc=0x000001ab4bbd66a3 sp=0x00000080e07f8aa0 mode 2
Event: 2.484 Thread 0x000001ab589bf010 Uncommon trap: trap_request=0xffffff45 fr.pc=0x000001ab4c146648 relative=0x0000000000000048
Event: 2.484 Thread 0x000001ab589bf010 Uncommon trap: reason=unstable_if action=reinterpret pc=0x000001ab4c146648 method=java.lang.CharacterData.of(I)Ljava/lang/CharacterData; @ 4 c2
Event: 2.484 Thread 0x000001ab589bf010 DEOPT PACKING pc=0x000001ab4c146648 sp=0x00000080e07f82e0
Event: 2.484 Thread 0x000001ab589bf010 DEOPT UNPACKING pc=0x000001ab4bbd66a3 sp=0x00000080e07f8278 mode 2
Event: 2.533 Thread 0x000001ab589bf010 Uncommon trap: trap_request=0xffffff45 fr.pc=0x000001ab4c152848 relative=0x0000000000000c28
Event: 2.533 Thread 0x000001ab589bf010 Uncommon trap: reason=unstable_if action=reinterpret pc=0x000001ab4c152848 method=lombok.patcher.PatchScript.classMatches(Ljava/lang/String;Ljava/util/Collection;)Z @ 25 c2
Event: 2.533 Thread 0x000001ab589bf010 DEOPT PACKING pc=0x000001ab4c152848 sp=0x00000080e07f6e10
Event: 2.533 Thread 0x000001ab589bf010 DEOPT UNPACKING pc=0x000001ab4bbd66a3 sp=0x00000080e07f6dd0 mode 2

Classes unloaded (0 events):
No events

Classes redefined (0 events):
No events

Internal exceptions (20 events):
Event: 0.589 Thread 0x000001ab401e24a0 Exception <a 'java/io/FileNotFoundException'{0x00000000ec0000f8}> (0x00000000ec0000f8) 
thrown [s\src\hotspot\share\prims\jni.cpp, line 516]
Event: 0.611 Thread 0x000001ab401e24a0 Implicit null exception at 0x000001ab4c15c960 to 0x000001ab4c15d2e0
Event: 0.612 Thread 0x000001ab401e24a0 Implicit null exception at 0x000001ab4c16ca6c to 0x000001ab4c16cc6c
Event: 0.612 Thread 0x000001ab401e24a0 Implicit null exception at 0x000001ab4c15ff8c to 0x000001ab4c1601d0
Event: 0.612 Thread 0x000001ab401e24a0 Implicit null exception at 0x000001ab4c15dc0f to 0x000001ab4c15dc89
Event: 0.645 Thread 0x000001ab401e24a0 Exception <a 'java/lang/NoSuchMethodError'{0x00000000ec2cc6e0}: 'int java.lang.invoke.DirectMethodHandle$Holder.invokeStaticInit(java.lang.Object, java.lang.Object, java.lang.Object, java.lang.Object)'> (0x00000000ec2cc6e0) 
thrown [s\src\hotspot\share\interpreter\linkResolver.cpp, line 759]
Event: 0.646 Thread 0x000001ab401e24a0 Exception <a 'java/lang/NoSuchMethodError'{0x00000000ec2d6d50}: 'java.lang.Object java.lang.invoke.DirectMethodHandle$Holder.invokeInterface(java.lang.Object, java.lang.Object)'> (0x00000000ec2d6d50) 
thrown [s\src\hotspot\share\interpreter\linkResolver.cpp, line 759]
Event: 0.646 Thread 0x000001ab401e24a0 Exception <a 'java/lang/IncompatibleClassChangeError'{0x00000000ec2da548}: Found class java.lang.Object, but interface was expected> (0x00000000ec2da548) 
thrown [s\src\hotspot\share\interpreter\linkResolver.cpp, line 826]
Event: 0.647 Thread 0x000001ab401e24a0 Exception <a 'java/lang/NoSuchMethodError'{0x00000000ec2dea40}: 'void java.lang.invoke.DirectMethodHandle$Holder.invokeStatic(java.lang.Object, java.lang.Object)'> (0x00000000ec2dea40) 
thrown [s\src\hotspot\share\interpreter\linkResolver.cpp, line 759]
Event: 0.647 Thread 0x000001ab401e24a0 Exception <a 'java/lang/NoSuchMethodError'{0x00000000ec2e2240}: 'void java.lang.invoke.DirectMethodHandle$Holder.invokeStaticInit(java.lang.Object, java.lang.Object)'> (0x00000000ec2e2240) 
thrown [s\src\hotspot\share\interpreter\linkResolver.cpp, line 759]
Event: 0.647 Thread 0x000001ab401e24a0 Exception <a 'java/lang/NoSuchMethodError'{0x00000000ec2e9698}: 'int java.lang.invoke.DirectMethodHandle$Holder.invokeStaticInit(java.lang.Object, java.lang.Object)'> (0x00000000ec2e9698) 
thrown [s\src\hotspot\share\interpreter\linkResolver.cpp, line 759]
Event: 0.680 Thread 0x000001ab401e24a0 Exception <a 'java/lang/NoSuchMethodError'{0x00000000eab2ee38}: 'void java.lang.invoke.DirectMethodHandle$Holder.invokeSpecial(java.lang.Object, java.lang.Object, java.lang.Object)'> (0x00000000eab2ee38) 
thrown [s\src\hotspot\share\interpreter\linkResolver.cpp, line 759]
Event: 0.845 Thread 0x000001ab401e24a0 Exception <a 'java/lang/NoSuchMethodError'{0x00000000eb838c00}: 'java.lang.Object java.lang.invoke.DirectMethodHandle$Holder.newInvokeSpecial(java.lang.Object, int, java.lang.Object)'> (0x00000000eb838c00) 
thrown [s\src\hotspot\share\interpreter\linkResolver.cpp, line 759]
Event: 2.037 Thread 0x000001ab401e24a0 Exception <a 'java/lang/UnsatisfiedLinkError'{0x00000000ebdbe488}: 'void org.eclipse.equinox.launcher.JNIBridge._update_splash()'> (0x00000000ebdbe488) 
thrown [s\src\hotspot\share\prims\nativeLookup.cpp, line 543]
Event: 2.064 Thread 0x000001ab589bf010 Exception <a 'java/lang/NoSuchMethodError'{0x00000000ec053548}: 'java.lang.Object java.lang.invoke.DirectMethodHandle$Holder.invokeStaticInit(java.lang.Object)'> (0x00000000ec053548) 
thrown [s\src\hotspot\share\interpreter\linkResolver.cpp, line 759]
Event: 2.334 Thread 0x000001ab589bf010 Exception <a 'java/io/FileNotFoundException'{0x00000000eb376820}> (0x00000000eb376820) 
thrown [s\src\hotspot\share\prims\jni.cpp, line 516]
Event: 2.340 Thread 0x000001ab589bf010 Exception <a 'java/lang/NullPointerException'{0x00000000eb3cc3c0}> (0x00000000eb3cc3c0) 
thrown [s\src\hotspot\share\interpreter\linkResolver.cpp, line 1350]
Event: 2.340 Thread 0x000001ab589bf010 Exception <a 'java/lang/NullPointerException'{0x00000000eb3ccbe8}> (0x00000000eb3ccbe8) 
thrown [s\src\hotspot\share\interpreter\linkResolver.cpp, line 1350]
Event: 2.397 Thread 0x000001ab589bf010 Exception <a 'java/lang/NoSuchMethodError'{0x00000000eb712cb8}: 'java.lang.Object java.lang.invoke.Invokers$Holder.invokeExact_MT(java.lang.Object, java.lang.Object, java.lang.Object, java.lang.Object, java.lang.Object, java.lang.Object)'> (0x00000000eb712cb8) 
thrown [s\src\hotspot\share\interpreter\linkResolver.cpp, line 759]
Event: 2.500 Thread 0x000001ab589bf010 Exception <a 'java/lang/NoSuchMethodError'{0x00000000ebd57698}: 'void java.lang.invoke.DirectMethodHandle$Holder.invokeInterface(java.lang.Object, java.lang.Object, java.lang.Object)'> (0x00000000ebd57698) 
thrown [s\src\hotspot\share\interpreter\linkResolver.cpp, line 759]

VM Operations (20 events):
Event: 0.674 Executing VM operation: ParallelGCFailedAllocation
Event: 0.678 Executing VM operation: ParallelGCFailedAllocation done
Event: 0.828 Executing VM operation: HandshakeAllThreads
Event: 0.828 Executing VM operation: HandshakeAllThreads done
Event: 0.829 Executing VM operation: HandshakeAllThreads
Event: 0.829 Executing VM operation: HandshakeAllThreads done
Event: 0.834 Executing VM operation: HandshakeAllThreads
Event: 0.834 Executing VM operation: HandshakeAllThreads done
Event: 0.842 Executing VM operation: HandshakeAllThreads
Event: 0.842 Executing VM operation: HandshakeAllThreads done
Event: 1.850 Executing VM operation: Cleanup
Event: 1.850 Executing VM operation: Cleanup done
Event: 2.074 Executing VM operation: HandshakeAllThreads
Event: 2.208 Executing VM operation: HandshakeAllThreads done
Event: 2.238 Executing VM operation: ParallelGCFailedAllocation
Event: 2.243 Executing VM operation: ParallelGCFailedAllocation done
Event: 2.484 Executing VM operation: HandshakeAllThreads
Event: 2.485 Executing VM operation: HandshakeAllThreads done
Event: 2.486 Executing VM operation: HandshakeAllThreads
Event: 2.486 Executing VM operation: HandshakeAllThreads done

Events (20 events):
Event: 2.488 loading class java/util/Formatter$FormatString
Event: 2.488 loading class java/util/Formatter$FormatString done
Event: 2.488 loading class java/util/Formatter$FixedString done
Event: 2.488 loading class java/util/Formatter$Conversion
Event: 2.488 loading class java/util/Formatter$Conversion done
Event: 2.488 loading class java/util/Formatter$FormatSpecifier
Event: 2.488 loading class java/util/Formatter$FormatSpecifier done
Event: 2.488 loading class java/util/Formatter$Flags
Event: 2.488 loading class java/util/Formatter$Flags done
Event: 2.488 loading class java/util/Formattable
Event: 2.488 loading class java/util/Formattable done
Event: 2.500 loading class java/util/concurrent/TimeoutException
Event: 2.500 loading class java/util/concurrent/TimeoutException done
Event: 2.504 Thread 0x000001ab59624da0 Thread added: 0x000001ab59624da0
Event: 2.505 loading class java/net/URISyntaxException
Event: 2.505 loading class java/net/URISyntaxException done
Event: 2.516 loading class jdk/internal/reflect/UnsafeStaticObjectFieldAccessorImpl
Event: 2.516 loading class jdk/internal/reflect/UnsafeStaticObjectFieldAccessorImpl done
Event: 2.526 loading class java/lang/AbstractMethodError
Event: 2.526 loading class java/lang/AbstractMethodError done


Dynamic libraries:
0x00007ff6cb4a0000 - 0x00007ff6cb4ae000 	c:\Users\daniely.campaner\.vscode\extensions\redhat.java-1.16.0-win32-x64\jre\17.0.6-win32-x86_64\bin\java.exe
0x00007ffc113f0000 - 0x00007ffc115e8000 	C:\Windows\SYSTEM32\ntdll.dll
0x00007ffc10830000 - 0x00007ffc108ef000 	C:\Windows\System32\KERNEL32.dll
0x00007ffc0e7f0000 - 0x00007ffc0e8f1000 	C:\Windows\system32\hmpalert.dll
0x00007ffc0efc0000 - 0x00007ffc0f292000 	C:\Windows\System32\KERNELBASE.dll
0x00007ffc0f340000 - 0x00007ffc0f440000 	C:\Windows\System32\ucrtbase.dll
0x00007ffc07660000 - 0x00007ffc07677000 	c:\Users\daniely.campaner\.vscode\extensions\redhat.java-1.16.0-win32-x64\jre\17.0.6-win32-x86_64\bin\jli.dll
0x00007ffc0fd60000 - 0x00007ffc0ff01000 	C:\Windows\System32\USER32.dll
0x00007ffc0ee80000 - 0x00007ffc0eea2000 	C:\Windows\System32\win32u.dll
0x00007ffc0f440000 - 0x00007ffc0f46b000 	C:\Windows\System32\GDI32.dll
0x00007ffc0eeb0000 - 0x00007ffc0efbf000 	C:\Windows\System32\gdi32full.dll
0x00007ffc0f2a0000 - 0x00007ffc0f33d000 	C:\Windows\System32\msvcp_win.dll
0x00007ffbf81d0000 - 0x00007ffbf846a000 	C:\Windows\WinSxS\amd64_microsoft.windows.common-controls_6595b64144ccf1df_6.0.19041.1110_none_60b5254171f9507e\COMCTL32.dll
0x00007ffc103b0000 - 0x00007ffc1044e000 	C:\Windows\System32\msvcrt.dll
0x00007ffc063f0000 - 0x00007ffc06409000 	c:\Users\daniely.campaner\.vscode\extensions\redhat.java-1.16.0-win32-x64\jre\17.0.6-win32-x86_64\bin\VCRUNTIME140.dll
0x00007ffc10270000 - 0x00007ffc102a0000 	C:\Windows\System32\IMM32.DLL
0x00007ffc0c070000 - 0x00007ffc0c07c000 	c:\Users\daniely.campaner\.vscode\extensions\redhat.java-1.16.0-win32-x64\jre\17.0.6-win32-x86_64\bin\vcruntime140_1.dll
0x00007ffbf4aa0000 - 0x00007ffbf4b31000 	c:\Users\daniely.campaner\.vscode\extensions\redhat.java-1.16.0-win32-x64\jre\17.0.6-win32-x86_64\bin\msvcp140.dll
0x00007ffbd8950000 - 0x00007ffbd9597000 	c:\Users\daniely.campaner\.vscode\extensions\redhat.java-1.16.0-win32-x64\jre\17.0.6-win32-x86_64\bin\server\jvm.dll
0x00007ffc10450000 - 0x00007ffc104fe000 	C:\Windows\System32\ADVAPI32.dll
0x00007ffc10d70000 - 0x00007ffc10e0c000 	C:\Windows\System32\sechost.dll
0x00007ffc10580000 - 0x00007ffc106a4000 	C:\Windows\System32\RPCRT4.dll
0x00007ffc097b0000 - 0x00007ffc097b9000 	C:\Windows\SYSTEM32\WSOCK32.dll
0x00007ffbff5f0000 - 0x00007ffbff617000 	C:\Windows\SYSTEM32\WINMM.dll
0x00007ffc10510000 - 0x00007ffc1057b000 	C:\Windows\System32\WS2_32.dll
0x00007ffc09dc0000 - 0x00007ffc09dca000 	C:\Windows\SYSTEM32\VERSION.dll
0x00007ffc0c7b0000 - 0x00007ffc0c7c2000 	C:\Windows\SYSTEM32\kernel.appcore.dll
0x00007ffc093f0000 - 0x00007ffc093fa000 	c:\Users\daniely.campaner\.vscode\extensions\redhat.java-1.16.0-win32-x64\jre\17.0.6-win32-x86_64\bin\jimage.dll
0x00007ffbff720000 - 0x00007ffbff904000 	C:\Windows\SYSTEM32\DBGHELP.DLL
0x00007ffbfdf20000 - 0x00007ffbfdf55000 	C:\Windows\SYSTEM32\dbgcore.DLL
0x00007ffc0edf0000 - 0x00007ffc0ee72000 	C:\Windows\System32\bcryptPrimitives.dll
0x00007ffc08210000 - 0x00007ffc0821e000 	c:\Users\daniely.campaner\.vscode\extensions\redhat.java-1.16.0-win32-x64\jre\17.0.6-win32-x86_64\bin\instrument.dll
0x00007ffc063c0000 - 0x00007ffc063e5000 	c:\Users\daniely.campaner\.vscode\extensions\redhat.java-1.16.0-win32-x64\jre\17.0.6-win32-x86_64\bin\java.dll
0x00007ffc06260000 - 0x00007ffc06278000 	c:\Users\daniely.campaner\.vscode\extensions\redhat.java-1.16.0-win32-x64\jre\17.0.6-win32-x86_64\bin\zip.dll
0x00007ffc0f4d0000 - 0x00007ffc0fc15000 	C:\Windows\System32\SHELL32.dll
0x00007ffc0c9b0000 - 0x00007ffc0d142000 	C:\Windows\SYSTEM32\windows.storage.dll
0x00007ffc0ff10000 - 0x00007ffc10265000 	C:\Windows\System32\combase.dll
0x00007ffc0e3d0000 - 0x00007ffc0e400000 	C:\Windows\SYSTEM32\Wldp.dll
0x00007ffc0fc20000 - 0x00007ffc0fccd000 	C:\Windows\System32\SHCORE.dll
0x00007ffc107d0000 - 0x00007ffc10825000 	C:\Windows\System32\shlwapi.dll
0x00007ffc0ea30000 - 0x00007ffc0ea4f000 	C:\Windows\SYSTEM32\profapi.dll
0x00007ffc01550000 - 0x00007ffc01569000 	C:\Users\daniely.campaner\.vscode\extensions\redhat.java-1.16.0-win32-x64\jre\17.0.6-win32-x86_64\bin\net.dll
0x00007ffc0d960000 - 0x00007ffc0da6a000 	C:\Windows\SYSTEM32\WINHTTP.dll
0x00007ffc0e0c0000 - 0x00007ffc0e12a000 	C:\Windows\system32\mswsock.dll
0x00007ffc012f0000 - 0x00007ffc01305000 	C:\Users\daniely.campaner\.vscode\extensions\redhat.java-1.16.0-win32-x64\jre\17.0.6-win32-x86_64\bin\nio.dll
0x00007ffc07a10000 - 0x00007ffc07a20000 	c:\Users\daniely.campaner\.vscode\extensions\redhat.java-1.16.0-win32-x64\jre\17.0.6-win32-x86_64\bin\verify.dll
0x00007ffbfcfb0000 - 0x00007ffbfcfee000 	C:\Users\daniely.campaner\AppData\Roaming\Code\User\globalStorage\redhat.java\1.16.0\config_win\org.eclipse.equinox.launcher\org.eclipse.equinox.launcher.win32.win32.x86_64_1.2.700.v20221108-1024\eclipse_11801.dll
0x00007ffc10c40000 - 0x00007ffc10d6a000 	C:\Windows\System32\ole32.dll

dbghelp: loaded successfully - version: 4.0.5 - missing functions: none
symbol engine: initialized successfully - sym options: 0x614 - pdb path: .;c:\Users\daniely.campaner\.vscode\extensions\redhat.java-1.16.0-win32-x64\jre\17.0.6-win32-x86_64\bin;C:\Windows\SYSTEM32;C:\Windows\WinSxS\amd64_microsoft.windows.common-controls_6595b64144ccf1df_6.0.19041.1110_none_60b5254171f9507e;c:\Users\daniely.campaner\.vscode\extensions\redhat.java-1.16.0-win32-x64\jre\17.0.6-win32-x86_64\bin\server;C:\Users\daniely.campaner\AppData\Roaming\Code\User\globalStorage\redhat.java\1.16.0\config_win\org.eclipse.equinox.launcher\org.eclipse.equinox.launcher.win32.win32.x86_64_1.2.700.v20221108-1024

VM Arguments:
jvm_args: --add-modules=ALL-SYSTEM --add-opens=java.base/java.util=ALL-UNNAMED --add-opens=java.base/java.lang=ALL-UNNAMED --add-opens=java.base/sun.nio.fs=ALL-UNNAMED -Declipse.application=org.eclipse.jdt.ls.core.id1 -Dosgi.bundles.defaultStartLevel=4 -Declipse.product=org.eclipse.jdt.ls.core.product -Djava.import.generatesMetadataFilesAtProjectRoot=false -Dfile.encoding=utf8 -XX:+UseParallelGC -XX:GCTimeRatio=4 -XX:AdaptiveSizePolicyWeight=90 -Dsun.zip.disableMemoryMapping=true -Xmx1G -Xms100m -Xlog:disable -javaagent:c:\Users\daniely.campaner\.vscode\extensions\redhat.java-1.16.0-win32-x64\lombok\lombok-1.18.24.jar -XX:+HeapDumpOnOutOfMemoryError -XX:HeapDumpPath=c:\Users\daniely.campaner\AppData\Roaming\Code\User\workspaceStorage\aafcf80c885c810d8cba38d79f474c28\redhat.java 
java_command: c:\Users\daniely.campaner\.vscode\extensions\redhat.java-1.16.0-win32-x64\server\plugins\org.eclipse.equinox.launcher_1.6.400.v20210924-0641.jar -configuration c:\Users\daniely.campaner\AppData\Roaming\Code\User\globalStorage\redhat.java\1.16.0\config_win -data c:\Users\daniely.campaner\AppData\Roaming\Code\User\workspaceStorage\aafcf80c885c810d8cba38d79f474c28\redhat.java\jdt_ws
java_class_path (initial): c:\Users\daniely.campaner\.vscode\extensions\redhat.java-1.16.0-win32-x64\server\plugins\org.eclipse.equinox.launcher_1.6.400.v20210924-0641.jar
Launcher Type: SUN_STANDARD

[Global flags]
    uintx AdaptiveSizePolicyWeight                 = 90                                        {product} {command line}
     intx CICompilerCount                          = 3                                         {product} {ergonomic}
    uintx GCTimeRatio                              = 4                                         {product} {command line}
     bool HeapDumpOnOutOfMemoryError               = true                                   {manageable} {command line}
    ccstr HeapDumpPath                             = c:\Users\daniely.campaner\AppData\Roaming\Code\User\workspaceStorage\aafcf80c885c810d8cba38d79f474c28\redhat.java         {manageable} {command line}
   size_t InitialHeapSize                          = 104857600                                 {product} {command line}
   size_t MaxHeapSize                              = 1073741824                                {product} {command line}
   size_t MaxNewSize                               = 357564416                                 {product} {ergonomic}
   size_t MinHeapDeltaBytes                        = 524288                                    {product} {ergonomic}
   size_t MinHeapSize                              = 104857600                                 {product} {command line}
   size_t NewSize                                  = 34603008                                  {product} {ergonomic}
    uintx NonNMethodCodeHeapSize                   = 5832780                                {pd product} {ergonomic}
    uintx NonProfiledCodeHeapSize                  = 122912730                              {pd product} {ergonomic}
   size_t OldSize                                  = 70254592                                  {product} {ergonomic}
    uintx ProfiledCodeHeapSize                     = 122912730                              {pd product} {ergonomic}
    uintx ReservedCodeCacheSize                    = 251658240                              {pd product} {ergonomic}
     bool SegmentedCodeCache                       = true                                      {product} {ergonomic}
   size_t SoftMaxHeapSize                          = 1073741824                             {manageable} {ergonomic}
     bool UseCompressedClassPointers               = true                           {product lp64_product} {ergonomic}
     bool UseCompressedOops                        = true                           {product lp64_product} {ergonomic}
     bool UseLargePagesIndividualAllocation        = false                                  {pd product} {ergonomic}
     bool UseParallelGC                            = true                                      {product} {command line}

Logging:
Log output configuration:
 #0: stdout all=off uptime,level,tags
 #1: stderr all=off uptime,level,tags

Environment Variables:
PATH=C:\Program Files (x86)\VMware\VMware Workstation\bin\;C:\Program Files\Common Files\Oracle\Java\javapath;C:\Program Files (x86)\Common Files\Oracle\Java\javapath;C:\Windows\system32;C:\Windows;C:\Windows\System32\Wbem;C:\Windows\System32\WindowsPowerShell\v1.0\;C:\Windows\System32\OpenSSH\;C:\Program Files\Git\cmd;C:\Program Files\nodejs\;C:\Program Files\Microsoft VS Code\bin;C:\Users\daniely.campaner\AppData\Local\Microsoft\WindowsApps;
USERNAME=daniely.campaner
OS=Windows_NT
PROCESSOR_IDENTIFIER=Intel64 Family 6 Model 158 Stepping 10, GenuineIntel
TMP=C:\Users\DANIEL~1.CAM\AppData\Local\Temp
TEMP=C:\Users\DANIEL~1.CAM\AppData\Local\Temp



---------------  S Y S T E M  ---------------

OS:
 Windows 10 , 64 bit Build 19041 (10.0.19041.2546)
OS uptime: 0 days 10:27 hours

CPU: total 6 (initial active 6) (6 cores per cpu, 1 threads per core) family 6 model 158 stepping 10 microcode 0xea, cx8, cmov, fxsr, mmx, 3dnowpref, sse, sse2, sse3, ssse3, sse4.1, sse4.2, popcnt, lzcnt, tsc, tscinvbit, avx, avx2, aes, erms, clmul, bmi1, bmi2, rtm, adx, fma, vzeroupper, clflush, clflushopt

Memory: 4k page, system-wide physical 8001M (998M free)
TotalPageFile size 8001M (AvailPageFile size 0M)
current process WorkingSet (physical memory assigned to process): 98M, peak: 98M
current process commit charge ("private bytes"): 208M, peak: 209M

vm_info: OpenJDK 64-Bit Server VM (17.0.6+10) for windows-amd64 JRE (17.0.6+10), built on Jan 18 2023 10:08:59 by "temurin" with MS VC++ 16.7 (VS2019)

END.
