#
# There is insufficient memory for the Java Runtime Environment to continue.
# Native memory allocation (malloc) failed to allocate 233696 bytes for Chunk::new
# Possible reasons:
#   The system is out of physical RAM or swap space
#   The process is running with CompressedOops enabled, and the Java Heap may be blocking the growth of the native heap
# Possible solutions:
#   Reduce memory load on the system
#   Increase physical memory or swap space
#   Check if swap backing store is full
#   Decrease Java heap size (-Xmx/-Xms)
#   Decrease number of Java threads
#   Decrease Java thread stack sizes (-Xss)
#   Set larger code cache with -XX:ReservedCodeCacheSize=
#   JVM is running with Unscaled Compressed Oops mode in which the Java heap is
#     placed in the first 4GB address space. The Java Heap base address is the
#     maximum limit for the native heap growth. Please use -XX:HeapBaseMinAddress
#     to set the Java Heap base and to place the Java Heap above 4GB virtual address.
# This output file may be truncated or incomplete.
#
#  Out of Memory Error (arena.cpp:189), pid=7952, tid=4768
#
# JRE version: OpenJDK Runtime Environment Temurin-17.0.6+10 (17.0.6+10) (build 17.0.6+10)
# Java VM: OpenJDK 64-Bit Server VM Temurin-17.0.6+10 (17.0.6+10, mixed mode, tiered, compressed oops, compressed class ptrs, parallel gc, windows-amd64)
# No core dump will be written. Minidumps are not enabled by default on client versions of Windows
#

---------------  S U M M A R Y ------------

Command Line: --add-modules=ALL-SYSTEM --add-opens=java.base/java.util=ALL-UNNAMED --add-opens=java.base/java.lang=ALL-UNNAMED --add-opens=java.base/sun.nio.fs=ALL-UNNAMED -Declipse.application=org.eclipse.jdt.ls.core.id1 -Dosgi.bundles.defaultStartLevel=4 -Declipse.product=org.eclipse.jdt.ls.core.product -Djava.import.generatesMetadataFilesAtProjectRoot=false -Dfile.encoding=utf8 -XX:+UseParallelGC -XX:GCTimeRatio=4 -XX:AdaptiveSizePolicyWeight=90 -Dsun.zip.disableMemoryMapping=true -Xmx1G -Xms100m -Xlog:disable -javaagent:c:\Users\daniely.campaner\.vscode\extensions\redhat.java-1.16.0-win32-x64\lombok\lombok-1.18.24.jar -XX:+HeapDumpOnOutOfMemoryError -XX:HeapDumpPath=c:\Users\daniely.campaner\AppData\Roaming\Code\User\workspaceStorage\aafcf80c885c810d8cba38d79f474c28\redhat.java c:\Users\daniely.campaner\.vscode\extensions\redhat.java-1.16.0-win32-x64\server\plugins\org.eclipse.equinox.launcher_1.6.400.v20210924-0641.jar -configuration c:\Users\daniely.campaner\AppData\Roaming\Code\User\globalStorage\redhat.java\1.16.0\config_win -data c:\Users\daniely.campaner\AppData\Roaming\Code\User\workspaceStorage\aafcf80c885c810d8cba38d79f474c28\redhat.java\jdt_ws

Host: Intel(R) Core(TM) i5-9500 CPU @ 3.00GHz, 6 cores, 7G,  Windows 10 , 64 bit Build 19041 (10.0.19041.2546)
Time: Wed Mar 29 21:37:33 2023 Hora oficial do Brasil elapsed time: 0.292600 seconds (0d 0h 0m 0s)

---------------  T H R E A D  ---------------

Current thread (0x000001877cdd0a10):  JavaThread "C2 CompilerThread1" daemon [_thread_in_native, id=4768, stack(0x0000000452a00000,0x0000000452b00000)]


Current CompileTask:
C2:    292  476       4       lombok.patcher.PatchScript::classMatches (41 bytes)

Stack: [0x0000000452a00000,0x0000000452b00000]
Native frames: (J=compiled Java code, j=interpreted, Vv=VM code, C=native code)
V  [jvm.dll+0x67741a]
V  [jvm.dll+0x834434]
V  [jvm.dll+0x835bde]
V  [jvm.dll+0x836243]
V  [jvm.dll+0x2457b5]
V  [jvm.dll+0xabafc]
V  [jvm.dll+0xac0cc]
V  [jvm.dll+0x2ac94f]
V  [jvm.dll+0x57de47]
V  [jvm.dll+0x220812]
V  [jvm.dll+0x220bef]
V  [jvm.dll+0x21a445]
V  [jvm.dll+0x21790b]
V  [jvm.dll+0x1a3d0d]
V  [jvm.dll+0x22742a]
V  [jvm.dll+0x225565]
V  [jvm.dll+0x7ea2cb]
V  [jvm.dll+0x7e483a]
V  [jvm.dll+0x6762c5]
C  [ucrtbase.dll+0x21bb2]
C  [KERNEL32.dll+0x17614]
C  [ntdll.dll+0x526a1]


---------------  P R O C E S S  ---------------

Threads class SMR info:
_java_thread_list=0x000001877cb92660, length=13, elements={
0x0000018766b4abb0, 0x000001877a9a7750, 0x000001877a9a9130, 0x000001877a9ca160,
0x000001877a9ccf20, 0x000001877a9ce070, 0x000001877a9cea20, 0x000001877c979f40,
0x000001877c97b580, 0x000001877c994e60, 0x000001877ca7d6d0, 0x000001877cda0020,
0x000001877cdd0a10
}

Java Threads: ( => current thread )
  0x0000018766b4abb0 JavaThread "main" [_thread_in_vm, id=2236, stack(0x0000000451b00000,0x0000000451c00000)]
  0x000001877a9a7750 JavaThread "Reference Handler" daemon [_thread_blocked, id=716, stack(0x0000000451e00000,0x0000000451f00000)]
  0x000001877a9a9130 JavaThread "Finalizer" daemon [_thread_blocked, id=8848, stack(0x0000000451f00000,0x0000000452000000)]
  0x000001877a9ca160 JavaThread "Signal Dispatcher" daemon [_thread_blocked, id=8212, stack(0x0000000452000000,0x0000000452100000)]
  0x000001877a9ccf20 JavaThread "Attach Listener" daemon [_thread_blocked, id=4956, stack(0x0000000452100000,0x0000000452200000)]
  0x000001877a9ce070 JavaThread "Service Thread" daemon [_thread_blocked, id=5488, stack(0x0000000452200000,0x0000000452300000)]
  0x000001877a9cea20 JavaThread "Monitor Deflation Thread" daemon [_thread_blocked, id=11012, stack(0x0000000452300000,0x0000000452400000)]
  0x000001877c979f40 JavaThread "C2 CompilerThread0" daemon [_thread_in_native, id=14008, stack(0x0000000452400000,0x0000000452500000)]
  0x000001877c97b580 JavaThread "C1 CompilerThread0" daemon [_thread_blocked, id=6016, stack(0x0000000452500000,0x0000000452600000)]
  0x000001877c994e60 JavaThread "Sweeper thread" daemon [_thread_blocked, id=1852, stack(0x0000000452600000,0x0000000452700000)]
  0x000001877ca7d6d0 JavaThread "Common-Cleaner" daemon [_thread_blocked, id=12964, stack(0x0000000452700000,0x0000000452800000)]
  0x000001877cda0020 JavaThread "Notification Thread" daemon [_thread_blocked, id=13756, stack(0x0000000452800000,0x0000000452900000)]
=>0x000001877cdd0a10 JavaThread "C2 CompilerThread1" daemon [_thread_in_native, id=4768, stack(0x0000000452a00000,0x0000000452b00000)]

Other Threads:
  0x000001877a98d7f0 VMThread "VM Thread" [stack: 0x0000000451d00000,0x0000000451e00000] [id=9908]
  0x000001877cca3480 WatcherThread [stack: 0x0000000452900000,0x0000000452a00000] [id=8640]
  0x0000018766b5f9e0 GCTaskThread "GC Thread#0" [stack: 0x0000000451c00000,0x0000000451d00000] [id=5176]

Threads with active compile tasks:
C2 CompilerThread0      325  475       4       lombok.patcher.scripts.MethodLevelPatchScript::patch (21 bytes)
C2 CompilerThread1      325  476       4       lombok.patcher.PatchScript::classMatches (41 bytes)

VM state: not at safepoint (normal execution)

VM Mutex/Monitor currently owned by a thread:  ([mutex/lock_event])
[0x0000018766b457b0] Metaspace_lock - owner thread: 0x0000018766b4abb0

Heap address: 0x00000000c0000000, size: 1024 MB, Compressed Oops mode: 32-bit

CDS archive(s) not mapped
Compressed class space mapped at: 0x0000000100000000-0x0000000140000000, reserved size: 1073741824
Narrow klass base: 0x0000000000000000, Narrow klass shift: 3, Narrow klass range: 0x140000000

GC Precious Log:
 CPUs: 6 total, 6 available
 Memory: 8001M
 Large Page Support: Disabled
 NUMA Support: Disabled
 Compressed Oops: Enabled (32-bit)
 Alignments: Space 512K, Generation 512K, Heap 2M
 Heap Min Capacity: 100M
 Heap Initial Capacity: 100M
 Heap Max Capacity: 1G
 Pre-touch: Disabled
 Parallel Workers: 6

Heap:
 PSYoungGen      total 29696K, used 10989K [0x00000000eab00000, 0x00000000ecc00000, 0x0000000100000000)
  eden space 25600K, 42% used [0x00000000eab00000,0x00000000eb5bb690,0x00000000ec400000)
  from space 4096K, 0% used [0x00000000ec800000,0x00000000ec800000,0x00000000ecc00000)
  to   space 4096K, 0% used [0x00000000ec400000,0x00000000ec400000,0x00000000ec800000)
 ParOldGen       total 68608K, used 0K [0x00000000c0000000, 0x00000000c4300000, 0x00000000eab00000)
  object space 68608K, 0% used [0x00000000c0000000,0x00000000c0000000,0x00000000c4300000)
 Metaspace       used 8290K, committed 8384K, reserved 1056768K
  class space    used 814K, committed 896K, reserved 1048576K

Card table byte_map: [0x00000187664f0000,0x0000018766700000] _byte_map_base: 0x0000018765ef0000

Marking Bits: (ParMarkBitMap*) 0x00007ffbd94d3e70
 Begin Bits: [0x00000187787d0000, 0x00000187797d0000)
 End Bits:   [0x00000187797d0000, 0x000001877a7d0000)

Polling page: 0x0000018764850000

Metaspace:

Usage:
  Non-class:      7.30 MB used.
      Class:    814.50 KB used.
       Both:      8.10 MB used.

Virtual space:
  Non-class space:        8.00 MB reserved,       7.31 MB ( 91%) committed,  1 nodes.
      Class space:        1.00 GB reserved,     896.00 KB ( <1%) committed,  1 nodes.
             Both:        1.01 GB reserved,       8.19 MB ( <1%) committed. 

Chunk freelists:
   Non-Class:  0 bytes
       Class:  3.09 MB
        Both:  3.09 MB

MaxMetaspaceSize: unlimited
CompressedClassSpaceSize: 1.00 GB
Initial GC threshold: 21.00 MB
Current GC threshold: 21.00 MB
CDS: off
MetaspaceReclaimPolicy: balanced
 - commit_granule_bytes: 65536.
 - commit_granule_words: 8192.
 - virtual_space_node_default_size: 1048576.
 - enlarge_chunks_in_place: 1.
 - new_chunks_are_fully_committed: 0.
 - uncommit_free_chunks: 1.
 - use_allocation_guard: 0.
 - handle_deallocations: 1.


Internal statistics:

num_allocs_failed_limit: 0.
num_arena_births: 10.
num_arena_deaths: 0.
num_vsnodes_births: 2.
num_vsnodes_deaths: 0.
num_space_committed: 131.
num_space_uncommitted: 0.
num_chunks_returned_to_freelist: 0.
num_chunks_taken_from_freelist: 38.
num_chunk_merges: 0.
num_chunk_splits: 20.
num_chunks_enlarged: 17.
num_purges: 0.
num_inconsistent_stats: 0.

CodeHeap 'non-profiled nmethods': size=120000Kb used=161Kb max_used=161Kb free=119838Kb
 bounds [0x00000187712a0000, 0x0000018771510000, 0x00000187787d0000]
CodeHeap 'profiled nmethods': size=120000Kb used=655Kb max_used=655Kb free=119344Kb
 bounds [0x00000187697d0000, 0x0000018769a40000, 0x0000018770d00000]
CodeHeap 'non-nmethods': size=5760Kb used=1128Kb max_used=1155Kb free=4631Kb
 bounds [0x0000018770d00000, 0x0000018770f70000, 0x00000187712a0000]
 total_blobs=897 nmethods=482 adapters=330
 compilation: enabled
              stopped_count=0, restarted_count=0
 full_count=0

Compilation events (20 events):
Event: 0.279 Thread 0x000001877c97b580  473       3       java.util.regex.Pattern::isSupplementary (21 bytes)
Event: 0.279 Thread 0x000001877c97b580 nmethod 473 0x0000018769871f10 code [0x00000187698720c0, 0x0000018769872338]
Event: 0.279 Thread 0x000001877c97b580  474       3       java.lang.Character::isSurrogate (18 bytes)
Event: 0.280 Thread 0x000001877c97b580 nmethod 474 0x0000018769872410 code [0x00000187698725a0, 0x0000018769872738]
Event: 0.281 Thread 0x000001877cdd0a10 nmethod 468 0x00000187712c7210 code [0x00000187712c7380, 0x00000187712c7658]
Event: 0.281 Thread 0x000001877cdd0a10  476       4       lombok.patcher.PatchScript::classMatches (41 bytes)
Event: 0.282 Thread 0x000001877c979f40 nmethod 447 0x00000187712c7790 code [0x00000187712c7920, 0x00000187712c7bf8]
Event: 0.282 Thread 0x000001877c979f40  475       4       lombok.patcher.scripts.MethodLevelPatchScript::patch (21 bytes)
Event: 0.284 Thread 0x000001877c97b580  477       3       java.lang.Byte::<init> (10 bytes)
Event: 0.284 Thread 0x000001877c97b580 nmethod 477 0x0000018769872810 code [0x00000187698729c0, 0x0000018769872b98]
Event: 0.284 Thread 0x000001877c97b580  478       3       java.lang.reflect.Modifier::isPublic (12 bytes)
Event: 0.285 Thread 0x000001877c97b580 nmethod 478 0x0000018769872c90 code [0x0000018769872e20, 0x0000018769872f78]
Event: 0.285 Thread 0x000001877c97b580  479  s    3       java.io.ByteArrayOutputStream::write (32 bytes)
Event: 0.285 Thread 0x000001877c97b580 nmethod 479 0x0000018769873010 code [0x00000187698731c0, 0x0000018769873408]
Event: 0.287 Thread 0x000001877c97b580  480       3       java.lang.reflect.Modifier::isProtected (12 bytes)
Event: 0.287 Thread 0x000001877c97b580 nmethod 480 0x0000018769873510 code [0x00000187698736a0, 0x00000187698737f8]
Event: 0.287 Thread 0x000001877c97b580  481       3       java.lang.Enum::equals (11 bytes)
Event: 0.287 Thread 0x000001877c97b580 nmethod 481 0x0000018769873890 code [0x0000018769873a20, 0x0000018769873b98]
Event: 0.288 Thread 0x000001877c97b580  483       3       java.lang.invoke.MemberName::initResolved (53 bytes)
Event: 0.288 Thread 0x000001877c97b580 nmethod 483 0x0000018769873c10 code [0x0000018769873da0, 0x0000018769873f18]

GC Heap History (0 events):
No events

Dll operation events (8 events):
Event: 0.010 Loaded shared library c:\Users\daniely.campaner\.vscode\extensions\redhat.java-1.16.0-win32-x64\jre\17.0.6-win32-x86_64\bin\java.dll
Event: 0.103 Loaded shared library c:\Users\daniely.campaner\.vscode\extensions\redhat.java-1.16.0-win32-x64\jre\17.0.6-win32-x86_64\bin\zip.dll
Event: 0.106 Loaded shared library C:\Users\daniely.campaner\.vscode\extensions\redhat.java-1.16.0-win32-x64\jre\17.0.6-win32-x86_64\bin\instrument.dll
Event: 0.117 Loaded shared library C:\Users\daniely.campaner\.vscode\extensions\redhat.java-1.16.0-win32-x64\jre\17.0.6-win32-x86_64\bin\net.dll
Event: 0.121 Loaded shared library C:\Users\daniely.campaner\.vscode\extensions\redhat.java-1.16.0-win32-x64\jre\17.0.6-win32-x86_64\bin\nio.dll
Event: 0.127 Loaded shared library C:\Users\daniely.campaner\.vscode\extensions\redhat.java-1.16.0-win32-x64\jre\17.0.6-win32-x86_64\bin\zip.dll
Event: 0.137 Loaded shared library C:\Users\daniely.campaner\.vscode\extensions\redhat.java-1.16.0-win32-x64\jre\17.0.6-win32-x86_64\bin\jimage.dll
Event: 0.174 Loaded shared library c:\Users\daniely.campaner\.vscode\extensions\redhat.java-1.16.0-win32-x64\jre\17.0.6-win32-x86_64\bin\verify.dll

Deoptimization events (20 events):
Event: 0.260 Thread 0x0000018766b4abb0 Uncommon trap: trap_request=0xffffffde fr.pc=0x00000187712c143c relative=0x000000000000011c
Event: 0.260 Thread 0x0000018766b4abb0 Uncommon trap: reason=class_check action=maybe_recompile pc=0x00000187712c143c method=jdk.internal.misc.Unsafe.allocateUninitializedArray(Ljava/lang/Class;I)Ljava/lang/Object; @ 51 c2
Event: 0.260 Thread 0x0000018766b4abb0 DEOPT PACKING pc=0x00000187712c143c sp=0x0000000451bfb290
Event: 0.260 Thread 0x0000018766b4abb0 DEOPT UNPACKING pc=0x0000018770d566a3 sp=0x0000000451bfb218 mode 2
Event: 0.260 Thread 0x0000018766b4abb0 Uncommon trap: trap_request=0xffffffde fr.pc=0x00000187712c143c relative=0x000000000000011c
Event: 0.260 Thread 0x0000018766b4abb0 Uncommon trap: reason=class_check action=maybe_recompile pc=0x00000187712c143c method=jdk.internal.misc.Unsafe.allocateUninitializedArray(Ljava/lang/Class;I)Ljava/lang/Object; @ 51 c2
Event: 0.260 Thread 0x0000018766b4abb0 DEOPT PACKING pc=0x00000187712c143c sp=0x0000000451bfb290
Event: 0.260 Thread 0x0000018766b4abb0 DEOPT UNPACKING pc=0x0000018770d566a3 sp=0x0000000451bfb218 mode 2
Event: 0.260 Thread 0x0000018766b4abb0 Uncommon trap: trap_request=0xffffffde fr.pc=0x00000187712c143c relative=0x000000000000011c
Event: 0.260 Thread 0x0000018766b4abb0 Uncommon trap: reason=class_check action=maybe_recompile pc=0x00000187712c143c method=jdk.internal.misc.Unsafe.allocateUninitializedArray(Ljava/lang/Class;I)Ljava/lang/Object; @ 51 c2
Event: 0.260 Thread 0x0000018766b4abb0 DEOPT PACKING pc=0x00000187712c143c sp=0x0000000451bfb2d0
Event: 0.260 Thread 0x0000018766b4abb0 DEOPT UNPACKING pc=0x0000018770d566a3 sp=0x0000000451bfb258 mode 2
Event: 0.269 Thread 0x0000018766b4abb0 Uncommon trap: trap_request=0xffffff45 fr.pc=0x00000187712b32c4 relative=0x00000000000000c4
Event: 0.269 Thread 0x0000018766b4abb0 Uncommon trap: reason=unstable_if action=reinterpret pc=0x00000187712b32c4 method=java.net.URI.match(CJJ)Z @ 45 c2
Event: 0.269 Thread 0x0000018766b4abb0 DEOPT PACKING pc=0x00000187712b32c4 sp=0x0000000451bfca90
Event: 0.269 Thread 0x0000018766b4abb0 DEOPT UNPACKING pc=0x0000018770d566a3 sp=0x0000000451bfca18 mode 2
Event: 0.278 Thread 0x0000018766b4abb0 Uncommon trap: trap_request=0xffffff45 fr.pc=0x00000187712c4148 relative=0x0000000000000648
Event: 0.278 Thread 0x0000018766b4abb0 Uncommon trap: reason=unstable_if action=reinterpret pc=0x00000187712c4148 method=java.lang.String.replace(Ljava/lang/CharSequence;Ljava/lang/CharSequence;)Ljava/lang/String; @ 48 c2
Event: 0.278 Thread 0x0000018766b4abb0 DEOPT PACKING pc=0x00000187712c4148 sp=0x0000000451bfca20
Event: 0.278 Thread 0x0000018766b4abb0 DEOPT UNPACKING pc=0x0000018770d566a3 sp=0x0000000451bfc990 mode 2

Classes unloaded (0 events):
No events

Classes redefined (0 events):
No events

Internal exceptions (2 events):
Event: 0.088 Thread 0x0000018766b4abb0 Exception <a 'java/lang/NoSuchMethodError'{0x00000000eacb21a8}: 'void java.lang.invoke.DirectMethodHandle$Holder.invokeStatic(java.lang.Object, java.lang.Object, java.lang.Object)'> (0x00000000eacb21a8) 
thrown [s\src\hotspot\share\interpreter\linkResolver.cpp, line 759]
Event: 0.190 Thread 0x0000018766b4abb0 Exception <a 'java/lang/reflect/InvocationTargetException'{0x00000000eaf7b300}> (0x00000000eaf7b300) 
thrown [s\src\hotspot\share\runtime\reflection.cpp, line 1121]

VM Operations (2 events):
Event: 0.092 Executing VM operation: HandshakeAllThreads
Event: 0.092 Executing VM operation: HandshakeAllThreads done

Events (20 events):
Event: 0.289 loading class java/lang/constant/DirectMethodHandleDesc$Kind
Event: 0.289 loading class java/lang/constant/DirectMethodHandleDesc$Kind done
Event: 0.289 loading class java/lang/constant/MethodTypeDesc
Event: 0.289 loading class java/lang/constant/MethodTypeDesc done
Event: 0.289 loading class java/lang/constant/MethodTypeDescImpl
Event: 0.289 loading class java/lang/constant/MethodTypeDescImpl done
Event: 0.289 loading class java/lang/constant/MethodHandleDesc
Event: 0.289 loading class java/lang/constant/MethodHandleDesc done
Event: 0.289 loading class java/lang/constant/MethodHandleDesc$1
Event: 0.289 loading class java/lang/constant/MethodHandleDesc$1 done
Event: 0.289 loading class java/lang/constant/DirectMethodHandleDescImpl
Event: 0.290 loading class java/lang/constant/DirectMethodHandleDesc
Event: 0.290 loading class java/lang/constant/DirectMethodHandleDesc done
Event: 0.290 loading class java/lang/constant/DirectMethodHandleDescImpl done
Event: 0.290 loading class java/lang/constant/DirectMethodHandleDescImpl$1
Event: 0.290 loading class java/lang/constant/DirectMethodHandleDescImpl$1 done
Event: 0.290 loading class java/lang/constant/DirectMethodHandleDesc$1
Event: 0.290 loading class java/lang/constant/DirectMethodHandleDesc$1 done
Event: 0.290 loading class java/lang/constant/PrimitiveClassDescImpl
Event: 0.290 loading class java/lang/constant/DynamicConstantDesc


Dynamic libraries:
0x00007ff6cb4a0000 - 0x00007ff6cb4ae000 	c:\Users\daniely.campaner\.vscode\extensions\redhat.java-1.16.0-win32-x64\jre\17.0.6-win32-x86_64\bin\java.exe
0x00007ffc113f0000 - 0x00007ffc115e8000 	C:\Windows\SYSTEM32\ntdll.dll
0x00007ffc10830000 - 0x00007ffc108ef000 	C:\Windows\System32\KERNEL32.dll
0x00007ffc0e7f0000 - 0x00007ffc0e8f1000 	C:\Windows\system32\hmpalert.dll
0x00007ffc0efc0000 - 0x00007ffc0f292000 	C:\Windows\System32\KERNELBASE.dll
0x00007ffc0f340000 - 0x00007ffc0f440000 	C:\Windows\System32\ucrtbase.dll
0x00007ffc07660000 - 0x00007ffc07677000 	c:\Users\daniely.campaner\.vscode\extensions\redhat.java-1.16.0-win32-x64\jre\17.0.6-win32-x86_64\bin\jli.dll
0x00007ffc0fd60000 - 0x00007ffc0ff01000 	C:\Windows\System32\USER32.dll
0x00007ffc0ee80000 - 0x00007ffc0eea2000 	C:\Windows\System32\win32u.dll
0x00007ffc0f440000 - 0x00007ffc0f46b000 	C:\Windows\System32\GDI32.dll
0x00007ffc0eeb0000 - 0x00007ffc0efbf000 	C:\Windows\System32\gdi32full.dll
0x00007ffc0f2a0000 - 0x00007ffc0f33d000 	C:\Windows\System32\msvcp_win.dll
0x00007ffc063f0000 - 0x00007ffc06409000 	c:\Users\daniely.campaner\.vscode\extensions\redhat.java-1.16.0-win32-x64\jre\17.0.6-win32-x86_64\bin\VCRUNTIME140.dll
0x00007ffbf81d0000 - 0x00007ffbf846a000 	C:\Windows\WinSxS\amd64_microsoft.windows.common-controls_6595b64144ccf1df_6.0.19041.1110_none_60b5254171f9507e\COMCTL32.dll
0x00007ffc103b0000 - 0x00007ffc1044e000 	C:\Windows\System32\msvcrt.dll
0x00007ffc10270000 - 0x00007ffc102a0000 	C:\Windows\System32\IMM32.DLL
0x00007ffc0c070000 - 0x00007ffc0c07c000 	c:\Users\daniely.campaner\.vscode\extensions\redhat.java-1.16.0-win32-x64\jre\17.0.6-win32-x86_64\bin\vcruntime140_1.dll
0x00007ffbf4aa0000 - 0x00007ffbf4b31000 	c:\Users\daniely.campaner\.vscode\extensions\redhat.java-1.16.0-win32-x64\jre\17.0.6-win32-x86_64\bin\msvcp140.dll
0x00007ffbd8950000 - 0x00007ffbd9597000 	c:\Users\daniely.campaner\.vscode\extensions\redhat.java-1.16.0-win32-x64\jre\17.0.6-win32-x86_64\bin\server\jvm.dll
0x00007ffc10450000 - 0x00007ffc104fe000 	C:\Windows\System32\ADVAPI32.dll
0x00007ffc10d70000 - 0x00007ffc10e0c000 	C:\Windows\System32\sechost.dll
0x00007ffc10580000 - 0x00007ffc106a4000 	C:\Windows\System32\RPCRT4.dll
0x00007ffc09dc0000 - 0x00007ffc09dca000 	C:\Windows\SYSTEM32\VERSION.dll
0x00007ffbff5f0000 - 0x00007ffbff617000 	C:\Windows\SYSTEM32\WINMM.dll
0x00007ffc097b0000 - 0x00007ffc097b9000 	C:\Windows\SYSTEM32\WSOCK32.dll
0x00007ffc10510000 - 0x00007ffc1057b000 	C:\Windows\System32\WS2_32.dll
0x00007ffc0c7b0000 - 0x00007ffc0c7c2000 	C:\Windows\SYSTEM32\kernel.appcore.dll
0x00007ffc093f0000 - 0x00007ffc093fa000 	c:\Users\daniely.campaner\.vscode\extensions\redhat.java-1.16.0-win32-x64\jre\17.0.6-win32-x86_64\bin\jimage.dll
0x00007ffbff720000 - 0x00007ffbff904000 	C:\Windows\SYSTEM32\DBGHELP.DLL
0x00007ffbfdf20000 - 0x00007ffbfdf55000 	C:\Windows\SYSTEM32\dbgcore.DLL
0x00007ffc0edf0000 - 0x00007ffc0ee72000 	C:\Windows\System32\bcryptPrimitives.dll
0x00007ffc08210000 - 0x00007ffc0821e000 	c:\Users\daniely.campaner\.vscode\extensions\redhat.java-1.16.0-win32-x64\jre\17.0.6-win32-x86_64\bin\instrument.dll
0x00007ffc063c0000 - 0x00007ffc063e5000 	c:\Users\daniely.campaner\.vscode\extensions\redhat.java-1.16.0-win32-x64\jre\17.0.6-win32-x86_64\bin\java.dll
0x00007ffc06260000 - 0x00007ffc06278000 	c:\Users\daniely.campaner\.vscode\extensions\redhat.java-1.16.0-win32-x64\jre\17.0.6-win32-x86_64\bin\zip.dll
0x00007ffc0f4d0000 - 0x00007ffc0fc15000 	C:\Windows\System32\SHELL32.dll
0x00007ffc0c9b0000 - 0x00007ffc0d142000 	C:\Windows\SYSTEM32\windows.storage.dll
0x00007ffc0ff10000 - 0x00007ffc10265000 	C:\Windows\System32\combase.dll
0x00007ffc0e3d0000 - 0x00007ffc0e400000 	C:\Windows\SYSTEM32\Wldp.dll
0x00007ffc0fc20000 - 0x00007ffc0fccd000 	C:\Windows\System32\SHCORE.dll
0x00007ffc107d0000 - 0x00007ffc10825000 	C:\Windows\System32\shlwapi.dll
0x00007ffc0ea30000 - 0x00007ffc0ea4f000 	C:\Windows\SYSTEM32\profapi.dll
0x00007ffc01550000 - 0x00007ffc01569000 	C:\Users\daniely.campaner\.vscode\extensions\redhat.java-1.16.0-win32-x64\jre\17.0.6-win32-x86_64\bin\net.dll
0x00007ffc0d960000 - 0x00007ffc0da6a000 	C:\Windows\SYSTEM32\WINHTTP.dll
0x00007ffc0e0c0000 - 0x00007ffc0e12a000 	C:\Windows\system32\mswsock.dll
0x00007ffc012f0000 - 0x00007ffc01305000 	C:\Users\daniely.campaner\.vscode\extensions\redhat.java-1.16.0-win32-x64\jre\17.0.6-win32-x86_64\bin\nio.dll
0x00007ffc07a10000 - 0x00007ffc07a20000 	c:\Users\daniely.campaner\.vscode\extensions\redhat.java-1.16.0-win32-x64\jre\17.0.6-win32-x86_64\bin\verify.dll

dbghelp: loaded successfully - version: 4.0.5 - missing functions: none
symbol engine: initialized successfully - sym options: 0x614 - pdb path: .;c:\Users\daniely.campaner\.vscode\extensions\redhat.java-1.16.0-win32-x64\jre\17.0.6-win32-x86_64\bin;C:\Windows\SYSTEM32;C:\Windows\WinSxS\amd64_microsoft.windows.common-controls_6595b64144ccf1df_6.0.19041.1110_none_60b5254171f9507e;c:\Users\daniely.campaner\.vscode\extensions\redhat.java-1.16.0-win32-x64\jre\17.0.6-win32-x86_64\bin\server

VM Arguments:
jvm_args: --add-modules=ALL-SYSTEM --add-opens=java.base/java.util=ALL-UNNAMED --add-opens=java.base/java.lang=ALL-UNNAMED --add-opens=java.base/sun.nio.fs=ALL-UNNAMED -Declipse.application=org.eclipse.jdt.ls.core.id1 -Dosgi.bundles.defaultStartLevel=4 -Declipse.product=org.eclipse.jdt.ls.core.product -Djava.import.generatesMetadataFilesAtProjectRoot=false -Dfile.encoding=utf8 -XX:+UseParallelGC -XX:GCTimeRatio=4 -XX:AdaptiveSizePolicyWeight=90 -Dsun.zip.disableMemoryMapping=true -Xmx1G -Xms100m -Xlog:disable -javaagent:c:\Users\daniely.campaner\.vscode\extensions\redhat.java-1.16.0-win32-x64\lombok\lombok-1.18.24.jar -XX:+HeapDumpOnOutOfMemoryError -XX:HeapDumpPath=c:\Users\daniely.campaner\AppData\Roaming\Code\User\workspaceStorage\aafcf80c885c810d8cba38d79f474c28\redhat.java 
java_command: c:\Users\daniely.campaner\.vscode\extensions\redhat.java-1.16.0-win32-x64\server\plugins\org.eclipse.equinox.launcher_1.6.400.v20210924-0641.jar -configuration c:\Users\daniely.campaner\AppData\Roaming\Code\User\globalStorage\redhat.java\1.16.0\config_win -data c:\Users\daniely.campaner\AppData\Roaming\Code\User\workspaceStorage\aafcf80c885c810d8cba38d79f474c28\redhat.java\jdt_ws
java_class_path (initial): c:\Users\daniely.campaner\.vscode\extensions\redhat.java-1.16.0-win32-x64\server\plugins\org.eclipse.equinox.launcher_1.6.400.v20210924-0641.jar
Launcher Type: SUN_STANDARD

[Global flags]
    uintx AdaptiveSizePolicyWeight                 = 90                                        {product} {command line}
     intx CICompilerCount                          = 3                                         {product} {ergonomic}
    uintx GCTimeRatio                              = 4                                         {product} {command line}
     bool HeapDumpOnOutOfMemoryError               = true                                   {manageable} {command line}
    ccstr HeapDumpPath                             = c:\Users\daniely.campaner\AppData\Roaming\Code\User\workspaceStorage\aafcf80c885c810d8cba38d79f474c28\redhat.java         {manageable} {command line}
   size_t InitialHeapSize                          = 104857600                                 {product} {command line}
   size_t MaxHeapSize                              = 1073741824                                {product} {command line}
   size_t MaxNewSize                               = 357564416                                 {product} {ergonomic}
   size_t MinHeapDeltaBytes                        = 524288                                    {product} {ergonomic}
   size_t MinHeapSize                              = 104857600                                 {product} {command line}
   size_t NewSize                                  = 34603008                                  {product} {ergonomic}
    uintx NonNMethodCodeHeapSize                   = 5832780                                {pd product} {ergonomic}
    uintx NonProfiledCodeHeapSize                  = 122912730                              {pd product} {ergonomic}
   size_t OldSize                                  = 70254592                                  {product} {ergonomic}
    uintx ProfiledCodeHeapSize                     = 122912730                              {pd product} {ergonomic}
    uintx ReservedCodeCacheSize                    = 251658240                              {pd product} {ergonomic}
     bool SegmentedCodeCache                       = true                                      {product} {ergonomic}
   size_t SoftMaxHeapSize                          = 1073741824                             {manageable} {ergonomic}
     bool UseCompressedClassPointers               = true                           {product lp64_product} {ergonomic}
     bool UseCompressedOops                        = true                           {product lp64_product} {ergonomic}
     bool UseLargePagesIndividualAllocation        = false                                  {pd product} {ergonomic}
     bool UseParallelGC                            = true                                      {product} {command line}

Logging:
Log output configuration:
 #0: stdout all=off uptime,level,tags
 #1: stderr all=off uptime,level,tags

Environment Variables:
PATH=C:\Program Files (x86)\VMware\VMware Workstation\bin\;C:\Program Files\Common Files\Oracle\Java\javapath;C:\Program Files (x86)\Common Files\Oracle\Java\javapath;C:\Windows\system32;C:\Windows;C:\Windows\System32\Wbem;C:\Windows\System32\WindowsPowerShell\v1.0\;C:\Windows\System32\OpenSSH\;C:\Program Files\Git\cmd;C:\Program Files\nodejs\;C:\Program Files\Microsoft VS Code\bin;C:\Users\daniely.campaner\AppData\Local\Microsoft\WindowsApps;
USERNAME=daniely.campaner
OS=Windows_NT
PROCESSOR_IDENTIFIER=Intel64 Family 6 Model 158 Stepping 10, GenuineIntel
TMP=C:\Users\DANIEL~1.CAM\AppData\Local\Temp
TEMP=C:\Users\DANIEL~1.CAM\AppData\Local\Temp



---------------  S Y S T E M  ---------------

OS:
 Windows 10 , 64 bit Build 19041 (10.0.19041.2546)
OS uptime: 0 days 10:27 hours

CPU: total 6 (initial active 6) (6 cores per cpu, 1 threads per core) family 6 model 158 stepping 10 microcode 0xea, cx8, cmov, fxsr, mmx, 3dnowpref, sse, sse2, sse3, ssse3, sse4.1, sse4.2, popcnt, lzcnt, tsc, tscinvbit, avx, avx2, aes, erms, clmul, bmi1, bmi2, rtm, adx, fma, vzeroupper, clflush, clflushopt

Memory: 4k page, system-wide physical 8001M (1030M free)
TotalPageFile size 8001M (AvailPageFile size 4M)
current process WorkingSet (physical memory assigned to process): 50M, peak: 50M
current process commit charge ("private bytes"): 188M, peak: 189M

vm_info: OpenJDK 64-Bit Server VM (17.0.6+10) for windows-amd64 JRE (17.0.6+10), built on Jan 18 2023 10:08:59 by "temurin" with MS VC++ 16.7 (VS2019)

END.
