#
# There is insufficient memory for the Java Runtime Environment to continue.
# Native memory allocation (mmap) failed to map 65536 bytes for Failed to commit metaspace.
# Possible reasons:
#   The system is out of physical RAM or swap space
#   The process is running with CompressedOops enabled, and the Java Heap may be blocking the growth of the native heap
# Possible solutions:
#   Reduce memory load on the system
#   Increase physical memory or swap space
#   Check if swap backing store is full
#   Decrease Java heap size (-Xmx/-Xms)
#   Decrease number of Java threads
#   Decrease Java thread stack sizes (-Xss)
#   Set larger code cache with -XX:ReservedCodeCacheSize=
#   JVM is running with Unscaled Compressed Oops mode in which the Java heap is
#     placed in the first 4GB address space. The Java Heap base address is the
#     maximum limit for the native heap growth. Please use -XX:HeapBaseMinAddress
#     to set the Java Heap base and to place the Java Heap above 4GB virtual address.
# This output file may be truncated or incomplete.
#
#  Out of Memory Error (virtualSpaceNode.cpp:110), pid=2956, tid=6232
#
# JRE version: OpenJDK Runtime Environment Temurin-17.0.6+10 (17.0.6+10) (build 17.0.6+10)
# Java VM: OpenJDK 64-Bit Server VM Temurin-17.0.6+10 (17.0.6+10, mixed mode, tiered, compressed oops, compressed class ptrs, parallel gc, windows-amd64)
# No core dump will be written. Minidumps are not enabled by default on client versions of Windows
#

---------------  S U M M A R Y ------------

Command Line: --add-modules=ALL-SYSTEM --add-opens=java.base/java.util=ALL-UNNAMED --add-opens=java.base/java.lang=ALL-UNNAMED --add-opens=java.base/sun.nio.fs=ALL-UNNAMED -Declipse.application=org.eclipse.jdt.ls.core.id1 -Dosgi.bundles.defaultStartLevel=4 -Declipse.product=org.eclipse.jdt.ls.core.product -Djava.import.generatesMetadataFilesAtProjectRoot=false -Dfile.encoding=utf8 -XX:+UseParallelGC -XX:GCTimeRatio=4 -XX:AdaptiveSizePolicyWeight=90 -Dsun.zip.disableMemoryMapping=true -Xmx1G -Xms100m -Xlog:disable -javaagent:c:\Users\daniely.campaner\.vscode\extensions\redhat.java-1.16.0-win32-x64\lombok\lombok-1.18.24.jar c:\Users\daniely.campaner\.vscode\extensions\redhat.java-1.16.0-win32-x64\server\plugins\org.eclipse.equinox.launcher_1.6.400.v20210924-0641.jar -configuration c:\Users\daniely.campaner\AppData\Roaming\Code\User\globalStorage\redhat.java\1.16.0\config_ss_win -data c:\Users\daniely.campaner\AppData\Roaming\Code\User\workspaceStorage\aafcf80c885c810d8cba38d79f474c28\redhat.java\ss_ws

Host: Intel(R) Core(TM) i5-9500 CPU @ 3.00GHz, 6 cores, 7G,  Windows 10 , 64 bit Build 19041 (10.0.19041.2546)
Time: Wed Mar 29 21:37:33 2023 Hora oficial do Brasil elapsed time: 0.842087 seconds (0d 0h 0m 0s)

---------------  T H R E A D  ---------------

Current thread (0x000001abe6789010):  JavaThread "Start Level: Equinox Container: ab99e931-e6fc-4f0f-8fdf-668fe713d082" daemon [_thread_in_vm, id=6232, stack(0x00000037d3d00000,0x00000037d3e00000)]

Stack: [0x00000037d3d00000,0x00000037d3e00000]
Native frames: (J=compiled Java code, j=interpreted, Vv=VM code, C=native code)
V  [jvm.dll+0x67741a]
V  [jvm.dll+0x834434]
V  [jvm.dll+0x835bde]
V  [jvm.dll+0x836243]
V  [jvm.dll+0x2457b5]
V  [jvm.dll+0x8304cb]
V  [jvm.dll+0x61bca6]
V  [jvm.dll+0x1c05fe]
V  [jvm.dll+0x61e5f1]
V  [jvm.dll+0x61c646]
V  [jvm.dll+0x239e4f]
V  [jvm.dll+0x626445]
V  [jvm.dll+0x1ea42b]
V  [jvm.dll+0x1ea965]
V  [jvm.dll+0x1eb39f]
V  [jvm.dll+0x1e0841]
V  [jvm.dll+0x53c6d0]
V  [jvm.dll+0x7af5e8]
V  [jvm.dll+0x7af6d4]
V  [jvm.dll+0x40bc05]
V  [jvm.dll+0x411d58]
C  [java.dll+0x17ec]

Java frames: (J=compiled Java code, j=interpreted, Vv=VM code)
J 1036  java.lang.ClassLoader.defineClass1(Ljava/lang/ClassLoader;Ljava/lang/String;[BIILjava/security/ProtectionDomain;Ljava/lang/String;)Ljava/lang/Class; java.base@17.0.6 (0 bytes) @ 0x000001abda7cb05b [0x000001abda7cafa0+0x00000000000000bb]
j  java.lang.ClassLoader.defineClass(Ljava/lang/String;[BIILjava/security/ProtectionDomain;)Ljava/lang/Class;+27 java.base@17.0.6
j  org.eclipse.osgi.internal.loader.ModuleClassLoader.defineClass(Ljava/lang/String;[BLorg/eclipse/osgi/internal/loader/classpath/ClasspathEntry;)Lorg/eclipse/osgi/internal/loader/ModuleClassLoader$DefineClassResult;+42
j  org.eclipse.osgi.internal.loader.classpath.ClasspathManager.defineClass(Ljava/lang/String;[BLorg/eclipse/osgi/internal/loader/classpath/ClasspathEntry;Lorg/eclipse/osgi/storage/bundlefile/BundleEntry;Ljava/util/List;)Ljava/lang/Class;+424
j  org.eclipse.osgi.internal.loader.classpath.ClasspathManager.findClassImpl(Ljava/lang/String;Lorg/eclipse/osgi/internal/loader/classpath/ClasspathEntry;Ljava/util/List;)Ljava/lang/Class;+269
j  org.eclipse.osgi.internal.loader.classpath.ClasspathManager.findLocalClassImpl(Ljava/lang/String;[Lorg/eclipse/osgi/internal/loader/classpath/ClasspathEntry;Ljava/util/List;)Ljava/lang/Class;+30
j  org.eclipse.osgi.internal.loader.classpath.ClasspathManager.findLocalClassImpl(Ljava/lang/String;Ljava/util/List;)Ljava/lang/Class;+69
j  org.eclipse.osgi.internal.loader.classpath.ClasspathManager.findLocalClass(Ljava/lang/String;)Ljava/lang/Class;+113
j  org.eclipse.osgi.internal.loader.ModuleClassLoader.findLocalClass(Ljava/lang/String;)Ljava/lang/Class;+5
j  org.eclipse.osgi.internal.loader.BundleLoader.findLocalClass(Ljava/lang/String;)Ljava/lang/Class;+57
J 1580 c1 org.eclipse.osgi.internal.loader.BundleLoader.findClass0(Ljava/lang/String;ZZ)Ljava/lang/Class; (466 bytes) @ 0x000001abd2f5e194 [0x000001abd2f5baa0+0x00000000000026f4]
J 1579 c1 org.eclipse.osgi.internal.loader.BundleLoader.findClass(Ljava/lang/String;)Ljava/lang/Class; (8 bytes) @ 0x000001abd2f5b19c [0x000001abd2f5b120+0x000000000000007c]
J 1581 c1 org.eclipse.osgi.internal.loader.ModuleClassLoader.loadClass(Ljava/lang/String;Z)Ljava/lang/Class; (36 bytes) @ 0x000001abd2f611bc [0x000001abd2f60fa0+0x000000000000021c]
J 777 c1 java.lang.ClassLoader.loadClass(Ljava/lang/String;)Ljava/lang/Class; java.base@17.0.6 (7 bytes) @ 0x000001abd2dcee3c [0x000001abd2dced40+0x00000000000000fc]
v  ~StubRoutines::call_stub
j  org.apache.felix.scr.impl.manager.SingleComponentManager.getServiceInternal(Lorg/osgi/framework/ServiceRegistration;)Z+9
j  org.apache.felix.scr.impl.manager.AbstractComponentManager.activateInternal()V+427
j  org.apache.felix.scr.impl.manager.AbstractComponentManager.enableInternal()V+174
j  org.apache.felix.scr.impl.manager.AbstractComponentManager.enable(Z)Lorg/osgi/util/promise/Promise;+12
j  org.apache.felix.scr.impl.manager.ConfigurableComponentHolder.enableComponents(Z)Lorg/osgi/util/promise/Promise;+275
j  org.apache.felix.scr.impl.BundleComponentActivator.initialEnable()V+105
j  org.apache.felix.scr.impl.Activator.loadComponents(Lorg/osgi/framework/Bundle;)V+380
j  org.apache.felix.scr.impl.Activator.access$200(Lorg/apache/felix/scr/impl/Activator;Lorg/osgi/framework/Bundle;)V+2
j  org.apache.felix.scr.impl.Activator$ScrExtension.start()V+72
j  org.apache.felix.scr.impl.AbstractExtender.createExtension(Lorg/osgi/framework/Bundle;)V+71
j  org.apache.felix.scr.impl.AbstractExtender.modifiedBundle(Lorg/osgi/framework/Bundle;Lorg/osgi/framework/BundleEvent;Lorg/osgi/framework/Bundle;)V+115
j  org.apache.felix.scr.impl.AbstractExtender.addingBundle(Lorg/osgi/framework/Bundle;Lorg/osgi/framework/BundleEvent;)Lorg/osgi/framework/Bundle;+4
j  org.apache.felix.scr.impl.AbstractExtender.addingBundle(Lorg/osgi/framework/Bundle;Lorg/osgi/framework/BundleEvent;)Ljava/lang/Object;+3
j  org.osgi.util.tracker.BundleTracker$Tracked.customizerAdding(Lorg/osgi/framework/Bundle;Lorg/osgi/framework/BundleEvent;)Ljava/lang/Object;+9
j  org.osgi.util.tracker.BundleTracker$Tracked.customizerAdding(Ljava/lang/Object;Ljava/lang/Object;)Ljava/lang/Object;+9
j  org.osgi.util.tracker.AbstractTracked.trackAdding(Ljava/lang/Object;Ljava/lang/Object;)V+8
j  org.osgi.util.tracker.AbstractTracked.track(Ljava/lang/Object;Ljava/lang/Object;)V+83
j  org.osgi.util.tracker.BundleTracker$Tracked.bundleChanged(Lorg/osgi/framework/BundleEvent;)V+35
j  org.eclipse.osgi.internal.framework.BundleContextImpl.dispatchEvent(Ljava/lang/Object;Ljava/lang/Object;ILjava/lang/Object;)V+159
j  org.eclipse.osgi.framework.eventmgr.EventManager.dispatchEvent(Ljava/util/Set;Lorg/eclipse/osgi/framework/eventmgr/EventDispatcher;ILjava/lang/Object;)V+48
j  org.eclipse.osgi.framework.eventmgr.ListenerQueue.dispatchEventSynchronous(ILjava/lang/Object;)V+67
j  org.eclipse.osgi.internal.framework.EquinoxEventPublisher.publishBundleEventPrivileged(Lorg/osgi/framework/BundleEvent;)V+547
j  org.eclipse.osgi.internal.framework.EquinoxEventPublisher.publishBundleEvent(Lorg/osgi/framework/BundleEvent;)V+8
j  org.eclipse.osgi.internal.framework.EquinoxEventPublisher.publishBundleEvent(ILorg/osgi/framework/Bundle;Lorg/osgi/framework/Bundle;)V+15
j  org.eclipse.osgi.internal.framework.EquinoxContainerAdaptor.publishModuleEvent(Lorg/eclipse/osgi/container/ModuleContainerAdaptor$ModuleEvent;Lorg/eclipse/osgi/container/Module;Lorg/eclipse/osgi/container/Module;)V+29
j  org.eclipse.osgi.container.Module.publishEvent(Lorg/eclipse/osgi/container/ModuleContainerAdaptor$ModuleEvent;)V+13
j  org.eclipse.osgi.container.Module.start([Lorg/eclipse/osgi/container/Module$StartOptions;)V+588
j  org.eclipse.osgi.container.ModuleContainer$ContainerStartLevel$2.run()V+71
j  org.eclipse.osgi.internal.framework.EquinoxContainerAdaptor$1$1.execute(Ljava/lang/Runnable;)V+1
j  org.eclipse.osgi.container.ModuleContainer$ContainerStartLevel.incStartLevel(ILjava/util/List;Z)V+192
j  org.eclipse.osgi.container.ModuleContainer$ContainerStartLevel.incStartLevel(ILjava/util/List;Ljava/util/List;Ljava/util/List;Ljava/util/List;)V+4
j  org.eclipse.osgi.container.ModuleContainer$ContainerStartLevel.doContainerStartLevel(Lorg/eclipse/osgi/container/Module;I[Lorg/osgi/framework/FrameworkListener;)V+349
j  org.eclipse.osgi.container.ModuleContainer$ContainerStartLevel.dispatchEvent(Lorg/eclipse/osgi/container/Module;[Lorg/osgi/framework/FrameworkListener;ILjava/lang/Integer;)V+32
j  org.eclipse.osgi.container.ModuleContainer$ContainerStartLevel.dispatchEvent(Ljava/lang/Object;Ljava/lang/Object;ILjava/lang/Object;)V+15
j  org.eclipse.osgi.framework.eventmgr.EventManager.dispatchEvent(Ljava/util/Set;Lorg/eclipse/osgi/framework/eventmgr/EventDispatcher;ILjava/lang/Object;)V+48
j  org.eclipse.osgi.framework.eventmgr.EventManager$EventThread.run()V+26
v  ~StubRoutines::call_stub

---------------  P R O C E S S  ---------------

Threads class SMR info:
_java_thread_list=0x000001abe69aef20, length=18, elements={
0x000001abd0011b10, 0x000001abe3e76740, 0x000001abe3e77370, 0x000001abe3e98280,
0x000001abe3e98b40, 0x000001abe3e99c90, 0x000001abe3e9bdf0, 0x000001abe5e8ac10,
0x000001abe5e8bd60, 0x000001abe5e8ce00, 0x000001abd00d2630, 0x000001abe6191c60,
0x000001abe62e0340, 0x000001abe6368c90, 0x000001abe7476070, 0x000001abe6789010,
0x000001abe74d9040, 0x000001abe74c2c30
}

Java Threads: ( => current thread )
  0x000001abd0011b10 JavaThread "main" [_thread_blocked, id=13096, stack(0x00000037d2600000,0x00000037d2700000)]
  0x000001abe3e76740 JavaThread "Reference Handler" daemon [_thread_blocked, id=6996, stack(0x00000037d2900000,0x00000037d2a00000)]
  0x000001abe3e77370 JavaThread "Finalizer" daemon [_thread_blocked, id=10548, stack(0x00000037d2a00000,0x00000037d2b00000)]
  0x000001abe3e98280 JavaThread "Signal Dispatcher" daemon [_thread_blocked, id=9088, stack(0x00000037d2b00000,0x00000037d2c00000)]
  0x000001abe3e98b40 JavaThread "Attach Listener" daemon [_thread_blocked, id=1612, stack(0x00000037d2c00000,0x00000037d2d00000)]
  0x000001abe3e99c90 JavaThread "Service Thread" daemon [_thread_blocked, id=13336, stack(0x00000037d2d00000,0x00000037d2e00000)]
  0x000001abe3e9bdf0 JavaThread "Monitor Deflation Thread" daemon [_thread_blocked, id=2908, stack(0x00000037d2e00000,0x00000037d2f00000)]
  0x000001abe5e8ac10 JavaThread "C2 CompilerThread0" daemon [_thread_blocked, id=8400, stack(0x00000037d2f00000,0x00000037d3000000)]
  0x000001abe5e8bd60 JavaThread "C1 CompilerThread0" daemon [_thread_blocked, id=6976, stack(0x00000037d3000000,0x00000037d3100000)]
  0x000001abe5e8ce00 JavaThread "Sweeper thread" daemon [_thread_blocked, id=1292, stack(0x00000037d3100000,0x00000037d3200000)]
  0x000001abd00d2630 JavaThread "Common-Cleaner" daemon [_thread_blocked, id=10412, stack(0x00000037d3200000,0x00000037d3300000)]
  0x000001abe6191c60 JavaThread "Notification Thread" daemon [_thread_blocked, id=12416, stack(0x00000037d3300000,0x00000037d3400000)]
  0x000001abe62e0340 JavaThread "C2 CompilerThread1" daemon [_thread_blocked, id=9864, stack(0x00000037d3500000,0x00000037d3600000)]
  0x000001abe6368c90 JavaThread "Active Thread: Equinox Container: ab99e931-e6fc-4f0f-8fdf-668fe713d082" [_thread_blocked, id=13664, stack(0x00000037d3b00000,0x00000037d3c00000)]
  0x000001abe7476070 JavaThread "Framework Event Dispatcher: Equinox Container: ab99e931-e6fc-4f0f-8fdf-668fe713d082" daemon [_thread_blocked, id=2100, stack(0x00000037d3c00000,0x00000037d3d00000)]
=>0x000001abe6789010 JavaThread "Start Level: Equinox Container: ab99e931-e6fc-4f0f-8fdf-668fe713d082" daemon [_thread_in_vm, id=6232, stack(0x00000037d3d00000,0x00000037d3e00000)]
  0x000001abe74d9040 JavaThread "SCR Component Actor" daemon [_thread_blocked, id=11676, stack(0x00000037d3e00000,0x00000037d3f00000)]
  0x000001abe74c2c30 JavaThread "SCR Component Registry" daemon [_thread_blocked, id=8532, stack(0x00000037d3f00000,0x00000037d4000000)]

Other Threads:
  0x000001abe3e605a0 VMThread "VM Thread" [stack: 0x00000037d2800000,0x00000037d2900000] [id=12208]
  0x000001abe6190dd0 WatcherThread [stack: 0x00000037d3400000,0x00000037d3500000] [id=6264]
  0x000001abd0028bd0 GCTaskThread "GC Thread#0" [stack: 0x00000037d2700000,0x00000037d2800000] [id=7076]
  0x000001abe67072d0 GCTaskThread "GC Thread#1" [stack: 0x00000037d3600000,0x00000037d3700000] [id=13984]
  0x000001abe7484270 GCTaskThread "GC Thread#2" [stack: 0x00000037d3700000,0x00000037d3800000] [id=14328]
  0x000001abe7484520 GCTaskThread "GC Thread#3" [stack: 0x00000037d3800000,0x00000037d3900000] [id=12644]
  0x000001abe6a63d60 GCTaskThread "GC Thread#4" [stack: 0x00000037d3900000,0x00000037d3a00000] [id=6616]
  0x000001abe6a64010 GCTaskThread "GC Thread#5" [stack: 0x00000037d3a00000,0x00000037d3b00000] [id=13652]

Threads with active compile tasks:

VM state: not at safepoint (normal execution)

VM Mutex/Monitor currently owned by a thread:  ([mutex/lock_event])
[0x000001abd000c680] Metaspace_lock - owner thread: 0x000001abe6789010

Heap address: 0x00000000c0000000, size: 1024 MB, Compressed Oops mode: 32-bit

CDS archive(s) not mapped
Compressed class space mapped at: 0x0000000100000000-0x0000000140000000, reserved size: 1073741824
Narrow klass base: 0x0000000000000000, Narrow klass shift: 3, Narrow klass range: 0x140000000

GC Precious Log:
 CPUs: 6 total, 6 available
 Memory: 8001M
 Large Page Support: Disabled
 NUMA Support: Disabled
 Compressed Oops: Enabled (32-bit)
 Alignments: Space 512K, Generation 512K, Heap 2M
 Heap Min Capacity: 100M
 Heap Initial Capacity: 100M
 Heap Max Capacity: 1G
 Pre-touch: Disabled
 Parallel Workers: 6

Heap:
 PSYoungGen      total 29696K, used 7097K [0x00000000eab00000, 0x00000000ecc00000, 0x0000000100000000)
  eden space 25600K, 11% used [0x00000000eab00000,0x00000000eadf4208,0x00000000ec400000)
  from space 4096K, 99% used [0x00000000ec800000,0x00000000ecbfa418,0x00000000ecc00000)
  to   space 4096K, 0% used [0x00000000ec400000,0x00000000ec400000,0x00000000ec800000)
 ParOldGen       total 68608K, used 850K [0x00000000c0000000, 0x00000000c4300000, 0x00000000eab00000)
  object space 68608K, 1% used [0x00000000c0000000,0x00000000c00d4850,0x00000000c4300000)
 Metaspace       used 15869K, committed 16064K, reserved 1064960K
  class space    used 1615K, committed 1728K, reserved 1048576K

Card table byte_map: [0x000001abcf9c0000,0x000001abcfbd0000] _byte_map_base: 0x000001abcf3c0000

Marking Bits: (ParMarkBitMap*) 0x00007ffbd94d3e70
 Begin Bits: [0x000001abe1ca0000, 0x000001abe2ca0000)
 End Bits:   [0x000001abe2ca0000, 0x000001abe3ca0000)

Polling page: 0x000001abcdda0000

Metaspace:

Usage:
  Non-class:     13.92 MB used.
      Class:      1.58 MB used.
       Both:     15.50 MB used.

Virtual space:
  Non-class space:       16.00 MB reserved,      14.00 MB ( 88%) committed,  2 nodes.
      Class space:        1.00 GB reserved,       1.69 MB ( <1%) committed,  1 nodes.
             Both:        1.02 GB reserved,      15.69 MB (  2%) committed. 

Chunk freelists:
   Non-Class:  1.86 MB
       Class:  2.32 MB
        Both:  4.18 MB

MaxMetaspaceSize: unlimited
CompressedClassSpaceSize: 1.00 GB
Initial GC threshold: 21.00 MB
Current GC threshold: 21.00 MB
CDS: off
MetaspaceReclaimPolicy: balanced
 - commit_granule_bytes: 65536.
 - commit_granule_words: 8192.
 - virtual_space_node_default_size: 1048576.
 - enlarge_chunks_in_place: 1.
 - new_chunks_are_fully_committed: 0.
 - uncommit_free_chunks: 1.
 - use_allocation_guard: 0.
 - handle_deallocations: 1.


Internal statistics:

num_allocs_failed_limit: 0.
num_arena_births: 90.
num_arena_deaths: 0.
num_vsnodes_births: 3.
num_vsnodes_deaths: 0.
num_space_committed: 251.
num_space_uncommitted: 0.
num_chunks_returned_to_freelist: 0.
num_chunks_taken_from_freelist: 318.
num_chunk_merges: 0.
num_chunk_splits: 215.
num_chunks_enlarged: 166.
num_purges: 0.
num_inconsistent_stats: 0.

CodeHeap 'non-profiled nmethods': size=120000Kb used=603Kb max_used=603Kb free=119396Kb
 bounds [0x000001abda770000, 0x000001abda9e0000, 0x000001abe1ca0000]
CodeHeap 'profiled nmethods': size=120000Kb used=2867Kb max_used=2867Kb free=117132Kb
 bounds [0x000001abd2ca0000, 0x000001abd2f70000, 0x000001abda1d0000]
CodeHeap 'non-nmethods': size=5760Kb used=1162Kb max_used=1195Kb free=4597Kb
 bounds [0x000001abda1d0000, 0x000001abda440000, 0x000001abda770000]
 total_blobs=2062 nmethods=1603 adapters=373
 compilation: enabled
              stopped_count=0, restarted_count=0
 full_count=0

Compilation events (20 events):
Event: 0.838 Thread 0x000001abe5e8bd60 1598       3       org.eclipse.osgi.storage.bundlefile.MRUBundleFileList::incUseStamp (57 bytes)
Event: 0.838 Thread 0x000001abe5e8bd60 nmethod 1598 0x000001abd2f6bc10 code [0x000001abd2f6bdc0, 0x000001abd2f6c058]
Event: 0.838 Thread 0x000001abe5e8bd60 1599       1       org.eclipse.osgi.internal.hookregistry.HookRegistry::getContainer (5 bytes)
Event: 0.838 Thread 0x000001abe5e8bd60 nmethod 1599 0x000001abda805490 code [0x000001abda805620, 0x000001abda8056f8]
Event: 0.838 Thread 0x000001abe5e8bd60 1600       1       org.eclipse.osgi.internal.hooks.DevClassLoadingHook::isProcessClassRecursionSupported (2 bytes)
Event: 0.838 Thread 0x000001abe5e8bd60 nmethod 1600 0x000001abda805790 code [0x000001abda805920, 0x000001abda8059f8]
Event: 0.838 Thread 0x000001abe5e8bd60 1601       1       org.eclipse.osgi.internal.hooks.EclipseLazyStarter::isProcessClassRecursionSupported (2 bytes)
Event: 0.838 Thread 0x000001abe5e8bd60 nmethod 1601 0x000001abda805a90 code [0x000001abda805c20, 0x000001abda805cf8]
Event: 0.838 Thread 0x000001abe5e8bd60 1602       1       org.eclipse.osgi.internal.weaving.WeavingHookConfigurator::isProcessClassRecursionSupported (2 bytes)
Event: 0.838 Thread 0x000001abe5e8bd60 nmethod 1602 0x000001abda805d90 code [0x000001abda805f20, 0x000001abda805ff8]
Event: 0.838 Thread 0x000001abe5e8bd60 1603       1       org.eclipse.osgi.internal.framework.EquinoxContainer::isProcessClassRecursionSupportedByAll (5 bytes)
Event: 0.838 Thread 0x000001abe5e8bd60 nmethod 1603 0x000001abda806090 code [0x000001abda806220, 0x000001abda8062f8]
Event: 0.838 Thread 0x000001abe5e8bd60 1604       1       org.eclipse.osgi.internal.weaving.WovenClassImpl::setState (6 bytes)
Event: 0.838 Thread 0x000001abe5e8bd60 nmethod 1604 0x000001abda806390 code [0x000001abda806520, 0x000001abda8065f8]
Event: 0.838 Thread 0x000001abe5e8bd60 1605       1       org.eclipse.osgi.internal.loader.classpath.ClasspathEntry::getDomain (5 bytes)
Event: 0.839 Thread 0x000001abe5e8bd60 nmethod 1605 0x000001abda806690 code [0x000001abda806820, 0x000001abda8068f8]
Event: 0.839 Thread 0x000001abe5e8bd60 1606       1       java.util.concurrent.atomic.AtomicReference::get (5 bytes)
Event: 0.839 Thread 0x000001abe5e8bd60 nmethod 1606 0x000001abda806990 code [0x000001abda806b20, 0x000001abda806bf8]
Event: 0.839 Thread 0x000001abe5e8bd60 1607       3       org.eclipse.osgi.internal.serviceregistry.ServiceRegistry::notifyHooksPrivileged (58 bytes)
Event: 0.839 Thread 0x000001abe5e8bd60 nmethod 1607 0x000001abd2f6c190 code [0x000001abd2f6c3a0, 0x000001abd2f6ca18]

GC Heap History (4 events):
Event: 0.485 GC heap before
{Heap before GC invocations=1 (full 0):
 PSYoungGen      total 29696K, used 25600K [0x00000000eab00000, 0x00000000ecc00000, 0x0000000100000000)
  eden space 25600K, 100% used [0x00000000eab00000,0x00000000ec400000,0x00000000ec400000)
  from space 4096K, 0% used [0x00000000ec800000,0x00000000ec800000,0x00000000ecc00000)
  to   space 4096K, 0% used [0x00000000ec400000,0x00000000ec400000,0x00000000ec800000)
 ParOldGen       total 68608K, used 0K [0x00000000c0000000, 0x00000000c4300000, 0x00000000eab00000)
  object space 68608K, 0% used [0x00000000c0000000,0x00000000c0000000,0x00000000c4300000)
 Metaspace       used 11103K, committed 11264K, reserved 1064960K
  class space    used 1106K, committed 1216K, reserved 1048576K
}
Event: 0.489 GC heap after
{Heap after GC invocations=1 (full 0):
 PSYoungGen      total 29696K, used 3217K [0x00000000eab00000, 0x00000000ecc00000, 0x0000000100000000)
  eden space 25600K, 0% used [0x00000000eab00000,0x00000000eab00000,0x00000000ec400000)
  from space 4096K, 78% used [0x00000000ec400000,0x00000000ec724680,0x00000000ec800000)
  to   space 4096K, 0% used [0x00000000ec800000,0x00000000ec800000,0x00000000ecc00000)
 ParOldGen       total 68608K, used 16K [0x00000000c0000000, 0x00000000c4300000, 0x00000000eab00000)
  object space 68608K, 0% used [0x00000000c0000000,0x00000000c0004000,0x00000000c4300000)
 Metaspace       used 11103K, committed 11264K, reserved 1064960K
  class space    used 1106K, committed 1216K, reserved 1048576K
}
Event: 0.813 GC heap before
{Heap before GC invocations=2 (full 0):
 PSYoungGen      total 29696K, used 28817K [0x00000000eab00000, 0x00000000ecc00000, 0x0000000100000000)
  eden space 25600K, 100% used [0x00000000eab00000,0x00000000ec400000,0x00000000ec400000)
  from space 4096K, 78% used [0x00000000ec400000,0x00000000ec724680,0x00000000ec800000)
  to   space 4096K, 0% used [0x00000000ec800000,0x00000000ec800000,0x00000000ecc00000)
 ParOldGen       total 68608K, used 16K [0x00000000c0000000, 0x00000000c4300000, 0x00000000eab00000)
  object space 68608K, 0% used [0x00000000c0000000,0x00000000c0004000,0x00000000c4300000)
 Metaspace       used 15339K, committed 15616K, reserved 1064960K
  class space    used 1566K, committed 1728K, reserved 1048576K
}
Event: 0.816 GC heap after
{Heap after GC invocations=2 (full 0):
 PSYoungGen      total 29696K, used 4073K [0x00000000eab00000, 0x00000000ecc00000, 0x0000000100000000)
  eden space 25600K, 0% used [0x00000000eab00000,0x00000000eab00000,0x00000000ec400000)
  from space 4096K, 99% used [0x00000000ec800000,0x00000000ecbfa418,0x00000000ecc00000)
  to   space 4096K, 0% used [0x00000000ec400000,0x00000000ec400000,0x00000000ec800000)
 ParOldGen       total 68608K, used 850K [0x00000000c0000000, 0x00000000c4300000, 0x00000000eab00000)
  object space 68608K, 1% used [0x00000000c0000000,0x00000000c00d4850,0x00000000c4300000)
 Metaspace       used 15339K, committed 15616K, reserved 1064960K
  class space    used 1566K, committed 1728K, reserved 1048576K
}

Dll operation events (9 events):
Event: 0.010 Loaded shared library c:\Users\daniely.campaner\.vscode\extensions\redhat.java-1.16.0-win32-x64\jre\17.0.6-win32-x86_64\bin\java.dll
Event: 0.095 Loaded shared library c:\Users\daniely.campaner\.vscode\extensions\redhat.java-1.16.0-win32-x64\jre\17.0.6-win32-x86_64\bin\zip.dll
Event: 0.098 Loaded shared library C:\Users\daniely.campaner\.vscode\extensions\redhat.java-1.16.0-win32-x64\jre\17.0.6-win32-x86_64\bin\instrument.dll
Event: 0.108 Loaded shared library C:\Users\daniely.campaner\.vscode\extensions\redhat.java-1.16.0-win32-x64\jre\17.0.6-win32-x86_64\bin\net.dll
Event: 0.111 Loaded shared library C:\Users\daniely.campaner\.vscode\extensions\redhat.java-1.16.0-win32-x64\jre\17.0.6-win32-x86_64\bin\nio.dll
Event: 0.115 Loaded shared library C:\Users\daniely.campaner\.vscode\extensions\redhat.java-1.16.0-win32-x64\jre\17.0.6-win32-x86_64\bin\zip.dll
Event: 0.124 Loaded shared library C:\Users\daniely.campaner\.vscode\extensions\redhat.java-1.16.0-win32-x64\jre\17.0.6-win32-x86_64\bin\jimage.dll
Event: 0.158 Loaded shared library c:\Users\daniely.campaner\.vscode\extensions\redhat.java-1.16.0-win32-x64\jre\17.0.6-win32-x86_64\bin\verify.dll
Event: 0.755 Loaded shared library C:\Users\daniely.campaner\AppData\Roaming\Code\User\globalStorage\redhat.java\1.16.0\config_ss_win\org.eclipse.equinox.launcher\org.eclipse.equinox.launcher.win32.win32.x86_64_1.2.700.v20221108-1024\eclipse_11801.dll

Deoptimization events (20 events):
Event: 0.612 Thread 0x000001abd0011b10 Uncommon trap: trap_request=0xffffff45 fr.pc=0x000001abda7a77fc relative=0x00000000000002bc
Event: 0.612 Thread 0x000001abd0011b10 Uncommon trap: reason=unstable_if action=reinterpret pc=0x000001abda7a77fc method=java.lang.invoke.VarHandle.checkExactAccessMode(Ljava/lang/invoke/VarHandle$AccessDescriptor;)V @ 4 c2
Event: 0.612 Thread 0x000001abd0011b10 DEOPT PACKING pc=0x000001abda7a77fc sp=0x00000037d26fde80
Event: 0.612 Thread 0x000001abd0011b10 DEOPT UNPACKING pc=0x000001abda2266a3 sp=0x00000037d26fde50 mode 2
Event: 0.649 Thread 0x000001abd0011b10 Uncommon trap: trap_request=0xffffffde fr.pc=0x000001abda7b3e10 relative=0x00000000000009d0
Event: 0.649 Thread 0x000001abd0011b10 Uncommon trap: reason=class_check action=maybe_recompile pc=0x000001abda7b3e10 method=java.util.HashMap.putVal(ILjava/lang/Object;Ljava/lang/Object;ZZ)Ljava/lang/Object; @ 253 c2
Event: 0.649 Thread 0x000001abd0011b10 DEOPT PACKING pc=0x000001abda7b3e10 sp=0x00000037d26fd910
Event: 0.649 Thread 0x000001abd0011b10 DEOPT UNPACKING pc=0x000001abda2266a3 sp=0x00000037d26fd890 mode 2
Event: 0.651 Thread 0x000001abd0011b10 Uncommon trap: trap_request=0xffffffde fr.pc=0x000001abda7b3e10 relative=0x00000000000009d0
Event: 0.651 Thread 0x000001abd0011b10 Uncommon trap: reason=class_check action=maybe_recompile pc=0x000001abda7b3e10 method=java.util.HashMap.putVal(ILjava/lang/Object;Ljava/lang/Object;ZZ)Ljava/lang/Object; @ 253 c2
Event: 0.651 Thread 0x000001abd0011b10 DEOPT PACKING pc=0x000001abda7b3e10 sp=0x00000037d26fd910
Event: 0.651 Thread 0x000001abd0011b10 DEOPT UNPACKING pc=0x000001abda2266a3 sp=0x00000037d26fd890 mode 2
Event: 0.651 Thread 0x000001abd0011b10 Uncommon trap: trap_request=0xffffffde fr.pc=0x000001abda7b3e10 relative=0x00000000000009d0
Event: 0.651 Thread 0x000001abd0011b10 Uncommon trap: reason=class_check action=maybe_recompile pc=0x000001abda7b3e10 method=java.util.HashMap.putVal(ILjava/lang/Object;Ljava/lang/Object;ZZ)Ljava/lang/Object; @ 253 c2
Event: 0.651 Thread 0x000001abd0011b10 DEOPT PACKING pc=0x000001abda7b3e10 sp=0x00000037d26fd810
Event: 0.651 Thread 0x000001abd0011b10 DEOPT UNPACKING pc=0x000001abda2266a3 sp=0x00000037d26fd790 mode 2
Event: 0.652 Thread 0x000001abd0011b10 Uncommon trap: trap_request=0xffffffde fr.pc=0x000001abda7b3e10 relative=0x00000000000009d0
Event: 0.652 Thread 0x000001abd0011b10 Uncommon trap: reason=class_check action=maybe_recompile pc=0x000001abda7b3e10 method=java.util.HashMap.putVal(ILjava/lang/Object;Ljava/lang/Object;ZZ)Ljava/lang/Object; @ 253 c2
Event: 0.652 Thread 0x000001abd0011b10 DEOPT PACKING pc=0x000001abda7b3e10 sp=0x00000037d26fd890
Event: 0.652 Thread 0x000001abd0011b10 DEOPT UNPACKING pc=0x000001abda2266a3 sp=0x00000037d26fd810 mode 2

Classes unloaded (0 events):
No events

Classes redefined (0 events):
No events

Internal exceptions (20 events):
Event: 0.311 Thread 0x000001abd0011b10 Implicit null exception at 0x000001abda790ef2 to 0x000001abda791438
Event: 0.313 Thread 0x000001abd0011b10 Exception <a 'java/io/FileNotFoundException'{0x00000000eb7dfa40}> (0x00000000eb7dfa40) 
thrown [s\src\hotspot\share\prims\jni.cpp, line 516]
Event: 0.407 Thread 0x000001abd0011b10 Exception <a 'java/lang/ClassNotFoundException'{0x00000000ebfd5b58}: sun/net/www/protocol/c/Handler> (0x00000000ebfd5b58) 
thrown [s\src\hotspot\share\classfile\systemDictionary.cpp, line 256]
Event: 0.407 Thread 0x000001abd0011b10 Exception <a 'java/lang/ClassNotFoundException'{0x00000000ebfd6f38}: sun/net/www/protocol/c/Handler> (0x00000000ebfd6f38) 
thrown [s\src\hotspot\share\classfile\systemDictionary.cpp, line 256]
Event: 0.407 Thread 0x000001abd0011b10 Exception <a 'java/lang/ClassNotFoundException'{0x00000000ebfd8180}: sun/net/www/protocol/c/Handler> (0x00000000ebfd8180) 
thrown [s\src\hotspot\share\classfile\systemDictionary.cpp, line 256]
Event: 0.414 Thread 0x000001abd0011b10 Exception <a 'java/io/FileNotFoundException'{0x00000000ebff75c0}> (0x00000000ebff75c0) 
thrown [s\src\hotspot\share\prims\jni.cpp, line 516]
Event: 0.432 Thread 0x000001abd0011b10 Implicit null exception at 0x000001abda7b5be0 to 0x000001abda7b5c7a
Event: 0.432 Thread 0x000001abd0011b10 Implicit null exception at 0x000001abda7acc71 to 0x000001abda7ace60
Event: 0.432 Thread 0x000001abd0011b10 Implicit null exception at 0x000001abda7adf71 to 0x000001abda7ae174
Event: 0.432 Thread 0x000001abd0011b10 Implicit null exception at 0x000001abda7a898f to 0x000001abda7a8a09
Event: 0.458 Thread 0x000001abd0011b10 Exception <a 'java/lang/NoSuchMethodError'{0x00000000ec2c7e90}: 'int java.lang.invoke.DirectMethodHandle$Holder.invokeStaticInit(java.lang.Object, java.lang.Object, java.lang.Object, java.lang.Object)'> (0x00000000ec2c7e90) 
thrown [s\src\hotspot\share\interpreter\linkResolver.cpp, line 759]
Event: 0.459 Thread 0x000001abd0011b10 Exception <a 'java/lang/NoSuchMethodError'{0x00000000ec2d2500}: 'java.lang.Object java.lang.invoke.DirectMethodHandle$Holder.invokeInterface(java.lang.Object, java.lang.Object)'> (0x00000000ec2d2500) 
thrown [s\src\hotspot\share\interpreter\linkResolver.cpp, line 759]
Event: 0.459 Thread 0x000001abd0011b10 Exception <a 'java/lang/IncompatibleClassChangeError'{0x00000000ec2d5cf8}: Found class java.lang.Object, but interface was expected> (0x00000000ec2d5cf8) 
thrown [s\src\hotspot\share\interpreter\linkResolver.cpp, line 826]
Event: 0.460 Thread 0x000001abd0011b10 Exception <a 'java/lang/NoSuchMethodError'{0x00000000ec2da1f0}: 'void java.lang.invoke.DirectMethodHandle$Holder.invokeStatic(java.lang.Object, java.lang.Object)'> (0x00000000ec2da1f0) 
thrown [s\src\hotspot\share\interpreter\linkResolver.cpp, line 759]
Event: 0.460 Thread 0x000001abd0011b10 Exception <a 'java/lang/NoSuchMethodError'{0x00000000ec2dd9f0}: 'void java.lang.invoke.DirectMethodHandle$Holder.invokeStaticInit(java.lang.Object, java.lang.Object)'> (0x00000000ec2dd9f0) 
thrown [s\src\hotspot\share\interpreter\linkResolver.cpp, line 759]
Event: 0.461 Thread 0x000001abd0011b10 Exception <a 'java/lang/NoSuchMethodError'{0x00000000ec2e6128}: 'int java.lang.invoke.DirectMethodHandle$Holder.invokeStaticInit(java.lang.Object, java.lang.Object)'> (0x00000000ec2e6128) 
thrown [s\src\hotspot\share\interpreter\linkResolver.cpp, line 759]
Event: 0.490 Thread 0x000001abd0011b10 Exception <a 'java/lang/NoSuchMethodError'{0x00000000eab0c250}: 'void java.lang.invoke.DirectMethodHandle$Holder.invokeSpecial(java.lang.Object, java.lang.Object, java.lang.Object)'> (0x00000000eab0c250) 
thrown [s\src\hotspot\share\interpreter\linkResolver.cpp, line 759]
Event: 0.640 Thread 0x000001abd0011b10 Exception <a 'java/lang/NoSuchMethodError'{0x00000000eb715f28}: 'java.lang.Object java.lang.invoke.DirectMethodHandle$Holder.newInvokeSpecial(java.lang.Object, int, java.lang.Object)'> (0x00000000eb715f28) 
thrown [s\src\hotspot\share\interpreter\linkResolver.cpp, line 759]
Event: 0.742 Thread 0x000001abd0011b10 Exception <a 'java/lang/UnsatisfiedLinkError'{0x00000000ebc4f4c0}: 'void org.eclipse.equinox.launcher.JNIBridge._update_splash()'> (0x00000000ebc4f4c0) 
thrown [s\src\hotspot\share\prims\nativeLookup.cpp, line 543]
Event: 0.768 Thread 0x000001abe6789010 Exception <a 'java/lang/NoSuchMethodError'{0x00000000ebf257c0}: 'java.lang.Object java.lang.invoke.DirectMethodHandle$Holder.invokeStaticInit(java.lang.Object)'> (0x00000000ebf257c0) 
thrown [s\src\hotspot\share\interpreter\linkResolver.cpp, line 759]

VM Operations (20 events):
Event: 0.292 Executing VM operation: HandshakeAllThreads
Event: 0.292 Executing VM operation: HandshakeAllThreads done
Event: 0.302 Executing VM operation: HandshakeAllThreads
Event: 0.302 Executing VM operation: HandshakeAllThreads done
Event: 0.434 Executing VM operation: ICBufferFull
Event: 0.434 Executing VM operation: ICBufferFull done
Event: 0.485 Executing VM operation: ParallelGCFailedAllocation
Event: 0.489 Executing VM operation: ParallelGCFailedAllocation done
Event: 0.626 Executing VM operation: HandshakeAllThreads
Event: 0.626 Executing VM operation: HandshakeAllThreads done
Event: 0.626 Executing VM operation: HandshakeAllThreads
Event: 0.626 Executing VM operation: HandshakeAllThreads done
Event: 0.629 Executing VM operation: HandshakeAllThreads
Event: 0.629 Executing VM operation: HandshakeAllThreads done
Event: 0.637 Executing VM operation: HandshakeAllThreads
Event: 0.637 Executing VM operation: HandshakeAllThreads done
Event: 0.777 Executing VM operation: HandshakeAllThreads
Event: 0.777 Executing VM operation: HandshakeAllThreads done
Event: 0.813 Executing VM operation: ParallelGCFailedAllocation
Event: 0.816 Executing VM operation: ParallelGCFailedAllocation done

Events (20 events):
Event: 0.820 loading class java/io/CharConversionException
Event: 0.820 loading class java/io/CharConversionException done
Event: 0.820 loading class com/sun/org/apache/xerces/internal/impl/io/MalformedByteSequenceException done
Event: 0.826 loading class java/util/concurrent/RejectedExecutionException
Event: 0.826 loading class java/util/concurrent/RejectedExecutionException done
Event: 0.826 loading class java/util/concurrent/CompletionStage
Event: 0.826 loading class java/util/concurrent/CompletionStage done
Event: 0.827 loading class java/util/Timer
Event: 0.827 loading class java/util/Timer done
Event: 0.827 loading class java/util/TaskQueue
Event: 0.827 loading class java/util/TaskQueue done
Event: 0.827 loading class java/util/TimerThread
Event: 0.827 loading class java/util/TimerThread done
Event: 0.828 loading class java/util/Timer$ThreadReaper
Event: 0.828 loading class java/util/Timer$ThreadReaper done
Event: 0.828 Thread 0x000001abe74c2c30 Thread added: 0x000001abe74c2c30
Event: 0.834 loading class java/util/concurrent/locks/ReentrantLock$FairSync
Event: 0.834 loading class java/util/concurrent/locks/ReentrantLock$FairSync done
Event: 0.835 loading class java/util/Collections$ReverseComparator
Event: 0.836 loading class java/util/Collections$ReverseComparator done


Dynamic libraries:
0x00007ff6cb4a0000 - 0x00007ff6cb4ae000 	c:\Users\daniely.campaner\.vscode\extensions\redhat.java-1.16.0-win32-x64\jre\17.0.6-win32-x86_64\bin\java.exe
0x00007ffc113f0000 - 0x00007ffc115e8000 	C:\Windows\SYSTEM32\ntdll.dll
0x00007ffc10830000 - 0x00007ffc108ef000 	C:\Windows\System32\KERNEL32.dll
0x00007ffc0e7f0000 - 0x00007ffc0e8f1000 	C:\Windows\system32\hmpalert.dll
0x00007ffc0efc0000 - 0x00007ffc0f292000 	C:\Windows\System32\KERNELBASE.dll
0x00007ffc0f340000 - 0x00007ffc0f440000 	C:\Windows\System32\ucrtbase.dll
0x00007ffc07660000 - 0x00007ffc07677000 	c:\Users\daniely.campaner\.vscode\extensions\redhat.java-1.16.0-win32-x64\jre\17.0.6-win32-x86_64\bin\jli.dll
0x00007ffc0fd60000 - 0x00007ffc0ff01000 	C:\Windows\System32\USER32.dll
0x00007ffc0ee80000 - 0x00007ffc0eea2000 	C:\Windows\System32\win32u.dll
0x00007ffc0f440000 - 0x00007ffc0f46b000 	C:\Windows\System32\GDI32.dll
0x00007ffc0eeb0000 - 0x00007ffc0efbf000 	C:\Windows\System32\gdi32full.dll
0x00007ffc0f2a0000 - 0x00007ffc0f33d000 	C:\Windows\System32\msvcp_win.dll
0x00007ffc063f0000 - 0x00007ffc06409000 	c:\Users\daniely.campaner\.vscode\extensions\redhat.java-1.16.0-win32-x64\jre\17.0.6-win32-x86_64\bin\VCRUNTIME140.dll
0x00007ffbf81d0000 - 0x00007ffbf846a000 	C:\Windows\WinSxS\amd64_microsoft.windows.common-controls_6595b64144ccf1df_6.0.19041.1110_none_60b5254171f9507e\COMCTL32.dll
0x00007ffc103b0000 - 0x00007ffc1044e000 	C:\Windows\System32\msvcrt.dll
0x00007ffc10270000 - 0x00007ffc102a0000 	C:\Windows\System32\IMM32.DLL
0x00007ffc0c070000 - 0x00007ffc0c07c000 	c:\Users\daniely.campaner\.vscode\extensions\redhat.java-1.16.0-win32-x64\jre\17.0.6-win32-x86_64\bin\vcruntime140_1.dll
0x00007ffbf4aa0000 - 0x00007ffbf4b31000 	c:\Users\daniely.campaner\.vscode\extensions\redhat.java-1.16.0-win32-x64\jre\17.0.6-win32-x86_64\bin\msvcp140.dll
0x00007ffbd8950000 - 0x00007ffbd9597000 	c:\Users\daniely.campaner\.vscode\extensions\redhat.java-1.16.0-win32-x64\jre\17.0.6-win32-x86_64\bin\server\jvm.dll
0x00007ffc10450000 - 0x00007ffc104fe000 	C:\Windows\System32\ADVAPI32.dll
0x00007ffc10d70000 - 0x00007ffc10e0c000 	C:\Windows\System32\sechost.dll
0x00007ffc10580000 - 0x00007ffc106a4000 	C:\Windows\System32\RPCRT4.dll
0x00007ffc097b0000 - 0x00007ffc097b9000 	C:\Windows\SYSTEM32\WSOCK32.dll
0x00007ffc09dc0000 - 0x00007ffc09dca000 	C:\Windows\SYSTEM32\VERSION.dll
0x00007ffc10510000 - 0x00007ffc1057b000 	C:\Windows\System32\WS2_32.dll
0x00007ffbff5f0000 - 0x00007ffbff617000 	C:\Windows\SYSTEM32\WINMM.dll
0x00007ffc0c7b0000 - 0x00007ffc0c7c2000 	C:\Windows\SYSTEM32\kernel.appcore.dll
0x00007ffc093f0000 - 0x00007ffc093fa000 	c:\Users\daniely.campaner\.vscode\extensions\redhat.java-1.16.0-win32-x64\jre\17.0.6-win32-x86_64\bin\jimage.dll
0x00007ffbff720000 - 0x00007ffbff904000 	C:\Windows\SYSTEM32\DBGHELP.DLL
0x00007ffbfdf20000 - 0x00007ffbfdf55000 	C:\Windows\SYSTEM32\dbgcore.DLL
0x00007ffc0edf0000 - 0x00007ffc0ee72000 	C:\Windows\System32\bcryptPrimitives.dll
0x00007ffc08210000 - 0x00007ffc0821e000 	c:\Users\daniely.campaner\.vscode\extensions\redhat.java-1.16.0-win32-x64\jre\17.0.6-win32-x86_64\bin\instrument.dll
0x00007ffc063c0000 - 0x00007ffc063e5000 	c:\Users\daniely.campaner\.vscode\extensions\redhat.java-1.16.0-win32-x64\jre\17.0.6-win32-x86_64\bin\java.dll
0x00007ffc06260000 - 0x00007ffc06278000 	c:\Users\daniely.campaner\.vscode\extensions\redhat.java-1.16.0-win32-x64\jre\17.0.6-win32-x86_64\bin\zip.dll
0x00007ffc0f4d0000 - 0x00007ffc0fc15000 	C:\Windows\System32\SHELL32.dll
0x00007ffc0c9b0000 - 0x00007ffc0d142000 	C:\Windows\SYSTEM32\windows.storage.dll
0x00007ffc0ff10000 - 0x00007ffc10265000 	C:\Windows\System32\combase.dll
0x00007ffc0e3d0000 - 0x00007ffc0e400000 	C:\Windows\SYSTEM32\Wldp.dll
0x00007ffc0fc20000 - 0x00007ffc0fccd000 	C:\Windows\System32\SHCORE.dll
0x00007ffc107d0000 - 0x00007ffc10825000 	C:\Windows\System32\shlwapi.dll
0x00007ffc0ea30000 - 0x00007ffc0ea4f000 	C:\Windows\SYSTEM32\profapi.dll
0x00007ffc01550000 - 0x00007ffc01569000 	C:\Users\daniely.campaner\.vscode\extensions\redhat.java-1.16.0-win32-x64\jre\17.0.6-win32-x86_64\bin\net.dll
0x00007ffc0d960000 - 0x00007ffc0da6a000 	C:\Windows\SYSTEM32\WINHTTP.dll
0x00007ffc0e0c0000 - 0x00007ffc0e12a000 	C:\Windows\system32\mswsock.dll
0x00007ffc012f0000 - 0x00007ffc01305000 	C:\Users\daniely.campaner\.vscode\extensions\redhat.java-1.16.0-win32-x64\jre\17.0.6-win32-x86_64\bin\nio.dll
0x00007ffc07a10000 - 0x00007ffc07a20000 	c:\Users\daniely.campaner\.vscode\extensions\redhat.java-1.16.0-win32-x64\jre\17.0.6-win32-x86_64\bin\verify.dll
0x00007ffbfce20000 - 0x00007ffbfce5e000 	C:\Users\daniely.campaner\AppData\Roaming\Code\User\globalStorage\redhat.java\1.16.0\config_ss_win\org.eclipse.equinox.launcher\org.eclipse.equinox.launcher.win32.win32.x86_64_1.2.700.v20221108-1024\eclipse_11801.dll
0x00007ffc10c40000 - 0x00007ffc10d6a000 	C:\Windows\System32\ole32.dll

dbghelp: loaded successfully - version: 4.0.5 - missing functions: none
symbol engine: initialized successfully - sym options: 0x614 - pdb path: .;c:\Users\daniely.campaner\.vscode\extensions\redhat.java-1.16.0-win32-x64\jre\17.0.6-win32-x86_64\bin;C:\Windows\SYSTEM32;C:\Windows\WinSxS\amd64_microsoft.windows.common-controls_6595b64144ccf1df_6.0.19041.1110_none_60b5254171f9507e;c:\Users\daniely.campaner\.vscode\extensions\redhat.java-1.16.0-win32-x64\jre\17.0.6-win32-x86_64\bin\server;C:\Users\daniely.campaner\AppData\Roaming\Code\User\globalStorage\redhat.java\1.16.0\config_ss_win\org.eclipse.equinox.launcher\org.eclipse.equinox.launcher.win32.win32.x86_64_1.2.700.v20221108-1024

VM Arguments:
jvm_args: --add-modules=ALL-SYSTEM --add-opens=java.base/java.util=ALL-UNNAMED --add-opens=java.base/java.lang=ALL-UNNAMED --add-opens=java.base/sun.nio.fs=ALL-UNNAMED -Declipse.application=org.eclipse.jdt.ls.core.id1 -Dosgi.bundles.defaultStartLevel=4 -Declipse.product=org.eclipse.jdt.ls.core.product -Djava.import.generatesMetadataFilesAtProjectRoot=false -Dfile.encoding=utf8 -XX:+UseParallelGC -XX:GCTimeRatio=4 -XX:AdaptiveSizePolicyWeight=90 -Dsun.zip.disableMemoryMapping=true -Xmx1G -Xms100m -Xlog:disable -javaagent:c:\Users\daniely.campaner\.vscode\extensions\redhat.java-1.16.0-win32-x64\lombok\lombok-1.18.24.jar 
java_command: c:\Users\daniely.campaner\.vscode\extensions\redhat.java-1.16.0-win32-x64\server\plugins\org.eclipse.equinox.launcher_1.6.400.v20210924-0641.jar -configuration c:\Users\daniely.campaner\AppData\Roaming\Code\User\globalStorage\redhat.java\1.16.0\config_ss_win -data c:\Users\daniely.campaner\AppData\Roaming\Code\User\workspaceStorage\aafcf80c885c810d8cba38d79f474c28\redhat.java\ss_ws
java_class_path (initial): c:\Users\daniely.campaner\.vscode\extensions\redhat.java-1.16.0-win32-x64\server\plugins\org.eclipse.equinox.launcher_1.6.400.v20210924-0641.jar
Launcher Type: SUN_STANDARD

[Global flags]
    uintx AdaptiveSizePolicyWeight                 = 90                                        {product} {command line}
     intx CICompilerCount                          = 3                                         {product} {ergonomic}
    uintx GCTimeRatio                              = 4                                         {product} {command line}
   size_t InitialHeapSize                          = 104857600                                 {product} {command line}
   size_t MaxHeapSize                              = 1073741824                                {product} {command line}
   size_t MaxNewSize                               = 357564416                                 {product} {ergonomic}
   size_t MinHeapDeltaBytes                        = 524288                                    {product} {ergonomic}
   size_t MinHeapSize                              = 104857600                                 {product} {command line}
   size_t NewSize                                  = 34603008                                  {product} {ergonomic}
    uintx NonNMethodCodeHeapSize                   = 5832780                                {pd product} {ergonomic}
    uintx NonProfiledCodeHeapSize                  = 122912730                              {pd product} {ergonomic}
   size_t OldSize                                  = 70254592                                  {product} {ergonomic}
    uintx ProfiledCodeHeapSize                     = 122912730                              {pd product} {ergonomic}
    uintx ReservedCodeCacheSize                    = 251658240                              {pd product} {ergonomic}
     bool SegmentedCodeCache                       = true                                      {product} {ergonomic}
   size_t SoftMaxHeapSize                          = 1073741824                             {manageable} {ergonomic}
     bool UseCompressedClassPointers               = true                           {product lp64_product} {ergonomic}
     bool UseCompressedOops                        = true                           {product lp64_product} {ergonomic}
     bool UseLargePagesIndividualAllocation        = false                                  {pd product} {ergonomic}
     bool UseParallelGC                            = true                                      {product} {command line}

Logging:
Log output configuration:
 #0: stdout all=off uptime,level,tags
 #1: stderr all=off uptime,level,tags

Environment Variables:
PATH=C:\Program Files (x86)\VMware\VMware Workstation\bin\;C:\Program Files\Common Files\Oracle\Java\javapath;C:\Program Files (x86)\Common Files\Oracle\Java\javapath;C:\Windows\system32;C:\Windows;C:\Windows\System32\Wbem;C:\Windows\System32\WindowsPowerShell\v1.0\;C:\Windows\System32\OpenSSH\;C:\Program Files\Git\cmd;C:\Program Files\nodejs\;C:\Program Files\Microsoft VS Code\bin;C:\Users\daniely.campaner\AppData\Local\Microsoft\WindowsApps;
USERNAME=daniely.campaner
OS=Windows_NT
PROCESSOR_IDENTIFIER=Intel64 Family 6 Model 158 Stepping 10, GenuineIntel
TMP=C:\Users\DANIEL~1.CAM\AppData\Local\Temp
TEMP=C:\Users\DANIEL~1.CAM\AppData\Local\Temp



---------------  S Y S T E M  ---------------

OS:
 Windows 10 , 64 bit Build 19041 (10.0.19041.2546)
OS uptime: 0 days 10:27 hours

CPU: total 6 (initial active 6) (6 cores per cpu, 1 threads per core) family 6 model 158 stepping 10 microcode 0xea, cx8, cmov, fxsr, mmx, 3dnowpref, sse, sse2, sse3, ssse3, sse4.1, sse4.2, popcnt, lzcnt, tsc, tscinvbit, avx, avx2, aes, erms, clmul, bmi1, bmi2, rtm, adx, fma, vzeroupper, clflush, clflushopt

Memory: 4k page, system-wide physical 8001M (1029M free)
TotalPageFile size 8001M (AvailPageFile size 3M)
current process WorkingSet (physical memory assigned to process): 91M, peak: 91M
current process commit charge ("private bytes"): 202M, peak: 202M

vm_info: OpenJDK 64-Bit Server VM (17.0.6+10) for windows-amd64 JRE (17.0.6+10), built on Jan 18 2023 10:08:59 by "temurin" with MS VC++ 16.7 (VS2019)

END.
