#
# There is insufficient memory for the Java Runtime Environment to continue.
# Native memory allocation (malloc) failed to allocate 320512 bytes for Chunk::new
# Possible reasons:
#   The system is out of physical RAM or swap space
#   The process is running with CompressedOops enabled, and the Java Heap may be blocking the growth of the native heap
# Possible solutions:
#   Reduce memory load on the system
#   Increase physical memory or swap space
#   Check if swap backing store is full
#   Decrease Java heap size (-Xmx/-Xms)
#   Decrease number of Java threads
#   Decrease Java thread stack sizes (-Xss)
#   Set larger code cache with -XX:ReservedCodeCacheSize=
#   JVM is running with Unscaled Compressed Oops mode in which the Java heap is
#     placed in the first 4GB address space. The Java Heap base address is the
#     maximum limit for the native heap growth. Please use -XX:HeapBaseMinAddress
#     to set the Java Heap base and to place the Java Heap above 4GB virtual address.
# This output file may be truncated or incomplete.
#
#  Out of Memory Error (arena.cpp:189), pid=8244, tid=10708
#
# JRE version: OpenJDK Runtime Environment Temurin-17.0.6+10 (17.0.6+10) (build 17.0.6+10)
# Java VM: OpenJDK 64-Bit Server VM Temurin-17.0.6+10 (17.0.6+10, mixed mode, tiered, compressed oops, compressed class ptrs, parallel gc, windows-amd64)
# No core dump will be written. Minidumps are not enabled by default on client versions of Windows
#

---------------  S U M M A R Y ------------

Command Line: --add-modules=ALL-SYSTEM --add-opens=java.base/java.util=ALL-UNNAMED --add-opens=java.base/java.lang=ALL-UNNAMED --add-opens=java.base/sun.nio.fs=ALL-UNNAMED -Declipse.application=org.eclipse.jdt.ls.core.id1 -Dosgi.bundles.defaultStartLevel=4 -Declipse.product=org.eclipse.jdt.ls.core.product -Djava.import.generatesMetadataFilesAtProjectRoot=false -Dfile.encoding=utf8 -XX:+UseParallelGC -XX:GCTimeRatio=4 -XX:AdaptiveSizePolicyWeight=90 -Dsun.zip.disableMemoryMapping=true -Xmx1G -Xms100m -Xlog:disable -javaagent:c:\Users\daniely.campaner\.vscode\extensions\redhat.java-1.16.0-win32-x64\lombok\lombok-1.18.24.jar c:\Users\daniely.campaner\.vscode\extensions\redhat.java-1.16.0-win32-x64\server\plugins\org.eclipse.equinox.launcher_1.6.400.v20210924-0641.jar -configuration c:\Users\daniely.campaner\AppData\Roaming\Code\User\globalStorage\redhat.java\1.16.0\config_ss_win -data c:\Users\daniely.campaner\AppData\Roaming\Code\User\workspaceStorage\aafcf80c885c810d8cba38d79f474c28\redhat.java\ss_ws

Host: Intel(R) Core(TM) i5-9500 CPU @ 3.00GHz, 6 cores, 7G,  Windows 10 , 64 bit Build 19041 (10.0.19041.2546)
Time: Wed Mar 29 21:37:36 2023 Hora oficial do Brasil elapsed time: 0.293932 seconds (0d 0h 0m 0s)

---------------  T H R E A D  ---------------

Current thread (0x000001d776916ea0):  JavaThread "C2 CompilerThread1" daemon [_thread_in_native, id=10708, stack(0x000000d3a4f00000,0x000000d3a5000000)]


Current CompileTask:
C2:    294  469       4       lombok.patcher.PatchScript::classMatches (41 bytes)

Stack: [0x000000d3a4f00000,0x000000d3a5000000]
Native frames: (J=compiled Java code, j=interpreted, Vv=VM code, C=native code)
V  [jvm.dll+0x67741a]
V  [jvm.dll+0x834434]
V  [jvm.dll+0x835bde]
V  [jvm.dll+0x836243]
V  [jvm.dll+0x2457b5]
V  [jvm.dll+0xabafc]
V  [jvm.dll+0xac0cc]
V  [jvm.dll+0x3634e7]
V  [jvm.dll+0x32dda1]
V  [jvm.dll+0x32d24a]
V  [jvm.dll+0x2185f1]
V  [jvm.dll+0x217a11]
V  [jvm.dll+0x1a3d0d]
V  [jvm.dll+0x22742a]
V  [jvm.dll+0x225565]
V  [jvm.dll+0x7ea2cb]
V  [jvm.dll+0x7e483a]
V  [jvm.dll+0x6762c5]
C  [ucrtbase.dll+0x21bb2]
C  [KERNEL32.dll+0x17614]
C  [ntdll.dll+0x526a1]


---------------  P R O C E S S  ---------------

Threads class SMR info:
_java_thread_list=0x000001d776a80a90, length=13, elements={
0x000001d76f932640, 0x000001d774797740, 0x000001d774798b10, 0x000001d7747ba280,
0x000001d7747bab40, 0x000001d7747bbba0, 0x000001d7747be010, 0x000001d77677bd10,
0x000001d77677cdb0, 0x000001d77677de50, 0x000001d76f9f0f10, 0x000001d776916ea0,
0x000001d776aa0c20
}

Java Threads: ( => current thread )
  0x000001d76f932640 JavaThread "main" [_thread_in_Java, id=8452, stack(0x000000d3a4200000,0x000000d3a4300000)]
  0x000001d774797740 JavaThread "Reference Handler" daemon [_thread_blocked, id=5392, stack(0x000000d3a4500000,0x000000d3a4600000)]
  0x000001d774798b10 JavaThread "Finalizer" daemon [_thread_blocked, id=6568, stack(0x000000d3a4600000,0x000000d3a4700000)]
  0x000001d7747ba280 JavaThread "Signal Dispatcher" daemon [_thread_blocked, id=11176, stack(0x000000d3a4700000,0x000000d3a4800000)]
  0x000001d7747bab40 JavaThread "Attach Listener" daemon [_thread_blocked, id=6008, stack(0x000000d3a4800000,0x000000d3a4900000)]
  0x000001d7747bbba0 JavaThread "Service Thread" daemon [_thread_blocked, id=4420, stack(0x000000d3a4900000,0x000000d3a4a00000)]
  0x000001d7747be010 JavaThread "Monitor Deflation Thread" daemon [_thread_blocked, id=12564, stack(0x000000d3a4a00000,0x000000d3a4b00000)]
  0x000001d77677bd10 JavaThread "C2 CompilerThread0" daemon [_thread_in_native, id=9976, stack(0x000000d3a4b00000,0x000000d3a4c00000)]
  0x000001d77677cdb0 JavaThread "C1 CompilerThread0" daemon [_thread_blocked, id=10492, stack(0x000000d3a4c00000,0x000000d3a4d00000)]
  0x000001d77677de50 JavaThread "Sweeper thread" daemon [_thread_blocked, id=14200, stack(0x000000d3a4d00000,0x000000d3a4e00000)]
  0x000001d76f9f0f10 JavaThread "Common-Cleaner" daemon [_thread_blocked, id=1792, stack(0x000000d3a4e00000,0x000000d3a4f00000)]
=>0x000001d776916ea0 JavaThread "C2 CompilerThread1" daemon [_thread_in_native, id=10708, stack(0x000000d3a4f00000,0x000000d3a5000000)]
  0x000001d776aa0c20 JavaThread "Notification Thread" daemon [_thread_blocked, id=9492, stack(0x000000d3a5000000,0x000000d3a5100000)]

Other Threads:
  0x000001d774781310 VMThread "VM Thread" [stack: 0x000000d3a4400000,0x000000d3a4500000] [id=11884]
  0x000001d776a96230 WatcherThread [stack: 0x000000d3a5100000,0x000000d3a5200000] [id=3180]
  0x000001d76f9473e0 GCTaskThread "GC Thread#0" [stack: 0x000000d3a4300000,0x000000d3a4400000] [id=12440]

Threads with active compile tasks:
C2 CompilerThread0      325  534       4       java.lang.invoke.VarHandleByteArrayAsInts$ArrayHandle::get (36 bytes)
C1 CompilerThread0      325  569   !   3       java.util.zip.Inflater::inflate (418 bytes)
C2 CompilerThread1      325  469       4       lombok.patcher.PatchScript::classMatches (41 bytes)

VM state: not at safepoint (normal execution)

VM Mutex/Monitor currently owned by a thread: None

Heap address: 0x00000000c0000000, size: 1024 MB, Compressed Oops mode: 32-bit

CDS archive(s) not mapped
Compressed class space mapped at: 0x0000000100000000-0x0000000140000000, reserved size: 1073741824
Narrow klass base: 0x0000000000000000, Narrow klass shift: 3, Narrow klass range: 0x140000000

GC Precious Log:
 CPUs: 6 total, 6 available
 Memory: 8001M
 Large Page Support: Disabled
 NUMA Support: Disabled
 Compressed Oops: Enabled (32-bit)
 Alignments: Space 512K, Generation 512K, Heap 2M
 Heap Min Capacity: 100M
 Heap Initial Capacity: 100M
 Heap Max Capacity: 1G
 Pre-touch: Disabled
 Parallel Workers: 6

Heap:
 PSYoungGen      total 29696K, used 13734K [0x00000000eab00000, 0x00000000ecc00000, 0x0000000100000000)
  eden space 25600K, 53% used [0x00000000eab00000,0x00000000eb869ac0,0x00000000ec400000)
  from space 4096K, 0% used [0x00000000ec800000,0x00000000ec800000,0x00000000ecc00000)
  to   space 4096K, 0% used [0x00000000ec400000,0x00000000ec400000,0x00000000ec800000)
 ParOldGen       total 68608K, used 0K [0x00000000c0000000, 0x00000000c4300000, 0x00000000eab00000)
  object space 68608K, 0% used [0x00000000c0000000,0x00000000c0000000,0x00000000c4300000)
 Metaspace       used 9080K, committed 9216K, reserved 1064960K
  class space    used 901K, committed 960K, reserved 1048576K

Card table byte_map: [0x000001d76f2e0000,0x000001d76f4f0000] _byte_map_base: 0x000001d76ece0000

Marking Bits: (ParMarkBitMap*) 0x00007ffbd94d3e70
 Begin Bits: [0x000001d7725c0000, 0x000001d7735c0000)
 End Bits:   [0x000001d7735c0000, 0x000001d7745c0000)

Polling page: 0x000001d76d6e0000

Metaspace:

Usage:
  Non-class:      7.99 MB used.
      Class:    901.68 KB used.
       Both:      8.87 MB used.

Virtual space:
  Non-class space:       16.00 MB reserved,       8.06 MB ( 50%) committed,  2 nodes.
      Class space:        1.00 GB reserved,     960.00 KB ( <1%) committed,  1 nodes.
             Both:        1.02 GB reserved,       9.00 MB ( <1%) committed. 

Chunk freelists:
   Non-Class:  3.91 MB
       Class:  3.09 MB
        Both:  7.00 MB

MaxMetaspaceSize: unlimited
CompressedClassSpaceSize: 1.00 GB
Initial GC threshold: 21.00 MB
Current GC threshold: 21.00 MB
CDS: off
MetaspaceReclaimPolicy: balanced
 - commit_granule_bytes: 65536.
 - commit_granule_words: 8192.
 - virtual_space_node_default_size: 1048576.
 - enlarge_chunks_in_place: 1.
 - new_chunks_are_fully_committed: 0.
 - uncommit_free_chunks: 1.
 - use_allocation_guard: 0.
 - handle_deallocations: 1.


Internal statistics:

num_allocs_failed_limit: 0.
num_arena_births: 10.
num_arena_deaths: 0.
num_vsnodes_births: 3.
num_vsnodes_deaths: 0.
num_space_committed: 145.
num_space_uncommitted: 0.
num_chunks_returned_to_freelist: 0.
num_chunks_taken_from_freelist: 44.
num_chunk_merges: 0.
num_chunk_splits: 24.
num_chunks_enlarged: 20.
num_purges: 0.
num_inconsistent_stats: 0.

CodeHeap 'non-profiled nmethods': size=120000Kb used=180Kb max_used=180Kb free=119819Kb
 bounds [0x000001d707ad0000, 0x000001d707d40000, 0x000001d70f000000]
CodeHeap 'profiled nmethods': size=120000Kb used=862Kb max_used=862Kb free=119138Kb
 bounds [0x000001d700000000, 0x000001d700270000, 0x000001d707530000]
CodeHeap 'non-nmethods': size=5760Kb used=1134Kb max_used=1154Kb free=4625Kb
 bounds [0x000001d707530000, 0x000001d7077a0000, 0x000001d707ad0000]
 total_blobs=986 nmethods=563 adapters=338
 compilation: enabled
              stopped_count=0, restarted_count=0
 full_count=0

Compilation events (20 events):
Event: 0.274 Thread 0x000001d77677cdb0  475  s    3       java.io.ByteArrayOutputStream::write (32 bytes)
Event: 0.274 Thread 0x000001d77677cdb0 nmethod 475 0x000001d70009e590 code [0x000001d70009e740, 0x000001d70009e988]
Event: 0.276 Thread 0x000001d77677cdb0  476       3       java.lang.reflect.Modifier::isProtected (12 bytes)
Event: 0.276 Thread 0x000001d77677cdb0 nmethod 476 0x000001d70009ea90 code [0x000001d70009ec20, 0x000001d70009ed78]
Event: 0.276 Thread 0x000001d77677cdb0  477       3       java.lang.Enum::equals (11 bytes)
Event: 0.276 Thread 0x000001d77677cdb0 nmethod 477 0x000001d70009ee10 code [0x000001d70009efa0, 0x000001d70009f118]
Event: 0.278 Thread 0x000001d77677cdb0  479       3       java.lang.invoke.MemberName::initResolved (53 bytes)
Event: 0.278 Thread 0x000001d77677cdb0 nmethod 479 0x000001d70009f190 code [0x000001d70009f320, 0x000001d70009f498]
Event: 0.281 Thread 0x000001d77677cdb0  482       3       java.util.Arrays::hashCode (44 bytes)
Event: 0.281 Thread 0x000001d77677cdb0 nmethod 482 0x000001d70009f510 code [0x000001d70009f6c0, 0x000001d70009f8d8]
Event: 0.284 Thread 0x000001d77677cdb0  483       3       java.util.zip.Inflater::ensureOpen (47 bytes)
Event: 0.284 Thread 0x000001d77677cdb0 nmethod 483 0x000001d70009fa10 code [0x000001d70009fbc0, 0x000001d70009fe28]
Event: 0.285 Thread 0x000001d77677cdb0  484       3       jdk.internal.org.objectweb.asm.ByteVector::put12 (64 bytes)
Event: 0.285 Thread 0x000001d77677cdb0 nmethod 484 0x000001d70009ff10 code [0x000001d7000a00c0, 0x000001d7000a02e8]
Event: 0.286 Thread 0x000001d77677cdb0  485       3       lombok.eclipse.agent.EclipsePatcher$1::shouldTransform (79 bytes)
Event: 0.287 Thread 0x000001d77677cdb0 nmethod 485 0x000001d7000a0490 code [0x000001d7000a0700, 0x000001d7000a10e8]
Event: 0.287 Thread 0x000001d77677cdb0  486       3       java.lang.instrument.ClassFileTransformer::transform (15 bytes)
Event: 0.287 Thread 0x000001d77677cdb0 nmethod 486 0x000001d7000a1490 code [0x000001d7000a1640, 0x000001d7000a17c8]
Event: 0.288 Thread 0x000001d77677cdb0  487       3       java.lang.StringUTF16::putChar (54 bytes)
Event: 0.288 Thread 0x000001d77677cdb0 nmethod 487 0x000001d7000a1910 code [0x000001d7000a1aa0, 0x000001d7000a1bf8]

GC Heap History (0 events):
No events

Dll operation events (8 events):
Event: 0.010 Loaded shared library c:\Users\daniely.campaner\.vscode\extensions\redhat.java-1.16.0-win32-x64\jre\17.0.6-win32-x86_64\bin\java.dll
Event: 0.098 Loaded shared library c:\Users\daniely.campaner\.vscode\extensions\redhat.java-1.16.0-win32-x64\jre\17.0.6-win32-x86_64\bin\zip.dll
Event: 0.100 Loaded shared library C:\Users\daniely.campaner\.vscode\extensions\redhat.java-1.16.0-win32-x64\jre\17.0.6-win32-x86_64\bin\instrument.dll
Event: 0.110 Loaded shared library C:\Users\daniely.campaner\.vscode\extensions\redhat.java-1.16.0-win32-x64\jre\17.0.6-win32-x86_64\bin\net.dll
Event: 0.113 Loaded shared library C:\Users\daniely.campaner\.vscode\extensions\redhat.java-1.16.0-win32-x64\jre\17.0.6-win32-x86_64\bin\nio.dll
Event: 0.118 Loaded shared library C:\Users\daniely.campaner\.vscode\extensions\redhat.java-1.16.0-win32-x64\jre\17.0.6-win32-x86_64\bin\zip.dll
Event: 0.128 Loaded shared library C:\Users\daniely.campaner\.vscode\extensions\redhat.java-1.16.0-win32-x64\jre\17.0.6-win32-x86_64\bin\jimage.dll
Event: 0.163 Loaded shared library c:\Users\daniely.campaner\.vscode\extensions\redhat.java-1.16.0-win32-x64\jre\17.0.6-win32-x86_64\bin\verify.dll

Deoptimization events (20 events):
Event: 0.249 Thread 0x000001d76f932640 Uncommon trap: trap_request=0xffffffde fr.pc=0x000001d707af15bc relative=0x000000000000011c
Event: 0.249 Thread 0x000001d76f932640 Uncommon trap: reason=class_check action=maybe_recompile pc=0x000001d707af15bc method=jdk.internal.misc.Unsafe.allocateUninitializedArray(Ljava/lang/Class;I)Ljava/lang/Object; @ 51 c2
Event: 0.249 Thread 0x000001d76f932640 DEOPT PACKING pc=0x000001d707af15bc sp=0x000000d3a42fc630
Event: 0.249 Thread 0x000001d76f932640 DEOPT UNPACKING pc=0x000001d7075866a3 sp=0x000000d3a42fc5b8 mode 2
Event: 0.249 Thread 0x000001d76f932640 Uncommon trap: trap_request=0xffffffde fr.pc=0x000001d707af15bc relative=0x000000000000011c
Event: 0.249 Thread 0x000001d76f932640 Uncommon trap: reason=class_check action=maybe_recompile pc=0x000001d707af15bc method=jdk.internal.misc.Unsafe.allocateUninitializedArray(Ljava/lang/Class;I)Ljava/lang/Object; @ 51 c2
Event: 0.249 Thread 0x000001d76f932640 DEOPT PACKING pc=0x000001d707af15bc sp=0x000000d3a42fc630
Event: 0.249 Thread 0x000001d76f932640 DEOPT UNPACKING pc=0x000001d7075866a3 sp=0x000000d3a42fc5b8 mode 2
Event: 0.249 Thread 0x000001d76f932640 Uncommon trap: trap_request=0xffffffde fr.pc=0x000001d707af15bc relative=0x000000000000011c
Event: 0.249 Thread 0x000001d76f932640 Uncommon trap: reason=class_check action=maybe_recompile pc=0x000001d707af15bc method=jdk.internal.misc.Unsafe.allocateUninitializedArray(Ljava/lang/Class;I)Ljava/lang/Object; @ 51 c2
Event: 0.249 Thread 0x000001d76f932640 DEOPT PACKING pc=0x000001d707af15bc sp=0x000000d3a42fc670
Event: 0.249 Thread 0x000001d76f932640 DEOPT UNPACKING pc=0x000001d7075866a3 sp=0x000000d3a42fc5f8 mode 2
Event: 0.257 Thread 0x000001d76f932640 Uncommon trap: trap_request=0xffffff45 fr.pc=0x000001d707ae33c4 relative=0x00000000000000c4
Event: 0.257 Thread 0x000001d76f932640 Uncommon trap: reason=unstable_if action=reinterpret pc=0x000001d707ae33c4 method=java.net.URI.match(CJJ)Z @ 45 c2
Event: 0.257 Thread 0x000001d76f932640 DEOPT PACKING pc=0x000001d707ae33c4 sp=0x000000d3a42fcbd0
Event: 0.257 Thread 0x000001d76f932640 DEOPT UNPACKING pc=0x000001d7075866a3 sp=0x000000d3a42fcb58 mode 2
Event: 0.262 Thread 0x000001d76f932640 Uncommon trap: trap_request=0xffffff45 fr.pc=0x000001d707af3a58 relative=0x0000000000000678
Event: 0.262 Thread 0x000001d76f932640 Uncommon trap: reason=unstable_if action=reinterpret pc=0x000001d707af3a58 method=java.lang.String.replace(Ljava/lang/CharSequence;Ljava/lang/CharSequence;)Ljava/lang/String; @ 48 c2
Event: 0.262 Thread 0x000001d76f932640 DEOPT PACKING pc=0x000001d707af3a58 sp=0x000000d3a42fcb50
Event: 0.262 Thread 0x000001d76f932640 DEOPT UNPACKING pc=0x000001d7075866a3 sp=0x000000d3a42fcad0 mode 2

Classes unloaded (0 events):
No events

Classes redefined (0 events):
No events

Internal exceptions (2 events):
Event: 0.084 Thread 0x000001d76f932640 Exception <a 'java/lang/NoSuchMethodError'{0x00000000eacb21a8}: 'void java.lang.invoke.DirectMethodHandle$Holder.invokeStatic(java.lang.Object, java.lang.Object, java.lang.Object)'> (0x00000000eacb21a8) 
thrown [s\src\hotspot\share\interpreter\linkResolver.cpp, line 759]
Event: 0.178 Thread 0x000001d76f932640 Exception <a 'java/lang/reflect/InvocationTargetException'{0x00000000eaf7b300}> (0x00000000eaf7b300) 
thrown [s\src\hotspot\share\runtime\reflection.cpp, line 1121]

VM Operations (2 events):
Event: 0.087 Executing VM operation: HandshakeAllThreads
Event: 0.087 Executing VM operation: HandshakeAllThreads done

Events (20 events):
Event: 0.288 loading class jdk/internal/icu/impl/Norm2AllModes$DecomposeNormalizer2
Event: 0.289 loading class jdk/internal/icu/impl/Norm2AllModes$DecomposeNormalizer2 done
Event: 0.289 loading class java/security/Signature
Event: 0.289 loading class java/security/SignatureSpi
Event: 0.289 loading class java/security/SignatureSpi done
Event: 0.289 loading class java/security/Signature done
Event: 0.289 loading class java/security/Signature$1
Event: 0.289 loading class jdk/internal/access/JavaSecuritySignatureAccess
Event: 0.289 loading class jdk/internal/access/JavaSecuritySignatureAccess done
Event: 0.289 loading class java/security/Signature$1 done
Event: 0.289 loading class sun/security/jca/ServiceId
Event: 0.289 loading class sun/security/jca/ServiceId done
Event: 0.289 loading class java/security/Signature$Delegate
Event: 0.290 loading class java/security/Signature$Delegate done
Event: 0.290 loading class java/security/interfaces/RSAPrivateKey
Event: 0.290 loading class java/security/PrivateKey
Event: 0.290 loading class javax/security/auth/Destroyable
Event: 0.290 loading class javax/security/auth/Destroyable done
Event: 0.290 loading class java/security/PrivateKey done
Event: 0.290 loading class java/security/interfaces/RSAPrivateKey done


Dynamic libraries:
0x00007ff6cb4a0000 - 0x00007ff6cb4ae000 	c:\Users\daniely.campaner\.vscode\extensions\redhat.java-1.16.0-win32-x64\jre\17.0.6-win32-x86_64\bin\java.exe
0x00007ffc113f0000 - 0x00007ffc115e8000 	C:\Windows\SYSTEM32\ntdll.dll
0x00007ffc10830000 - 0x00007ffc108ef000 	C:\Windows\System32\KERNEL32.dll
0x00007ffc0e7f0000 - 0x00007ffc0e8f1000 	C:\Windows\system32\hmpalert.dll
0x00007ffc0efc0000 - 0x00007ffc0f292000 	C:\Windows\System32\KERNELBASE.dll
0x00007ffc0f340000 - 0x00007ffc0f440000 	C:\Windows\System32\ucrtbase.dll
0x00007ffc07660000 - 0x00007ffc07677000 	c:\Users\daniely.campaner\.vscode\extensions\redhat.java-1.16.0-win32-x64\jre\17.0.6-win32-x86_64\bin\jli.dll
0x00007ffc0fd60000 - 0x00007ffc0ff01000 	C:\Windows\System32\USER32.dll
0x00007ffc0ee80000 - 0x00007ffc0eea2000 	C:\Windows\System32\win32u.dll
0x00007ffc0f440000 - 0x00007ffc0f46b000 	C:\Windows\System32\GDI32.dll
0x00007ffc0eeb0000 - 0x00007ffc0efbf000 	C:\Windows\System32\gdi32full.dll
0x00007ffc0f2a0000 - 0x00007ffc0f33d000 	C:\Windows\System32\msvcp_win.dll
0x00007ffbf81d0000 - 0x00007ffbf846a000 	C:\Windows\WinSxS\amd64_microsoft.windows.common-controls_6595b64144ccf1df_6.0.19041.1110_none_60b5254171f9507e\COMCTL32.dll
0x00007ffc103b0000 - 0x00007ffc1044e000 	C:\Windows\System32\msvcrt.dll
0x00007ffc063f0000 - 0x00007ffc06409000 	c:\Users\daniely.campaner\.vscode\extensions\redhat.java-1.16.0-win32-x64\jre\17.0.6-win32-x86_64\bin\VCRUNTIME140.dll
0x00007ffc10270000 - 0x00007ffc102a0000 	C:\Windows\System32\IMM32.DLL
0x00007ffc0c070000 - 0x00007ffc0c07c000 	c:\Users\daniely.campaner\.vscode\extensions\redhat.java-1.16.0-win32-x64\jre\17.0.6-win32-x86_64\bin\vcruntime140_1.dll
0x00007ffbf4aa0000 - 0x00007ffbf4b31000 	c:\Users\daniely.campaner\.vscode\extensions\redhat.java-1.16.0-win32-x64\jre\17.0.6-win32-x86_64\bin\msvcp140.dll
0x00007ffbd8950000 - 0x00007ffbd9597000 	c:\Users\daniely.campaner\.vscode\extensions\redhat.java-1.16.0-win32-x64\jre\17.0.6-win32-x86_64\bin\server\jvm.dll
0x00007ffc10450000 - 0x00007ffc104fe000 	C:\Windows\System32\ADVAPI32.dll
0x00007ffc10d70000 - 0x00007ffc10e0c000 	C:\Windows\System32\sechost.dll
0x00007ffc10580000 - 0x00007ffc106a4000 	C:\Windows\System32\RPCRT4.dll
0x00007ffc097b0000 - 0x00007ffc097b9000 	C:\Windows\SYSTEM32\WSOCK32.dll
0x00007ffc09dc0000 - 0x00007ffc09dca000 	C:\Windows\SYSTEM32\VERSION.dll
0x00007ffc10510000 - 0x00007ffc1057b000 	C:\Windows\System32\WS2_32.dll
0x00007ffbff5f0000 - 0x00007ffbff617000 	C:\Windows\SYSTEM32\WINMM.dll
0x00007ffc0c7b0000 - 0x00007ffc0c7c2000 	C:\Windows\SYSTEM32\kernel.appcore.dll
0x00007ffc093f0000 - 0x00007ffc093fa000 	c:\Users\daniely.campaner\.vscode\extensions\redhat.java-1.16.0-win32-x64\jre\17.0.6-win32-x86_64\bin\jimage.dll
0x00007ffbff720000 - 0x00007ffbff904000 	C:\Windows\SYSTEM32\DBGHELP.DLL
0x00007ffbfdf20000 - 0x00007ffbfdf55000 	C:\Windows\SYSTEM32\dbgcore.DLL
0x00007ffc0edf0000 - 0x00007ffc0ee72000 	C:\Windows\System32\bcryptPrimitives.dll
0x00007ffc08210000 - 0x00007ffc0821e000 	c:\Users\daniely.campaner\.vscode\extensions\redhat.java-1.16.0-win32-x64\jre\17.0.6-win32-x86_64\bin\instrument.dll
0x00007ffc063c0000 - 0x00007ffc063e5000 	c:\Users\daniely.campaner\.vscode\extensions\redhat.java-1.16.0-win32-x64\jre\17.0.6-win32-x86_64\bin\java.dll
0x00007ffc06260000 - 0x00007ffc06278000 	c:\Users\daniely.campaner\.vscode\extensions\redhat.java-1.16.0-win32-x64\jre\17.0.6-win32-x86_64\bin\zip.dll
0x00007ffc0f4d0000 - 0x00007ffc0fc15000 	C:\Windows\System32\SHELL32.dll
0x00007ffc0c9b0000 - 0x00007ffc0d142000 	C:\Windows\SYSTEM32\windows.storage.dll
0x00007ffc0ff10000 - 0x00007ffc10265000 	C:\Windows\System32\combase.dll
0x00007ffc0e3d0000 - 0x00007ffc0e400000 	C:\Windows\SYSTEM32\Wldp.dll
0x00007ffc0fc20000 - 0x00007ffc0fccd000 	C:\Windows\System32\SHCORE.dll
0x00007ffc107d0000 - 0x00007ffc10825000 	C:\Windows\System32\shlwapi.dll
0x00007ffc0ea30000 - 0x00007ffc0ea4f000 	C:\Windows\SYSTEM32\profapi.dll
0x00007ffc01550000 - 0x00007ffc01569000 	C:\Users\daniely.campaner\.vscode\extensions\redhat.java-1.16.0-win32-x64\jre\17.0.6-win32-x86_64\bin\net.dll
0x00007ffc0d960000 - 0x00007ffc0da6a000 	C:\Windows\SYSTEM32\WINHTTP.dll
0x00007ffc0e0c0000 - 0x00007ffc0e12a000 	C:\Windows\system32\mswsock.dll
0x00007ffc012f0000 - 0x00007ffc01305000 	C:\Users\daniely.campaner\.vscode\extensions\redhat.java-1.16.0-win32-x64\jre\17.0.6-win32-x86_64\bin\nio.dll
0x00007ffc07a10000 - 0x00007ffc07a20000 	c:\Users\daniely.campaner\.vscode\extensions\redhat.java-1.16.0-win32-x64\jre\17.0.6-win32-x86_64\bin\verify.dll

dbghelp: loaded successfully - version: 4.0.5 - missing functions: none
symbol engine: initialized successfully - sym options: 0x614 - pdb path: .;c:\Users\daniely.campaner\.vscode\extensions\redhat.java-1.16.0-win32-x64\jre\17.0.6-win32-x86_64\bin;C:\Windows\SYSTEM32;C:\Windows\WinSxS\amd64_microsoft.windows.common-controls_6595b64144ccf1df_6.0.19041.1110_none_60b5254171f9507e;c:\Users\daniely.campaner\.vscode\extensions\redhat.java-1.16.0-win32-x64\jre\17.0.6-win32-x86_64\bin\server

VM Arguments:
jvm_args: --add-modules=ALL-SYSTEM --add-opens=java.base/java.util=ALL-UNNAMED --add-opens=java.base/java.lang=ALL-UNNAMED --add-opens=java.base/sun.nio.fs=ALL-UNNAMED -Declipse.application=org.eclipse.jdt.ls.core.id1 -Dosgi.bundles.defaultStartLevel=4 -Declipse.product=org.eclipse.jdt.ls.core.product -Djava.import.generatesMetadataFilesAtProjectRoot=false -Dfile.encoding=utf8 -XX:+UseParallelGC -XX:GCTimeRatio=4 -XX:AdaptiveSizePolicyWeight=90 -Dsun.zip.disableMemoryMapping=true -Xmx1G -Xms100m -Xlog:disable -javaagent:c:\Users\daniely.campaner\.vscode\extensions\redhat.java-1.16.0-win32-x64\lombok\lombok-1.18.24.jar 
java_command: c:\Users\daniely.campaner\.vscode\extensions\redhat.java-1.16.0-win32-x64\server\plugins\org.eclipse.equinox.launcher_1.6.400.v20210924-0641.jar -configuration c:\Users\daniely.campaner\AppData\Roaming\Code\User\globalStorage\redhat.java\1.16.0\config_ss_win -data c:\Users\daniely.campaner\AppData\Roaming\Code\User\workspaceStorage\aafcf80c885c810d8cba38d79f474c28\redhat.java\ss_ws
java_class_path (initial): c:\Users\daniely.campaner\.vscode\extensions\redhat.java-1.16.0-win32-x64\server\plugins\org.eclipse.equinox.launcher_1.6.400.v20210924-0641.jar
Launcher Type: SUN_STANDARD

[Global flags]
    uintx AdaptiveSizePolicyWeight                 = 90                                        {product} {command line}
     intx CICompilerCount                          = 3                                         {product} {ergonomic}
    uintx GCTimeRatio                              = 4                                         {product} {command line}
   size_t InitialHeapSize                          = 104857600                                 {product} {command line}
   size_t MaxHeapSize                              = 1073741824                                {product} {command line}
   size_t MaxNewSize                               = 357564416                                 {product} {ergonomic}
   size_t MinHeapDeltaBytes                        = 524288                                    {product} {ergonomic}
   size_t MinHeapSize                              = 104857600                                 {product} {command line}
   size_t NewSize                                  = 34603008                                  {product} {ergonomic}
    uintx NonNMethodCodeHeapSize                   = 5832780                                {pd product} {ergonomic}
    uintx NonProfiledCodeHeapSize                  = 122912730                              {pd product} {ergonomic}
   size_t OldSize                                  = 70254592                                  {product} {ergonomic}
    uintx ProfiledCodeHeapSize                     = 122912730                              {pd product} {ergonomic}
    uintx ReservedCodeCacheSize                    = 251658240                              {pd product} {ergonomic}
     bool SegmentedCodeCache                       = true                                      {product} {ergonomic}
   size_t SoftMaxHeapSize                          = 1073741824                             {manageable} {ergonomic}
     bool UseCompressedClassPointers               = true                           {product lp64_product} {ergonomic}
     bool UseCompressedOops                        = true                           {product lp64_product} {ergonomic}
     bool UseLargePagesIndividualAllocation        = false                                  {pd product} {ergonomic}
     bool UseParallelGC                            = true                                      {product} {command line}

Logging:
Log output configuration:
 #0: stdout all=off uptime,level,tags
 #1: stderr all=off uptime,level,tags

Environment Variables:
PATH=C:\Program Files (x86)\VMware\VMware Workstation\bin\;C:\Program Files\Common Files\Oracle\Java\javapath;C:\Program Files (x86)\Common Files\Oracle\Java\javapath;C:\Windows\system32;C:\Windows;C:\Windows\System32\Wbem;C:\Windows\System32\WindowsPowerShell\v1.0\;C:\Windows\System32\OpenSSH\;C:\Program Files\Git\cmd;C:\Program Files\nodejs\;C:\Program Files\Microsoft VS Code\bin;C:\Users\daniely.campaner\AppData\Local\Microsoft\WindowsApps;
USERNAME=daniely.campaner
OS=Windows_NT
PROCESSOR_IDENTIFIER=Intel64 Family 6 Model 158 Stepping 10, GenuineIntel
TMP=C:\Users\DANIEL~1.CAM\AppData\Local\Temp
TEMP=C:\Users\DANIEL~1.CAM\AppData\Local\Temp



---------------  S Y S T E M  ---------------

OS:
 Windows 10 , 64 bit Build 19041 (10.0.19041.2546)
OS uptime: 0 days 10:27 hours

CPU: total 6 (initial active 6) (6 cores per cpu, 1 threads per core) family 6 model 158 stepping 10 microcode 0xea, cx8, cmov, fxsr, mmx, 3dnowpref, sse, sse2, sse3, ssse3, sse4.1, sse4.2, popcnt, lzcnt, tsc, tscinvbit, avx, avx2, aes, erms, clmul, bmi1, bmi2, rtm, adx, fma, vzeroupper, clflush, clflushopt

Memory: 4k page, system-wide physical 8001M (872M free)
TotalPageFile size 8001M (AvailPageFile size 5M)
current process WorkingSet (physical memory assigned to process): 58M, peak: 58M
current process commit charge ("private bytes"): 191M, peak: 191M

vm_info: OpenJDK 64-Bit Server VM (17.0.6+10) for windows-amd64 JRE (17.0.6+10), built on Jan 18 2023 10:08:59 by "temurin" with MS VC++ 16.7 (VS2019)

END.
