#
# There is insufficient memory for the Java Runtime Environment to continue.
# Native memory allocation (mmap) failed to map 65536 bytes for Failed to commit metaspace.
# Possible reasons:
#   The system is out of physical RAM or swap space
#   The process is running with CompressedOops enabled, and the Java Heap may be blocking the growth of the native heap
# Possible solutions:
#   Reduce memory load on the system
#   Increase physical memory or swap space
#   Check if swap backing store is full
#   Decrease Java heap size (-Xmx/-Xms)
#   Decrease number of Java threads
#   Decrease Java thread stack sizes (-Xss)
#   Set larger code cache with -XX:ReservedCodeCacheSize=
#   JVM is running with Unscaled Compressed Oops mode in which the Java heap is
#     placed in the first 4GB address space. The Java Heap base address is the
#     maximum limit for the native heap growth. Please use -XX:HeapBaseMinAddress
#     to set the Java Heap base and to place the Java Heap above 4GB virtual address.
# This output file may be truncated or incomplete.
#
#  Out of Memory Error (virtualSpaceNode.cpp:110), pid=9820, tid=8980
#
# JRE version: OpenJDK Runtime Environment Temurin-17.0.6+10 (17.0.6+10) (build 17.0.6+10)
# Java VM: OpenJDK 64-Bit Server VM Temurin-17.0.6+10 (17.0.6+10, mixed mode, tiered, compressed oops, compressed class ptrs, parallel gc, windows-amd64)
# No core dump will be written. Minidumps are not enabled by default on client versions of Windows
#

---------------  S U M M A R Y ------------

Command Line: --add-modules=ALL-SYSTEM --add-opens=java.base/java.util=ALL-UNNAMED --add-opens=java.base/java.lang=ALL-UNNAMED --add-opens=java.base/sun.nio.fs=ALL-UNNAMED -Declipse.application=org.eclipse.jdt.ls.core.id1 -Dosgi.bundles.defaultStartLevel=4 -Declipse.product=org.eclipse.jdt.ls.core.product -Djava.import.generatesMetadataFilesAtProjectRoot=false -Dfile.encoding=utf8 -XX:+UseParallelGC -XX:GCTimeRatio=4 -XX:AdaptiveSizePolicyWeight=90 -Dsun.zip.disableMemoryMapping=true -Xmx1G -Xms100m -Xlog:disable -javaagent:c:\Users\daniely.campaner\.vscode\extensions\redhat.java-1.16.0-win32-x64\lombok\lombok-1.18.24.jar c:\Users\daniely.campaner\.vscode\extensions\redhat.java-1.16.0-win32-x64\server\plugins\org.eclipse.equinox.launcher_1.6.400.v20210924-0641.jar -configuration c:\Users\daniely.campaner\AppData\Roaming\Code\User\globalStorage\redhat.java\1.16.0\config_ss_win -data c:\Users\daniely.campaner\AppData\Roaming\Code\User\workspaceStorage\aafcf80c885c810d8cba38d79f474c28\redhat.java\ss_ws

Host: Intel(R) Core(TM) i5-9500 CPU @ 3.00GHz, 6 cores, 7G,  Windows 10 , 64 bit Build 19041 (10.0.19041.2546)
Time: Wed Mar 29 21:37:32 2023 Hora oficial do Brasil elapsed time: 2.648465 seconds (0d 0h 0m 2s)

---------------  T H R E A D  ---------------

Current thread (0x0000016a25f8bd00):  JavaThread "Start Level: Equinox Container: 490d35b4-4515-4945-b974-a977cd8327df" daemon [_thread_in_vm, id=8980, stack(0x0000005111f00000,0x0000005112000000)]

Stack: [0x0000005111f00000,0x0000005112000000]
Native frames: (J=compiled Java code, j=interpreted, Vv=VM code, C=native code)
V  [jvm.dll+0x67741a]
V  [jvm.dll+0x834434]
V  [jvm.dll+0x835bde]
V  [jvm.dll+0x836243]
V  [jvm.dll+0x2457b5]
V  [jvm.dll+0x8304cb]
V  [jvm.dll+0x61bca6]
V  [jvm.dll+0x1c05fe]
V  [jvm.dll+0x61e5f1]
V  [jvm.dll+0x61c646]
V  [jvm.dll+0x23b2a0]
V  [jvm.dll+0x1eae0d]
V  [jvm.dll+0x1e0841]
V  [jvm.dll+0x53c6d0]
V  [jvm.dll+0x7af5e8]
V  [jvm.dll+0x7af6d4]
V  [jvm.dll+0x40bc05]
V  [jvm.dll+0x411d58]
C  [java.dll+0x17ec]

Java frames: (J=compiled Java code, j=interpreted, Vv=VM code)
J 1042  java.lang.ClassLoader.defineClass1(Ljava/lang/ClassLoader;Ljava/lang/String;[BIILjava/security/ProtectionDomain;Ljava/lang/String;)Ljava/lang/Class; java.base@17.0.6 (0 bytes) @ 0x0000016a1970135b [0x0000016a197012a0+0x00000000000000bb]
J 1620 c1 java.lang.ClassLoader.defineClass(Ljava/lang/String;[BIILjava/security/ProtectionDomain;)Ljava/lang/Class; java.base@17.0.6 (43 bytes) @ 0x0000016a11ea66d4 [0x0000016a11ea6380+0x0000000000000354]
j  org.eclipse.osgi.internal.loader.ModuleClassLoader.defineClass(Ljava/lang/String;[BLorg/eclipse/osgi/internal/loader/classpath/ClasspathEntry;)Lorg/eclipse/osgi/internal/loader/ModuleClassLoader$DefineClassResult;+42
J 1688 c1 org.eclipse.osgi.internal.loader.classpath.ClasspathManager.defineClass(Ljava/lang/String;[BLorg/eclipse/osgi/internal/loader/classpath/ClasspathEntry;Lorg/eclipse/osgi/storage/bundlefile/BundleEntry;Ljava/util/List;)Ljava/lang/Class; (636 bytes) @ 0x0000016a11ed9f44 [0x0000016a11ed8560+0x00000000000019e4]
J 1887 c1 org.eclipse.osgi.internal.loader.classpath.ClasspathManager.findClassImpl(Ljava/lang/String;Lorg/eclipse/osgi/internal/loader/classpath/ClasspathEntry;Ljava/util/List;)Ljava/lang/Class; (308 bytes) @ 0x0000016a11f450e4 [0x0000016a11f42340+0x0000000000002da4]
J 1666 c1 org.eclipse.osgi.internal.loader.classpath.ClasspathManager.findLocalClassImpl(Ljava/lang/String;[Lorg/eclipse/osgi/internal/loader/classpath/ClasspathEntry;Ljava/util/List;)Ljava/lang/Class; (55 bytes) @ 0x0000016a11ed00cc [0x0000016a11ecff40+0x000000000000018c]
J 1665 c1 org.eclipse.osgi.internal.loader.classpath.ClasspathManager.findLocalClassImpl(Ljava/lang/String;Ljava/util/List;)Ljava/lang/Class; (132 bytes) @ 0x0000016a11ecf654 [0x0000016a11ecf140+0x0000000000000514]
J 1768 c1 org.eclipse.osgi.internal.loader.classpath.ClasspathManager.findLocalClass(Ljava/lang/String;)Ljava/lang/Class; (210 bytes) @ 0x0000016a11efff3c [0x0000016a11eff2a0+0x0000000000000c9c]
J 1658 c1 org.eclipse.osgi.internal.loader.BundleLoader.findLocalClass(Ljava/lang/String;)Ljava/lang/Class; (152 bytes) @ 0x0000016a11ec9e6c [0x0000016a11ec9620+0x000000000000084c]
J 1586 c1 org.eclipse.osgi.internal.loader.BundleLoader.findClass0(Ljava/lang/String;ZZ)Ljava/lang/Class; (466 bytes) @ 0x0000016a11e96294 [0x0000016a11e93ba0+0x00000000000026f4]
J 1585 c1 org.eclipse.osgi.internal.loader.BundleLoader.findClass(Ljava/lang/String;)Ljava/lang/Class; (8 bytes) @ 0x0000016a11e9329c [0x0000016a11e93220+0x000000000000007c]
J 1587 c1 org.eclipse.osgi.internal.loader.ModuleClassLoader.loadClass(Ljava/lang/String;Z)Ljava/lang/Class; (36 bytes) @ 0x0000016a11e992bc [0x0000016a11e990a0+0x000000000000021c]
J 792 c1 java.lang.ClassLoader.loadClass(Ljava/lang/String;)Ljava/lang/Class; java.base@17.0.6 (7 bytes) @ 0x0000016a11d0903c [0x0000016a11d08f40+0x00000000000000fc]
v  ~StubRoutines::call_stub
j  org.eclipse.core.internal.jobs.LockManager.newLock()Lorg/eclipse/core/internal/jobs/OrderedLock;+0
j  org.eclipse.core.internal.jobs.JobManager.newLock()Lorg/eclipse/core/runtime/jobs/ILock;+4
j  org.eclipse.core.internal.resources.WorkManager.<init>(Lorg/eclipse/core/internal/resources/Workspace;)V+58
j  org.eclipse.core.internal.resources.Workspace.startup(Lorg/eclipse/core/runtime/IProgressMonitor;)V+6
j  org.eclipse.core.internal.resources.Workspace.open(Lorg/eclipse/core/runtime/IProgressMonitor;)Lorg/eclipse/core/runtime/IStatus;+136
j  org.eclipse.core.resources.ResourcesPlugin$WorkspaceInitCustomizer.addingService(Lorg/osgi/framework/ServiceReference;)Lorg/eclipse/core/internal/resources/Workspace;+45
j  org.eclipse.core.resources.ResourcesPlugin$WorkspaceInitCustomizer.addingService(Lorg/osgi/framework/ServiceReference;)Ljava/lang/Object;+5
j  org.osgi.util.tracker.ServiceTracker$Tracked.customizerAdding(Lorg/osgi/framework/ServiceReference;Lorg/osgi/framework/ServiceEvent;)Ljava/lang/Object;+8
j  org.osgi.util.tracker.ServiceTracker$Tracked.customizerAdding(Ljava/lang/Object;Ljava/lang/Object;)Ljava/lang/Object;+9
j  org.osgi.util.tracker.AbstractTracked.trackAdding(Ljava/lang/Object;Ljava/lang/Object;)V+8
j  org.osgi.util.tracker.AbstractTracked.trackInitial()V+90
j  org.osgi.util.tracker.ServiceTracker.open(Z)V+198
j  org.osgi.util.tracker.ServiceTracker.open()V+2
j  org.eclipse.core.resources.ResourcesPlugin.start(Lorg/osgi/framework/BundleContext;)V+106
j  org.eclipse.osgi.internal.framework.BundleContextImpl$2.run()Ljava/lang/Void;+23
j  org.eclipse.osgi.internal.framework.BundleContextImpl$2.run()Ljava/lang/Object;+1
J 1190 c1 java.security.AccessController.executePrivileged(Ljava/security/PrivilegedExceptionAction;Ljava/security/AccessControlContext;Ljava/lang/Class;)Ljava/lang/Object; java.base@17.0.6 (65 bytes) @ 0x0000016a11dd9a34 [0x0000016a11dd98e0+0x0000000000000154]
j  java.security.AccessController.doPrivileged(Ljava/security/PrivilegedExceptionAction;)Ljava/lang/Object;+9 java.base@17.0.6
j  org.eclipse.osgi.internal.framework.BundleContextImpl.startActivator(Lorg/osgi/framework/BundleActivator;)V+9
j  org.eclipse.osgi.internal.framework.BundleContextImpl.start()V+134
j  org.eclipse.osgi.internal.framework.EquinoxBundle.startWorker0()V+35
j  org.eclipse.osgi.internal.framework.EquinoxBundle$EquinoxModule.startWorker()V+4
j  org.eclipse.osgi.container.Module.doStart([Lorg/eclipse/osgi/container/Module$StartOptions;)Lorg/eclipse/osgi/container/ModuleContainerAdaptor$ModuleEvent;+190
j  org.eclipse.osgi.container.Module.start([Lorg/eclipse/osgi/container/Module$StartOptions;)V+460
j  org.eclipse.osgi.framework.util.SecureAction.start(Lorg/eclipse/osgi/container/Module;[Lorg/eclipse/osgi/container/Module$StartOptions;)V+8
J 1766 c1 org.eclipse.osgi.internal.hooks.EclipseLazyStarter.postFindLocalClass(Ljava/lang/String;Ljava/lang/Class;Lorg/eclipse/osgi/internal/loader/classpath/ClasspathManager;)V (394 bytes) @ 0x0000016a11efc05c [0x0000016a11efb0e0+0x0000000000000f7c]
J 1768 c1 org.eclipse.osgi.internal.loader.classpath.ClasspathManager.findLocalClass(Ljava/lang/String;)Ljava/lang/Class; (210 bytes) @ 0x0000016a11f00254 [0x0000016a11eff2a0+0x0000000000000fb4]
J 1658 c1 org.eclipse.osgi.internal.loader.BundleLoader.findLocalClass(Ljava/lang/String;)Ljava/lang/Class; (152 bytes) @ 0x0000016a11ec9e6c [0x0000016a11ec9620+0x000000000000084c]
J 1586 c1 org.eclipse.osgi.internal.loader.BundleLoader.findClass0(Ljava/lang/String;ZZ)Ljava/lang/Class; (466 bytes) @ 0x0000016a11e96294 [0x0000016a11e93ba0+0x00000000000026f4]
J 1585 c1 org.eclipse.osgi.internal.loader.BundleLoader.findClass(Ljava/lang/String;)Ljava/lang/Class; (8 bytes) @ 0x0000016a11e9329c [0x0000016a11e93220+0x000000000000007c]
J 1587 c1 org.eclipse.osgi.internal.loader.ModuleClassLoader.loadClass(Ljava/lang/String;Z)Ljava/lang/Class; (36 bytes) @ 0x0000016a11e992bc [0x0000016a11e990a0+0x000000000000021c]
J 792 c1 java.lang.ClassLoader.loadClass(Ljava/lang/String;)Ljava/lang/Class; java.base@17.0.6 (7 bytes) @ 0x0000016a11d0903c [0x0000016a11d08f40+0x00000000000000fc]
v  ~StubRoutines::call_stub
j  java.lang.Class.getDeclaredConstructors0(Z)[Ljava/lang/reflect/Constructor;+0 java.base@17.0.6
j  java.lang.Class.privateGetDeclaredConstructors(Z)[Ljava/lang/reflect/Constructor;+52 java.base@17.0.6
j  java.lang.Class.getConstructor0([Ljava/lang/Class;I)Ljava/lang/reflect/Constructor;+14 java.base@17.0.6
j  java.lang.Class.getConstructor([Ljava/lang/Class;)Ljava/lang/reflect/Constructor;+24 java.base@17.0.6
j  org.eclipse.osgi.internal.framework.BundleContextImpl.loadBundleActivator()Lorg/osgi/framework/BundleActivator;+105
j  org.eclipse.osgi.internal.framework.BundleContextImpl.start()V+18
j  org.eclipse.osgi.internal.framework.EquinoxBundle.startWorker0()V+35
j  org.eclipse.osgi.internal.framework.EquinoxBundle$EquinoxModule.startWorker()V+4
j  org.eclipse.osgi.container.Module.doStart([Lorg/eclipse/osgi/container/Module$StartOptions;)Lorg/eclipse/osgi/container/ModuleContainerAdaptor$ModuleEvent;+190
j  org.eclipse.osgi.container.Module.start([Lorg/eclipse/osgi/container/Module$StartOptions;)V+460
j  org.eclipse.osgi.container.ModuleContainer$ContainerStartLevel$2.run()V+71
j  org.eclipse.osgi.internal.framework.EquinoxContainerAdaptor$1$1.execute(Ljava/lang/Runnable;)V+1
j  org.eclipse.osgi.container.ModuleContainer$ContainerStartLevel.incStartLevel(ILjava/util/List;Z)V+192
j  org.eclipse.osgi.container.ModuleContainer$ContainerStartLevel.incStartLevel(ILjava/util/List;Ljava/util/List;Ljava/util/List;Ljava/util/List;)V+19
j  org.eclipse.osgi.container.ModuleContainer$ContainerStartLevel.doContainerStartLevel(Lorg/eclipse/osgi/container/Module;I[Lorg/osgi/framework/FrameworkListener;)V+349
j  org.eclipse.osgi.container.ModuleContainer$ContainerStartLevel.dispatchEvent(Lorg/eclipse/osgi/container/Module;[Lorg/osgi/framework/FrameworkListener;ILjava/lang/Integer;)V+32
j  org.eclipse.osgi.container.ModuleContainer$ContainerStartLevel.dispatchEvent(Ljava/lang/Object;Ljava/lang/Object;ILjava/lang/Object;)V+15
j  org.eclipse.osgi.framework.eventmgr.EventManager.dispatchEvent(Ljava/util/Set;Lorg/eclipse/osgi/framework/eventmgr/EventDispatcher;ILjava/lang/Object;)V+48
j  org.eclipse.osgi.framework.eventmgr.EventManager$EventThread.run()V+26
v  ~StubRoutines::call_stub

---------------  P R O C E S S  ---------------

Threads class SMR info:
_java_thread_list=0x0000016a26cb3640, length=18, elements={
0x0000016a0d728110, 0x0000016a234efbc0, 0x0000016a234f1450, 0x0000016a255ad130,
0x0000016a255adcb0, 0x0000016a255aefd0, 0x0000016a255b5570, 0x0000016a23507d30,
0x0000016a23508630, 0x0000016a23511700, 0x0000016a0d7e45d0, 0x0000016a2589aa90,
0x0000016a25e171c0, 0x0000016a25f5ef10, 0x0000016a25f8bd00, 0x0000016a25f8c1d0,
0x0000016a2601cd40, 0x0000016a26d59680
}

Java Threads: ( => current thread )
  0x0000016a0d728110 JavaThread "main" [_thread_blocked, id=6624, stack(0x0000005110900000,0x0000005110a00000)]
  0x0000016a234efbc0 JavaThread "Reference Handler" daemon [_thread_blocked, id=12020, stack(0x0000005110c00000,0x0000005110d00000)]
  0x0000016a234f1450 JavaThread "Finalizer" daemon [_thread_blocked, id=816, stack(0x0000005110d00000,0x0000005110e00000)]
  0x0000016a255ad130 JavaThread "Signal Dispatcher" daemon [_thread_blocked, id=956, stack(0x0000005110e00000,0x0000005110f00000)]
  0x0000016a255adcb0 JavaThread "Attach Listener" daemon [_thread_blocked, id=11608, stack(0x0000005110f00000,0x0000005111000000)]
  0x0000016a255aefd0 JavaThread "Service Thread" daemon [_thread_blocked, id=10764, stack(0x0000005111000000,0x0000005111100000)]
  0x0000016a255b5570 JavaThread "Monitor Deflation Thread" daemon [_thread_blocked, id=12228, stack(0x0000005111100000,0x0000005111200000)]
  0x0000016a23507d30 JavaThread "C2 CompilerThread0" daemon [_thread_in_native, id=12112, stack(0x0000005111200000,0x0000005111300000)]
  0x0000016a23508630 JavaThread "C1 CompilerThread0" daemon [_thread_blocked, id=4528, stack(0x0000005111300000,0x0000005111400000)]
  0x0000016a23511700 JavaThread "Sweeper thread" daemon [_thread_blocked, id=11632, stack(0x0000005111400000,0x0000005111500000)]
  0x0000016a0d7e45d0 JavaThread "Common-Cleaner" daemon [_thread_blocked, id=9700, stack(0x0000005111500000,0x0000005111600000)]
  0x0000016a2589aa90 JavaThread "Notification Thread" daemon [_thread_blocked, id=11924, stack(0x0000005111700000,0x0000005111800000)]
  0x0000016a25e171c0 JavaThread "Active Thread: Equinox Container: 490d35b4-4515-4945-b974-a977cd8327df" [_thread_blocked, id=9288, stack(0x0000005111e00000,0x0000005111f00000)]
  0x0000016a25f5ef10 JavaThread "Framework Event Dispatcher: Equinox Container: 490d35b4-4515-4945-b974-a977cd8327df" daemon [_thread_blocked, id=6580, stack(0x0000005111600000,0x0000005111700000)]
=>0x0000016a25f8bd00 JavaThread "Start Level: Equinox Container: 490d35b4-4515-4945-b974-a977cd8327df" daemon [_thread_in_vm, id=8980, stack(0x0000005111f00000,0x0000005112000000)]
  0x0000016a25f8c1d0 JavaThread "SCR Component Actor" daemon [_thread_blocked, id=10640, stack(0x0000005112000000,0x0000005112100000)]
  0x0000016a2601cd40 JavaThread "SCR Component Registry" daemon [_thread_blocked, id=13228, stack(0x0000005112100000,0x0000005112200000)]
  0x0000016a26d59680 JavaThread "Worker-JM" [_thread_blocked, id=9004, stack(0x0000005112200000,0x0000005112300000)]

Other Threads:
  0x0000016a234dae30 VMThread "VM Thread" [stack: 0x0000005110b00000,0x0000005110c00000] [id=6120]
  0x0000016a2589af60 WatcherThread [stack: 0x0000005111800000,0x0000005111900000] [id=11776]
  0x0000016a0d73bd90 GCTaskThread "GC Thread#0" [stack: 0x0000005110a00000,0x0000005110b00000] [id=1288]
  0x0000016a25a54fa0 GCTaskThread "GC Thread#1" [stack: 0x0000005111900000,0x0000005111a00000] [id=148]
  0x0000016a25ddcf50 GCTaskThread "GC Thread#2" [stack: 0x0000005111a00000,0x0000005111b00000] [id=6504]
  0x0000016a25bb4350 GCTaskThread "GC Thread#3" [stack: 0x0000005111b00000,0x0000005111c00000] [id=6212]
  0x0000016a25bb4600 GCTaskThread "GC Thread#4" [stack: 0x0000005111c00000,0x0000005111d00000] [id=4244]
  0x0000016a25bb48b0 GCTaskThread "GC Thread#5" [stack: 0x0000005111d00000,0x0000005111e00000] [id=12368]

Threads with active compile tasks:
C2 CompilerThread0     2684 1988 %     4       java.util.Properties$LineReader::readLine @ 53 (584 bytes)

VM state: not at safepoint (normal execution)

VM Mutex/Monitor currently owned by a thread:  ([mutex/lock_event])
[0x0000016a0d722c70] Metaspace_lock - owner thread: 0x0000016a25f8bd00

Heap address: 0x00000000c0000000, size: 1024 MB, Compressed Oops mode: 32-bit

CDS archive(s) not mapped
Compressed class space mapped at: 0x0000000100000000-0x0000000140000000, reserved size: 1073741824
Narrow klass base: 0x0000000000000000, Narrow klass shift: 3, Narrow klass range: 0x140000000

GC Precious Log:
 CPUs: 6 total, 6 available
 Memory: 8001M
 Large Page Support: Disabled
 NUMA Support: Disabled
 Compressed Oops: Enabled (32-bit)
 Alignments: Space 512K, Generation 512K, Heap 2M
 Heap Min Capacity: 100M
 Heap Initial Capacity: 100M
 Heap Max Capacity: 1G
 Pre-touch: Disabled
 Parallel Workers: 6

Heap:
 PSYoungGen      total 29696K, used 25107K [0x00000000eab00000, 0x00000000ecc00000, 0x0000000100000000)
  eden space 25600K, 82% used [0x00000000eab00000,0x00000000ebf8ad00,0x00000000ec400000)
  from space 4096K, 99% used [0x00000000ec800000,0x00000000ecbfa228,0x00000000ecc00000)
  to   space 4096K, 0% used [0x00000000ec400000,0x00000000ec400000,0x00000000ec800000)
 ParOldGen       total 68608K, used 838K [0x00000000c0000000, 0x00000000c4300000, 0x00000000eab00000)
  object space 68608K, 1% used [0x00000000c0000000,0x00000000c00d1830,0x00000000c4300000)
 Metaspace       used 19468K, committed 19776K, reserved 1073152K
  class space    used 1980K, committed 2112K, reserved 1048576K

Card table byte_map: [0x0000016a20db0000,0x0000016a20fc0000] _byte_map_base: 0x0000016a207b0000

Marking Bits: (ParMarkBitMap*) 0x00007ffbd94d3e70
 Begin Bits: [0x0000016a21120000, 0x0000016a22120000)
 End Bits:   [0x0000016a22120000, 0x0000016a23120000)

Polling page: 0x0000016a0d490000

Metaspace:

Usage:
  Non-class:     17.08 MB used.
      Class:      1.93 MB used.
       Both:     19.01 MB used.

Virtual space:
  Non-class space:       24.00 MB reserved,      17.25 MB ( 72%) committed,  3 nodes.
      Class space:        1.00 GB reserved,       2.06 MB ( <1%) committed,  1 nodes.
             Both:        1.02 GB reserved,      19.31 MB (  2%) committed. 

Chunk freelists:
   Non-Class:  1.92 MB
       Class:  1.91 MB
        Both:  3.83 MB

MaxMetaspaceSize: unlimited
CompressedClassSpaceSize: 1.00 GB
Initial GC threshold: 21.00 MB
Current GC threshold: 21.00 MB
CDS: off
MetaspaceReclaimPolicy: balanced
 - commit_granule_bytes: 65536.
 - commit_granule_words: 8192.
 - virtual_space_node_default_size: 1048576.
 - enlarge_chunks_in_place: 1.
 - new_chunks_are_fully_committed: 0.
 - uncommit_free_chunks: 1.
 - use_allocation_guard: 0.
 - handle_deallocations: 1.


Internal statistics:

num_allocs_failed_limit: 0.
num_arena_births: 156.
num_arena_deaths: 0.
num_vsnodes_births: 4.
num_vsnodes_deaths: 0.
num_space_committed: 309.
num_space_uncommitted: 0.
num_chunks_returned_to_freelist: 0.
num_chunks_taken_from_freelist: 544.
num_chunk_merges: 0.
num_chunk_splits: 358.
num_chunks_enlarged: 261.
num_purges: 0.
num_inconsistent_stats: 0.

CodeHeap 'non-profiled nmethods': size=120000Kb used=773Kb max_used=773Kb free=119226Kb
 bounds [0x0000016a196a0000, 0x0000016a19910000, 0x0000016a20bd0000]
CodeHeap 'profiled nmethods': size=120000Kb used=3814Kb max_used=3814Kb free=116185Kb
 bounds [0x0000016a11bd0000, 0x0000016a11f90000, 0x0000016a19100000]
CodeHeap 'non-nmethods': size=5760Kb used=1183Kb max_used=1199Kb free=4577Kb
 bounds [0x0000016a19100000, 0x0000016a19370000, 0x0000016a196a0000]
 total_blobs=2472 nmethods=1986 adapters=400
 compilation: enabled
              stopped_count=0, restarted_count=0
 full_count=0

Compilation events (20 events):
Event: 2.627 Thread 0x0000016a23508630 nmethod 1978 0x0000016a11f84b10 code [0x0000016a11f84cc0, 0x0000016a11f84e88]
Event: 2.627 Thread 0x0000016a23508630 1979       3       java.net.URI$Parser::<init> (30 bytes)
Event: 2.627 Thread 0x0000016a23508630 nmethod 1979 0x0000016a11f84f90 code [0x0000016a11f85120, 0x0000016a11f852d8]
Event: 2.632 Thread 0x0000016a23508630 1980   !   3       jdk.internal.loader.BuiltinClassLoader::findResource (154 bytes)
Event: 2.632 Thread 0x0000016a23508630 nmethod 1980 0x0000016a11f85410 code [0x0000016a11f85780, 0x0000016a11f86bc8]
Event: 2.634 Thread 0x0000016a23507d30 1981       4       java.lang.Character::digit (10 bytes)
Event: 2.634 Thread 0x0000016a23508630 1982       3       sun.invoke.util.BytecodeDescriptor::unparse (24 bytes)
Event: 2.635 Thread 0x0000016a23508630 nmethod 1982 0x0000016a11f87410 code [0x0000016a11f875c0, 0x0000016a11f877c8]
Event: 2.635 Thread 0x0000016a23508630 1983       3       java.lang.invoke.InnerClassLambdaMetafactory::getOpcodeOffset (38 bytes)
Event: 2.635 Thread 0x0000016a23507d30 nmethod 1981 0x0000016a19761090 code [0x0000016a19761220, 0x0000016a19761398]
Event: 2.635 Thread 0x0000016a23508630 nmethod 1983 0x0000016a11f87890 code [0x0000016a11f87a60, 0x0000016a11f87d38]
Event: 2.640 Thread 0x0000016a23508630 1984       3       org.eclipse.core.internal.preferences.EclipsePreferences::checkRemoved (26 bytes)
Event: 2.640 Thread 0x0000016a23508630 nmethod 1984 0x0000016a11f87e10 code [0x0000016a11f87fe0, 0x0000016a11f882d8]
Event: 2.640 Thread 0x0000016a23508630 1985       3       java.lang.invoke.DirectMethodHandle::maybeCompile (24 bytes)
Event: 2.640 Thread 0x0000016a23508630 nmethod 1985 0x0000016a11f88410 code [0x0000016a11f885c0, 0x0000016a11f887d8]
Event: 2.642 Thread 0x0000016a23508630 1986       3       java.util.WeakHashMap::get (75 bytes)
Event: 2.642 Thread 0x0000016a23508630 nmethod 1986 0x0000016a11f88910 code [0x0000016a11f88b40, 0x0000016a11f893d8]
Event: 2.645 Thread 0x0000016a23508630 1987       3       java.util.WeakHashMap::getTable (9 bytes)
Event: 2.645 Thread 0x0000016a23507d30 1988 %     4       java.util.Properties$LineReader::readLine @ 53 (584 bytes)
Event: 2.646 Thread 0x0000016a23508630 nmethod 1987 0x0000016a11f89790 code [0x0000016a11f89920, 0x0000016a11f89a68]

GC Heap History (4 events):
Event: 0.780 GC heap before
{Heap before GC invocations=1 (full 0):
 PSYoungGen      total 29696K, used 25600K [0x00000000eab00000, 0x00000000ecc00000, 0x0000000100000000)
  eden space 25600K, 100% used [0x00000000eab00000,0x00000000ec400000,0x00000000ec400000)
  from space 4096K, 0% used [0x00000000ec800000,0x00000000ec800000,0x00000000ecc00000)
  to   space 4096K, 0% used [0x00000000ec400000,0x00000000ec400000,0x00000000ec800000)
 ParOldGen       total 68608K, used 0K [0x00000000c0000000, 0x00000000c4300000, 0x00000000eab00000)
  object space 68608K, 0% used [0x00000000c0000000,0x00000000c0000000,0x00000000c4300000)
 Metaspace       used 11104K, committed 11328K, reserved 1064960K
  class space    used 1106K, committed 1216K, reserved 1048576K
}
Event: 0.785 GC heap after
{Heap after GC invocations=1 (full 0):
 PSYoungGen      total 29696K, used 3240K [0x00000000eab00000, 0x00000000ecc00000, 0x0000000100000000)
  eden space 25600K, 0% used [0x00000000eab00000,0x00000000eab00000,0x00000000ec400000)
  from space 4096K, 79% used [0x00000000ec400000,0x00000000ec72a208,0x00000000ec800000)
  to   space 4096K, 0% used [0x00000000ec800000,0x00000000ec800000,0x00000000ecc00000)
 ParOldGen       total 68608K, used 16K [0x00000000c0000000, 0x00000000c4300000, 0x00000000eab00000)
  object space 68608K, 0% used [0x00000000c0000000,0x00000000c0004000,0x00000000c4300000)
 Metaspace       used 11104K, committed 11328K, reserved 1064960K
  class space    used 1106K, committed 1216K, reserved 1048576K
}
Event: 2.356 GC heap before
{Heap before GC invocations=2 (full 0):
 PSYoungGen      total 29696K, used 28816K [0x00000000eab00000, 0x00000000ecc00000, 0x0000000100000000)
  eden space 25600K, 99% used [0x00000000eab00000,0x00000000ec3fa180,0x00000000ec400000)
  from space 4096K, 79% used [0x00000000ec400000,0x00000000ec72a208,0x00000000ec800000)
  to   space 4096K, 0% used [0x00000000ec800000,0x00000000ec800000,0x00000000ecc00000)
 ParOldGen       total 68608K, used 16K [0x00000000c0000000, 0x00000000c4300000, 0x00000000eab00000)
  object space 68608K, 0% used [0x00000000c0000000,0x00000000c0004000,0x00000000c4300000)
 Metaspace       used 15358K, committed 15616K, reserved 1064960K
  class space    used 1567K, committed 1728K, reserved 1048576K
}
Event: 2.361 GC heap after
{Heap after GC invocations=2 (full 0):
 PSYoungGen      total 29696K, used 4072K [0x00000000eab00000, 0x00000000ecc00000, 0x0000000100000000)
  eden space 25600K, 0% used [0x00000000eab00000,0x00000000eab00000,0x00000000ec400000)
  from space 4096K, 99% used [0x00000000ec800000,0x00000000ecbfa228,0x00000000ecc00000)
  to   space 4096K, 0% used [0x00000000ec400000,0x00000000ec400000,0x00000000ec800000)
 ParOldGen       total 68608K, used 838K [0x00000000c0000000, 0x00000000c4300000, 0x00000000eab00000)
  object space 68608K, 1% used [0x00000000c0000000,0x00000000c00d1830,0x00000000c4300000)
 Metaspace       used 15358K, committed 15616K, reserved 1064960K
  class space    used 1567K, committed 1728K, reserved 1048576K
}

Dll operation events (9 events):
Event: 0.105 Loaded shared library c:\Users\daniely.campaner\.vscode\extensions\redhat.java-1.16.0-win32-x64\jre\17.0.6-win32-x86_64\bin\java.dll
Event: 0.209 Loaded shared library c:\Users\daniely.campaner\.vscode\extensions\redhat.java-1.16.0-win32-x64\jre\17.0.6-win32-x86_64\bin\zip.dll
Event: 0.212 Loaded shared library C:\Users\daniely.campaner\.vscode\extensions\redhat.java-1.16.0-win32-x64\jre\17.0.6-win32-x86_64\bin\instrument.dll
Event: 0.238 Loaded shared library C:\Users\daniely.campaner\.vscode\extensions\redhat.java-1.16.0-win32-x64\jre\17.0.6-win32-x86_64\bin\net.dll
Event: 0.255 Loaded shared library C:\Users\daniely.campaner\.vscode\extensions\redhat.java-1.16.0-win32-x64\jre\17.0.6-win32-x86_64\bin\nio.dll
Event: 0.261 Loaded shared library C:\Users\daniely.campaner\.vscode\extensions\redhat.java-1.16.0-win32-x64\jre\17.0.6-win32-x86_64\bin\zip.dll
Event: 0.270 Loaded shared library C:\Users\daniely.campaner\.vscode\extensions\redhat.java-1.16.0-win32-x64\jre\17.0.6-win32-x86_64\bin\jimage.dll
Event: 0.322 Loaded shared library c:\Users\daniely.campaner\.vscode\extensions\redhat.java-1.16.0-win32-x64\jre\17.0.6-win32-x86_64\bin\verify.dll
Event: 2.300 Loaded shared library C:\Users\daniely.campaner\AppData\Roaming\Code\User\globalStorage\redhat.java\1.16.0\config_ss_win\org.eclipse.equinox.launcher\org.eclipse.equinox.launcher.win32.win32.x86_64_1.2.700.v20221108-1024\eclipse_11801.dll

Deoptimization events (20 events):
Event: 2.548 Thread 0x0000016a25f8bd00 Uncommon trap: trap_request=0xffffff45 fr.pc=0x0000016a196b6624 relative=0x0000000000000384
Event: 2.548 Thread 0x0000016a25f8bd00 Uncommon trap: reason=unstable_if action=reinterpret pc=0x0000016a196b6624 method=java.lang.StringLatin1.canEncode(I)Z @ 4 c2
Event: 2.548 Thread 0x0000016a25f8bd00 DEOPT PACKING pc=0x0000016a196b6624 sp=0x0000005111ff8690
Event: 2.548 Thread 0x0000016a25f8bd00 DEOPT UNPACKING pc=0x0000016a191566a3 sp=0x0000005111ff85b8 mode 2
Event: 2.548 Thread 0x0000016a25f8bd00 Uncommon trap: trap_request=0xffffff45 fr.pc=0x0000016a196d8600 relative=0x0000000000000360
Event: 2.548 Thread 0x0000016a25f8bd00 Uncommon trap: reason=unstable_if action=reinterpret pc=0x0000016a196d8600 method=java.lang.AbstractStringBuilder.isLatin1()Z @ 10 c2
Event: 2.548 Thread 0x0000016a25f8bd00 DEOPT PACKING pc=0x0000016a196d8600 sp=0x0000005111ff86b0
Event: 2.548 Thread 0x0000016a25f8bd00 DEOPT UNPACKING pc=0x0000016a191566a3 sp=0x0000005111ff8630 mode 2
Event: 2.548 Thread 0x0000016a25f8bd00 Uncommon trap: trap_request=0xffffff45 fr.pc=0x0000016a19741bdc relative=0x000000000000005c
Event: 2.548 Thread 0x0000016a25f8bd00 Uncommon trap: reason=unstable_if action=reinterpret pc=0x0000016a19741bdc method=java.lang.AbstractStringBuilder.isLatin1()Z @ 10 c2
Event: 2.548 Thread 0x0000016a25f8bd00 DEOPT PACKING pc=0x0000016a19741bdc sp=0x0000005111ff8690
Event: 2.548 Thread 0x0000016a25f8bd00 DEOPT UNPACKING pc=0x0000016a191566a3 sp=0x0000005111ff8620 mode 2
Event: 2.551 Thread 0x0000016a25f8bd00 Uncommon trap: trap_request=0xffffff45 fr.pc=0x0000016a196c71c8 relative=0x0000000000000048
Event: 2.551 Thread 0x0000016a25f8bd00 Uncommon trap: reason=unstable_if action=reinterpret pc=0x0000016a196c71c8 method=java.lang.CharacterData.of(I)Ljava/lang/CharacterData; @ 4 c2
Event: 2.551 Thread 0x0000016a25f8bd00 DEOPT PACKING pc=0x0000016a196c71c8 sp=0x0000005111ff7e60
Event: 2.551 Thread 0x0000016a25f8bd00 DEOPT UNPACKING pc=0x0000016a191566a3 sp=0x0000005111ff7df8 mode 2
Event: 2.602 Thread 0x0000016a25f8bd00 Uncommon trap: trap_request=0xffffff45 fr.pc=0x0000016a196d3b88 relative=0x0000000000000c68
Event: 2.602 Thread 0x0000016a25f8bd00 Uncommon trap: reason=unstable_if action=reinterpret pc=0x0000016a196d3b88 method=lombok.patcher.PatchScript.classMatches(Ljava/lang/String;Ljava/util/Collection;)Z @ 25 c2
Event: 2.602 Thread 0x0000016a25f8bd00 DEOPT PACKING pc=0x0000016a196d3b88 sp=0x0000005111ff69c0
Event: 2.602 Thread 0x0000016a25f8bd00 DEOPT UNPACKING pc=0x0000016a191566a3 sp=0x0000005111ff6980 mode 2

Classes unloaded (0 events):
No events

Classes redefined (0 events):
No events

Internal exceptions (20 events):
Event: 0.751 Thread 0x0000016a0d728110 Exception <a 'java/lang/NoSuchMethodError'{0x00000000ec2d5eb0}: 'void java.lang.invoke.DirectMethodHandle$Holder.invokeStaticInit(java.lang.Object, java.lang.Object)'> (0x00000000ec2d5eb0) 
thrown [s\src\hotspot\share\interpreter\linkResolver.cpp, line 759]
Event: 0.752 Thread 0x0000016a0d728110 Exception <a 'java/lang/NoSuchMethodError'{0x00000000ec2dda90}: 'int java.lang.invoke.DirectMethodHandle$Holder.invokeStaticInit(java.lang.Object, java.lang.Object)'> (0x00000000ec2dda90) 
thrown [s\src\hotspot\share\interpreter\linkResolver.cpp, line 759]
Event: 0.785 Thread 0x0000016a0d728110 Exception <a 'java/lang/NoSuchMethodError'{0x00000000eab04d58}: 'void java.lang.invoke.DirectMethodHandle$Holder.invokeSpecial(java.lang.Object, java.lang.Object, java.lang.Object)'> (0x00000000eab04d58) 
thrown [s\src\hotspot\share\interpreter\linkResolver.cpp, line 759]
Event: 0.935 Thread 0x0000016a0d728110 Exception <a 'java/lang/NoSuchMethodError'{0x00000000eb6cebf0}: 'java.lang.Object java.lang.invoke.DirectMethodHandle$Holder.newInvokeSpecial(java.lang.Object, int, java.lang.Object)'> (0x00000000eb6cebf0) 
thrown [s\src\hotspot\share\interpreter\linkResolver.cpp, line 759]
Event: 2.018 Thread 0x0000016a0d728110 Exception <a 'java/lang/UnsatisfiedLinkError'{0x00000000ebc07940}: 'void org.eclipse.equinox.launcher.JNIBridge._update_splash()'> (0x00000000ebc07940) 
thrown [s\src\hotspot\share\prims\nativeLookup.cpp, line 543]
Event: 2.040 Thread 0x0000016a25f8bd00 Exception <a 'java/lang/NoSuchMethodError'{0x00000000ebe74d78}: 'java.lang.Object java.lang.invoke.DirectMethodHandle$Holder.invokeStaticInit(java.lang.Object)'> (0x00000000ebe74d78) 
thrown [s\src\hotspot\share\interpreter\linkResolver.cpp, line 759]
Event: 2.435 Thread 0x0000016a25f8bd00 Exception <a 'java/io/FileNotFoundException'{0x00000000eb193290}> (0x00000000eb193290) 
thrown [s\src\hotspot\share\prims\jni.cpp, line 516]
Event: 2.441 Thread 0x0000016a25f8bd00 Exception <a 'java/lang/NullPointerException'{0x00000000eb1e4cf0}> (0x00000000eb1e4cf0) 
thrown [s\src\hotspot\share\interpreter\linkResolver.cpp, line 1350]
Event: 2.441 Thread 0x0000016a25f8bd00 Exception <a 'java/lang/NullPointerException'{0x00000000eb1e5518}> (0x00000000eb1e5518) 
thrown [s\src\hotspot\share\interpreter\linkResolver.cpp, line 1350]
Event: 2.460 Thread 0x0000016a25f8bd00 Exception <a 'java/lang/NoSuchMethodError'{0x00000000eb311b48}: 'java.lang.Object java.lang.invoke.Invokers$Holder.invokeExact_MT(java.lang.Object, java.lang.Object, java.lang.Object, java.lang.Object, java.lang.Object, java.lang.Object)'> (0x00000000eb311b48) 
thrown [s\src\hotspot\share\interpreter\linkResolver.cpp, line 759]
Event: 2.566 Thread 0x0000016a25f8bd00 Exception <a 'java/lang/NoSuchMethodError'{0x00000000eb961ed8}: 'void java.lang.invoke.DirectMethodHandle$Holder.invokeInterface(java.lang.Object, java.lang.Object, java.lang.Object)'> (0x00000000eb961ed8) 
thrown [s\src\hotspot\share\interpreter\linkResolver.cpp, line 759]
Event: 2.609 Thread 0x0000016a25f8bd00 Exception <a 'java/lang/NoSuchMethodError'{0x00000000ebd61d88}: 'java.lang.Object java.lang.invoke.DirectMethodHandle$Holder.invokeStatic(java.lang.Object, java.lang.Object, int)'> (0x00000000ebd61d88) 
thrown [s\src\hotspot\share\interpreter\linkResolver.cpp, line 759]
Event: 2.609 Thread 0x0000016a25f8bd00 Exception <a 'java/lang/NoSuchMethodError'{0x00000000ebd66938}: 'void java.lang.invoke.DirectMethodHandle$Holder.invokeStatic(java.lang.Object, java.lang.Object, int, java.lang.Object)'> (0x00000000ebd66938) 
thrown [s\src\hotspot\share\interpreter\linkResolver.cpp, line 759]
Event: 2.610 Thread 0x0000016a25f8bd00 Exception <a 'java/lang/NoSuchMethodError'{0x00000000ebd6e068}: 'void java.lang.invoke.DelegatingMethodHandle$Holder.delegate(java.lang.Object, java.lang.Object, int, java.lang.Object)'> (0x00000000ebd6e068) 
thrown [s\src\hotspot\share\interpreter\linkResolver.cpp, line 759]
Event: 2.610 Thread 0x0000016a25f8bd00 Exception <a 'java/lang/NoSuchMethodError'{0x00000000ebd72450}: 'int java.lang.invoke.DirectMethodHandle$Holder.invokeSpecial(java.lang.Object, java.lang.Object, java.lang.Object)'> (0x00000000ebd72450) 
thrown [s\src\hotspot\share\interpreter\linkResolver.cpp, line 759]
Event: 2.612 Thread 0x0000016a25f8bd00 Exception <a 'java/lang/NoSuchMethodError'{0x00000000ebd83a60}: 'int java.lang.invoke.DirectMethodHandle$Holder.invokeStatic(java.lang.Object, java.lang.Object, int)'> (0x00000000ebd83a60) 
thrown [s\src\hotspot\share\interpreter\linkResolver.cpp, line 759]
Event: 2.612 Thread 0x0000016a25f8bd00 Exception <a 'java/lang/NoSuchMethodError'{0x00000000ebd880d8}: 'int java.lang.invoke.DirectMethodHandle$Holder.invokeSpecial(java.lang.Object, java.lang.Object, java.lang.Object, int)'> (0x00000000ebd880d8) 
thrown [s\src\hotspot\share\interpreter\linkResolver.cpp, line 759]
Event: 2.613 Thread 0x0000016a25f8bd00 Exception <a 'java/lang/NoSuchMethodError'{0x00000000ebda3b78}: 'java.lang.Object java.lang.invoke.DirectMethodHandle$Holder.invokeStatic(java.lang.Object, java.lang.Object, java.lang.Object, java.lang.Object, int)'> (0x00000000ebda3b78) 
thrown [s\src\hotspot\share\interpreter\linkResolver.cpp, line 759]
Event: 2.614 Thread 0x0000016a25f8bd00 Exception <a 'java/lang/NoSuchMethodError'{0x00000000ebdafb70}: 'java.lang.Object java.lang.invoke.DelegatingMethodHandle$Holder.reinvoke_L(java.lang.Object, java.lang.Object, java.lang.Object, java.lang.Object, int, int)'> (0x00000000ebdafb70) 
thrown [s\src\hotspot\share\interpreter\linkResolver.cpp, line 759]
Event: 2.615 Thread 0x0000016a25f8bd00 Exception <a 'java/lang/NoSuchMethodError'{0x00000000ebdc7b80}: 'java.lang.Object java.lang.invoke.Invokers$Holder.invokeExact_MT(java.lang.Object, java.lang.Object, java.lang.Object, java.lang.Object)'> (0x00000000ebdc7b80) 
thrown [s\src\hotspot\share\interpreter\linkResolver.cpp, line 759]

VM Operations (20 events):
Event: 0.921 Executing VM operation: HandshakeAllThreads
Event: 0.921 Executing VM operation: HandshakeAllThreads done
Event: 0.921 Executing VM operation: HandshakeAllThreads
Event: 0.921 Executing VM operation: HandshakeAllThreads done
Event: 0.925 Executing VM operation: HandshakeAllThreads
Event: 0.925 Executing VM operation: HandshakeAllThreads done
Event: 0.933 Executing VM operation: HandshakeAllThreads
Event: 0.933 Executing VM operation: HandshakeAllThreads done
Event: 1.934 Executing VM operation: Cleanup
Event: 1.934 Executing VM operation: Cleanup done
Event: 2.049 Executing VM operation: HandshakeAllThreads
Event: 2.307 Executing VM operation: HandshakeAllThreads done
Event: 2.356 Executing VM operation: ParallelGCFailedAllocation
Event: 2.361 Executing VM operation: ParallelGCFailedAllocation done
Event: 2.552 Executing VM operation: HandshakeAllThreads
Event: 2.552 Executing VM operation: HandshakeAllThreads done
Event: 2.554 Executing VM operation: HandshakeAllThreads
Event: 2.554 Executing VM operation: HandshakeAllThreads done
Event: 2.609 Executing VM operation: HandshakeAllThreads
Event: 2.609 Executing VM operation: HandshakeAllThreads done

Events (20 events):
Event: 2.608 loading class java/lang/invoke/MethodHandleImpl$2
Event: 2.608 loading class java/lang/invoke/MethodHandleImpl$2 done
Event: 2.608 loading class java/lang/invoke/MethodHandleImpl$ArrayAccessor
Event: 2.608 loading class java/lang/invoke/MethodHandleImpl$ArrayAccessor done
Event: 2.608 loading class java/lang/invoke/MethodHandleImpl$ArrayAccessor$1
Event: 2.608 loading class java/lang/invoke/MethodHandleImpl$ArrayAccessor$1 done
Event: 2.608 loading class java/lang/ClassValue$ClassValueMap
Event: 2.609 loading class java/lang/ClassValue$ClassValueMap done
Event: 2.611 loading class sun/invoke/util/ValueConversions$WrapperCache
Event: 2.611 loading class sun/invoke/util/ValueConversions$WrapperCache done
Event: 2.611 loading class sun/invoke/util/ValueConversions$1
Event: 2.611 loading class sun/invoke/util/ValueConversions$1 done
Event: 2.612 loading class java/lang/invoke/BoundMethodHandle$Species_LI
Event: 2.612 loading class java/lang/invoke/BoundMethodHandle$Species_LI done
Event: 2.612 loading class java/lang/invoke/ClassSpecializer$Factory$1Var
Event: 2.613 loading class java/lang/invoke/ClassSpecializer$Factory$1Var done
Event: 2.644 loading class java/lang/IllegalCallerException
Event: 2.644 loading class java/lang/IllegalCallerException done
Event: 2.646 loading class java/lang/StackWalker$Option
Event: 2.646 loading class java/lang/StackWalker$Option done


Dynamic libraries:
0x00007ff6cb4a0000 - 0x00007ff6cb4ae000 	c:\Users\daniely.campaner\.vscode\extensions\redhat.java-1.16.0-win32-x64\jre\17.0.6-win32-x86_64\bin\java.exe
0x00007ffc113f0000 - 0x00007ffc115e8000 	C:\Windows\SYSTEM32\ntdll.dll
0x00007ffc10830000 - 0x00007ffc108ef000 	C:\Windows\System32\KERNEL32.dll
0x00007ffc0e7f0000 - 0x00007ffc0e8f1000 	C:\Windows\system32\hmpalert.dll
0x00007ffc0efc0000 - 0x00007ffc0f292000 	C:\Windows\System32\KERNELBASE.dll
0x00007ffc0f340000 - 0x00007ffc0f440000 	C:\Windows\System32\ucrtbase.dll
0x00007ffc07660000 - 0x00007ffc07677000 	c:\Users\daniely.campaner\.vscode\extensions\redhat.java-1.16.0-win32-x64\jre\17.0.6-win32-x86_64\bin\jli.dll
0x00007ffc0fd60000 - 0x00007ffc0ff01000 	C:\Windows\System32\USER32.dll
0x00007ffc0ee80000 - 0x00007ffc0eea2000 	C:\Windows\System32\win32u.dll
0x00007ffc0f440000 - 0x00007ffc0f46b000 	C:\Windows\System32\GDI32.dll
0x00007ffc063f0000 - 0x00007ffc06409000 	c:\Users\daniely.campaner\.vscode\extensions\redhat.java-1.16.0-win32-x64\jre\17.0.6-win32-x86_64\bin\VCRUNTIME140.dll
0x00007ffc0eeb0000 - 0x00007ffc0efbf000 	C:\Windows\System32\gdi32full.dll
0x00007ffc0f2a0000 - 0x00007ffc0f33d000 	C:\Windows\System32\msvcp_win.dll
0x00007ffbf81d0000 - 0x00007ffbf846a000 	C:\Windows\WinSxS\amd64_microsoft.windows.common-controls_6595b64144ccf1df_6.0.19041.1110_none_60b5254171f9507e\COMCTL32.dll
0x00007ffc103b0000 - 0x00007ffc1044e000 	C:\Windows\System32\msvcrt.dll
0x00007ffc10270000 - 0x00007ffc102a0000 	C:\Windows\System32\IMM32.DLL
0x00007ffc0c070000 - 0x00007ffc0c07c000 	c:\Users\daniely.campaner\.vscode\extensions\redhat.java-1.16.0-win32-x64\jre\17.0.6-win32-x86_64\bin\vcruntime140_1.dll
0x00007ffbf4aa0000 - 0x00007ffbf4b31000 	c:\Users\daniely.campaner\.vscode\extensions\redhat.java-1.16.0-win32-x64\jre\17.0.6-win32-x86_64\bin\msvcp140.dll
0x00007ffbd8950000 - 0x00007ffbd9597000 	c:\Users\daniely.campaner\.vscode\extensions\redhat.java-1.16.0-win32-x64\jre\17.0.6-win32-x86_64\bin\server\jvm.dll
0x00007ffc10450000 - 0x00007ffc104fe000 	C:\Windows\System32\ADVAPI32.dll
0x00007ffc10d70000 - 0x00007ffc10e0c000 	C:\Windows\System32\sechost.dll
0x00007ffc10580000 - 0x00007ffc106a4000 	C:\Windows\System32\RPCRT4.dll
0x00007ffbff5f0000 - 0x00007ffbff617000 	C:\Windows\SYSTEM32\WINMM.dll
0x00007ffc097b0000 - 0x00007ffc097b9000 	C:\Windows\SYSTEM32\WSOCK32.dll
0x00007ffc09dc0000 - 0x00007ffc09dca000 	C:\Windows\SYSTEM32\VERSION.dll
0x00007ffc10510000 - 0x00007ffc1057b000 	C:\Windows\System32\WS2_32.dll
0x00007ffc0c7b0000 - 0x00007ffc0c7c2000 	C:\Windows\SYSTEM32\kernel.appcore.dll
0x00007ffc093f0000 - 0x00007ffc093fa000 	c:\Users\daniely.campaner\.vscode\extensions\redhat.java-1.16.0-win32-x64\jre\17.0.6-win32-x86_64\bin\jimage.dll
0x00007ffbff720000 - 0x00007ffbff904000 	C:\Windows\SYSTEM32\DBGHELP.DLL
0x00007ffbfdf20000 - 0x00007ffbfdf55000 	C:\Windows\SYSTEM32\dbgcore.DLL
0x00007ffc0edf0000 - 0x00007ffc0ee72000 	C:\Windows\System32\bcryptPrimitives.dll
0x00007ffc08210000 - 0x00007ffc0821e000 	c:\Users\daniely.campaner\.vscode\extensions\redhat.java-1.16.0-win32-x64\jre\17.0.6-win32-x86_64\bin\instrument.dll
0x00007ffc063c0000 - 0x00007ffc063e5000 	c:\Users\daniely.campaner\.vscode\extensions\redhat.java-1.16.0-win32-x64\jre\17.0.6-win32-x86_64\bin\java.dll
0x00007ffc06260000 - 0x00007ffc06278000 	c:\Users\daniely.campaner\.vscode\extensions\redhat.java-1.16.0-win32-x64\jre\17.0.6-win32-x86_64\bin\zip.dll
0x00007ffc0f4d0000 - 0x00007ffc0fc15000 	C:\Windows\System32\SHELL32.dll
0x00007ffc0c9b0000 - 0x00007ffc0d142000 	C:\Windows\SYSTEM32\windows.storage.dll
0x00007ffc0ff10000 - 0x00007ffc10265000 	C:\Windows\System32\combase.dll
0x00007ffc0e3d0000 - 0x00007ffc0e400000 	C:\Windows\SYSTEM32\Wldp.dll
0x00007ffc0fc20000 - 0x00007ffc0fccd000 	C:\Windows\System32\SHCORE.dll
0x00007ffc107d0000 - 0x00007ffc10825000 	C:\Windows\System32\shlwapi.dll
0x00007ffc0ea30000 - 0x00007ffc0ea4f000 	C:\Windows\SYSTEM32\profapi.dll
0x00007ffc01550000 - 0x00007ffc01569000 	C:\Users\daniely.campaner\.vscode\extensions\redhat.java-1.16.0-win32-x64\jre\17.0.6-win32-x86_64\bin\net.dll
0x00007ffc0d960000 - 0x00007ffc0da6a000 	C:\Windows\SYSTEM32\WINHTTP.dll
0x00007ffc0e0c0000 - 0x00007ffc0e12a000 	C:\Windows\system32\mswsock.dll
0x00007ffc012f0000 - 0x00007ffc01305000 	C:\Users\daniely.campaner\.vscode\extensions\redhat.java-1.16.0-win32-x64\jre\17.0.6-win32-x86_64\bin\nio.dll
0x00007ffc07a10000 - 0x00007ffc07a20000 	c:\Users\daniely.campaner\.vscode\extensions\redhat.java-1.16.0-win32-x64\jre\17.0.6-win32-x86_64\bin\verify.dll
0x00007ffbfce20000 - 0x00007ffbfce5e000 	C:\Users\daniely.campaner\AppData\Roaming\Code\User\globalStorage\redhat.java\1.16.0\config_ss_win\org.eclipse.equinox.launcher\org.eclipse.equinox.launcher.win32.win32.x86_64_1.2.700.v20221108-1024\eclipse_11801.dll
0x00007ffc10c40000 - 0x00007ffc10d6a000 	C:\Windows\System32\ole32.dll

dbghelp: loaded successfully - version: 4.0.5 - missing functions: none
symbol engine: initialized successfully - sym options: 0x614 - pdb path: .;c:\Users\daniely.campaner\.vscode\extensions\redhat.java-1.16.0-win32-x64\jre\17.0.6-win32-x86_64\bin;C:\Windows\SYSTEM32;C:\Windows\WinSxS\amd64_microsoft.windows.common-controls_6595b64144ccf1df_6.0.19041.1110_none_60b5254171f9507e;c:\Users\daniely.campaner\.vscode\extensions\redhat.java-1.16.0-win32-x64\jre\17.0.6-win32-x86_64\bin\server;C:\Users\daniely.campaner\AppData\Roaming\Code\User\globalStorage\redhat.java\1.16.0\config_ss_win\org.eclipse.equinox.launcher\org.eclipse.equinox.launcher.win32.win32.x86_64_1.2.700.v20221108-1024

VM Arguments:
jvm_args: --add-modules=ALL-SYSTEM --add-opens=java.base/java.util=ALL-UNNAMED --add-opens=java.base/java.lang=ALL-UNNAMED --add-opens=java.base/sun.nio.fs=ALL-UNNAMED -Declipse.application=org.eclipse.jdt.ls.core.id1 -Dosgi.bundles.defaultStartLevel=4 -Declipse.product=org.eclipse.jdt.ls.core.product -Djava.import.generatesMetadataFilesAtProjectRoot=false -Dfile.encoding=utf8 -XX:+UseParallelGC -XX:GCTimeRatio=4 -XX:AdaptiveSizePolicyWeight=90 -Dsun.zip.disableMemoryMapping=true -Xmx1G -Xms100m -Xlog:disable -javaagent:c:\Users\daniely.campaner\.vscode\extensions\redhat.java-1.16.0-win32-x64\lombok\lombok-1.18.24.jar 
java_command: c:\Users\daniely.campaner\.vscode\extensions\redhat.java-1.16.0-win32-x64\server\plugins\org.eclipse.equinox.launcher_1.6.400.v20210924-0641.jar -configuration c:\Users\daniely.campaner\AppData\Roaming\Code\User\globalStorage\redhat.java\1.16.0\config_ss_win -data c:\Users\daniely.campaner\AppData\Roaming\Code\User\workspaceStorage\aafcf80c885c810d8cba38d79f474c28\redhat.java\ss_ws
java_class_path (initial): c:\Users\daniely.campaner\.vscode\extensions\redhat.java-1.16.0-win32-x64\server\plugins\org.eclipse.equinox.launcher_1.6.400.v20210924-0641.jar
Launcher Type: SUN_STANDARD

[Global flags]
    uintx AdaptiveSizePolicyWeight                 = 90                                        {product} {command line}
     intx CICompilerCount                          = 3                                         {product} {ergonomic}
    uintx GCTimeRatio                              = 4                                         {product} {command line}
   size_t InitialHeapSize                          = 104857600                                 {product} {command line}
   size_t MaxHeapSize                              = 1073741824                                {product} {command line}
   size_t MaxNewSize                               = 357564416                                 {product} {ergonomic}
   size_t MinHeapDeltaBytes                        = 524288                                    {product} {ergonomic}
   size_t MinHeapSize                              = 104857600                                 {product} {command line}
   size_t NewSize                                  = 34603008                                  {product} {ergonomic}
    uintx NonNMethodCodeHeapSize                   = 5832780                                {pd product} {ergonomic}
    uintx NonProfiledCodeHeapSize                  = 122912730                              {pd product} {ergonomic}
   size_t OldSize                                  = 70254592                                  {product} {ergonomic}
    uintx ProfiledCodeHeapSize                     = 122912730                              {pd product} {ergonomic}
    uintx ReservedCodeCacheSize                    = 251658240                              {pd product} {ergonomic}
     bool SegmentedCodeCache                       = true                                      {product} {ergonomic}
   size_t SoftMaxHeapSize                          = 1073741824                             {manageable} {ergonomic}
     bool UseCompressedClassPointers               = true                           {product lp64_product} {ergonomic}
     bool UseCompressedOops                        = true                           {product lp64_product} {ergonomic}
     bool UseLargePagesIndividualAllocation        = false                                  {pd product} {ergonomic}
     bool UseParallelGC                            = true                                      {product} {command line}

Logging:
Log output configuration:
 #0: stdout all=off uptime,level,tags
 #1: stderr all=off uptime,level,tags

Environment Variables:
PATH=C:\Program Files (x86)\VMware\VMware Workstation\bin\;C:\Program Files\Common Files\Oracle\Java\javapath;C:\Program Files (x86)\Common Files\Oracle\Java\javapath;C:\Windows\system32;C:\Windows;C:\Windows\System32\Wbem;C:\Windows\System32\WindowsPowerShell\v1.0\;C:\Windows\System32\OpenSSH\;C:\Program Files\Git\cmd;C:\Program Files\nodejs\;C:\Program Files\Microsoft VS Code\bin;C:\Users\daniely.campaner\AppData\Local\Microsoft\WindowsApps;
USERNAME=daniely.campaner
OS=Windows_NT
PROCESSOR_IDENTIFIER=Intel64 Family 6 Model 158 Stepping 10, GenuineIntel
TMP=C:\Users\DANIEL~1.CAM\AppData\Local\Temp
TEMP=C:\Users\DANIEL~1.CAM\AppData\Local\Temp



---------------  S Y S T E M  ---------------

OS:
 Windows 10 , 64 bit Build 19041 (10.0.19041.2546)
OS uptime: 0 days 10:27 hours

CPU: total 6 (initial active 6) (6 cores per cpu, 1 threads per core) family 6 model 158 stepping 10 microcode 0xea, cx8, cmov, fxsr, mmx, 3dnowpref, sse, sse2, sse3, ssse3, sse4.1, sse4.2, popcnt, lzcnt, tsc, tscinvbit, avx, avx2, aes, erms, clmul, bmi1, bmi2, rtm, adx, fma, vzeroupper, clflush, clflushopt

Memory: 4k page, system-wide physical 8001M (1000M free)
TotalPageFile size 8001M (AvailPageFile size 3M)
current process WorkingSet (physical memory assigned to process): 97M, peak: 97M
current process commit charge ("private bytes"): 207M, peak: 207M

vm_info: OpenJDK 64-Bit Server VM (17.0.6+10) for windows-amd64 JRE (17.0.6+10), built on Jan 18 2023 10:08:59 by "temurin" with MS VC++ 16.7 (VS2019)

END.
