#
# There is insufficient memory for the Java Runtime Environment to continue.
# Native memory allocation (mmap) failed to map 65536 bytes for Failed to commit metaspace.
# Possible reasons:
#   The system is out of physical RAM or swap space
#   The process is running with CompressedOops enabled, and the Java Heap may be blocking the growth of the native heap
# Possible solutions:
#   Reduce memory load on the system
#   Increase physical memory or swap space
#   Check if swap backing store is full
#   Decrease Java heap size (-Xmx/-Xms)
#   Decrease number of Java threads
#   Decrease Java thread stack sizes (-Xss)
#   Set larger code cache with -XX:ReservedCodeCacheSize=
#   JVM is running with Unscaled Compressed Oops mode in which the Java heap is
#     placed in the first 4GB address space. The Java Heap base address is the
#     maximum limit for the native heap growth. Please use -XX:HeapBaseMinAddress
#     to set the Java Heap base and to place the Java Heap above 4GB virtual address.
# This output file may be truncated or incomplete.
#
#  Out of Memory Error (virtualSpaceNode.cpp:110), pid=10948, tid=5668
#
# JRE version: OpenJDK Runtime Environment Temurin-17.0.6+10 (17.0.6+10) (build 17.0.6+10)
# Java VM: OpenJDK 64-Bit Server VM Temurin-17.0.6+10 (17.0.6+10, mixed mode, tiered, compressed oops, compressed class ptrs, parallel gc, windows-amd64)
# No core dump will be written. Minidumps are not enabled by default on client versions of Windows
#

---------------  S U M M A R Y ------------

Command Line: --add-modules=ALL-SYSTEM --add-opens=java.base/java.util=ALL-UNNAMED --add-opens=java.base/java.lang=ALL-UNNAMED --add-opens=java.base/sun.nio.fs=ALL-UNNAMED -Declipse.application=org.eclipse.jdt.ls.core.id1 -Dosgi.bundles.defaultStartLevel=4 -Declipse.product=org.eclipse.jdt.ls.core.product -Djava.import.generatesMetadataFilesAtProjectRoot=false -Dfile.encoding=utf8 -XX:+UseParallelGC -XX:GCTimeRatio=4 -XX:AdaptiveSizePolicyWeight=90 -Dsun.zip.disableMemoryMapping=true -Xmx1G -Xms100m -Xlog:disable -javaagent:c:\Users\daniely.campaner\.vscode\extensions\redhat.java-1.16.0-win32-x64\lombok\lombok-1.18.24.jar c:\Users\daniely.campaner\.vscode\extensions\redhat.java-1.16.0-win32-x64\server\plugins\org.eclipse.equinox.launcher_1.6.400.v20210924-0641.jar -configuration c:\Users\daniely.campaner\AppData\Roaming\Code\User\globalStorage\redhat.java\1.16.0\config_ss_win -data c:\Users\daniely.campaner\AppData\Roaming\Code\User\workspaceStorage\fd519a45d6d3f1d8a435af9f4bb9fc51\redhat.java\ss_ws

Host: Intel(R) Core(TM) i5-9500 CPU @ 3.00GHz, 6 cores, 7G,  Windows 10 , 64 bit Build 19041 (10.0.19041.2788)
Time: Wed May 10 19:38:48 2023 Hora oficial do Brasil elapsed time: 2.284039 seconds (0d 0h 0m 2s)

---------------  T H R E A D  ---------------

Current thread (0x000001e6009b9890):  JavaThread "Start Level: Equinox Container: 2cc72b38-0552-465a-af65-6ad1bfa75f79" daemon [_thread_in_vm, id=5668, stack(0x0000006a29400000,0x0000006a29500000)]

Stack: [0x0000006a29400000,0x0000006a29500000]
Native frames: (J=compiled Java code, j=interpreted, Vv=VM code, C=native code)
V  [jvm.dll+0x67741a]
V  [jvm.dll+0x834434]
V  [jvm.dll+0x835bde]
V  [jvm.dll+0x836243]
V  [jvm.dll+0x2457b5]
V  [jvm.dll+0x8304cb]
V  [jvm.dll+0x61bca6]
V  [jvm.dll+0x1c05fe]
V  [jvm.dll+0x61e5f1]
V  [jvm.dll+0x61c646]
V  [jvm.dll+0x239e4f]
V  [jvm.dll+0x626445]
V  [jvm.dll+0x1ea42b]
V  [jvm.dll+0x1ea965]
V  [jvm.dll+0x1eb39f]
V  [jvm.dll+0x1e0841]
V  [jvm.dll+0x53c6d0]
V  [jvm.dll+0x7af5e8]
V  [jvm.dll+0x7af6d4]
V  [jvm.dll+0x40bc05]
V  [jvm.dll+0x411d58]
C  [java.dll+0x17ec]

Java frames: (J=compiled Java code, j=interpreted, Vv=VM code)
J 1033  java.lang.ClassLoader.defineClass1(Ljava/lang/ClassLoader;Ljava/lang/String;[BIILjava/security/ProtectionDomain;Ljava/lang/String;)Ljava/lang/Class; java.base@17.0.6 (0 bytes) @ 0x000001e6735e08db [0x000001e6735e0820+0x00000000000000bb]
J 1608 c1 java.lang.ClassLoader.defineClass(Ljava/lang/String;[BIILjava/security/ProtectionDomain;)Ljava/lang/Class; java.base@17.0.6 (43 bytes) @ 0x000001e66bd837d4 [0x000001e66bd83480+0x0000000000000354]
J 2034 c1 org.eclipse.osgi.internal.loader.ModuleClassLoader.defineClass(Ljava/lang/String;[BLorg/eclipse/osgi/internal/loader/classpath/ClasspathEntry;)Lorg/eclipse/osgi/internal/loader/ModuleClassLoader$DefineClassResult; (138 bytes) @ 0x000001e66be8041c [0x000001e66be801c0+0x000000000000025c]
J 1909 c1 org.eclipse.osgi.internal.loader.classpath.ClasspathManager.defineClass(Ljava/lang/String;[BLorg/eclipse/osgi/internal/loader/classpath/ClasspathEntry;Lorg/eclipse/osgi/storage/bundlefile/BundleEntry;Ljava/util/List;)Ljava/lang/Class; (636 bytes) @ 0x000001e66be337b4 [0x000001e66be31de0+0x00000000000019d4]
J 1654 c1 org.eclipse.osgi.internal.loader.classpath.ClasspathManager.findClassImpl(Ljava/lang/String;Lorg/eclipse/osgi/internal/loader/classpath/ClasspathEntry;Ljava/util/List;)Ljava/lang/Class; (308 bytes) @ 0x000001e66bdb2bcc [0x000001e66bdafde0+0x0000000000002dec]
J 1653 c1 org.eclipse.osgi.internal.loader.classpath.ClasspathManager.findLocalClassImpl(Ljava/lang/String;[Lorg/eclipse/osgi/internal/loader/classpath/ClasspathEntry;Ljava/util/List;)Ljava/lang/Class; (55 bytes) @ 0x000001e66bdaf24c [0x000001e66bdaf0c0+0x000000000000018c]
J 1796 c1 org.eclipse.osgi.internal.loader.classpath.ClasspathManager.findLocalClassImpl(Ljava/lang/String;Ljava/util/List;)Ljava/lang/Class; (132 bytes) @ 0x000001e66bdf36d4 [0x000001e66bdf31c0+0x0000000000000514]
J 1645 c1 org.eclipse.osgi.internal.loader.classpath.ClasspathManager.findLocalClass(Ljava/lang/String;)Ljava/lang/Class; (210 bytes) @ 0x000001e66bda7ebc [0x000001e66bda7220+0x0000000000000c9c]
J 1643 c1 org.eclipse.osgi.internal.loader.BundleLoader.findLocalClass(Ljava/lang/String;)Ljava/lang/Class; (152 bytes) @ 0x000001e66bda536c [0x000001e66bda4b20+0x000000000000084c]
J 1575 c1 org.eclipse.osgi.internal.loader.BundleLoader.findClass0(Ljava/lang/String;ZZ)Ljava/lang/Class; (466 bytes) @ 0x000001e66bd73514 [0x000001e66bd70e20+0x00000000000026f4]
J 1574 c1 org.eclipse.osgi.internal.loader.BundleLoader.findClass(Ljava/lang/String;)Ljava/lang/Class; (8 bytes) @ 0x000001e66bd7051c [0x000001e66bd704a0+0x000000000000007c]
J 1576 c1 org.eclipse.osgi.internal.loader.ModuleClassLoader.loadClass(Ljava/lang/String;Z)Ljava/lang/Class; (36 bytes) @ 0x000001e66bd7653c [0x000001e66bd76320+0x000000000000021c]
J 778 c1 java.lang.ClassLoader.loadClass(Ljava/lang/String;)Ljava/lang/Class; java.base@17.0.6 (7 bytes) @ 0x000001e66bbe12bc [0x000001e66bbe11c0+0x00000000000000fc]
v  ~StubRoutines::call_stub
j  org.apache.commons.lang3.text.StrSubstitutor.replace(Ljava/lang/String;)Ljava/lang/String;+6
j  org.eclipse.jdt.ls.core.internal.ResourceUtils.expandPath(Ljava/lang/String;)Ljava/lang/String;+77
j  org.eclipse.jdt.ls.core.internal.preferences.Preferences$ReferencedLibraries$1.add(Ljava/lang/String;)Z+2
j  org.eclipse.jdt.ls.core.internal.preferences.Preferences$ReferencedLibraries$1.add(Ljava/lang/Object;)Z+5
j  org.eclipse.jdt.ls.core.internal.preferences.Preferences.<clinit>()V+315
v  ~StubRoutines::call_stub
j  org.eclipse.jdt.ls.core.internal.preferences.PreferenceManager.<init>()V+5
j  org.eclipse.jdt.ls.core.internal.JavaLanguageServerPlugin.start(Lorg/osgi/framework/BundleContext;)V+32
j  org.eclipse.osgi.internal.framework.BundleContextImpl$2.run()Ljava/lang/Void;+23
j  org.eclipse.osgi.internal.framework.BundleContextImpl$2.run()Ljava/lang/Object;+1
J 1175 c1 java.security.AccessController.executePrivileged(Ljava/security/PrivilegedExceptionAction;Ljava/security/AccessControlContext;Ljava/lang/Class;)Ljava/lang/Object; java.base@17.0.6 (65 bytes) @ 0x000001e66bcb16b4 [0x000001e66bcb1560+0x0000000000000154]
j  java.security.AccessController.doPrivileged(Ljava/security/PrivilegedExceptionAction;)Ljava/lang/Object;+9 java.base@17.0.6
j  org.eclipse.osgi.internal.framework.BundleContextImpl.startActivator(Lorg/osgi/framework/BundleActivator;)V+9
j  org.eclipse.osgi.internal.framework.BundleContextImpl.start()V+134
j  org.eclipse.osgi.internal.framework.EquinoxBundle.startWorker0()V+35
j  org.eclipse.osgi.internal.framework.EquinoxBundle$EquinoxModule.startWorker()V+4
j  org.eclipse.osgi.container.Module.doStart([Lorg/eclipse/osgi/container/Module$StartOptions;)Lorg/eclipse/osgi/container/ModuleContainerAdaptor$ModuleEvent;+190
j  org.eclipse.osgi.container.Module.start([Lorg/eclipse/osgi/container/Module$StartOptions;)V+460
j  org.eclipse.osgi.container.ModuleContainer$ContainerStartLevel$2.run()V+71
j  org.eclipse.osgi.internal.framework.EquinoxContainerAdaptor$1$1.execute(Ljava/lang/Runnable;)V+1
j  org.eclipse.osgi.container.ModuleContainer$ContainerStartLevel.incStartLevel(ILjava/util/List;Z)V+192
j  org.eclipse.osgi.container.ModuleContainer$ContainerStartLevel.incStartLevel(ILjava/util/List;Ljava/util/List;Ljava/util/List;Ljava/util/List;)V+19
j  org.eclipse.osgi.container.ModuleContainer$ContainerStartLevel.doContainerStartLevel(Lorg/eclipse/osgi/container/Module;I[Lorg/osgi/framework/FrameworkListener;)V+349
j  org.eclipse.osgi.container.ModuleContainer$ContainerStartLevel.dispatchEvent(Lorg/eclipse/osgi/container/Module;[Lorg/osgi/framework/FrameworkListener;ILjava/lang/Integer;)V+32
j  org.eclipse.osgi.container.ModuleContainer$ContainerStartLevel.dispatchEvent(Ljava/lang/Object;Ljava/lang/Object;ILjava/lang/Object;)V+15
j  org.eclipse.osgi.framework.eventmgr.EventManager.dispatchEvent(Ljava/util/Set;Lorg/eclipse/osgi/framework/eventmgr/EventDispatcher;ILjava/lang/Object;)V+48
j  org.eclipse.osgi.framework.eventmgr.EventManager$EventThread.run()V+26
v  ~StubRoutines::call_stub

---------------  P R O C E S S  ---------------

Threads class SMR info:
_java_thread_list=0x000001e6011f8820, length=20, elements={
0x000001e668e24f30, 0x000001e67cc86750, 0x000001e67cc87de0, 0x000001e67ccae270,
0x000001e67ec430a0, 0x000001e67ec443c0, 0x000001e67ec47a70, 0x000001e67ec51cf0,
0x000001e67ec54250, 0x000001e67ec5d320, 0x000001e668ee47a0, 0x000001e67ef88f40,
0x000001e67f7fa760, 0x000001e6009b8d90, 0x000001e6009b9890, 0x000001e67f7ecac0,
0x000001e67f7ad890, 0x000001e67f6835f0, 0x000001e67f684e00, 0x000001e67f6852d0
}

Java Threads: ( => current thread )
  0x000001e668e24f30 JavaThread "main" [_thread_blocked, id=7784, stack(0x0000006a27d00000,0x0000006a27e00000)]
  0x000001e67cc86750 JavaThread "Reference Handler" daemon [_thread_blocked, id=9480, stack(0x0000006a28000000,0x0000006a28100000)]
  0x000001e67cc87de0 JavaThread "Finalizer" daemon [_thread_blocked, id=6888, stack(0x0000006a28100000,0x0000006a28200000)]
  0x000001e67ccae270 JavaThread "Signal Dispatcher" daemon [_thread_blocked, id=13864, stack(0x0000006a28200000,0x0000006a28300000)]
  0x000001e67ec430a0 JavaThread "Attach Listener" daemon [_thread_blocked, id=3960, stack(0x0000006a28300000,0x0000006a28400000)]
  0x000001e67ec443c0 JavaThread "Service Thread" daemon [_thread_blocked, id=14124, stack(0x0000006a28400000,0x0000006a28500000)]
  0x000001e67ec47a70 JavaThread "Monitor Deflation Thread" daemon [_thread_blocked, id=9412, stack(0x0000006a28500000,0x0000006a28600000)]
  0x000001e67ec51cf0 JavaThread "C2 CompilerThread0" daemon [_thread_blocked, id=4684, stack(0x0000006a28600000,0x0000006a28700000)]
  0x000001e67ec54250 JavaThread "C1 CompilerThread0" daemon [_thread_blocked, id=10352, stack(0x0000006a28700000,0x0000006a28800000)]
  0x000001e67ec5d320 JavaThread "Sweeper thread" daemon [_thread_blocked, id=2832, stack(0x0000006a28800000,0x0000006a28900000)]
  0x000001e668ee47a0 JavaThread "Common-Cleaner" daemon [_thread_blocked, id=8576, stack(0x0000006a28900000,0x0000006a28a00000)]
  0x000001e67ef88f40 JavaThread "Notification Thread" daemon [_thread_blocked, id=10588, stack(0x0000006a28a00000,0x0000006a28b00000)]
  0x000001e67f7fa760 JavaThread "Active Thread: Equinox Container: 2cc72b38-0552-465a-af65-6ad1bfa75f79" [_thread_blocked, id=12952, stack(0x0000006a29200000,0x0000006a29300000)]
  0x000001e6009b8d90 JavaThread "Framework Event Dispatcher: Equinox Container: 2cc72b38-0552-465a-af65-6ad1bfa75f79" daemon [_thread_blocked, id=2836, stack(0x0000006a29300000,0x0000006a29400000)]
=>0x000001e6009b9890 JavaThread "Start Level: Equinox Container: 2cc72b38-0552-465a-af65-6ad1bfa75f79" daemon [_thread_in_vm, id=5668, stack(0x0000006a29400000,0x0000006a29500000)]
  0x000001e67f7ecac0 JavaThread "SCR Component Actor" daemon [_thread_blocked, id=7180, stack(0x0000006a29500000,0x0000006a29600000)]
  0x000001e67f7ad890 JavaThread "SCR Component Registry" daemon [_thread_blocked, id=8764, stack(0x0000006a29600000,0x0000006a29700000)]
  0x000001e67f6835f0 JavaThread "Worker-JM" [_thread_blocked, id=8680, stack(0x0000006a29700000,0x0000006a29800000)]
  0x000001e67f684e00 JavaThread "Worker-0" [_thread_blocked, id=10232, stack(0x0000006a29800000,0x0000006a29900000)]
  0x000001e67f6852d0 JavaThread "Worker-1" [_thread_blocked, id=9712, stack(0x0000006a29900000,0x0000006a29a00000)]

Other Threads:
  0x000001e67cc6e230 VMThread "VM Thread" [stack: 0x0000006a27f00000,0x0000006a28000000] [id=3876]
  0x000001e67ef5f070 WatcherThread [stack: 0x0000006a28b00000,0x0000006a28c00000] [id=14192]
  0x000001e668e3c0f0 GCTaskThread "GC Thread#0" [stack: 0x0000006a27e00000,0x0000006a27f00000] [id=10860]
  0x000001e67f6a86c0 GCTaskThread "GC Thread#1" [stack: 0x0000006a28d00000,0x0000006a28e00000] [id=13148]
  0x000001e67f6ab590 GCTaskThread "GC Thread#2" [stack: 0x0000006a28e00000,0x0000006a28f00000] [id=3512]
  0x000001e67f610050 GCTaskThread "GC Thread#3" [stack: 0x0000006a28f00000,0x0000006a29000000] [id=12820]
  0x000001e67f610710 GCTaskThread "GC Thread#4" [stack: 0x0000006a29000000,0x0000006a29100000] [id=9916]
  0x000001e67f6109c0 GCTaskThread "GC Thread#5" [stack: 0x0000006a29100000,0x0000006a29200000] [id=3268]

Threads with active compile tasks:

VM state: not at safepoint (normal execution)

VM Mutex/Monitor currently owned by a thread:  ([mutex/lock_event])
[0x000001e666a0a0d0] Metaspace_lock - owner thread: 0x000001e6009b9890

Heap address: 0x00000000c0000000, size: 1024 MB, Compressed Oops mode: 32-bit

CDS archive(s) not mapped
Compressed class space mapped at: 0x0000000100000000-0x0000000140000000, reserved size: 1073741824
Narrow klass base: 0x0000000000000000, Narrow klass shift: 3, Narrow klass range: 0x140000000

GC Precious Log:
 CPUs: 6 total, 6 available
 Memory: 8001M
 Large Page Support: Disabled
 NUMA Support: Disabled
 Compressed Oops: Enabled (32-bit)
 Alignments: Space 512K, Generation 512K, Heap 2M
 Heap Min Capacity: 100M
 Heap Initial Capacity: 100M
 Heap Max Capacity: 1G
 Pre-touch: Disabled
 Parallel Workers: 6

Heap:
 PSYoungGen      total 25600K, used 24331K [0x00000000eab00000, 0x00000000ec880000, 0x0000000100000000)
  eden space 25088K, 95% used [0x00000000eab00000,0x00000000ec282f88,0x00000000ec380000)
  from space 512K, 50% used [0x00000000ec400000,0x00000000ec440000,0x00000000ec480000)
  to   space 2048K, 0% used [0x00000000ec680000,0x00000000ec680000,0x00000000ec880000)
 ParOldGen       total 68608K, used 7390K [0x00000000c0000000, 0x00000000c4300000, 0x00000000eab00000)
  object space 68608K, 10% used [0x00000000c0000000,0x00000000c0737820,0x00000000c4300000)
 Metaspace       used 27434K, committed 27904K, reserved 1081344K
  class space    used 2644K, committed 2880K, reserved 1048576K

Card table byte_map: [0x000001e6687d0000,0x000001e6689e0000] _byte_map_base: 0x000001e6681d0000

Marking Bits: (ParMarkBitMap*) 0x00007ffce7cd3e70
 Begin Bits: [0x000001e67aab0000, 0x000001e67bab0000)
 End Bits:   [0x000001e67bab0000, 0x000001e67cab0000)

Polling page: 0x000001e666ba0000

Metaspace:

Usage:
  Non-class:     24.21 MB used.
      Class:      2.58 MB used.
       Both:     26.79 MB used.

Virtual space:
  Non-class space:       32.00 MB reserved,      24.44 MB ( 76%) committed,  4 nodes.
      Class space:        1.00 GB reserved,       2.81 MB ( <1%) committed,  1 nodes.
             Both:        1.03 GB reserved,      27.25 MB (  3%) committed. 

Chunk freelists:
   Non-Class:  2.73 MB
       Class:  1.23 MB
        Both:  3.96 MB

MaxMetaspaceSize: unlimited
CompressedClassSpaceSize: 1.00 GB
Initial GC threshold: 21.00 MB
Current GC threshold: 35.00 MB
CDS: off
MetaspaceReclaimPolicy: balanced
 - commit_granule_bytes: 65536.
 - commit_granule_words: 8192.
 - virtual_space_node_default_size: 1048576.
 - enlarge_chunks_in_place: 1.
 - new_chunks_are_fully_committed: 0.
 - uncommit_free_chunks: 1.
 - use_allocation_guard: 0.
 - handle_deallocations: 1.


Internal statistics:

num_allocs_failed_limit: 3.
num_arena_births: 212.
num_arena_deaths: 14.
num_vsnodes_births: 5.
num_vsnodes_deaths: 0.
num_space_committed: 436.
num_space_uncommitted: 0.
num_chunks_returned_to_freelist: 17.
num_chunks_taken_from_freelist: 918.
num_chunk_merges: 7.
num_chunk_splits: 629.
num_chunks_enlarged: 441.
num_purges: 2.
num_inconsistent_stats: 0.

CodeHeap 'non-profiled nmethods': size=120000Kb used=990Kb max_used=990Kb free=119009Kb
 bounds [0x000001e673580000, 0x000001e6737f0000, 0x000001e67aab0000]
CodeHeap 'profiled nmethods': size=120000Kb used=4590Kb max_used=4590Kb free=115409Kb
 bounds [0x000001e66bab0000, 0x000001e66bf30000, 0x000001e672fe0000]
CodeHeap 'non-nmethods': size=5760Kb used=1230Kb max_used=1291Kb free=4529Kb
 bounds [0x000001e672fe0000, 0x000001e673250000, 0x000001e673580000]
 total_blobs=2889 nmethods=2344 adapters=459
 compilation: enabled
              stopped_count=0, restarted_count=0
 full_count=0

Compilation events (20 events):
Event: 2.268 Thread 0x000001e67ec54250 2336       1       sun.nio.fs.WindowsPath::toString (5 bytes)
Event: 2.268 Thread 0x000001e67ec54250 nmethod 2336 0x000001e673676b90 code [0x000001e673676d20, 0x000001e673676df8]
Event: 2.268 Thread 0x000001e67ec54250 2337       1       java.nio.file.Files$AcceptAllFilter::accept (2 bytes)
Event: 2.268 Thread 0x000001e67ec54250 nmethod 2337 0x000001e673676e90 code [0x000001e673677020, 0x000001e6736770f8]
Event: 2.268 Thread 0x000001e67ec54250 2338       3       java.security.MessageDigest::update (14 bytes)
Event: 2.268 Thread 0x000001e67ec54250 nmethod 2338 0x000001e66bf28990 code [0x000001e66bf28b40, 0x000001e66bf28e08]
Event: 2.268 Thread 0x000001e67ec54250 2339   !   3       java.nio.charset.Charset::defaultCharset (53 bytes)
Event: 2.269 Thread 0x000001e67ec54250 nmethod 2339 0x000001e66bf28f90 code [0x000001e66bf29240, 0x000001e66bf29fb8]
Event: 2.269 Thread 0x000001e67ec54250 2341       3       sun.invoke.util.Wrapper::isSubwordOrInt (20 bytes)
Event: 2.269 Thread 0x000001e67ec54250 nmethod 2341 0x000001e66bf2a510 code [0x000001e66bf2a6c0, 0x000001e66bf2aad8]
Event: 2.269 Thread 0x000001e67ec54250 2340       3       sun.nio.fs.WindowsDirectoryStream$WindowsDirectoryIterator::isSelfOrParent (24 bytes)
Event: 2.269 Thread 0x000001e67ec54250 nmethod 2340 0x000001e66bf2ac10 code [0x000001e66bf2adc0, 0x000001e66bf2aff8]
Event: 2.269 Thread 0x000001e67ec54250 2342       3       sun.invoke.util.Wrapper::isIntegral (23 bytes)
Event: 2.269 Thread 0x000001e67ec54250 nmethod 2342 0x000001e66bf2b110 code [0x000001e66bf2b2c0, 0x000001e66bf2b518]
Event: 2.269 Thread 0x000001e67ec54250 2343       3       sun.invoke.util.Wrapper::isNumeric (16 bytes)
Event: 2.269 Thread 0x000001e67ec54250 nmethod 2343 0x000001e66bf2b610 code [0x000001e66bf2b7a0, 0x000001e66bf2b918]
Event: 2.274 Thread 0x000001e67ec51cf0 2345       4       java.lang.StringCoding::hasNegatives (25 bytes)
Event: 2.276 Thread 0x000001e67ec51cf0 nmethod 2345 0x000001e673677490 code [0x000001e673677600, 0x000001e673677758]
Event: 2.276 Thread 0x000001e67ec51cf0 2346       4       java.util.jar.Manifest$FastInputStream::peek (38 bytes)
Event: 2.277 Thread 0x000001e67ec51cf0 nmethod 2346 0x000001e673677810 code [0x000001e673677980, 0x000001e673677a58]

GC Heap History (12 events):
Event: 0.534 GC heap before
{Heap before GC invocations=1 (full 0):
 PSYoungGen      total 29696K, used 25600K [0x00000000eab00000, 0x00000000ecc00000, 0x0000000100000000)
  eden space 25600K, 100% used [0x00000000eab00000,0x00000000ec400000,0x00000000ec400000)
  from space 4096K, 0% used [0x00000000ec800000,0x00000000ec800000,0x00000000ecc00000)
  to   space 4096K, 0% used [0x00000000ec400000,0x00000000ec400000,0x00000000ec800000)
 ParOldGen       total 68608K, used 0K [0x00000000c0000000, 0x00000000c4300000, 0x00000000eab00000)
  object space 68608K, 0% used [0x00000000c0000000,0x00000000c0000000,0x00000000c4300000)
 Metaspace       used 11096K, committed 11264K, reserved 1064960K
  class space    used 1106K, committed 1216K, reserved 1048576K
}
Event: 0.537 GC heap after
{Heap after GC invocations=1 (full 0):
 PSYoungGen      total 29696K, used 3208K [0x00000000eab00000, 0x00000000ecc00000, 0x0000000100000000)
  eden space 25600K, 0% used [0x00000000eab00000,0x00000000eab00000,0x00000000ec400000)
  from space 4096K, 78% used [0x00000000ec400000,0x00000000ec722208,0x00000000ec800000)
  to   space 4096K, 0% used [0x00000000ec800000,0x00000000ec800000,0x00000000ecc00000)
 ParOldGen       total 68608K, used 16K [0x00000000c0000000, 0x00000000c4300000, 0x00000000eab00000)
  object space 68608K, 0% used [0x00000000c0000000,0x00000000c0004000,0x00000000c4300000)
 Metaspace       used 11096K, committed 11264K, reserved 1064960K
  class space    used 1106K, committed 1216K, reserved 1048576K
}
Event: 0.897 GC heap before
{Heap before GC invocations=2 (full 0):
 PSYoungGen      total 29696K, used 28808K [0x00000000eab00000, 0x00000000ecc00000, 0x0000000100000000)
  eden space 25600K, 100% used [0x00000000eab00000,0x00000000ec400000,0x00000000ec400000)
  from space 4096K, 78% used [0x00000000ec400000,0x00000000ec722208,0x00000000ec800000)
  to   space 4096K, 0% used [0x00000000ec800000,0x00000000ec800000,0x00000000ecc00000)
 ParOldGen       total 68608K, used 16K [0x00000000c0000000, 0x00000000c4300000, 0x00000000eab00000)
  object space 68608K, 0% used [0x00000000c0000000,0x00000000c0004000,0x00000000c4300000)
 Metaspace       used 15407K, committed 15744K, reserved 1064960K
  class space    used 1570K, committed 1728K, reserved 1048576K
}
Event: 0.901 GC heap after
{Heap after GC invocations=2 (full 0):
 PSYoungGen      total 29696K, used 4094K [0x00000000eab00000, 0x00000000ecc00000, 0x0000000100000000)
  eden space 25600K, 0% used [0x00000000eab00000,0x00000000eab00000,0x00000000ec400000)
  from space 4096K, 99% used [0x00000000ec800000,0x00000000ecbffa48,0x00000000ecc00000)
  to   space 4096K, 0% used [0x00000000ec400000,0x00000000ec400000,0x00000000ec800000)
 ParOldGen       total 68608K, used 794K [0x00000000c0000000, 0x00000000c4300000, 0x00000000eab00000)
  object space 68608K, 1% used [0x00000000c0000000,0x00000000c00c6a00,0x00000000c4300000)
 Metaspace       used 15407K, committed 15744K, reserved 1064960K
  class space    used 1570K, committed 1728K, reserved 1048576K
}
Event: 1.297 GC heap before
{Heap before GC invocations=3 (full 0):
 PSYoungGen      total 29696K, used 29686K [0x00000000eab00000, 0x00000000ecc00000, 0x0000000100000000)
  eden space 25600K, 99% used [0x00000000eab00000,0x00000000ec3fe120,0x00000000ec400000)
  from space 4096K, 99% used [0x00000000ec800000,0x00000000ecbffa48,0x00000000ecc00000)
  to   space 4096K, 0% used [0x00000000ec400000,0x00000000ec400000,0x00000000ec800000)
 ParOldGen       total 68608K, used 794K [0x00000000c0000000, 0x00000000c4300000, 0x00000000eab00000)
  object space 68608K, 1% used [0x00000000c0000000,0x00000000c00c6a00,0x00000000c4300000)
 Metaspace       used 20513K, committed 20928K, reserved 1073152K
  class space    used 2088K, committed 2240K, reserved 1048576K
}
Event: 1.302 GC heap after
{Heap after GC invocations=3 (full 0):
 PSYoungGen      total 29696K, used 4092K [0x00000000eab00000, 0x00000000ecc00000, 0x0000000100000000)
  eden space 25600K, 0% used [0x00000000eab00000,0x00000000eab00000,0x00000000ec400000)
  from space 4096K, 99% used [0x00000000ec400000,0x00000000ec7ff250,0x00000000ec800000)
  to   space 4096K, 0% used [0x00000000ec800000,0x00000000ec800000,0x00000000ecc00000)
 ParOldGen       total 68608K, used 3151K [0x00000000c0000000, 0x00000000c4300000, 0x00000000eab00000)
  object space 68608K, 4% used [0x00000000c0000000,0x00000000c0313cf8,0x00000000c4300000)
 Metaspace       used 20513K, committed 20928K, reserved 1073152K
  class space    used 2088K, committed 2240K, reserved 1048576K
}
Event: 1.357 GC heap before
{Heap before GC invocations=4 (full 0):
 PSYoungGen      total 29696K, used 8366K [0x00000000eab00000, 0x00000000ecc00000, 0x0000000100000000)
  eden space 25600K, 16% used [0x00000000eab00000,0x00000000eaf2c878,0x00000000ec400000)
  from space 4096K, 99% used [0x00000000ec400000,0x00000000ec7ff250,0x00000000ec800000)
  to   space 4096K, 0% used [0x00000000ec800000,0x00000000ec800000,0x00000000ecc00000)
 ParOldGen       total 68608K, used 3151K [0x00000000c0000000, 0x00000000c4300000, 0x00000000eab00000)
  object space 68608K, 4% used [0x00000000c0000000,0x00000000c0313cf8,0x00000000c4300000)
 Metaspace       used 21197K, committed 21504K, reserved 1073152K
  class space    used 2164K, committed 2304K, reserved 1048576K
}
Event: 1.360 GC heap after
{Heap after GC invocations=4 (full 0):
 PSYoungGen      total 29696K, used 4094K [0x00000000eab00000, 0x00000000ecc00000, 0x0000000100000000)
  eden space 25600K, 0% used [0x00000000eab00000,0x00000000eab00000,0x00000000ec400000)
  from space 4096K, 99% used [0x00000000ec800000,0x00000000ecbffb90,0x00000000ecc00000)
  to   space 4096K, 0% used [0x00000000ec400000,0x00000000ec400000,0x00000000ec800000)
 ParOldGen       total 68608K, used 3622K [0x00000000c0000000, 0x00000000c4300000, 0x00000000eab00000)
  object space 68608K, 5% used [0x00000000c0000000,0x00000000c03898b8,0x00000000c4300000)
 Metaspace       used 21197K, committed 21504K, reserved 1073152K
  class space    used 2164K, committed 2304K, reserved 1048576K
}
Event: 1.360 GC heap before
{Heap before GC invocations=5 (full 1):
 PSYoungGen      total 29696K, used 4094K [0x00000000eab00000, 0x00000000ecc00000, 0x0000000100000000)
  eden space 25600K, 0% used [0x00000000eab00000,0x00000000eab00000,0x00000000ec400000)
  from space 4096K, 99% used [0x00000000ec800000,0x00000000ecbffb90,0x00000000ecc00000)
  to   space 4096K, 0% used [0x00000000ec400000,0x00000000ec400000,0x00000000ec800000)
 ParOldGen       total 68608K, used 3622K [0x00000000c0000000, 0x00000000c4300000, 0x00000000eab00000)
  object space 68608K, 5% used [0x00000000c0000000,0x00000000c03898b8,0x00000000c4300000)
 Metaspace       used 21197K, committed 21504K, reserved 1073152K
  class space    used 2164K, committed 2304K, reserved 1048576K
}
Event: 1.380 GC heap after
{Heap after GC invocations=5 (full 1):
 PSYoungGen      total 29696K, used 0K [0x00000000eab00000, 0x00000000ecc00000, 0x0000000100000000)
  eden space 25600K, 0% used [0x00000000eab00000,0x00000000eab00000,0x00000000ec400000)
  from space 4096K, 0% used [0x00000000ec800000,0x00000000ec800000,0x00000000ecc00000)
  to   space 4096K, 0% used [0x00000000ec400000,0x00000000ec400000,0x00000000ec800000)
 ParOldGen       total 68608K, used 7382K [0x00000000c0000000, 0x00000000c4300000, 0x00000000eab00000)
  object space 68608K, 10% used [0x00000000c0000000,0x00000000c0735820,0x00000000c4300000)
 Metaspace       used 21184K, committed 21504K, reserved 1073152K
  class space    used 2161K, committed 2304K, reserved 1048576K
}
Event: 1.599 GC heap before
{Heap before GC invocations=6 (full 1):
 PSYoungGen      total 29696K, used 25600K [0x00000000eab00000, 0x00000000ecc00000, 0x0000000100000000)
  eden space 25600K, 100% used [0x00000000eab00000,0x00000000ec400000,0x00000000ec400000)
  from space 4096K, 0% used [0x00000000ec800000,0x00000000ec800000,0x00000000ecc00000)
  to   space 4096K, 0% used [0x00000000ec400000,0x00000000ec400000,0x00000000ec800000)
 ParOldGen       total 68608K, used 7382K [0x00000000c0000000, 0x00000000c4300000, 0x00000000eab00000)
  object space 68608K, 10% used [0x00000000c0000000,0x00000000c0735820,0x00000000c4300000)
 Metaspace       used 24775K, committed 25216K, reserved 1073152K
  class space    used 2416K, committed 2624K, reserved 1048576K
}
Event: 1.600 GC heap after
{Heap after GC invocations=6 (full 1):
 PSYoungGen      total 25600K, used 256K [0x00000000eab00000, 0x00000000ec880000, 0x0000000100000000)
  eden space 25088K, 0% used [0x00000000eab00000,0x00000000eab00000,0x00000000ec380000)
  from space 512K, 50% used [0x00000000ec400000,0x00000000ec440000,0x00000000ec480000)
  to   space 2048K, 0% used [0x00000000ec680000,0x00000000ec680000,0x00000000ec880000)
 ParOldGen       total 68608K, used 7390K [0x00000000c0000000, 0x00000000c4300000, 0x00000000eab00000)
  object space 68608K, 10% used [0x00000000c0000000,0x00000000c0737820,0x00000000c4300000)
 Metaspace       used 24775K, committed 25216K, reserved 1073152K
  class space    used 2416K, committed 2624K, reserved 1048576K
}

Dll operation events (11 events):
Event: 0.016 Loaded shared library c:\Users\daniely.campaner\.vscode\extensions\redhat.java-1.16.0-win32-x64\jre\17.0.6-win32-x86_64\bin\java.dll
Event: 0.114 Loaded shared library c:\Users\daniely.campaner\.vscode\extensions\redhat.java-1.16.0-win32-x64\jre\17.0.6-win32-x86_64\bin\zip.dll
Event: 0.117 Loaded shared library C:\Users\daniely.campaner\.vscode\extensions\redhat.java-1.16.0-win32-x64\jre\17.0.6-win32-x86_64\bin\instrument.dll
Event: 0.128 Loaded shared library C:\Users\daniely.campaner\.vscode\extensions\redhat.java-1.16.0-win32-x64\jre\17.0.6-win32-x86_64\bin\net.dll
Event: 0.131 Loaded shared library C:\Users\daniely.campaner\.vscode\extensions\redhat.java-1.16.0-win32-x64\jre\17.0.6-win32-x86_64\bin\nio.dll
Event: 0.136 Loaded shared library C:\Users\daniely.campaner\.vscode\extensions\redhat.java-1.16.0-win32-x64\jre\17.0.6-win32-x86_64\bin\zip.dll
Event: 0.146 Loaded shared library C:\Users\daniely.campaner\.vscode\extensions\redhat.java-1.16.0-win32-x64\jre\17.0.6-win32-x86_64\bin\jimage.dll
Event: 0.184 Loaded shared library c:\Users\daniely.campaner\.vscode\extensions\redhat.java-1.16.0-win32-x64\jre\17.0.6-win32-x86_64\bin\verify.dll
Event: 0.826 Loaded shared library C:\Users\daniely.campaner\AppData\Roaming\Code\User\globalStorage\redhat.java\1.16.0\config_ss_win\org.eclipse.equinox.launcher\org.eclipse.equinox.launcher.win32.win32.x86_64_1.2.700.v20221108-1024\eclipse_11801.dll
Event: 1.239 Loaded shared library C:\Users\daniely.campaner\.vscode\extensions\redhat.java-1.16.0-win32-x64\jre\17.0.6-win32-x86_64\bin\management.dll
Event: 1.243 Loaded shared library C:\Users\daniely.campaner\.vscode\extensions\redhat.java-1.16.0-win32-x64\jre\17.0.6-win32-x86_64\bin\management_ext.dll

Deoptimization events (20 events):
Event: 1.539 Thread 0x000001e6009b9890 DEOPT PACKING pc=0x000001e66bb7e443 sp=0x0000006a294ec9d0
Event: 1.539 Thread 0x000001e6009b9890 DEOPT UNPACKING pc=0x000001e673036e43 sp=0x0000006a294ebef0 mode 0
Event: 1.674 Thread 0x000001e6009b9890 DEOPT PACKING pc=0x000001e66bbe9b9e sp=0x0000006a294f82d0
Event: 1.674 Thread 0x000001e6009b9890 DEOPT UNPACKING pc=0x000001e673036e43 sp=0x0000006a294f77c8 mode 0
Event: 1.675 Thread 0x000001e6009b9890 DEOPT PACKING pc=0x000001e66bbe9b9e sp=0x0000006a294f82d0
Event: 1.675 Thread 0x000001e6009b9890 DEOPT UNPACKING pc=0x000001e673036e43 sp=0x0000006a294f77c8 mode 0
Event: 1.675 Thread 0x000001e6009b9890 DEOPT PACKING pc=0x000001e66bbe9b9e sp=0x0000006a294f82d0
Event: 1.675 Thread 0x000001e6009b9890 DEOPT UNPACKING pc=0x000001e673036e43 sp=0x0000006a294f77c8 mode 0
Event: 2.244 Thread 0x000001e6009b9890 Uncommon trap: trap_request=0xffffff45 fr.pc=0x000001e673591d1c relative=0x000000000000011c
Event: 2.244 Thread 0x000001e6009b9890 Uncommon trap: reason=unstable_if action=reinterpret pc=0x000001e673591d1c method=java.lang.StringCoding.hasNegatives([BII)Z @ 12 c2
Event: 2.244 Thread 0x000001e6009b9890 DEOPT PACKING pc=0x000001e673591d1c sp=0x0000006a294fd190
Event: 2.244 Thread 0x000001e6009b9890 DEOPT UNPACKING pc=0x000001e6730366a3 sp=0x0000006a294fd138 mode 2
Event: 2.274 Thread 0x000001e6009b9890 DEOPT PACKING pc=0x000001e66bf26f56 sp=0x0000006a294f93c0
Event: 2.274 Thread 0x000001e6009b9890 DEOPT UNPACKING pc=0x000001e673036e43 sp=0x0000006a294f8848 mode 0
Event: 2.274 Thread 0x000001e6009b9890 DEOPT PACKING pc=0x000001e66bf26f56 sp=0x0000006a294f9480
Event: 2.274 Thread 0x000001e6009b9890 DEOPT UNPACKING pc=0x000001e673036e43 sp=0x0000006a294f8908 mode 0
Event: 2.274 Thread 0x000001e6009b9890 DEOPT PACKING pc=0x000001e66bf26f56 sp=0x0000006a294f93c0
Event: 2.274 Thread 0x000001e6009b9890 DEOPT UNPACKING pc=0x000001e673036e43 sp=0x0000006a294f8848 mode 0
Event: 2.274 Thread 0x000001e6009b9890 DEOPT PACKING pc=0x000001e66bf26f56 sp=0x0000006a294f9480
Event: 2.274 Thread 0x000001e6009b9890 DEOPT UNPACKING pc=0x000001e673036e43 sp=0x0000006a294f8908 mode 0

Classes unloaded (7 events):
Event: 1.364 Thread 0x000001e67cc6e230 Unloading class 0x0000000100216400 'java/lang/invoke/LambdaForm$MH+0x0000000100216400'
Event: 1.364 Thread 0x000001e67cc6e230 Unloading class 0x0000000100216000 'java/lang/invoke/LambdaForm$MH+0x0000000100216000'
Event: 1.364 Thread 0x000001e67cc6e230 Unloading class 0x0000000100215c00 'java/lang/invoke/LambdaForm$MH+0x0000000100215c00'
Event: 1.364 Thread 0x000001e67cc6e230 Unloading class 0x0000000100215400 'java/lang/invoke/LambdaForm$MH+0x0000000100215400'
Event: 1.364 Thread 0x000001e67cc6e230 Unloading class 0x0000000100215000 'java/lang/invoke/LambdaForm$BMH+0x0000000100215000'
Event: 1.364 Thread 0x000001e67cc6e230 Unloading class 0x0000000100214c00 'java/lang/invoke/LambdaForm$DMH+0x0000000100214c00'
Event: 1.364 Thread 0x000001e67cc6e230 Unloading class 0x0000000100212000 'java/lang/invoke/LambdaForm$DMH+0x0000000100212000'

Classes redefined (0 events):
No events

Internal exceptions (20 events):
Event: 1.327 Thread 0x000001e67f684e00 Exception <a 'java/lang/NoSuchMethodError'{0x00000000eac01538}: 'java.lang.Object java.lang.invoke.DirectMethodHandle$Holder.invokeSpecial(java.lang.Object, java.lang.Object, int, java.lang.Object, java.lang.Object)'> (0x00000000eac01538) 
thrown [s\src\hotspot\share\interpreter\linkResolver.cpp, line 759]
Event: 1.327 Thread 0x000001e67f684e00 Exception <a 'java/lang/NoSuchMethodError'{0x00000000eac08c08}: 'java.lang.Object java.lang.invoke.DirectMethodHandle$Holder.newInvokeSpecial(java.lang.Object, java.lang.Object, int, java.lang.Object)'> (0x00000000eac08c08) 
thrown [s\src\hotspot\share\interpreter\linkResolver.cpp, line 759]
Event: 1.328 Thread 0x000001e67f684e00 Exception <a 'java/lang/NoSuchMethodError'{0x00000000eac0c718}: 'java.lang.Object java.lang.invoke.DirectMethodHandle$Holder.invokeSpecial(java.lang.Object, java.lang.Object, java.lang.Object, int, java.lang.Object)'> (0x00000000eac0c718) 
thrown [s\src\hotspot\share\interpreter\linkResolver.cpp, line 759]
Event: 1.482 Thread 0x000001e6009b9890 Exception <a 'java/io/FileNotFoundException'{0x00000000eb8fe700}> (0x00000000eb8fe700) 
thrown [s\src\hotspot\share\prims\jni.cpp, line 516]
Event: 1.482 Thread 0x000001e6009b9890 Exception <a 'java/io/FileNotFoundException'{0x00000000eb8ff5a8}> (0x00000000eb8ff5a8) 
thrown [s\src\hotspot\share\prims\jni.cpp, line 516]
Event: 1.483 Thread 0x000001e6009b9890 Exception <a 'java/io/FileNotFoundException'{0x00000000eb900458}> (0x00000000eb900458) 
thrown [s\src\hotspot\share\prims\jni.cpp, line 516]
Event: 1.577 Thread 0x000001e6009b9890 Exception <a 'java/lang/NoSuchMethodError'{0x00000000ec19d7f0}: 'int java.lang.invoke.DirectMethodHandle$Holder.invokeStaticInit(java.lang.Object, java.lang.Object, java.lang.Object)'> (0x00000000ec19d7f0) 
thrown [s\src\hotspot\share\interpreter\linkResolver.cpp, line 759]
Event: 1.648 Thread 0x000001e6009b9890 Exception <a 'java/io/FileNotFoundException'{0x00000000eb30b080}> (0x00000000eb30b080) 
thrown [s\src\hotspot\share\prims\jni.cpp, line 516]
Event: 1.669 Thread 0x000001e6009b9890 Exception <a 'java/io/FileNotFoundException'{0x00000000ebceb040}> (0x00000000ebceb040) 
thrown [s\src\hotspot\share\prims\jni.cpp, line 516]
Event: 1.680 Thread 0x000001e6009b9890 Exception <a 'java/lang/NoSuchMethodError'{0x00000000ebd93490}: 'void java.lang.invoke.DirectMethodHandle$Holder.invokeVirtual(java.lang.Object, java.lang.Object)'> (0x00000000ebd93490) 
thrown [s\src\hotspot\share\interpreter\linkResolver.cpp, line 759]
Event: 1.691 Thread 0x000001e6009b9890 Exception <a 'java/io/FileNotFoundException'{0x00000000ebe96048}> (0x00000000ebe96048) 
thrown [s\src\hotspot\share\prims\jni.cpp, line 516]
Event: 1.697 Thread 0x000001e6009b9890 Exception <a 'sun/nio/fs/WindowsException'{0x00000000ebee3040}> (0x00000000ebee3040) 
thrown [s\src\hotspot\share\prims\jni.cpp, line 516]
Event: 1.697 Thread 0x000001e6009b9890 Exception <a 'sun/nio/fs/WindowsException'{0x00000000ebeed1e0}> (0x00000000ebeed1e0) 
thrown [s\src\hotspot\share\prims\jni.cpp, line 516]
Event: 1.698 Thread 0x000001e6009b9890 Exception <a 'sun/nio/fs/WindowsException'{0x00000000ebef4260}> (0x00000000ebef4260) 
thrown [s\src\hotspot\share\prims\jni.cpp, line 516]
Event: 1.698 Thread 0x000001e6009b9890 Exception <a 'sun/nio/fs/WindowsException'{0x00000000ebef4fc8}> (0x00000000ebef4fc8) 
thrown [s\src\hotspot\share\prims\jni.cpp, line 516]
Event: 1.705 Thread 0x000001e6009b9890 Exception <a 'java/lang/NoSuchMethodError'{0x00000000ebf9dd98}: 'java.lang.Object java.lang.invoke.DirectMethodHandle$Holder.invokeStaticInit(java.lang.Object, int)'> (0x00000000ebf9dd98) 
thrown [s\src\hotspot\share\interpreter\linkResolver.cpp, line 759]
Event: 1.710 Thread 0x000001e6009b9890 Exception <a 'sun/nio/fs/WindowsException'{0x00000000ec02c390}> (0x00000000ec02c390) 
thrown [s\src\hotspot\share\prims\jni.cpp, line 516]
Event: 1.710 Thread 0x000001e6009b9890 Exception <a 'sun/nio/fs/WindowsException'{0x00000000ec02c990}> (0x00000000ec02c990) 
thrown [s\src\hotspot\share\prims\jni.cpp, line 516]
Event: 2.236 Thread 0x000001e6009b9890 Exception <a 'java/lang/NoSuchMethodError'{0x00000000ec0f2f30}: 'java.lang.Object java.lang.invoke.DirectMethodHandle$Holder.invokeStaticInit(java.lang.Object, int, int, int, int)'> (0x00000000ec0f2f30) 
thrown [s\src\hotspot\share\interpreter\linkResolver.cpp, line 759]
Event: 2.269 Thread 0x000001e6009b9890 Exception <a 'java/lang/NoSuchMethodError'{0x00000000ec19c480}: 'java.lang.Object java.lang.invoke.DirectMethodHandle$Holder.invokeStaticInit(java.lang.Object, java.lang.Object, int, int, int, int)'> (0x00000000ec19c480) 
thrown [s\src\hotspot\share\interpreter\linkResolver.cpp, line 759]

VM Operations (20 events):
Event: 0.854 Executing VM operation: HandshakeAllThreads
Event: 0.854 Executing VM operation: HandshakeAllThreads done
Event: 0.897 Executing VM operation: ParallelGCFailedAllocation
Event: 0.901 Executing VM operation: ParallelGCFailedAllocation done
Event: 1.108 Executing VM operation: HandshakeAllThreads
Event: 1.108 Executing VM operation: HandshakeAllThreads done
Event: 1.112 Executing VM operation: HandshakeAllThreads
Event: 1.112 Executing VM operation: HandshakeAllThreads done
Event: 1.192 Executing VM operation: HandshakeAllThreads
Event: 1.192 Executing VM operation: HandshakeAllThreads done
Event: 1.297 Executing VM operation: ParallelGCFailedAllocation
Event: 1.302 Executing VM operation: ParallelGCFailedAllocation done
Event: 1.343 Executing VM operation: HandshakeAllThreads
Event: 1.343 Executing VM operation: HandshakeAllThreads done
Event: 1.357 Executing VM operation: CollectForMetadataAllocation
Event: 1.380 Executing VM operation: CollectForMetadataAllocation done
Event: 1.599 Executing VM operation: ParallelGCFailedAllocation
Event: 1.600 Executing VM operation: ParallelGCFailedAllocation done
Event: 1.692 Executing VM operation: HandshakeAllThreads
Event: 1.692 Executing VM operation: HandshakeAllThreads done

Events (20 events):
Event: 2.248 loading class java/net/Inet6Address$Inet6AddressHolder
Event: 2.248 loading class java/net/Inet6Address$Inet6AddressHolder done
Event: 2.248 loading class java/net/DefaultInterface
Event: 2.248 loading class java/net/DefaultInterface done
Event: 2.259 loading class java/net/NetworkInterface$1
Event: 2.259 loading class java/net/NetworkInterface$1 done
Event: 2.267 loading class java/nio/file/Files$AcceptAllFilter
Event: 2.267 loading class java/nio/file/DirectoryStream$Filter
Event: 2.267 loading class java/nio/file/DirectoryStream$Filter done
Event: 2.267 loading class java/nio/file/Files$AcceptAllFilter done
Event: 2.267 loading class sun/nio/fs/WindowsDirectoryStream$WindowsDirectoryIterator
Event: 2.267 loading class sun/nio/fs/WindowsDirectoryStream$WindowsDirectoryIterator done
Event: 2.267 loading class sun/nio/fs/WindowsPath$WindowsPathWithAttributes
Event: 2.267 loading class sun/nio/fs/BasicFileAttributesHolder
Event: 2.267 loading class sun/nio/fs/BasicFileAttributesHolder done
Event: 2.267 loading class sun/nio/fs/WindowsPath$WindowsPathWithAttributes done
Event: 2.270 loading class sun/security/provider/AbstractDrbg$NonceProvider
Event: 2.270 loading class sun/security/provider/AbstractDrbg$NonceProvider done
Event: 2.278 loading class java/util/DualPivotQuicksort
Event: 2.278 loading class java/util/DualPivotQuicksort done


Dynamic libraries:
0x00007ff722980000 - 0x00007ff72298e000 	c:\Users\daniely.campaner\.vscode\extensions\redhat.java-1.16.0-win32-x64\jre\17.0.6-win32-x86_64\bin\java.exe
0x00007ffd22750000 - 0x00007ffd22948000 	C:\Windows\SYSTEM32\ntdll.dll
0x00007ffd20a70000 - 0x00007ffd20b2f000 	C:\Windows\System32\KERNEL32.dll
0x00007ffd1fb60000 - 0x00007ffd1fc61000 	C:\Windows\system32\hmpalert.dll
0x00007ffd20330000 - 0x00007ffd2060a000 	C:\Windows\System32\KERNELBASE.dll
0x00007ffd1fe60000 - 0x00007ffd1ff60000 	C:\Windows\System32\ucrtbase.dll
0x00007ffd1c7d0000 - 0x00007ffd1c7e7000 	c:\Users\daniely.campaner\.vscode\extensions\redhat.java-1.16.0-win32-x64\jre\17.0.6-win32-x86_64\bin\jli.dll
0x00007ffd1c7b0000 - 0x00007ffd1c7c9000 	c:\Users\daniely.campaner\.vscode\extensions\redhat.java-1.16.0-win32-x64\jre\17.0.6-win32-x86_64\bin\VCRUNTIME140.dll
0x00007ffd21650000 - 0x00007ffd217ed000 	C:\Windows\System32\USER32.dll
0x00007ffd20010000 - 0x00007ffd20032000 	C:\Windows\System32\win32u.dll
0x00007ffd21370000 - 0x00007ffd2139b000 	C:\Windows\System32\GDI32.dll
0x00007ffd20610000 - 0x00007ffd20720000 	C:\Windows\System32\gdi32full.dll
0x00007ffd20290000 - 0x00007ffd2032d000 	C:\Windows\System32\msvcp_win.dll
0x00007ffd0c1d0000 - 0x00007ffd0c46a000 	C:\Windows\WinSxS\amd64_microsoft.windows.common-controls_6595b64144ccf1df_6.0.19041.1110_none_60b5254171f9507e\COMCTL32.dll
0x00007ffd22080000 - 0x00007ffd2211e000 	C:\Windows\System32\msvcrt.dll
0x00007ffd21340000 - 0x00007ffd21370000 	C:\Windows\System32\IMM32.DLL
0x00007ffd1b3e0000 - 0x00007ffd1b3ec000 	c:\Users\daniely.campaner\.vscode\extensions\redhat.java-1.16.0-win32-x64\jre\17.0.6-win32-x86_64\bin\vcruntime140_1.dll
0x00007ffd04fe0000 - 0x00007ffd05071000 	c:\Users\daniely.campaner\.vscode\extensions\redhat.java-1.16.0-win32-x64\jre\17.0.6-win32-x86_64\bin\msvcp140.dll
0x00007ffce7150000 - 0x00007ffce7d97000 	c:\Users\daniely.campaner\.vscode\extensions\redhat.java-1.16.0-win32-x64\jre\17.0.6-win32-x86_64\bin\server\jvm.dll
0x00007ffd21c30000 - 0x00007ffd21cde000 	C:\Windows\System32\ADVAPI32.dll
0x00007ffd20b30000 - 0x00007ffd20bcc000 	C:\Windows\System32\sechost.dll
0x00007ffd21480000 - 0x00007ffd215a6000 	C:\Windows\System32\RPCRT4.dll
0x00007ffd08420000 - 0x00007ffd08447000 	C:\Windows\SYSTEM32\WINMM.dll
0x00007ffd1b060000 - 0x00007ffd1b06a000 	C:\Windows\SYSTEM32\VERSION.dll
0x00007ffd10d40000 - 0x00007ffd10d49000 	C:\Windows\SYSTEM32\WSOCK32.dll
0x00007ffd213b0000 - 0x00007ffd2141b000 	C:\Windows\System32\WS2_32.dll
0x00007ffd1daa0000 - 0x00007ffd1dab2000 	C:\Windows\SYSTEM32\kernel.appcore.dll
0x00007ffd10d30000 - 0x00007ffd10d3a000 	c:\Users\daniely.campaner\.vscode\extensions\redhat.java-1.16.0-win32-x64\jre\17.0.6-win32-x86_64\bin\jimage.dll
0x00007ffd0eb80000 - 0x00007ffd0ed64000 	C:\Windows\SYSTEM32\DBGHELP.DLL
0x00007ffd0e900000 - 0x00007ffd0e934000 	C:\Windows\SYSTEM32\dbgcore.DLL
0x00007ffd20720000 - 0x00007ffd207a2000 	C:\Windows\System32\bcryptPrimitives.dll
0x00007ffd10770000 - 0x00007ffd1077e000 	c:\Users\daniely.campaner\.vscode\extensions\redhat.java-1.16.0-win32-x64\jre\17.0.6-win32-x86_64\bin\instrument.dll
0x00007ffd10680000 - 0x00007ffd106a5000 	c:\Users\daniely.campaner\.vscode\extensions\redhat.java-1.16.0-win32-x64\jre\17.0.6-win32-x86_64\bin\java.dll
0x00007ffd10750000 - 0x00007ffd10768000 	c:\Users\daniely.campaner\.vscode\extensions\redhat.java-1.16.0-win32-x64\jre\17.0.6-win32-x86_64\bin\zip.dll
0x00007ffd20bd0000 - 0x00007ffd21314000 	C:\Windows\System32\SHELL32.dll
0x00007ffd1dca0000 - 0x00007ffd1e433000 	C:\Windows\SYSTEM32\windows.storage.dll
0x00007ffd217f0000 - 0x00007ffd21b44000 	C:\Windows\System32\combase.dll
0x00007ffd1f6d0000 - 0x00007ffd1f6fe000 	C:\Windows\SYSTEM32\Wldp.dll
0x00007ffd209c0000 - 0x00007ffd20a6d000 	C:\Windows\System32\SHCORE.dll
0x00007ffd21420000 - 0x00007ffd21475000 	C:\Windows\System32\shlwapi.dll
0x00007ffd1fda0000 - 0x00007ffd1fdbf000 	C:\Windows\SYSTEM32\profapi.dll
0x00007ffd10660000 - 0x00007ffd10679000 	C:\Users\daniely.campaner\.vscode\extensions\redhat.java-1.16.0-win32-x64\jre\17.0.6-win32-x86_64\bin\net.dll
0x00007ffd1ecd0000 - 0x00007ffd1edda000 	C:\Windows\SYSTEM32\WINHTTP.dll
0x00007ffd1f430000 - 0x00007ffd1f49a000 	C:\Windows\system32\mswsock.dll
0x00007ffd103f0000 - 0x00007ffd10405000 	C:\Users\daniely.campaner\.vscode\extensions\redhat.java-1.16.0-win32-x64\jre\17.0.6-win32-x86_64\bin\nio.dll
0x00007ffd10650000 - 0x00007ffd10660000 	c:\Users\daniely.campaner\.vscode\extensions\redhat.java-1.16.0-win32-x64\jre\17.0.6-win32-x86_64\bin\verify.dll
0x00007ffd100f0000 - 0x00007ffd1012e000 	C:\Users\daniely.campaner\AppData\Roaming\Code\User\globalStorage\redhat.java\1.16.0\config_ss_win\org.eclipse.equinox.launcher\org.eclipse.equinox.launcher.win32.win32.x86_64_1.2.700.v20221108-1024\eclipse_11801.dll
0x00007ffd21e00000 - 0x00007ffd21f2a000 	C:\Windows\System32\ole32.dll
0x00007ffd10260000 - 0x00007ffd10269000 	C:\Users\daniely.campaner\.vscode\extensions\redhat.java-1.16.0-win32-x64\jre\17.0.6-win32-x86_64\bin\management.dll
0x00007ffd10230000 - 0x00007ffd1023b000 	C:\Users\daniely.campaner\.vscode\extensions\redhat.java-1.16.0-win32-x64\jre\17.0.6-win32-x86_64\bin\management_ext.dll
0x00007ffd22070000 - 0x00007ffd22078000 	C:\Windows\System32\PSAPI.DLL
0x00007ffd1f620000 - 0x00007ffd1f638000 	C:\Windows\SYSTEM32\CRYPTSP.dll
0x00007ffd1ec40000 - 0x00007ffd1ec74000 	C:\Windows\system32\rsaenh.dll
0x00007ffd201a0000 - 0x00007ffd201c7000 	C:\Windows\System32\bcrypt.dll
0x00007ffd1fd20000 - 0x00007ffd1fd4e000 	C:\Windows\SYSTEM32\USERENV.dll
0x00007ffd1f640000 - 0x00007ffd1f64c000 	C:\Windows\SYSTEM32\CRYPTBASE.dll
0x00007ffd1f120000 - 0x00007ffd1f15c000 	C:\Windows\SYSTEM32\IPHLPAPI.DLL
0x00007ffd213a0000 - 0x00007ffd213a8000 	C:\Windows\System32\NSI.dll
0x00007ffd1b2d0000 - 0x00007ffd1b2e7000 	C:\Windows\SYSTEM32\dhcpcsvc6.DLL
0x00007ffd1b2b0000 - 0x00007ffd1b2cd000 	C:\Windows\SYSTEM32\dhcpcsvc.DLL
0x00007ffd1f170000 - 0x00007ffd1f23b000 	C:\Windows\SYSTEM32\DNSAPI.dll

dbghelp: loaded successfully - version: 4.0.5 - missing functions: none
symbol engine: initialized successfully - sym options: 0x614 - pdb path: .;c:\Users\daniely.campaner\.vscode\extensions\redhat.java-1.16.0-win32-x64\jre\17.0.6-win32-x86_64\bin;C:\Windows\SYSTEM32;C:\Windows\WinSxS\amd64_microsoft.windows.common-controls_6595b64144ccf1df_6.0.19041.1110_none_60b5254171f9507e;c:\Users\daniely.campaner\.vscode\extensions\redhat.java-1.16.0-win32-x64\jre\17.0.6-win32-x86_64\bin\server;C:\Users\daniely.campaner\AppData\Roaming\Code\User\globalStorage\redhat.java\1.16.0\config_ss_win\org.eclipse.equinox.launcher\org.eclipse.equinox.launcher.win32.win32.x86_64_1.2.700.v20221108-1024

VM Arguments:
jvm_args: --add-modules=ALL-SYSTEM --add-opens=java.base/java.util=ALL-UNNAMED --add-opens=java.base/java.lang=ALL-UNNAMED --add-opens=java.base/sun.nio.fs=ALL-UNNAMED -Declipse.application=org.eclipse.jdt.ls.core.id1 -Dosgi.bundles.defaultStartLevel=4 -Declipse.product=org.eclipse.jdt.ls.core.product -Djava.import.generatesMetadataFilesAtProjectRoot=false -Dfile.encoding=utf8 -XX:+UseParallelGC -XX:GCTimeRatio=4 -XX:AdaptiveSizePolicyWeight=90 -Dsun.zip.disableMemoryMapping=true -Xmx1G -Xms100m -Xlog:disable -javaagent:c:\Users\daniely.campaner\.vscode\extensions\redhat.java-1.16.0-win32-x64\lombok\lombok-1.18.24.jar 
java_command: c:\Users\daniely.campaner\.vscode\extensions\redhat.java-1.16.0-win32-x64\server\plugins\org.eclipse.equinox.launcher_1.6.400.v20210924-0641.jar -configuration c:\Users\daniely.campaner\AppData\Roaming\Code\User\globalStorage\redhat.java\1.16.0\config_ss_win -data c:\Users\daniely.campaner\AppData\Roaming\Code\User\workspaceStorage\fd519a45d6d3f1d8a435af9f4bb9fc51\redhat.java\ss_ws
java_class_path (initial): c:\Users\daniely.campaner\.vscode\extensions\redhat.java-1.16.0-win32-x64\server\plugins\org.eclipse.equinox.launcher_1.6.400.v20210924-0641.jar
Launcher Type: SUN_STANDARD

[Global flags]
    uintx AdaptiveSizePolicyWeight                 = 90                                        {product} {command line}
     intx CICompilerCount                          = 3                                         {product} {ergonomic}
    uintx GCTimeRatio                              = 4                                         {product} {command line}
   size_t InitialHeapSize                          = 104857600                                 {product} {command line}
   size_t MaxHeapSize                              = 1073741824                                {product} {command line}
   size_t MaxNewSize                               = 357564416                                 {product} {ergonomic}
   size_t MinHeapDeltaBytes                        = 524288                                    {product} {ergonomic}
   size_t MinHeapSize                              = 104857600                                 {product} {command line}
   size_t NewSize                                  = 34603008                                  {product} {ergonomic}
    uintx NonNMethodCodeHeapSize                   = 5832780                                {pd product} {ergonomic}
    uintx NonProfiledCodeHeapSize                  = 122912730                              {pd product} {ergonomic}
   size_t OldSize                                  = 70254592                                  {product} {ergonomic}
    uintx ProfiledCodeHeapSize                     = 122912730                              {pd product} {ergonomic}
    uintx ReservedCodeCacheSize                    = 251658240                              {pd product} {ergonomic}
     bool SegmentedCodeCache                       = true                                      {product} {ergonomic}
   size_t SoftMaxHeapSize                          = 1073741824                             {manageable} {ergonomic}
     bool UseCompressedClassPointers               = true                           {product lp64_product} {ergonomic}
     bool UseCompressedOops                        = true                           {product lp64_product} {ergonomic}
     bool UseLargePagesIndividualAllocation        = false                                  {pd product} {ergonomic}
     bool UseParallelGC                            = true                                      {product} {command line}

Logging:
Log output configuration:
 #0: stdout all=off uptime,level,tags
 #1: stderr all=off uptime,level,tags

Environment Variables:
PATH=C:\Program Files (x86)\VMware\VMware Workstation\bin\;C:\Program Files\Common Files\Oracle\Java\javapath;C:\Program Files (x86)\Common Files\Oracle\Java\javapath;C:\Windows\system32;C:\Windows;C:\Windows\System32\Wbem;C:\Windows\System32\WindowsPowerShell\v1.0\;C:\Windows\System32\OpenSSH\;C:\Program Files\Git\cmd;C:\Program Files\nodejs\;C:\Program Files\Microsoft VS Code\bin;C:\Users\daniely.campaner\AppData\Local\Microsoft\WindowsApps;;C:\Program Files\Microsoft Office\root\Client
USERNAME=daniely.campaner
OS=Windows_NT
PROCESSOR_IDENTIFIER=Intel64 Family 6 Model 158 Stepping 10, GenuineIntel
TMP=C:\Users\DANIEL~1.CAM\AppData\Local\Temp
TEMP=C:\Users\DANIEL~1.CAM\AppData\Local\Temp



---------------  S Y S T E M  ---------------

OS:
 Windows 10 , 64 bit Build 19041 (10.0.19041.2788)
OS uptime: 0 days 0:25 hours

CPU: total 6 (initial active 6) (6 cores per cpu, 1 threads per core) family 6 model 158 stepping 10 microcode 0xea, cx8, cmov, fxsr, mmx, 3dnowpref, sse, sse2, sse3, ssse3, sse4.1, sse4.2, popcnt, lzcnt, tsc, tscinvbit, avx, avx2, aes, erms, clmul, bmi1, bmi2, rtm, adx, fma, vzeroupper, clflush, clflushopt

Memory: 4k page, system-wide physical 8001M (1002M free)
TotalPageFile size 8001M (AvailPageFile size 4M)
current process WorkingSet (physical memory assigned to process): 135M, peak: 140M
current process commit charge ("private bytes"): 237M, peak: 244M

vm_info: OpenJDK 64-Bit Server VM (17.0.6+10) for windows-amd64 JRE (17.0.6+10), built on Jan 18 2023 10:08:59 by "temurin" with MS VC++ 16.7 (VS2019)

END.
