#
# There is insufficient memory for the Java Runtime Environment to continue.
# Native memory allocation (malloc) failed to allocate 2084736 bytes for Chunk::new
# Possible reasons:
#   The system is out of physical RAM or swap space
#   The process is running with CompressedOops enabled, and the Java Heap may be blocking the growth of the native heap
# Possible solutions:
#   Reduce memory load on the system
#   Increase physical memory or swap space
#   Check if swap backing store is full
#   Decrease Java heap size (-Xmx/-Xms)
#   Decrease number of Java threads
#   Decrease Java thread stack sizes (-Xss)
#   Set larger code cache with -XX:ReservedCodeCacheSize=
#   JVM is running with Unscaled Compressed Oops mode in which the Java heap is
#     placed in the first 4GB address space. The Java Heap base address is the
#     maximum limit for the native heap growth. Please use -XX:HeapBaseMinAddress
#     to set the Java Heap base and to place the Java Heap above 4GB virtual address.
# This output file may be truncated or incomplete.
#
#  Out of Memory Error (arena.cpp:189), pid=6596, tid=14036
#
# JRE version: OpenJDK Runtime Environment Temurin-17.0.6+10 (17.0.6+10) (build 17.0.6+10)
# Java VM: OpenJDK 64-Bit Server VM Temurin-17.0.6+10 (17.0.6+10, mixed mode, tiered, compressed oops, compressed class ptrs, parallel gc, windows-amd64)
# No core dump will be written. Minidumps are not enabled by default on client versions of Windows
#

---------------  S U M M A R Y ------------

Command Line: --add-modules=ALL-SYSTEM --add-opens=java.base/java.util=ALL-UNNAMED --add-opens=java.base/java.lang=ALL-UNNAMED --add-opens=java.base/sun.nio.fs=ALL-UNNAMED -Declipse.application=org.eclipse.jdt.ls.core.id1 -Dosgi.bundles.defaultStartLevel=4 -Declipse.product=org.eclipse.jdt.ls.core.product -Djava.import.generatesMetadataFilesAtProjectRoot=false -Dfile.encoding=utf8 -XX:+UseParallelGC -XX:GCTimeRatio=4 -XX:AdaptiveSizePolicyWeight=90 -Dsun.zip.disableMemoryMapping=true -Xmx1G -Xms100m -Xlog:disable -javaagent:c:\Users\daniely.campaner\.vscode\extensions\redhat.java-1.16.0-win32-x64\lombok\lombok-1.18.24.jar c:\Users\daniely.campaner\.vscode\extensions\redhat.java-1.16.0-win32-x64\server\plugins\org.eclipse.equinox.launcher_1.6.400.v20210924-0641.jar -configuration c:\Users\daniely.campaner\AppData\Roaming\Code\User\globalStorage\redhat.java\1.16.0\config_ss_win -data c:\Users\daniely.campaner\AppData\Roaming\Code\User\workspaceStorage\9035ea4b6b5a324985c92919cde5af43\redhat.java\ss_ws

Host: Intel(R) Core(TM) i5-9500 CPU @ 3.00GHz, 6 cores, 7G,  Windows 10 , 64 bit Build 19041 (10.0.19041.2546)
Time: Wed Apr  5 20:10:12 2023 Hora oficial do Brasil elapsed time: 2.029669 seconds (0d 0h 0m 2s)

---------------  T H R E A D  ---------------

Current thread (0x000001b0a386b6f0):  JavaThread "C2 CompilerThread0" daemon [_thread_in_native, id=14036, stack(0x000000a2a4300000,0x000000a2a4400000)]


Current CompileTask:
C2:   2029 2279       4       org.objectweb.asm.ClassReader::readMethod (1066 bytes)

Stack: [0x000000a2a4300000,0x000000a2a4400000]
Native frames: (J=compiled Java code, j=interpreted, Vv=VM code, C=native code)
V  [jvm.dll+0x67741a]
V  [jvm.dll+0x834434]
V  [jvm.dll+0x835bde]
V  [jvm.dll+0x836243]
V  [jvm.dll+0x2457b5]
V  [jvm.dll+0xabafc]
V  [jvm.dll+0xac0cc]
V  [jvm.dll+0x3634e7]
V  [jvm.dll+0x1bbb82]
V  [jvm.dll+0x218749]
V  [jvm.dll+0x217a11]
V  [jvm.dll+0x1a3d0d]
V  [jvm.dll+0x22742a]
V  [jvm.dll+0x225565]
V  [jvm.dll+0x7ea2cb]
V  [jvm.dll+0x7e483a]
V  [jvm.dll+0x6762c5]
C  [ucrtbase.dll+0x21bb2]
C  [KERNEL32.dll+0x17614]
C  [ntdll.dll+0x526a1]


---------------  P R O C E S S  ---------------

Threads class SMR info:
_java_thread_list=0x000001b0a58cc150, length=22, elements={
0x000001b08d995620, 0x000001b0a17f5750, 0x000001b0a17f6be0, 0x000001b0a18192c0,
0x000001b0a1819c70, 0x000001b0a181bdd0, 0x000001b0a3869af0, 0x000001b0a386b6f0,
0x000001b0a386cf30, 0x000001b0a3878bb0, 0x000001b08da51340, 0x000001b0a3ca8aa0,
0x000001b0a42e2460, 0x000001b0a5067950, 0x000001b0a3f15f90, 0x000001b0a50545b0,
0x000001b0a4359b70, 0x000001b0a5121fe0, 0x000001b0a51d4790, 0x000001b0a43753b0,
0x000001b0a524bc50, 0x000001b0a4374070
}

Java Threads: ( => current thread )
  0x000001b08d995620 JavaThread "main" [_thread_blocked, id=13464, stack(0x000000a2a3a00000,0x000000a2a3b00000)]
  0x000001b0a17f5750 JavaThread "Reference Handler" daemon [_thread_blocked, id=13480, stack(0x000000a2a3d00000,0x000000a2a3e00000)]
  0x000001b0a17f6be0 JavaThread "Finalizer" daemon [_thread_blocked, id=1860, stack(0x000000a2a3e00000,0x000000a2a3f00000)]
  0x000001b0a18192c0 JavaThread "Signal Dispatcher" daemon [_thread_blocked, id=7968, stack(0x000000a2a3f00000,0x000000a2a4000000)]
  0x000001b0a1819c70 JavaThread "Attach Listener" daemon [_thread_blocked, id=5396, stack(0x000000a2a4000000,0x000000a2a4100000)]
  0x000001b0a181bdd0 JavaThread "Service Thread" daemon [_thread_blocked, id=4516, stack(0x000000a2a4100000,0x000000a2a4200000)]
  0x000001b0a3869af0 JavaThread "Monitor Deflation Thread" daemon [_thread_blocked, id=5256, stack(0x000000a2a4200000,0x000000a2a4300000)]
=>0x000001b0a386b6f0 JavaThread "C2 CompilerThread0" daemon [_thread_in_native, id=14036, stack(0x000000a2a4300000,0x000000a2a4400000)]
  0x000001b0a386cf30 JavaThread "C1 CompilerThread0" daemon [_thread_blocked, id=5828, stack(0x000000a2a4400000,0x000000a2a4500000)]
  0x000001b0a3878bb0 JavaThread "Sweeper thread" daemon [_thread_blocked, id=1208, stack(0x000000a2a4500000,0x000000a2a4600000)]
  0x000001b08da51340 JavaThread "Common-Cleaner" daemon [_thread_blocked, id=11304, stack(0x000000a2a4600000,0x000000a2a4700000)]
  0x000001b0a3ca8aa0 JavaThread "Notification Thread" daemon [_thread_blocked, id=9404, stack(0x000000a2a4800000,0x000000a2a4900000)]
  0x000001b0a42e2460 JavaThread "Active Thread: Equinox Container: 689e7197-84dc-4802-8aea-122e3b3f886b" [_thread_blocked, id=11140, stack(0x000000a2a4f00000,0x000000a2a5000000)]
  0x000001b0a5067950 JavaThread "Framework Event Dispatcher: Equinox Container: 689e7197-84dc-4802-8aea-122e3b3f886b" daemon [_thread_blocked, id=1580, stack(0x000000a2a5000000,0x000000a2a5100000)]
  0x000001b0a3f15f90 JavaThread "Start Level: Equinox Container: 689e7197-84dc-4802-8aea-122e3b3f886b" daemon [_thread_blocked, id=9352, stack(0x000000a2a5100000,0x000000a2a5200000)]
  0x000001b0a50545b0 JavaThread "SCR Component Actor" daemon [_thread_blocked, id=13836, stack(0x000000a2a5200000,0x000000a2a5300000)]
  0x000001b0a4359b70 JavaThread "SCR Component Registry" daemon [_thread_blocked, id=8144, stack(0x000000a2a5300000,0x000000a2a5400000)]
  0x000001b0a5121fe0 JavaThread "Worker-JM" [_thread_blocked, id=1504, stack(0x000000a2a4700000,0x000000a2a4800000)]
  0x000001b0a51d4790 JavaThread "Worker-0" [_thread_blocked, id=7980, stack(0x000000a2a5400000,0x000000a2a5500000)]
  0x000001b0a43753b0 JavaThread "Worker-1" [_thread_blocked, id=12656, stack(0x000000a2a5500000,0x000000a2a5600000)]
  0x000001b0a524bc50 JavaThread "C2 CompilerThread1" daemon [_thread_blocked, id=2408, stack(0x000000a2a5600000,0x000000a2a5700000)]
  0x000001b0a4374070 JavaThread "Java indexing" daemon [_thread_blocked, id=5584, stack(0x000000a2a5700000,0x000000a2a5800000)]

Other Threads:
  0x000001b0a16e9020 VMThread "VM Thread" [stack: 0x000000a2a3c00000,0x000000a2a3d00000] [id=7056]
  0x000001b0a3b35b10 WatcherThread [stack: 0x000000a2a4900000,0x000000a2a4a00000] [id=11364]
  0x000001b08d9a9610 GCTaskThread "GC Thread#0" [stack: 0x000000a2a3b00000,0x000000a2a3c00000] [id=7276]
  0x000001b0a42698c0 GCTaskThread "GC Thread#1" [stack: 0x000000a2a4a00000,0x000000a2a4b00000] [id=4620]
  0x000001b0a3f8a7c0 GCTaskThread "GC Thread#2" [stack: 0x000000a2a4b00000,0x000000a2a4c00000] [id=11440]
  0x000001b0a3f77690 GCTaskThread "GC Thread#3" [stack: 0x000000a2a4c00000,0x000000a2a4d00000] [id=3492]
  0x000001b0a3f77940 GCTaskThread "GC Thread#4" [stack: 0x000000a2a4d00000,0x000000a2a4e00000] [id=13376]
  0x000001b0a3f77bf0 GCTaskThread "GC Thread#5" [stack: 0x000000a2a4e00000,0x000000a2a4f00000] [id=11184]

Threads with active compile tasks:
C2 CompilerThread0     2065 2279       4       org.objectweb.asm.ClassReader::readMethod (1066 bytes)

VM state: not at safepoint (normal execution)

VM Mutex/Monitor currently owned by a thread: None

Heap address: 0x00000000c0000000, size: 1024 MB, Compressed Oops mode: 32-bit

CDS archive(s) not mapped
Compressed class space mapped at: 0x0000000100000000-0x0000000140000000, reserved size: 1073741824
Narrow klass base: 0x0000000000000000, Narrow klass shift: 3, Narrow klass range: 0x140000000

GC Precious Log:
 CPUs: 6 total, 6 available
 Memory: 8001M
 Large Page Support: Disabled
 NUMA Support: Disabled
 Compressed Oops: Enabled (32-bit)
 Alignments: Space 512K, Generation 512K, Heap 2M
 Heap Min Capacity: 100M
 Heap Initial Capacity: 100M
 Heap Max Capacity: 1G
 Pre-touch: Disabled
 Parallel Workers: 6

Heap:
 PSYoungGen      total 26112K, used 25697K [0x00000000eab00000, 0x00000000ec880000, 0x0000000100000000)
  eden space 25088K, 99% used [0x00000000eab00000,0x00000000ec36e488,0x00000000ec380000)
  from space 1024K, 66% used [0x00000000ec400000,0x00000000ec4aa188,0x00000000ec500000)
  to   space 2560K, 0% used [0x00000000ec600000,0x00000000ec600000,0x00000000ec880000)
 ParOldGen       total 68608K, used 6928K [0x00000000c0000000, 0x00000000c4300000, 0x00000000eab00000)
  object space 68608K, 10% used [0x00000000c0000000,0x00000000c06c42b8,0x00000000c4300000)
 Metaspace       used 27414K, committed 27904K, reserved 1081344K
  class space    used 2642K, committed 2880K, reserved 1048576K

Card table byte_map: [0x000001b08d340000,0x000001b08d550000] _byte_map_base: 0x000001b08cd40000

Marking Bits: (ParMarkBitMap*) 0x00007ffbdddb3e70
 Begin Bits: [0x000001b09f620000, 0x000001b0a0620000)
 End Bits:   [0x000001b0a0620000, 0x000001b0a1620000)

Polling page: 0x000001b08b650000

Metaspace:

Usage:
  Non-class:     24.19 MB used.
      Class:      2.58 MB used.
       Both:     26.77 MB used.

Virtual space:
  Non-class space:       32.00 MB reserved,      24.44 MB ( 76%) committed,  4 nodes.
      Class space:        1.00 GB reserved,       2.81 MB ( <1%) committed,  1 nodes.
             Both:        1.03 GB reserved,      27.25 MB (  3%) committed. 

Chunk freelists:
   Non-Class:  3.39 MB
       Class:  1.04 MB
        Both:  4.43 MB

MaxMetaspaceSize: unlimited
CompressedClassSpaceSize: 1.00 GB
Initial GC threshold: 21.00 MB
Current GC threshold: 35.00 MB
CDS: off
MetaspaceReclaimPolicy: balanced
 - commit_granule_bytes: 65536.
 - commit_granule_words: 8192.
 - virtual_space_node_default_size: 1048576.
 - enlarge_chunks_in_place: 1.
 - new_chunks_are_fully_committed: 0.
 - uncommit_free_chunks: 1.
 - use_allocation_guard: 0.
 - handle_deallocations: 1.


Internal statistics:

num_allocs_failed_limit: 5.
num_arena_births: 216.
num_arena_deaths: 14.
num_vsnodes_births: 5.
num_vsnodes_deaths: 0.
num_space_committed: 436.
num_space_uncommitted: 0.
num_chunks_returned_to_freelist: 19.
num_chunks_taken_from_freelist: 937.
num_chunk_merges: 9.
num_chunk_splits: 623.
num_chunks_enlarged: 441.
num_purges: 2.
num_inconsistent_stats: 0.

CodeHeap 'non-profiled nmethods': size=120000Kb used=956Kb max_used=956Kb free=119044Kb
 bounds [0x000001b0980f0000, 0x000001b098360000, 0x000001b09f620000]
CodeHeap 'profiled nmethods': size=120000Kb used=4747Kb max_used=4747Kb free=115252Kb
 bounds [0x000001b090620000, 0x000001b090ad0000, 0x000001b097b50000]
CodeHeap 'non-nmethods': size=5760Kb used=1230Kb max_used=1252Kb free=4530Kb
 bounds [0x000001b097b50000, 0x000001b097dc0000, 0x000001b0980f0000]
 total_blobs=2936 nmethods=2393 adapters=457
 compilation: enabled
              stopped_count=0, restarted_count=0
 full_count=0

Compilation events (20 events):
Event: 1.938 Thread 0x000001b0a386cf30 nmethod 2388 0x000001b0981da190 code [0x000001b0981da320, 0x000001b0981da3f8]
Event: 1.940 Thread 0x000001b0a386cf30 2389       1       org.eclipse.core.internal.jobs.InternalJob::previous (5 bytes)
Event: 1.940 Thread 0x000001b0a386cf30 nmethod 2389 0x000001b0981da490 code [0x000001b0981da620, 0x000001b0981da6f8]
Event: 1.940 Thread 0x000001b0a386cf30 2390       3       java.util.concurrent.ConcurrentHashMap::<init> (5 bytes)
Event: 1.940 Thread 0x000001b0a386cf30 nmethod 2390 0x000001b090ac1510 code [0x000001b090ac16c0, 0x000001b090ac1878]
Event: 1.941 Thread 0x000001b0a386cf30 2391       3       java.util.Arrays::fill (21 bytes)
Event: 1.941 Thread 0x000001b0a386cf30 nmethod 2391 0x000001b090ac1990 code [0x000001b090ac1b20, 0x000001b090ac1cd8]
Event: 1.943 Thread 0x000001b0a524bc50 nmethod 2362 0x000001b0981da790 code [0x000001b0981da9e0, 0x000001b0981dbf30]
Event: 1.943 Thread 0x000001b0a524bc50 2367 %     4       java.util.Properties$LineReader::readLine @ 53 (584 bytes)
Event: 1.954 Thread 0x000001b0a386cf30 2392       3       java.util.TreeMap::leftOf (13 bytes)
Event: 1.954 Thread 0x000001b0a386cf30 nmethod 2392 0x000001b090ac1e10 code [0x000001b090ac1fa0, 0x000001b090ac2118]
Event: 1.954 Thread 0x000001b0a386cf30 2393       3       java.lang.Character::toUpperCase (6 bytes)
Event: 1.954 Thread 0x000001b0a386cf30 nmethod 2393 0x000001b090ac2210 code [0x000001b090ac23c0, 0x000001b090ac2618]
Event: 1.955 Thread 0x000001b0a386cf30 2394       3       java.lang.Character::toUpperCase (9 bytes)
Event: 1.955 Thread 0x000001b0a386cf30 nmethod 2394 0x000001b090ac2710 code [0x000001b090ac28c0, 0x000001b090ac2ab8]
Event: 1.959 Thread 0x000001b0a524bc50 nmethod 2367% 0x000001b0981dcd90 code [0x000001b0981dcf80, 0x000001b0981ddfb8]
Event: 1.959 Thread 0x000001b0a524bc50 2382       4       java.util.Objects::checkFromIndexSize (8 bytes)
Event: 1.960 Thread 0x000001b0a524bc50 nmethod 2382 0x000001b0981dea10 code [0x000001b0981deb80, 0x000001b0981dec38]
Event: 2.011 Thread 0x000001b0a386cf30 2395       3       jdk.internal.reflect.ClassFileAssembler::setStack (25 bytes)
Event: 2.012 Thread 0x000001b0a386cf30 nmethod 2395 0x000001b090ac2b90 code [0x000001b090ac2d20, 0x000001b090ac2e78]

GC Heap History (12 events):
Event: 0.722 GC heap before
{Heap before GC invocations=1 (full 0):
 PSYoungGen      total 29696K, used 25600K [0x00000000eab00000, 0x00000000ecc00000, 0x0000000100000000)
  eden space 25600K, 100% used [0x00000000eab00000,0x00000000ec400000,0x00000000ec400000)
  from space 4096K, 0% used [0x00000000ec800000,0x00000000ec800000,0x00000000ecc00000)
  to   space 4096K, 0% used [0x00000000ec400000,0x00000000ec400000,0x00000000ec800000)
 ParOldGen       total 68608K, used 0K [0x00000000c0000000, 0x00000000c4300000, 0x00000000eab00000)
  object space 68608K, 0% used [0x00000000c0000000,0x00000000c0000000,0x00000000c4300000)
 Metaspace       used 11116K, committed 11328K, reserved 1064960K
  class space    used 1106K, committed 1216K, reserved 1048576K
}
Event: 0.727 GC heap after
{Heap after GC invocations=1 (full 0):
 PSYoungGen      total 29696K, used 3240K [0x00000000eab00000, 0x00000000ecc00000, 0x0000000100000000)
  eden space 25600K, 0% used [0x00000000eab00000,0x00000000eab00000,0x00000000ec400000)
  from space 4096K, 79% used [0x00000000ec400000,0x00000000ec72a228,0x00000000ec800000)
  to   space 4096K, 0% used [0x00000000ec800000,0x00000000ec800000,0x00000000ecc00000)
 ParOldGen       total 68608K, used 16K [0x00000000c0000000, 0x00000000c4300000, 0x00000000eab00000)
  object space 68608K, 0% used [0x00000000c0000000,0x00000000c0004000,0x00000000c4300000)
 Metaspace       used 11116K, committed 11328K, reserved 1064960K
  class space    used 1106K, committed 1216K, reserved 1048576K
}
Event: 1.171 GC heap before
{Heap before GC invocations=2 (full 0):
 PSYoungGen      total 29696K, used 28840K [0x00000000eab00000, 0x00000000ecc00000, 0x0000000100000000)
  eden space 25600K, 100% used [0x00000000eab00000,0x00000000ec400000,0x00000000ec400000)
  from space 4096K, 79% used [0x00000000ec400000,0x00000000ec72a228,0x00000000ec800000)
  to   space 4096K, 0% used [0x00000000ec800000,0x00000000ec800000,0x00000000ecc00000)
 ParOldGen       total 68608K, used 16K [0x00000000c0000000, 0x00000000c4300000, 0x00000000eab00000)
  object space 68608K, 0% used [0x00000000c0000000,0x00000000c0004000,0x00000000c4300000)
 Metaspace       used 15300K, committed 15552K, reserved 1064960K
  class space    used 1559K, committed 1728K, reserved 1048576K
}
Event: 1.174 GC heap after
{Heap after GC invocations=2 (full 0):
 PSYoungGen      total 29696K, used 4094K [0x00000000eab00000, 0x00000000ecc00000, 0x0000000100000000)
  eden space 25600K, 0% used [0x00000000eab00000,0x00000000eab00000,0x00000000ec400000)
  from space 4096K, 99% used [0x00000000ec800000,0x00000000ecbffa48,0x00000000ecc00000)
  to   space 4096K, 0% used [0x00000000ec400000,0x00000000ec400000,0x00000000ec800000)
 ParOldGen       total 68608K, used 812K [0x00000000c0000000, 0x00000000c4300000, 0x00000000eab00000)
  object space 68608K, 1% used [0x00000000c0000000,0x00000000c00cb020,0x00000000c4300000)
 Metaspace       used 15300K, committed 15552K, reserved 1064960K
  class space    used 1559K, committed 1728K, reserved 1048576K
}
Event: 1.557 GC heap before
{Heap before GC invocations=3 (full 0):
 PSYoungGen      total 29696K, used 29694K [0x00000000eab00000, 0x00000000ecc00000, 0x0000000100000000)
  eden space 25600K, 100% used [0x00000000eab00000,0x00000000ec400000,0x00000000ec400000)
  from space 4096K, 99% used [0x00000000ec800000,0x00000000ecbffa48,0x00000000ecc00000)
  to   space 4096K, 0% used [0x00000000ec400000,0x00000000ec400000,0x00000000ec800000)
 ParOldGen       total 68608K, used 812K [0x00000000c0000000, 0x00000000c4300000, 0x00000000eab00000)
  object space 68608K, 1% used [0x00000000c0000000,0x00000000c00cb020,0x00000000c4300000)
 Metaspace       used 20357K, committed 20736K, reserved 1073152K
  class space    used 2066K, committed 2240K, reserved 1048576K
}
Event: 1.561 GC heap after
{Heap after GC invocations=3 (full 0):
 PSYoungGen      total 29696K, used 4069K [0x00000000eab00000, 0x00000000ecc00000, 0x0000000100000000)
  eden space 25600K, 0% used [0x00000000eab00000,0x00000000eab00000,0x00000000ec400000)
  from space 4096K, 99% used [0x00000000ec400000,0x00000000ec7f9538,0x00000000ec800000)
  to   space 4096K, 0% used [0x00000000ec800000,0x00000000ec800000,0x00000000ecc00000)
 ParOldGen       total 68608K, used 2848K [0x00000000c0000000, 0x00000000c4300000, 0x00000000eab00000)
  object space 68608K, 4% used [0x00000000c0000000,0x00000000c02c8338,0x00000000c4300000)
 Metaspace       used 20357K, committed 20736K, reserved 1073152K
  class space    used 2066K, committed 2240K, reserved 1048576K
}
Event: 1.633 GC heap before
{Heap before GC invocations=4 (full 0):
 PSYoungGen      total 29696K, used 8944K [0x00000000eab00000, 0x00000000ecc00000, 0x0000000100000000)
  eden space 25600K, 19% used [0x00000000eab00000,0x00000000eafc2b78,0x00000000ec400000)
  from space 4096K, 99% used [0x00000000ec400000,0x00000000ec7f9538,0x00000000ec800000)
  to   space 4096K, 0% used [0x00000000ec800000,0x00000000ec800000,0x00000000ecc00000)
 ParOldGen       total 68608K, used 2848K [0x00000000c0000000, 0x00000000c4300000, 0x00000000eab00000)
  object space 68608K, 4% used [0x00000000c0000000,0x00000000c02c8338,0x00000000c4300000)
 Metaspace       used 21126K, committed 21504K, reserved 1073152K
  class space    used 2150K, committed 2304K, reserved 1048576K
}
Event: 1.637 GC heap after
{Heap after GC invocations=4 (full 0):
 PSYoungGen      total 29696K, used 4080K [0x00000000eab00000, 0x00000000ecc00000, 0x0000000100000000)
  eden space 25600K, 0% used [0x00000000eab00000,0x00000000eab00000,0x00000000ec400000)
  from space 4096K, 99% used [0x00000000ec800000,0x00000000ecbfc170,0x00000000ecc00000)
  to   space 4096K, 0% used [0x00000000ec400000,0x00000000ec400000,0x00000000ec800000)
 ParOldGen       total 68608K, used 3005K [0x00000000c0000000, 0x00000000c4300000, 0x00000000eab00000)
  object space 68608K, 4% used [0x00000000c0000000,0x00000000c02ef518,0x00000000c4300000)
 Metaspace       used 21126K, committed 21504K, reserved 1073152K
  class space    used 2150K, committed 2304K, reserved 1048576K
}
Event: 1.637 GC heap before
{Heap before GC invocations=5 (full 1):
 PSYoungGen      total 29696K, used 4080K [0x00000000eab00000, 0x00000000ecc00000, 0x0000000100000000)
  eden space 25600K, 0% used [0x00000000eab00000,0x00000000eab00000,0x00000000ec400000)
  from space 4096K, 99% used [0x00000000ec800000,0x00000000ecbfc170,0x00000000ecc00000)
  to   space 4096K, 0% used [0x00000000ec400000,0x00000000ec400000,0x00000000ec800000)
 ParOldGen       total 68608K, used 3005K [0x00000000c0000000, 0x00000000c4300000, 0x00000000eab00000)
  object space 68608K, 4% used [0x00000000c0000000,0x00000000c02ef518,0x00000000c4300000)
 Metaspace       used 21126K, committed 21504K, reserved 1073152K
  class space    used 2150K, committed 2304K, reserved 1048576K
}
Event: 1.653 GC heap after
{Heap after GC invocations=5 (full 1):
 PSYoungGen      total 29696K, used 0K [0x00000000eab00000, 0x00000000ecc00000, 0x0000000100000000)
  eden space 25600K, 0% used [0x00000000eab00000,0x00000000eab00000,0x00000000ec400000)
  from space 4096K, 0% used [0x00000000ec800000,0x00000000ec800000,0x00000000ecc00000)
  to   space 4096K, 0% used [0x00000000ec400000,0x00000000ec400000,0x00000000ec800000)
 ParOldGen       total 68608K, used 6920K [0x00000000c0000000, 0x00000000c4300000, 0x00000000eab00000)
  object space 68608K, 10% used [0x00000000c0000000,0x00000000c06c22b8,0x00000000c4300000)
 Metaspace       used 21113K, committed 21504K, reserved 1073152K
  class space    used 2146K, committed 2304K, reserved 1048576K
}
Event: 1.805 GC heap before
{Heap before GC invocations=6 (full 1):
 PSYoungGen      total 29696K, used 25600K [0x00000000eab00000, 0x00000000ecc00000, 0x0000000100000000)
  eden space 25600K, 100% used [0x00000000eab00000,0x00000000ec400000,0x00000000ec400000)
  from space 4096K, 0% used [0x00000000ec800000,0x00000000ec800000,0x00000000ecc00000)
  to   space 4096K, 0% used [0x00000000ec400000,0x00000000ec400000,0x00000000ec800000)
 ParOldGen       total 68608K, used 6920K [0x00000000c0000000, 0x00000000c4300000, 0x00000000eab00000)
  object space 68608K, 10% used [0x00000000c0000000,0x00000000c06c22b8,0x00000000c4300000)
 Metaspace       used 24613K, committed 25088K, reserved 1073152K
  class space    used 2405K, committed 2624K, reserved 1048576K
}
Event: 1.805 GC heap after
{Heap after GC invocations=6 (full 1):
 PSYoungGen      total 26112K, used 680K [0x00000000eab00000, 0x00000000ec880000, 0x0000000100000000)
  eden space 25088K, 0% used [0x00000000eab00000,0x00000000eab00000,0x00000000ec380000)
  from space 1024K, 66% used [0x00000000ec400000,0x00000000ec4aa188,0x00000000ec500000)
  to   space 2560K, 0% used [0x00000000ec600000,0x00000000ec600000,0x00000000ec880000)
 ParOldGen       total 68608K, used 6928K [0x00000000c0000000, 0x00000000c4300000, 0x00000000eab00000)
  object space 68608K, 10% used [0x00000000c0000000,0x00000000c06c42b8,0x00000000c4300000)
 Metaspace       used 24613K, committed 25088K, reserved 1073152K
  class space    used 2405K, committed 2624K, reserved 1048576K
}

Dll operation events (9 events):
Event: 0.014 Loaded shared library c:\Users\daniely.campaner\.vscode\extensions\redhat.java-1.16.0-win32-x64\jre\17.0.6-win32-x86_64\bin\java.dll
Event: 0.152 Loaded shared library c:\Users\daniely.campaner\.vscode\extensions\redhat.java-1.16.0-win32-x64\jre\17.0.6-win32-x86_64\bin\zip.dll
Event: 0.156 Loaded shared library C:\Users\daniely.campaner\.vscode\extensions\redhat.java-1.16.0-win32-x64\jre\17.0.6-win32-x86_64\bin\instrument.dll
Event: 0.170 Loaded shared library C:\Users\daniely.campaner\.vscode\extensions\redhat.java-1.16.0-win32-x64\jre\17.0.6-win32-x86_64\bin\net.dll
Event: 0.177 Loaded shared library C:\Users\daniely.campaner\.vscode\extensions\redhat.java-1.16.0-win32-x64\jre\17.0.6-win32-x86_64\bin\nio.dll
Event: 0.185 Loaded shared library C:\Users\daniely.campaner\.vscode\extensions\redhat.java-1.16.0-win32-x64\jre\17.0.6-win32-x86_64\bin\zip.dll
Event: 0.200 Loaded shared library C:\Users\daniely.campaner\.vscode\extensions\redhat.java-1.16.0-win32-x64\jre\17.0.6-win32-x86_64\bin\jimage.dll
Event: 0.259 Loaded shared library c:\Users\daniely.campaner\.vscode\extensions\redhat.java-1.16.0-win32-x64\jre\17.0.6-win32-x86_64\bin\verify.dll
Event: 1.085 Loaded shared library C:\Users\daniely.campaner\AppData\Roaming\Code\User\globalStorage\redhat.java\1.16.0\config_ss_win\org.eclipse.equinox.launcher\org.eclipse.equinox.launcher.win32.win32.x86_64_1.2.700.v20221108-1024\eclipse_11801.dll

Deoptimization events (20 events):
Event: 1.922 Thread 0x000001b0a3f15f90 DEOPT PACKING pc=0x000001b090ab5956 sp=0x000000a2a51f89a0
Event: 1.922 Thread 0x000001b0a3f15f90 DEOPT UNPACKING pc=0x000001b097ba6e43 sp=0x000000a2a51f7e40 mode 0
Event: 1.923 Thread 0x000001b0a3f15f90 DEOPT PACKING pc=0x000001b090ab5956 sp=0x000000a2a51f89a0
Event: 1.923 Thread 0x000001b0a3f15f90 DEOPT UNPACKING pc=0x000001b097ba6e43 sp=0x000000a2a51f7e40 mode 0
Event: 1.954 Thread 0x000001b0a3f15f90 Uncommon trap: trap_request=0xffffffc6 fr.pc=0x000001b09816ea50 relative=0x0000000000000990
Event: 1.954 Thread 0x000001b0a3f15f90 Uncommon trap: reason=bimorphic_or_optimized_type_check action=maybe_recompile pc=0x000001b09816ea50 method=java.util.HashMap.putVal(ILjava/lang/Object;Ljava/lang/Object;ZZ)Ljava/lang/Object; @ 56 c2
Event: 1.954 Thread 0x000001b0a3f15f90 DEOPT PACKING pc=0x000001b09816ea50 sp=0x000000a2a51fdf00
Event: 1.954 Thread 0x000001b0a3f15f90 DEOPT UNPACKING pc=0x000001b097ba66a3 sp=0x000000a2a51fde58 mode 2
Event: 1.954 Thread 0x000001b0a3f15f90 Uncommon trap: trap_request=0xffffffc6 fr.pc=0x000001b09816ea50 relative=0x0000000000000990
Event: 1.954 Thread 0x000001b0a3f15f90 Uncommon trap: reason=bimorphic_or_optimized_type_check action=maybe_recompile pc=0x000001b09816ea50 method=java.util.HashMap.putVal(ILjava/lang/Object;Ljava/lang/Object;ZZ)Ljava/lang/Object; @ 56 c2
Event: 1.954 Thread 0x000001b0a3f15f90 DEOPT PACKING pc=0x000001b09816ea50 sp=0x000000a2a51fdf00
Event: 1.954 Thread 0x000001b0a3f15f90 DEOPT UNPACKING pc=0x000001b097ba66a3 sp=0x000000a2a51fde58 mode 2
Event: 1.954 Thread 0x000001b0a3f15f90 Uncommon trap: trap_request=0xffffffc6 fr.pc=0x000001b09816ea50 relative=0x0000000000000990
Event: 1.954 Thread 0x000001b0a3f15f90 Uncommon trap: reason=bimorphic_or_optimized_type_check action=maybe_recompile pc=0x000001b09816ea50 method=java.util.HashMap.putVal(ILjava/lang/Object;Ljava/lang/Object;ZZ)Ljava/lang/Object; @ 56 c2
Event: 1.954 Thread 0x000001b0a3f15f90 DEOPT PACKING pc=0x000001b09816ea50 sp=0x000000a2a51fdf00
Event: 1.954 Thread 0x000001b0a3f15f90 DEOPT UNPACKING pc=0x000001b097ba66a3 sp=0x000000a2a51fde58 mode 2
Event: 1.954 Thread 0x000001b0a3f15f90 Uncommon trap: trap_request=0xffffffc6 fr.pc=0x000001b09816ea50 relative=0x0000000000000990
Event: 1.954 Thread 0x000001b0a3f15f90 Uncommon trap: reason=bimorphic_or_optimized_type_check action=maybe_recompile pc=0x000001b09816ea50 method=java.util.HashMap.putVal(ILjava/lang/Object;Ljava/lang/Object;ZZ)Ljava/lang/Object; @ 56 c2
Event: 1.954 Thread 0x000001b0a3f15f90 DEOPT PACKING pc=0x000001b09816ea50 sp=0x000000a2a51fdf00
Event: 1.954 Thread 0x000001b0a3f15f90 DEOPT UNPACKING pc=0x000001b097ba66a3 sp=0x000000a2a51fde58 mode 2

Classes unloaded (7 events):
Event: 1.639 Thread 0x000001b0a16e9020 Unloading class 0x0000000100212400 'java/lang/invoke/LambdaForm$MH+0x0000000100212400'
Event: 1.639 Thread 0x000001b0a16e9020 Unloading class 0x0000000100212000 'java/lang/invoke/LambdaForm$MH+0x0000000100212000'
Event: 1.639 Thread 0x000001b0a16e9020 Unloading class 0x0000000100211c00 'java/lang/invoke/LambdaForm$MH+0x0000000100211c00'
Event: 1.639 Thread 0x000001b0a16e9020 Unloading class 0x0000000100211400 'java/lang/invoke/LambdaForm$MH+0x0000000100211400'
Event: 1.639 Thread 0x000001b0a16e9020 Unloading class 0x0000000100211000 'java/lang/invoke/LambdaForm$BMH+0x0000000100211000'
Event: 1.639 Thread 0x000001b0a16e9020 Unloading class 0x0000000100210c00 'java/lang/invoke/LambdaForm$DMH+0x0000000100210c00'
Event: 1.639 Thread 0x000001b0a16e9020 Unloading class 0x000000010020e000 'java/lang/invoke/LambdaForm$DMH+0x000000010020e000'

Classes redefined (0 events):
No events

Internal exceptions (20 events):
Event: 1.449 Thread 0x000001b0a3f15f90 Exception <a 'java/lang/NoSuchMethodError'{0x00000000ebe06138}: 'java.lang.Object java.lang.invoke.DelegatingMethodHandle$Holder.reinvoke_L(java.lang.Object, java.lang.Object, java.lang.Object, java.lang.Object, int, int)'> (0x00000000ebe06138) 
thrown [s\src\hotspot\share\interpreter\linkResolver.cpp, line 759]
Event: 1.450 Thread 0x000001b0a3f15f90 Exception <a 'java/lang/NoSuchMethodError'{0x00000000ebe1e2d8}: 'java.lang.Object java.lang.invoke.Invokers$Holder.invokeExact_MT(java.lang.Object, java.lang.Object, java.lang.Object, java.lang.Object)'> (0x00000000ebe1e2d8) 
thrown [s\src\hotspot\share\interpreter\linkResolver.cpp, line 759]
Event: 1.521 Thread 0x000001b0a3f15f90 Exception <a 'java/lang/NoSuchMethodError'{0x00000000ec260208}: 'java.lang.Object java.lang.invoke.DirectMethodHandle$Holder.newInvokeSpecial(java.lang.Object, java.lang.Object, java.lang.Object, java.lang.Object, java.lang.Object)'> (0x00000000ec260208) 
thrown [s\src\hotspot\share\interpreter\linkResolver.cpp, line 759]
Event: 1.600 Thread 0x000001b0a3f15f90 Exception <a 'java/lang/NoSuchMethodError'{0x00000000eacebad0}: 'java.lang.Object java.lang.invoke.DirectMethodHandle$Holder.invokeSpecial(java.lang.Object, java.lang.Object, java.lang.Object, long, java.lang.Object)'> (0x00000000eacebad0) 
thrown [s\src\hotspot\share\interpreter\linkResolver.cpp, line 759]
Event: 1.600 Thread 0x000001b0a3f15f90 Exception <a 'java/lang/NoSuchMethodError'{0x00000000eacf3c88}: 'java.lang.Object java.lang.invoke.DirectMethodHandle$Holder.newInvokeSpecial(java.lang.Object, java.lang.Object, java.lang.Object, long)'> (0x00000000eacf3c88) 
thrown [s\src\hotspot\share\interpreter\linkResolver.cpp, line 759]
Event: 1.601 Thread 0x000001b0a3f15f90 Exception <a 'java/lang/NoSuchMethodError'{0x00000000eacf8228}: 'java.lang.Object java.lang.invoke.DirectMethodHandle$Holder.invokeSpecial(java.lang.Object, java.lang.Object, java.lang.Object, java.lang.Object, long)'> (0x00000000eacf8228) 
thrown [s\src\hotspot\share\interpreter\linkResolver.cpp, line 759]
Event: 1.606 Thread 0x000001b0a3f15f90 Exception <a 'java/lang/NoSuchMethodError'{0x00000000ead6ab48}: 'int java.lang.invoke.DirectMethodHandle$Holder.invokeStaticInit(java.lang.Object, java.lang.Object, java.lang.Object)'> (0x00000000ead6ab48) 
thrown [s\src\hotspot\share\interpreter\linkResolver.cpp, line 759]
Event: 1.613 Thread 0x000001b0a3f15f90 Exception <a 'java/lang/IncompatibleClassChangeError'{0x00000000eadd1770}: Found class java.lang.Object, but interface was expected> (0x00000000eadd1770) 
thrown [s\src\hotspot\share\interpreter\linkResolver.cpp, line 826]
Event: 1.616 Thread 0x000001b0a3f15f90 Exception <a 'java/lang/NoSuchMethodError'{0x00000000eade4da8}: 'java.lang.Object java.lang.invoke.DirectMethodHandle$Holder.invokeSpecial(java.lang.Object, java.lang.Object, java.lang.Object, int, java.lang.Object, java.lang.Object)'> (0x00000000eade4da8) 
thrown [s\src\hotspot\share\interpreter\linkResolver.cpp, line 759]
Event: 1.616 Thread 0x000001b0a3f15f90 Exception <a 'java/lang/NoSuchMethodError'{0x00000000eaded530}: 'java.lang.Object java.lang.invoke.DirectMethodHandle$Holder.newInvokeSpecial(java.lang.Object, java.lang.Object, java.lang.Object, int, java.lang.Object)'> (0x00000000eaded530) 
thrown [s\src\hotspot\share\interpreter\linkResolver.cpp, line 759]
Event: 1.617 Thread 0x000001b0a3f15f90 Exception <a 'java/lang/NoSuchMethodError'{0x00000000eadf1c10}: 'java.lang.Object java.lang.invoke.DirectMethodHandle$Holder.invokeSpecial(java.lang.Object, java.lang.Object, java.lang.Object, java.lang.Object, int, java.lang.Object)'> (0x00000000eadf1c10) 
thrown [s\src\hotspot\share\interpreter\linkResolver.cpp, line 759]
Event: 1.617 Thread 0x000001b0a51d4790 Exception <a 'java/lang/NoSuchMethodError'{0x00000000ead2b018}: 'java.lang.Object java.lang.invoke.DirectMethodHandle$Holder.invokeSpecial(java.lang.Object, java.lang.Object, int, java.lang.Object, java.lang.Object)'> (0x00000000ead2b018) 
thrown [s\src\hotspot\share\interpreter\linkResolver.cpp, line 759]
Event: 1.618 Thread 0x000001b0a51d4790 Exception <a 'java/lang/NoSuchMethodError'{0x00000000ead326e8}: 'java.lang.Object java.lang.invoke.DirectMethodHandle$Holder.newInvokeSpecial(java.lang.Object, java.lang.Object, int, java.lang.Object)'> (0x00000000ead326e8) 
thrown [s\src\hotspot\share\interpreter\linkResolver.cpp, line 759]
Event: 1.618 Thread 0x000001b0a51d4790 Exception <a 'java/lang/NoSuchMethodError'{0x00000000ead361f8}: 'java.lang.Object java.lang.invoke.DirectMethodHandle$Holder.invokeSpecial(java.lang.Object, java.lang.Object, java.lang.Object, int, java.lang.Object)'> (0x00000000ead361f8) 
thrown [s\src\hotspot\share\interpreter\linkResolver.cpp, line 759]
Event: 1.633 Thread 0x000001b0a51d4790 Exception <a 'java/io/FileNotFoundException'{0x00000000eaf63420}> (0x00000000eaf63420) 
thrown [s\src\hotspot\share\prims\jni.cpp, line 516]
Event: 1.919 Thread 0x000001b0a3f15f90 Exception <a 'java/lang/ClassNotFoundException'{0x00000000ec084e60}: com/sun/org/apache/xerces/internal/impl/msg/spi/DOMMessagesProvider> (0x00000000ec084e60) 
thrown [s\src\hotspot\share\classfile\systemDictionary.cpp, line 256]
Event: 1.920 Thread 0x000001b0a3f15f90 Implicit null exception at 0x000001b0981ae80d to 0x000001b0981af504
Event: 1.921 Thread 0x000001b0a3f15f90 Exception <a 'java/lang/ClassNotFoundException'{0x00000000ec0be510}: com/sun/org/apache/xerces/internal/impl/msg/spi/XMLSerializerMessagesProvider> (0x00000000ec0be510) 
thrown [s\src\hotspot\share\classfile\systemDictionary.cpp, line 256]
Event: 1.922 Thread 0x000001b0a3f15f90 Exception <a 'java/lang/ClassNotFoundException'{0x00000000ec0d6808}: com/sun/org/apache/xerces/internal/impl/msg/spi/XMLMessagesProvider> (0x00000000ec0d6808) 
thrown [s\src\hotspot\share\classfile\systemDictionary.cpp, line 256]
Event: 1.937 Thread 0x000001b0a3f15f90 Exception <a 'java/lang/NoSuchMethodError'{0x00000000ec1da130}: 'void java.lang.invoke.DirectMethodHandle$Holder.invokeVirtual(java.lang.Object, java.lang.Object)'> (0x00000000ec1da130) 
thrown [s\src\hotspot\share\interpreter\linkResolver.cpp, line 759]

VM Operations (20 events):
Event: 1.170 Executing VM operation: ParallelGCFailedAllocation
Event: 1.174 Executing VM operation: ParallelGCFailedAllocation done
Event: 1.373 Executing VM operation: HandshakeAllThreads
Event: 1.373 Executing VM operation: HandshakeAllThreads done
Event: 1.375 Executing VM operation: HandshakeAllThreads
Event: 1.375 Executing VM operation: HandshakeAllThreads done
Event: 1.442 Executing VM operation: HandshakeAllThreads
Event: 1.442 Executing VM operation: HandshakeAllThreads done
Event: 1.557 Executing VM operation: ParallelGCFailedAllocation
Event: 1.561 Executing VM operation: ParallelGCFailedAllocation done
Event: 1.625 Executing VM operation: HandshakeAllThreads
Event: 1.625 Executing VM operation: HandshakeAllThreads done
Event: 1.633 Executing VM operation: CollectForMetadataAllocation
Event: 1.653 Executing VM operation: CollectForMetadataAllocation done
Event: 1.653 Executing VM operation: CollectForMetadataAllocation
Event: 1.654 Executing VM operation: CollectForMetadataAllocation done
Event: 1.805 Executing VM operation: ParallelGCFailedAllocation
Event: 1.805 Executing VM operation: ParallelGCFailedAllocation done
Event: 1.953 Executing VM operation: HandshakeAllThreads
Event: 1.954 Executing VM operation: HandshakeAllThreads done

Events (20 events):
Event: 1.947 loading class java/net/SocketAddress
Event: 1.947 loading class java/net/SocketAddress done
Event: 1.947 loading class java/net/InetSocketAddress
Event: 1.947 loading class java/net/InetSocketAddress done
Event: 1.947 loading class java/nio/channels/AsynchronousByteChannel
Event: 1.947 loading class java/nio/channels/AsynchronousChannel
Event: 1.947 loading class java/nio/channels/AsynchronousChannel done
Event: 1.947 loading class java/nio/channels/AsynchronousByteChannel done
Event: 1.953 loading class java/lang/ProcessEnvironment
Event: 1.953 loading class java/lang/ProcessEnvironment done
Event: 1.954 loading class java/lang/ProcessEnvironment$NameComparator
Event: 1.954 loading class java/lang/ProcessEnvironment$NameComparator done
Event: 1.954 loading class java/lang/ProcessEnvironment$EntryComparator
Event: 1.954 loading class java/lang/ProcessEnvironment$EntryComparator done
Event: 1.954 loading class java/lang/ProcessEnvironment$CheckedEntrySet
Event: 1.954 loading class java/lang/ProcessEnvironment$CheckedEntrySet done
Event: 1.954 loading class java/lang/ProcessEnvironment$CheckedEntrySet$1
Event: 1.954 loading class java/lang/ProcessEnvironment$CheckedEntrySet$1 done
Event: 1.954 loading class java/lang/ProcessEnvironment$CheckedEntry
Event: 1.954 loading class java/lang/ProcessEnvironment$CheckedEntry done


Dynamic libraries:
0x00007ff7ec340000 - 0x00007ff7ec34e000 	c:\Users\daniely.campaner\.vscode\extensions\redhat.java-1.16.0-win32-x64\jre\17.0.6-win32-x86_64\bin\java.exe
0x00007ffc18030000 - 0x00007ffc18228000 	C:\Windows\SYSTEM32\ntdll.dll
0x00007ffc17960000 - 0x00007ffc17a1f000 	C:\Windows\System32\KERNEL32.dll
0x00007ffc15430000 - 0x00007ffc15531000 	C:\Windows\system32\hmpalert.dll
0x00007ffc15a10000 - 0x00007ffc15ce2000 	C:\Windows\System32\KERNELBASE.dll
0x00007ffc15860000 - 0x00007ffc15960000 	C:\Windows\System32\ucrtbase.dll
0x00007ffc06890000 - 0x00007ffc068a7000 	c:\Users\daniely.campaner\.vscode\extensions\redhat.java-1.16.0-win32-x64\jre\17.0.6-win32-x86_64\bin\jli.dll
0x00007ffc17590000 - 0x00007ffc17731000 	C:\Windows\System32\USER32.dll
0x00007ffc15f40000 - 0x00007ffc15f62000 	C:\Windows\System32\win32u.dll
0x00007ffc17750000 - 0x00007ffc1777b000 	C:\Windows\System32\GDI32.dll
0x00007ffc15f70000 - 0x00007ffc1607f000 	C:\Windows\System32\gdi32full.dll
0x00007ffc157c0000 - 0x00007ffc1585d000 	C:\Windows\System32\msvcp_win.dll
0x00007ffc050b0000 - 0x00007ffc050c9000 	c:\Users\daniely.campaner\.vscode\extensions\redhat.java-1.16.0-win32-x64\jre\17.0.6-win32-x86_64\bin\VCRUNTIME140.dll
0x00007ffbfee00000 - 0x00007ffbff09a000 	C:\Windows\WinSxS\amd64_microsoft.windows.common-controls_6595b64144ccf1df_6.0.19041.1110_none_60b5254171f9507e\COMCTL32.dll
0x00007ffc17f50000 - 0x00007ffc17fee000 	C:\Windows\System32\msvcrt.dll
0x00007ffc165e0000 - 0x00007ffc16610000 	C:\Windows\System32\IMM32.DLL
0x00007ffc121e0000 - 0x00007ffc121ec000 	c:\Users\daniely.campaner\.vscode\extensions\redhat.java-1.16.0-win32-x64\jre\17.0.6-win32-x86_64\bin\vcruntime140_1.dll
0x00007ffbee790000 - 0x00007ffbee821000 	c:\Users\daniely.campaner\.vscode\extensions\redhat.java-1.16.0-win32-x64\jre\17.0.6-win32-x86_64\bin\msvcp140.dll
0x00007ffbdd230000 - 0x00007ffbdde77000 	c:\Users\daniely.campaner\.vscode\extensions\redhat.java-1.16.0-win32-x64\jre\17.0.6-win32-x86_64\bin\server\jvm.dll
0x00007ffc16530000 - 0x00007ffc165de000 	C:\Windows\System32\ADVAPI32.dll
0x00007ffc17860000 - 0x00007ffc178fc000 	C:\Windows\System32\sechost.dll
0x00007ffc162d0000 - 0x00007ffc163f4000 	C:\Windows\System32\RPCRT4.dll
0x00007ffc05020000 - 0x00007ffc05029000 	C:\Windows\SYSTEM32\WSOCK32.dll
0x00007ffc10880000 - 0x00007ffc1088a000 	C:\Windows\SYSTEM32\VERSION.dll
0x00007ffc058b0000 - 0x00007ffc058d7000 	C:\Windows\SYSTEM32\WINMM.dll
0x00007ffc17520000 - 0x00007ffc1758b000 	C:\Windows\System32\WS2_32.dll
0x00007ffc133f0000 - 0x00007ffc13402000 	C:\Windows\SYSTEM32\kernel.appcore.dll
0x00007ffc05010000 - 0x00007ffc0501a000 	c:\Users\daniely.campaner\.vscode\extensions\redhat.java-1.16.0-win32-x64\jre\17.0.6-win32-x86_64\bin\jimage.dll
0x00007ffc05fa0000 - 0x00007ffc06184000 	C:\Windows\SYSTEM32\DBGHELP.DLL
0x00007ffc04f70000 - 0x00007ffc04fa5000 	C:\Windows\SYSTEM32\dbgcore.DLL
0x00007ffc15730000 - 0x00007ffc157b2000 	C:\Windows\System32\bcryptPrimitives.dll
0x00007ffc05000000 - 0x00007ffc0500e000 	c:\Users\daniely.campaner\.vscode\extensions\redhat.java-1.16.0-win32-x64\jre\17.0.6-win32-x86_64\bin\instrument.dll
0x00007ffc04130000 - 0x00007ffc04155000 	c:\Users\daniely.campaner\.vscode\extensions\redhat.java-1.16.0-win32-x64\jre\17.0.6-win32-x86_64\bin\java.dll
0x00007ffbf57f0000 - 0x00007ffbf5808000 	c:\Users\daniely.campaner\.vscode\extensions\redhat.java-1.16.0-win32-x64\jre\17.0.6-win32-x86_64\bin\zip.dll
0x00007ffc169c0000 - 0x00007ffc17105000 	C:\Windows\System32\SHELL32.dll
0x00007ffc135f0000 - 0x00007ffc13d82000 	C:\Windows\SYSTEM32\windows.storage.dll
0x00007ffc17110000 - 0x00007ffc17465000 	C:\Windows\System32\combase.dll
0x00007ffc15010000 - 0x00007ffc15040000 	C:\Windows\SYSTEM32\Wldp.dll
0x00007ffc16910000 - 0x00007ffc169bd000 	C:\Windows\System32\SHCORE.dll
0x00007ffc166f0000 - 0x00007ffc16745000 	C:\Windows\System32\shlwapi.dll
0x00007ffc15670000 - 0x00007ffc1568f000 	C:\Windows\SYSTEM32\profapi.dll
0x00007ffbf4500000 - 0x00007ffbf4519000 	C:\Users\daniely.campaner\.vscode\extensions\redhat.java-1.16.0-win32-x64\jre\17.0.6-win32-x86_64\bin\net.dll
0x00007ffc145a0000 - 0x00007ffc146aa000 	C:\Windows\SYSTEM32\WINHTTP.dll
0x00007ffc14d00000 - 0x00007ffc14d6a000 	C:\Windows\system32\mswsock.dll
0x00007ffbf3510000 - 0x00007ffbf3525000 	C:\Users\daniely.campaner\.vscode\extensions\redhat.java-1.16.0-win32-x64\jre\17.0.6-win32-x86_64\bin\nio.dll
0x00007ffc040e0000 - 0x00007ffc040f0000 	c:\Users\daniely.campaner\.vscode\extensions\redhat.java-1.16.0-win32-x64\jre\17.0.6-win32-x86_64\bin\verify.dll
0x00007ffbf4be0000 - 0x00007ffbf4c1e000 	C:\Users\daniely.campaner\AppData\Roaming\Code\User\globalStorage\redhat.java\1.16.0\config_ss_win\org.eclipse.equinox.launcher\org.eclipse.equinox.launcher.win32.win32.x86_64_1.2.700.v20221108-1024\eclipse_11801.dll
0x00007ffc16400000 - 0x00007ffc1652a000 	C:\Windows\System32\ole32.dll

dbghelp: loaded successfully - version: 4.0.5 - missing functions: none
symbol engine: initialized successfully - sym options: 0x614 - pdb path: .;c:\Users\daniely.campaner\.vscode\extensions\redhat.java-1.16.0-win32-x64\jre\17.0.6-win32-x86_64\bin;C:\Windows\SYSTEM32;C:\Windows\WinSxS\amd64_microsoft.windows.common-controls_6595b64144ccf1df_6.0.19041.1110_none_60b5254171f9507e;c:\Users\daniely.campaner\.vscode\extensions\redhat.java-1.16.0-win32-x64\jre\17.0.6-win32-x86_64\bin\server;C:\Users\daniely.campaner\AppData\Roaming\Code\User\globalStorage\redhat.java\1.16.0\config_ss_win\org.eclipse.equinox.launcher\org.eclipse.equinox.launcher.win32.win32.x86_64_1.2.700.v20221108-1024

VM Arguments:
jvm_args: --add-modules=ALL-SYSTEM --add-opens=java.base/java.util=ALL-UNNAMED --add-opens=java.base/java.lang=ALL-UNNAMED --add-opens=java.base/sun.nio.fs=ALL-UNNAMED -Declipse.application=org.eclipse.jdt.ls.core.id1 -Dosgi.bundles.defaultStartLevel=4 -Declipse.product=org.eclipse.jdt.ls.core.product -Djava.import.generatesMetadataFilesAtProjectRoot=false -Dfile.encoding=utf8 -XX:+UseParallelGC -XX:GCTimeRatio=4 -XX:AdaptiveSizePolicyWeight=90 -Dsun.zip.disableMemoryMapping=true -Xmx1G -Xms100m -Xlog:disable -javaagent:c:\Users\daniely.campaner\.vscode\extensions\redhat.java-1.16.0-win32-x64\lombok\lombok-1.18.24.jar 
java_command: c:\Users\daniely.campaner\.vscode\extensions\redhat.java-1.16.0-win32-x64\server\plugins\org.eclipse.equinox.launcher_1.6.400.v20210924-0641.jar -configuration c:\Users\daniely.campaner\AppData\Roaming\Code\User\globalStorage\redhat.java\1.16.0\config_ss_win -data c:\Users\daniely.campaner\AppData\Roaming\Code\User\workspaceStorage\9035ea4b6b5a324985c92919cde5af43\redhat.java\ss_ws
java_class_path (initial): c:\Users\daniely.campaner\.vscode\extensions\redhat.java-1.16.0-win32-x64\server\plugins\org.eclipse.equinox.launcher_1.6.400.v20210924-0641.jar
Launcher Type: SUN_STANDARD

[Global flags]
    uintx AdaptiveSizePolicyWeight                 = 90                                        {product} {command line}
     intx CICompilerCount                          = 3                                         {product} {ergonomic}
    uintx GCTimeRatio                              = 4                                         {product} {command line}
   size_t InitialHeapSize                          = 104857600                                 {product} {command line}
   size_t MaxHeapSize                              = 1073741824                                {product} {command line}
   size_t MaxNewSize                               = 357564416                                 {product} {ergonomic}
   size_t MinHeapDeltaBytes                        = 524288                                    {product} {ergonomic}
   size_t MinHeapSize                              = 104857600                                 {product} {command line}
   size_t NewSize                                  = 34603008                                  {product} {ergonomic}
    uintx NonNMethodCodeHeapSize                   = 5832780                                {pd product} {ergonomic}
    uintx NonProfiledCodeHeapSize                  = 122912730                              {pd product} {ergonomic}
   size_t OldSize                                  = 70254592                                  {product} {ergonomic}
    uintx ProfiledCodeHeapSize                     = 122912730                              {pd product} {ergonomic}
    uintx ReservedCodeCacheSize                    = 251658240                              {pd product} {ergonomic}
     bool SegmentedCodeCache                       = true                                      {product} {ergonomic}
   size_t SoftMaxHeapSize                          = 1073741824                             {manageable} {ergonomic}
     bool UseCompressedClassPointers               = true                           {product lp64_product} {ergonomic}
     bool UseCompressedOops                        = true                           {product lp64_product} {ergonomic}
     bool UseLargePagesIndividualAllocation        = false                                  {pd product} {ergonomic}
     bool UseParallelGC                            = true                                      {product} {command line}

Logging:
Log output configuration:
 #0: stdout all=off uptime,level,tags
 #1: stderr all=off uptime,level,tags

Environment Variables:
PATH=C:\Program Files (x86)\VMware\VMware Workstation\bin\;C:\Program Files\Common Files\Oracle\Java\javapath;C:\Program Files (x86)\Common Files\Oracle\Java\javapath;C:\Windows\system32;C:\Windows;C:\Windows\System32\Wbem;C:\Windows\System32\WindowsPowerShell\v1.0\;C:\Windows\System32\OpenSSH\;C:\Program Files\Git\cmd;C:\Program Files\nodejs\;C:\Program Files\Microsoft VS Code\bin;C:\Users\daniely.campaner\AppData\Local\Microsoft\WindowsApps;
USERNAME=daniely.campaner
OS=Windows_NT
PROCESSOR_IDENTIFIER=Intel64 Family 6 Model 158 Stepping 10, GenuineIntel
TMP=C:\Users\DANIEL~1.CAM\AppData\Local\Temp
TEMP=C:\Users\DANIEL~1.CAM\AppData\Local\Temp



---------------  S Y S T E M  ---------------

OS:
 Windows 10 , 64 bit Build 19041 (10.0.19041.2546)
OS uptime: 0 days 0:56 hours

CPU: total 6 (initial active 6) (6 cores per cpu, 1 threads per core) family 6 model 158 stepping 10 microcode 0xea, cx8, cmov, fxsr, mmx, 3dnowpref, sse, sse2, sse3, ssse3, sse4.1, sse4.2, popcnt, lzcnt, tsc, tscinvbit, avx, avx2, aes, erms, clmul, bmi1, bmi2, rtm, adx, fma, vzeroupper, clflush, clflushopt

Memory: 4k page, system-wide physical 8001M (1227M free)
TotalPageFile size 8001M (AvailPageFile size 38M)
current process WorkingSet (physical memory assigned to process): 127M, peak: 129M
current process commit charge ("private bytes"): 232M, peak: 234M

vm_info: OpenJDK 64-Bit Server VM (17.0.6+10) for windows-amd64 JRE (17.0.6+10), built on Jan 18 2023 10:08:59 by "temurin" with MS VC++ 16.7 (VS2019)

END.
