#
# There is insufficient memory for the Java Runtime Environment to continue.
# Native memory allocation (malloc) failed to allocate 167216 bytes for Chunk::new
# Possible reasons:
#   The system is out of physical RAM or swap space
#   The process is running with CompressedOops enabled, and the Java Heap may be blocking the growth of the native heap
# Possible solutions:
#   Reduce memory load on the system
#   Increase physical memory or swap space
#   Check if swap backing store is full
#   Decrease Java heap size (-Xmx/-Xms)
#   Decrease number of Java threads
#   Decrease Java thread stack sizes (-Xss)
#   Set larger code cache with -XX:ReservedCodeCacheSize=
#   JVM is running with Unscaled Compressed Oops mode in which the Java heap is
#     placed in the first 4GB address space. The Java Heap base address is the
#     maximum limit for the native heap growth. Please use -XX:HeapBaseMinAddress
#     to set the Java Heap base and to place the Java Heap above 4GB virtual address.
# This output file may be truncated or incomplete.
#
#  Out of Memory Error (arena.cpp:189), pid=11592, tid=11756
#
# JRE version: OpenJDK Runtime Environment Temurin-17.0.6+10 (17.0.6+10) (build 17.0.6+10)
# Java VM: OpenJDK 64-Bit Server VM Temurin-17.0.6+10 (17.0.6+10, mixed mode, tiered, compressed oops, compressed class ptrs, parallel gc, windows-amd64)
# No core dump will be written. Minidumps are not enabled by default on client versions of Windows
#

---------------  S U M M A R Y ------------

Command Line: --add-modules=ALL-SYSTEM --add-opens=java.base/java.util=ALL-UNNAMED --add-opens=java.base/java.lang=ALL-UNNAMED --add-opens=java.base/sun.nio.fs=ALL-UNNAMED -Declipse.application=org.eclipse.jdt.ls.core.id1 -Dosgi.bundles.defaultStartLevel=4 -Declipse.product=org.eclipse.jdt.ls.core.product -Djava.import.generatesMetadataFilesAtProjectRoot=false -Dfile.encoding=utf8 -XX:+UseParallelGC -XX:GCTimeRatio=4 -XX:AdaptiveSizePolicyWeight=90 -Dsun.zip.disableMemoryMapping=true -Xmx1G -Xms100m -Xlog:disable -javaagent:c:\Users\daniely.campaner\.vscode\extensions\redhat.java-1.16.0-win32-x64\lombok\lombok-1.18.24.jar -XX:+HeapDumpOnOutOfMemoryError -XX:HeapDumpPath=c:\Users\daniely.campaner\AppData\Roaming\Code\User\workspaceStorage\9035ea4b6b5a324985c92919cde5af43\redhat.java c:\Users\daniely.campaner\.vscode\extensions\redhat.java-1.16.0-win32-x64\server\plugins\org.eclipse.equinox.launcher_1.6.400.v20210924-0641.jar -configuration c:\Users\daniely.campaner\AppData\Roaming\Code\User\globalStorage\redhat.java\1.16.0\config_win -data c:\Users\daniely.campaner\AppData\Roaming\Code\User\workspaceStorage\9035ea4b6b5a324985c92919cde5af43\redhat.java\jdt_ws

Host: Intel(R) Core(TM) i5-9500 CPU @ 3.00GHz, 6 cores, 7G,  Windows 10 , 64 bit Build 19041 (10.0.19041.2546)
Time: Wed Apr  5 20:10:25 2023 Hora oficial do Brasil elapsed time: 1.238540 seconds (0d 0h 0m 1s)

---------------  T H R E A D  ---------------

Current thread (0x000001d829653e00):  JavaThread "C2 CompilerThread1" daemon [_thread_in_native, id=11756, stack(0x000000311aa00000,0x000000311ab00000)]


Current CompileTask:
C2:   1238 2032 % !   4       java.util.concurrent.ConcurrentHashMap::transfer @ 96 (850 bytes)

Stack: [0x000000311aa00000,0x000000311ab00000]
Native frames: (J=compiled Java code, j=interpreted, Vv=VM code, C=native code)
V  [jvm.dll+0x67741a]
V  [jvm.dll+0x834434]
V  [jvm.dll+0x835bde]
V  [jvm.dll+0x836243]
V  [jvm.dll+0x2457b5]
V  [jvm.dll+0xabafc]
V  [jvm.dll+0xac0cc]
V  [jvm.dll+0x3634e7]
V  [jvm.dll+0x32dda1]
V  [jvm.dll+0x32d24a]
V  [jvm.dll+0x2185f1]
V  [jvm.dll+0x217a11]
V  [jvm.dll+0x1a3d0d]
V  [jvm.dll+0x22742a]
V  [jvm.dll+0x225565]
V  [jvm.dll+0x7ea2cb]
V  [jvm.dll+0x7e483a]
V  [jvm.dll+0x6762c5]
C  [ucrtbase.dll+0x21bb2]
C  [KERNEL32.dll+0x17614]
C  [ntdll.dll+0x526a1]


---------------  P R O C E S S  ---------------

Threads class SMR info:
_java_thread_list=0x000001d82add2180, length=19, elements={
0x000001d813629fa0, 0x000001d82748a750, 0x000001d82748bb70, 0x000001d8274aa680,
0x000001d8274ad040, 0x000001d8274ae7a0, 0x000001d82947d110, 0x000001d8294824b0,
0x000001d8294831c0, 0x000001d82948e390, 0x000001d8136e7670, 0x000001d829653e00,
0x000001d8297791e0, 0x000001d829db1720, 0x000001d82ac76340, 0x000001d82ad1e6e0,
0x000001d829ef7fe0, 0x000001d829f70030, 0x000001d82ad5da70
}

Java Threads: ( => current thread )
  0x000001d813629fa0 JavaThread "main" [_thread_blocked, id=5740, stack(0x0000003119d00000,0x0000003119e00000)]
  0x000001d82748a750 JavaThread "Reference Handler" daemon [_thread_blocked, id=9296, stack(0x000000311a000000,0x000000311a100000)]
  0x000001d82748bb70 JavaThread "Finalizer" daemon [_thread_blocked, id=14260, stack(0x000000311a100000,0x000000311a200000)]
  0x000001d8274aa680 JavaThread "Signal Dispatcher" daemon [_thread_blocked, id=9004, stack(0x000000311a200000,0x000000311a300000)]
  0x000001d8274ad040 JavaThread "Attach Listener" daemon [_thread_blocked, id=12608, stack(0x000000311a300000,0x000000311a400000)]
  0x000001d8274ae7a0 JavaThread "Service Thread" daemon [_thread_blocked, id=8476, stack(0x000000311a400000,0x000000311a500000)]
  0x000001d82947d110 JavaThread "Monitor Deflation Thread" daemon [_thread_blocked, id=12320, stack(0x000000311a500000,0x000000311a600000)]
  0x000001d8294824b0 JavaThread "C2 CompilerThread0" daemon [_thread_in_native, id=2616, stack(0x000000311a600000,0x000000311a700000)]
  0x000001d8294831c0 JavaThread "C1 CompilerThread0" daemon [_thread_blocked, id=10432, stack(0x000000311a700000,0x000000311a800000)]
  0x000001d82948e390 JavaThread "Sweeper thread" daemon [_thread_blocked, id=2252, stack(0x000000311a800000,0x000000311a900000)]
  0x000001d8136e7670 JavaThread "Common-Cleaner" daemon [_thread_blocked, id=2596, stack(0x000000311a900000,0x000000311aa00000)]
=>0x000001d829653e00 JavaThread "C2 CompilerThread1" daemon [_thread_in_native, id=11756, stack(0x000000311aa00000,0x000000311ab00000)]
  0x000001d8297791e0 JavaThread "Notification Thread" daemon [_thread_blocked, id=13276, stack(0x000000311ab00000,0x000000311ac00000)]
  0x000001d829db1720 JavaThread "Active Thread: Equinox Container: 5f246e39-930e-4d90-99bd-2f0d7d5bc393" [_thread_blocked, id=13824, stack(0x000000311b200000,0x000000311b300000)]
  0x000001d82ac76340 JavaThread "Framework Event Dispatcher: Equinox Container: 5f246e39-930e-4d90-99bd-2f0d7d5bc393" daemon [_thread_blocked, id=13828, stack(0x000000311b300000,0x000000311b400000)]
  0x000001d82ad1e6e0 JavaThread "Start Level: Equinox Container: 5f246e39-930e-4d90-99bd-2f0d7d5bc393" daemon [_thread_in_vm, id=13808, stack(0x000000311b400000,0x000000311b500000)]
  0x000001d829ef7fe0 JavaThread "SCR Component Actor" daemon [_thread_blocked, id=8160, stack(0x000000311b500000,0x000000311b600000)]
  0x000001d829f70030 JavaThread "SCR Component Registry" daemon [_thread_blocked, id=13912, stack(0x000000311b600000,0x000000311b700000)]
  0x000001d82ad5da70 JavaThread "Worker-JM" [_thread_blocked, id=13796, stack(0x000000311b700000,0x000000311b800000)]

Other Threads:
  0x000001d8274704e0 VMThread "VM Thread" [stack: 0x0000003119f00000,0x000000311a000000] [id=8788]
  0x000001d82986ed20 WatcherThread [stack: 0x000000311ac00000,0x000000311ad00000] [id=3556]
  0x000001d81363ee50 GCTaskThread "GC Thread#0" [stack: 0x0000003119e00000,0x0000003119f00000] [id=2512]
  0x000001d829e2f8c0 GCTaskThread "GC Thread#1" [stack: 0x000000311ad00000,0x000000311ae00000] [id=13792]
  0x000001d829de6c20 GCTaskThread "GC Thread#2" [stack: 0x000000311ae00000,0x000000311af00000] [id=13208]
  0x000001d829de6ed0 GCTaskThread "GC Thread#3" [stack: 0x000000311af00000,0x000000311b000000] [id=13820]
  0x000001d829de7180 GCTaskThread "GC Thread#4" [stack: 0x000000311b000000,0x000000311b100000] [id=13804]
  0x000001d829de7430 GCTaskThread "GC Thread#5" [stack: 0x000000311b100000,0x000000311b200000] [id=13832]

Threads with active compile tasks:
C2 CompilerThread0     1274 2067       4       java.lang.String::equalsIgnoreCase (45 bytes)
C2 CompilerThread1     1274 2032 % !   4       java.util.concurrent.ConcurrentHashMap::transfer @ 96 (850 bytes)

VM state: not at safepoint (normal execution)

VM Mutex/Monitor currently owned by a thread:  ([mutex/lock_event])
[0x000001d813625650] Metaspace_lock - owner thread: 0x000001d82ad1e6e0

Heap address: 0x00000000c0000000, size: 1024 MB, Compressed Oops mode: 32-bit

CDS archive(s) not mapped
Compressed class space mapped at: 0x0000000100000000-0x0000000140000000, reserved size: 1073741824
Narrow klass base: 0x0000000000000000, Narrow klass shift: 3, Narrow klass range: 0x140000000

GC Precious Log:
 CPUs: 6 total, 6 available
 Memory: 8001M
 Large Page Support: Disabled
 NUMA Support: Disabled
 Compressed Oops: Enabled (32-bit)
 Alignments: Space 512K, Generation 512K, Heap 2M
 Heap Min Capacity: 100M
 Heap Initial Capacity: 100M
 Heap Max Capacity: 1G
 Pre-touch: Disabled
 Parallel Workers: 6

Heap:
 PSYoungGen      total 29696K, used 24161K [0x00000000eab00000, 0x00000000ecc00000, 0x0000000100000000)
  eden space 25600K, 78% used [0x00000000eab00000,0x00000000ebe98d38,0x00000000ec400000)
  from space 4096K, 99% used [0x00000000ec800000,0x00000000ecbff718,0x00000000ecc00000)
  to   space 4096K, 0% used [0x00000000ec400000,0x00000000ec400000,0x00000000ec800000)
 ParOldGen       total 68608K, used 1360K [0x00000000c0000000, 0x00000000c4300000, 0x00000000eab00000)
  object space 68608K, 1% used [0x00000000c0000000,0x00000000c0154370,0x00000000c4300000)
 Metaspace       used 18887K, committed 19200K, reserved 1073152K
  class space    used 1898K, committed 2048K, reserved 1048576K

Card table byte_map: [0x000001d812fd0000,0x000001d8131e0000] _byte_map_base: 0x000001d8129d0000

Marking Bits: (ParMarkBitMap*) 0x00007ffbdddb3e70
 Begin Bits: [0x000001d8252b0000, 0x000001d8262b0000)
 End Bits:   [0x000001d8262b0000, 0x000001d8272b0000)

Polling page: 0x000001d8113b0000

Metaspace:

Usage:
  Non-class:     16.59 MB used.
      Class:      1.85 MB used.
       Both:     18.44 MB used.

Virtual space:
  Non-class space:       24.00 MB reserved,      16.75 MB ( 70%) committed,  3 nodes.
      Class space:        1.00 GB reserved,       2.00 MB ( <1%) committed,  1 nodes.
             Both:        1.02 GB reserved,      18.75 MB (  2%) committed. 

Chunk freelists:
   Non-Class:  2.55 MB
       Class:  1.98 MB
        Both:  4.53 MB

MaxMetaspaceSize: unlimited
CompressedClassSpaceSize: 1.00 GB
Initial GC threshold: 21.00 MB
Current GC threshold: 21.00 MB
CDS: off
MetaspaceReclaimPolicy: balanced
 - commit_granule_bytes: 65536.
 - commit_granule_words: 8192.
 - virtual_space_node_default_size: 1048576.
 - enlarge_chunks_in_place: 1.
 - new_chunks_are_fully_committed: 0.
 - uncommit_free_chunks: 1.
 - use_allocation_guard: 0.
 - handle_deallocations: 1.


Internal statistics:

num_allocs_failed_limit: 0.
num_arena_births: 122.
num_arena_deaths: 0.
num_vsnodes_births: 4.
num_vsnodes_deaths: 0.
num_space_committed: 300.
num_space_uncommitted: 0.
num_chunks_returned_to_freelist: 0.
num_chunks_taken_from_freelist: 492.
num_chunk_merges: 0.
num_chunk_splits: 312.
num_chunks_enlarged: 224.
num_purges: 0.
num_inconsistent_stats: 0.

CodeHeap 'non-profiled nmethods': size=120000Kb used=777Kb max_used=777Kb free=119222Kb
 bounds [0x000001d81dd80000, 0x000001d81dff0000, 0x000001d8252b0000]
CodeHeap 'profiled nmethods': size=120000Kb used=4161Kb max_used=4161Kb free=115839Kb
 bounds [0x000001d8162b0000, 0x000001d8166d0000, 0x000001d81d7e0000]
CodeHeap 'non-nmethods': size=5760Kb used=1183Kb max_used=1214Kb free=4576Kb
 bounds [0x000001d81d7e0000, 0x000001d81da50000, 0x000001d81dd80000]
 total_blobs=2565 nmethods=2080 adapters=399
 compilation: enabled
              stopped_count=0, restarted_count=0
 full_count=0

Compilation events (20 events):
Event: 1.233 Thread 0x000001d8294831c0 nmethod 2027 0x000001d8166a0a10 code [0x000001d8166a0c00, 0x000001d8166a1218]
Event: 1.234 Thread 0x000001d8294831c0 2033       3       sun.util.locale.LanguageTag::parseExtlangs (114 bytes)
Event: 1.234 Thread 0x000001d8294831c0 nmethod 2033 0x000001d8166a1490 code [0x000001d8166a16e0, 0x000001d8166a2138]
Event: 1.234 Thread 0x000001d8294831c0 2034       3       sun.util.locale.LanguageTag::parseScript (55 bytes)
Event: 1.234 Thread 0x000001d8294831c0 nmethod 2034 0x000001d8166a2490 code [0x000001d8166a2680, 0x000001d8166a2c58]
Event: 1.234 Thread 0x000001d8294831c0 2035       3       sun.util.locale.LanguageTag::parseRegion (55 bytes)
Event: 1.234 Thread 0x000001d8294831c0 nmethod 2035 0x000001d8166a2e90 code [0x000001d8166a3060, 0x000001d8166a3418]
Event: 1.234 Thread 0x000001d8294831c0 2018       3       java.util.Locale::<init> (15 bytes)
Event: 1.234 Thread 0x000001d8294831c0 nmethod 2018 0x000001d8166a3590 code [0x000001d8166a3720, 0x000001d8166a38b8]
Event: 1.234 Thread 0x000001d8294831c0 2030       3       java.util.Locale$Cache::createObject (6 bytes)
Event: 1.235 Thread 0x000001d8294831c0 nmethod 2030 0x000001d8166a3990 code [0x000001d8166a3b20, 0x000001d8166a3c68]
Event: 1.235 Thread 0x000001d8294831c0 2031       3       java.util.Locale$Cache::createObject (41 bytes)
Event: 1.235 Thread 0x000001d8294831c0 nmethod 2031 0x000001d8166a3d10 code [0x000001d8166a3f00, 0x000001d8166a4658]
Event: 1.235 Thread 0x000001d8294831c0 2039       3       sun.util.locale.BaseLocale$Cache::normalizeKey (9 bytes)
Event: 1.235 Thread 0x000001d8294831c0 nmethod 2039 0x000001d8166a4890 code [0x000001d8166a4a40, 0x000001d8166a4cc8]
Event: 1.235 Thread 0x000001d8294831c0 2014       3       sun.util.locale.LanguageTag::isExtlang (21 bytes)
Event: 1.235 Thread 0x000001d8294831c0 nmethod 2014 0x000001d8166a4d90 code [0x000001d8166a4fc0, 0x000001d8166a5938]
Event: 1.235 Thread 0x000001d8294831c0 2029       3       sun.util.locale.BaseLocale::convertOldISOCodes (238 bytes)
Event: 1.235 Thread 0x000001d8294824b0 2041       4       java.util.StringTokenizer::skipDelimiters (116 bytes)
Event: 1.236 Thread 0x000001d8294831c0 nmethod 2029 0x000001d8166a5c90 code [0x000001d8166a5ec0, 0x000001d8166a6608]

GC Heap History (4 events):
Event: 0.637 GC heap before
{Heap before GC invocations=1 (full 0):
 PSYoungGen      total 29696K, used 25600K [0x00000000eab00000, 0x00000000ecc00000, 0x0000000100000000)
  eden space 25600K, 100% used [0x00000000eab00000,0x00000000ec400000,0x00000000ec400000)
  from space 4096K, 0% used [0x00000000ec800000,0x00000000ec800000,0x00000000ecc00000)
  to   space 4096K, 0% used [0x00000000ec400000,0x00000000ec400000,0x00000000ec800000)
 ParOldGen       total 68608K, used 0K [0x00000000c0000000, 0x00000000c4300000, 0x00000000eab00000)
  object space 68608K, 0% used [0x00000000c0000000,0x00000000c0000000,0x00000000c4300000)
 Metaspace       used 11117K, committed 11328K, reserved 1064960K
  class space    used 1106K, committed 1216K, reserved 1048576K
}
Event: 0.641 GC heap after
{Heap after GC invocations=1 (full 0):
 PSYoungGen      total 29696K, used 3217K [0x00000000eab00000, 0x00000000ecc00000, 0x0000000100000000)
  eden space 25600K, 0% used [0x00000000eab00000,0x00000000eab00000,0x00000000ec400000)
  from space 4096K, 78% used [0x00000000ec400000,0x00000000ec724680,0x00000000ec800000)
  to   space 4096K, 0% used [0x00000000ec800000,0x00000000ec800000,0x00000000ecc00000)
 ParOldGen       total 68608K, used 16K [0x00000000c0000000, 0x00000000c4300000, 0x00000000eab00000)
  object space 68608K, 0% used [0x00000000c0000000,0x00000000c0004000,0x00000000c4300000)
 Metaspace       used 11117K, committed 11328K, reserved 1064960K
  class space    used 1106K, committed 1216K, reserved 1048576K
}
Event: 1.009 GC heap before
{Heap before GC invocations=2 (full 0):
 PSYoungGen      total 29696K, used 28817K [0x00000000eab00000, 0x00000000ecc00000, 0x0000000100000000)
  eden space 25600K, 100% used [0x00000000eab00000,0x00000000ec400000,0x00000000ec400000)
  from space 4096K, 78% used [0x00000000ec400000,0x00000000ec724680,0x00000000ec800000)
  to   space 4096K, 0% used [0x00000000ec800000,0x00000000ec800000,0x00000000ecc00000)
 ParOldGen       total 68608K, used 16K [0x00000000c0000000, 0x00000000c4300000, 0x00000000eab00000)
  object space 68608K, 0% used [0x00000000c0000000,0x00000000c0004000,0x00000000c4300000)
 Metaspace       used 14938K, committed 15232K, reserved 1064960K
  class space    used 1506K, committed 1664K, reserved 1048576K
}
Event: 1.014 GC heap after
{Heap after GC invocations=2 (full 0):
 PSYoungGen      total 29696K, used 4093K [0x00000000eab00000, 0x00000000ecc00000, 0x0000000100000000)
  eden space 25600K, 0% used [0x00000000eab00000,0x00000000eab00000,0x00000000ec400000)
  from space 4096K, 99% used [0x00000000ec800000,0x00000000ecbff718,0x00000000ecc00000)
  to   space 4096K, 0% used [0x00000000ec400000,0x00000000ec400000,0x00000000ec800000)
 ParOldGen       total 68608K, used 1360K [0x00000000c0000000, 0x00000000c4300000, 0x00000000eab00000)
  object space 68608K, 1% used [0x00000000c0000000,0x00000000c0154370,0x00000000c4300000)
 Metaspace       used 14938K, committed 15232K, reserved 1064960K
  class space    used 1506K, committed 1664K, reserved 1048576K
}

Dll operation events (9 events):
Event: 0.017 Loaded shared library c:\Users\daniely.campaner\.vscode\extensions\redhat.java-1.16.0-win32-x64\jre\17.0.6-win32-x86_64\bin\java.dll
Event: 0.122 Loaded shared library c:\Users\daniely.campaner\.vscode\extensions\redhat.java-1.16.0-win32-x64\jre\17.0.6-win32-x86_64\bin\zip.dll
Event: 0.125 Loaded shared library C:\Users\daniely.campaner\.vscode\extensions\redhat.java-1.16.0-win32-x64\jre\17.0.6-win32-x86_64\bin\instrument.dll
Event: 0.141 Loaded shared library C:\Users\daniely.campaner\.vscode\extensions\redhat.java-1.16.0-win32-x64\jre\17.0.6-win32-x86_64\bin\net.dll
Event: 0.147 Loaded shared library C:\Users\daniely.campaner\.vscode\extensions\redhat.java-1.16.0-win32-x64\jre\17.0.6-win32-x86_64\bin\nio.dll
Event: 0.154 Loaded shared library C:\Users\daniely.campaner\.vscode\extensions\redhat.java-1.16.0-win32-x64\jre\17.0.6-win32-x86_64\bin\zip.dll
Event: 0.167 Loaded shared library C:\Users\daniely.campaner\.vscode\extensions\redhat.java-1.16.0-win32-x64\jre\17.0.6-win32-x86_64\bin\jimage.dll
Event: 0.216 Loaded shared library c:\Users\daniely.campaner\.vscode\extensions\redhat.java-1.16.0-win32-x64\jre\17.0.6-win32-x86_64\bin\verify.dll
Event: 0.942 Loaded shared library C:\Users\daniely.campaner\AppData\Roaming\Code\User\globalStorage\redhat.java\1.16.0\config_win\org.eclipse.equinox.launcher\org.eclipse.equinox.launcher.win32.win32.x86_64_1.2.700.v20221108-1024\eclipse_11801.dll

Deoptimization events (20 events):
Event: 1.099 Thread 0x000001d82ad1e6e0 Uncommon trap: trap_request=0xffffffde fr.pc=0x000001d81dddebd0 relative=0x00000000000002b0
Event: 1.099 Thread 0x000001d82ad1e6e0 Uncommon trap: reason=class_check action=maybe_recompile pc=0x000001d81dddebd0 method=java.io.DataInputStream.readByte()B @ 4 c2
Event: 1.099 Thread 0x000001d82ad1e6e0 DEOPT PACKING pc=0x000001d81dddebd0 sp=0x000000311b4fbb20
Event: 1.099 Thread 0x000001d82ad1e6e0 DEOPT UNPACKING pc=0x000001d81d8366a3 sp=0x000000311b4fbad8 mode 2
Event: 1.099 Thread 0x000001d82ad1e6e0 Uncommon trap: trap_request=0xffffffde fr.pc=0x000001d81dddebd0 relative=0x00000000000002b0
Event: 1.099 Thread 0x000001d82ad1e6e0 Uncommon trap: reason=class_check action=maybe_recompile pc=0x000001d81dddebd0 method=java.io.DataInputStream.readByte()B @ 4 c2
Event: 1.099 Thread 0x000001d82ad1e6e0 DEOPT PACKING pc=0x000001d81dddebd0 sp=0x000000311b4fbb20
Event: 1.099 Thread 0x000001d82ad1e6e0 DEOPT UNPACKING pc=0x000001d81d8366a3 sp=0x000000311b4fbad8 mode 2
Event: 1.099 Thread 0x000001d82ad1e6e0 Uncommon trap: trap_request=0xffffffde fr.pc=0x000001d81dde451c relative=0x00000000000011bc
Event: 1.099 Thread 0x000001d82ad1e6e0 Uncommon trap: reason=class_check action=maybe_recompile pc=0x000001d81dde451c method=java.io.DataInputStream.readFully([BII)V @ 30 c2
Event: 1.099 Thread 0x000001d82ad1e6e0 DEOPT PACKING pc=0x000001d81dde451c sp=0x000000311b4fb9e0
Event: 1.099 Thread 0x000001d82ad1e6e0 DEOPT UNPACKING pc=0x000001d81d8366a3 sp=0x000000311b4fb928 mode 2
Event: 1.099 Thread 0x000001d82ad1e6e0 Uncommon trap: trap_request=0xffffffde fr.pc=0x000001d81dde451c relative=0x00000000000011bc
Event: 1.099 Thread 0x000001d82ad1e6e0 Uncommon trap: reason=class_check action=maybe_recompile pc=0x000001d81dde451c method=java.io.DataInputStream.readFully([BII)V @ 30 c2
Event: 1.099 Thread 0x000001d82ad1e6e0 DEOPT PACKING pc=0x000001d81dde451c sp=0x000000311b4fb9e0
Event: 1.099 Thread 0x000001d82ad1e6e0 DEOPT UNPACKING pc=0x000001d81d8366a3 sp=0x000000311b4fb928 mode 2
Event: 1.218 Thread 0x000001d82ad1e6e0 Uncommon trap: trap_request=0xffffff45 fr.pc=0x000001d81ddbec74 relative=0x0000000000000074
Event: 1.218 Thread 0x000001d82ad1e6e0 Uncommon trap: reason=unstable_if action=reinterpret pc=0x000001d81ddbec74 method=jdk.internal.misc.Unsafe.convEndian(ZJ)J @ 4 c2
Event: 1.218 Thread 0x000001d82ad1e6e0 DEOPT PACKING pc=0x000001d81ddbec74 sp=0x000000311b4f7680
Event: 1.218 Thread 0x000001d82ad1e6e0 DEOPT UNPACKING pc=0x000001d81d8366a3 sp=0x000000311b4f75a8 mode 2

Classes unloaded (0 events):
No events

Classes redefined (0 events):
No events

Internal exceptions (20 events):
Event: 0.524 Thread 0x000001d813629fa0 Exception <a 'java/lang/ClassNotFoundException'{0x00000000ebfd7e30}: sun/net/www/protocol/c/Handler> (0x00000000ebfd7e30) 
thrown [s\src\hotspot\share\classfile\systemDictionary.cpp, line 256]
Event: 0.535 Thread 0x000001d813629fa0 Exception <a 'java/io/FileNotFoundException'{0x00000000ebffe9b0}> (0x00000000ebffe9b0) 
thrown [s\src\hotspot\share\prims\jni.cpp, line 516]
Event: 0.564 Thread 0x000001d813629fa0 Implicit null exception at 0x000001d81ddc9b80 to 0x000001d81ddca57c
Event: 0.564 Thread 0x000001d813629fa0 Implicit null exception at 0x000001d81ddc23f1 to 0x000001d81ddc25e8
Event: 0.564 Thread 0x000001d813629fa0 Implicit null exception at 0x000001d81ddc42f1 to 0x000001d81ddc44f0
Event: 0.564 Thread 0x000001d813629fa0 Implicit null exception at 0x000001d81ddb840f to 0x000001d81ddb8489
Event: 0.600 Thread 0x000001d813629fa0 Exception <a 'java/lang/NoSuchMethodError'{0x00000000ec2cd1e8}: 'int java.lang.invoke.DirectMethodHandle$Holder.invokeStaticInit(java.lang.Object, java.lang.Object, java.lang.Object, java.lang.Object)'> (0x00000000ec2cd1e8) 
thrown [s\src\hotspot\share\interpreter\linkResolver.cpp, line 759]
Event: 0.601 Thread 0x000001d813629fa0 Exception <a 'java/lang/NoSuchMethodError'{0x00000000ec2d7858}: 'java.lang.Object java.lang.invoke.DirectMethodHandle$Holder.invokeInterface(java.lang.Object, java.lang.Object)'> (0x00000000ec2d7858) 
thrown [s\src\hotspot\share\interpreter\linkResolver.cpp, line 759]
Event: 0.601 Thread 0x000001d813629fa0 Exception <a 'java/lang/IncompatibleClassChangeError'{0x00000000ec2db050}: Found class java.lang.Object, but interface was expected> (0x00000000ec2db050) 
thrown [s\src\hotspot\share\interpreter\linkResolver.cpp, line 826]
Event: 0.602 Thread 0x000001d813629fa0 Exception <a 'java/lang/NoSuchMethodError'{0x00000000ec2df548}: 'void java.lang.invoke.DirectMethodHandle$Holder.invokeStatic(java.lang.Object, java.lang.Object)'> (0x00000000ec2df548) 
thrown [s\src\hotspot\share\interpreter\linkResolver.cpp, line 759]
Event: 0.602 Thread 0x000001d813629fa0 Exception <a 'java/lang/NoSuchMethodError'{0x00000000ec2e2d48}: 'void java.lang.invoke.DirectMethodHandle$Holder.invokeStaticInit(java.lang.Object, java.lang.Object)'> (0x00000000ec2e2d48) 
thrown [s\src\hotspot\share\interpreter\linkResolver.cpp, line 759]
Event: 0.603 Thread 0x000001d813629fa0 Exception <a 'java/lang/NoSuchMethodError'{0x00000000ec2ea1e0}: 'int java.lang.invoke.DirectMethodHandle$Holder.invokeStaticInit(java.lang.Object, java.lang.Object)'> (0x00000000ec2ea1e0) 
thrown [s\src\hotspot\share\interpreter\linkResolver.cpp, line 759]
Event: 0.644 Thread 0x000001d813629fa0 Exception <a 'java/lang/NoSuchMethodError'{0x00000000eab2f6d0}: 'void java.lang.invoke.DirectMethodHandle$Holder.invokeSpecial(java.lang.Object, java.lang.Object, java.lang.Object)'> (0x00000000eab2f6d0) 
thrown [s\src\hotspot\share\interpreter\linkResolver.cpp, line 759]
Event: 0.797 Thread 0x000001d813629fa0 Exception <a 'java/lang/NoSuchMethodError'{0x00000000eb87b3c8}: 'java.lang.Object java.lang.invoke.DirectMethodHandle$Holder.newInvokeSpecial(java.lang.Object, int, java.lang.Object)'> (0x00000000eb87b3c8) 
thrown [s\src\hotspot\share\interpreter\linkResolver.cpp, line 759]
Event: 0.939 Thread 0x000001d813629fa0 Exception <a 'java/lang/UnsatisfiedLinkError'{0x00000000ebe01b58}: 'void org.eclipse.equinox.launcher.JNIBridge._update_splash()'> (0x00000000ebe01b58) 
thrown [s\src\hotspot\share\prims\nativeLookup.cpp, line 543]
Event: 0.965 Thread 0x000001d82ad1e6e0 Exception <a 'java/lang/NoSuchMethodError'{0x00000000ec0d8b98}: 'java.lang.Object java.lang.invoke.DirectMethodHandle$Holder.invokeStaticInit(java.lang.Object)'> (0x00000000ec0d8b98) 
thrown [s\src\hotspot\share\interpreter\linkResolver.cpp, line 759]
Event: 1.094 Thread 0x000001d82ad1e6e0 Exception <a 'java/io/FileNotFoundException'{0x00000000eb3bf450}> (0x00000000eb3bf450) 
thrown [s\src\hotspot\share\prims\jni.cpp, line 516]
Event: 1.105 Thread 0x000001d82ad1e6e0 Exception <a 'java/lang/NullPointerException'{0x00000000eb414fe8}> (0x00000000eb414fe8) 
thrown [s\src\hotspot\share\interpreter\linkResolver.cpp, line 1350]
Event: 1.105 Thread 0x000001d82ad1e6e0 Exception <a 'java/lang/NullPointerException'{0x00000000eb415810}> (0x00000000eb415810) 
thrown [s\src\hotspot\share\interpreter\linkResolver.cpp, line 1350]
Event: 1.182 Thread 0x000001d82ad1e6e0 Exception <a 'java/lang/NoSuchMethodError'{0x00000000eb75b6d8}: 'java.lang.Object java.lang.invoke.Invokers$Holder.invokeExact_MT(java.lang.Object, java.lang.Object, java.lang.Object, java.lang.Object, java.lang.Object, java.lang.Object)'> (0x00000000eb75b6d8) 
thrown [s\src\hotspot\share\interpreter\linkResolver.cpp, line 759]

VM Operations (20 events):
Event: 0.387 Executing VM operation: HandshakeAllThreads
Event: 0.387 Executing VM operation: HandshakeAllThreads done
Event: 0.397 Executing VM operation: HandshakeAllThreads
Event: 0.397 Executing VM operation: HandshakeAllThreads done
Event: 0.554 Executing VM operation: ICBufferFull
Event: 0.554 Executing VM operation: ICBufferFull done
Event: 0.637 Executing VM operation: ParallelGCFailedAllocation
Event: 0.641 Executing VM operation: ParallelGCFailedAllocation done
Event: 0.782 Executing VM operation: HandshakeAllThreads
Event: 0.782 Executing VM operation: HandshakeAllThreads done
Event: 0.782 Executing VM operation: HandshakeAllThreads
Event: 0.782 Executing VM operation: HandshakeAllThreads done
Event: 0.786 Executing VM operation: HandshakeAllThreads
Event: 0.786 Executing VM operation: HandshakeAllThreads done
Event: 0.793 Executing VM operation: HandshakeAllThreads
Event: 0.793 Executing VM operation: HandshakeAllThreads done
Event: 0.974 Executing VM operation: HandshakeAllThreads
Event: 0.974 Executing VM operation: HandshakeAllThreads done
Event: 1.009 Executing VM operation: ParallelGCFailedAllocation
Event: 1.014 Executing VM operation: ParallelGCFailedAllocation done

Events (20 events):
Event: 1.234 loading class java/util/ListResourceBundle done
Event: 1.234 loading class sun/util/resources/cldr/CalendarData done
Event: 1.234 loading class java/util/ResourceBundle$ResourceBundleProviderHelper
Event: 1.234 loading class java/util/ResourceBundle$ResourceBundleProviderHelper done
Event: 1.234 loading class sun/util/resources/Bundles$BundleReference
Event: 1.234 loading class sun/util/resources/Bundles$CacheKeyReference
Event: 1.234 loading class sun/util/resources/Bundles$CacheKeyReference done
Event: 1.234 loading class sun/util/resources/Bundles$BundleReference done
Event: 1.234 loading class sun/util/locale/provider/LocaleResources$ResourceReference
Event: 1.234 loading class sun/util/locale/provider/LocaleResources$ResourceReference done
Event: 1.234 loading class java/text/DateFormatSymbols
Event: 1.235 loading class java/text/DateFormatSymbols done
Event: 1.235 loading class sun/util/locale/provider/DateFormatSymbolsProviderImpl
Event: 1.235 loading class sun/util/locale/provider/DateFormatSymbolsProviderImpl done
Event: 1.235 loading class sun/util/resources/LocaleData$CommonResourceBundleProvider
Event: 1.235 loading class sun/util/resources/LocaleData$LocaleDataResourceBundleProvider
Event: 1.235 loading class java/util/spi/ResourceBundleProvider
Event: 1.235 loading class java/util/spi/ResourceBundleProvider done
Event: 1.235 loading class sun/util/resources/LocaleData$LocaleDataResourceBundleProvider done
Event: 1.235 loading class sun/util/resources/LocaleData$CommonResourceBundleProvider done


Dynamic libraries:
0x00007ff7ec340000 - 0x00007ff7ec34e000 	c:\Users\daniely.campaner\.vscode\extensions\redhat.java-1.16.0-win32-x64\jre\17.0.6-win32-x86_64\bin\java.exe
0x00007ffc18030000 - 0x00007ffc18228000 	C:\Windows\SYSTEM32\ntdll.dll
0x00007ffc17960000 - 0x00007ffc17a1f000 	C:\Windows\System32\KERNEL32.dll
0x00007ffc15430000 - 0x00007ffc15531000 	C:\Windows\system32\hmpalert.dll
0x00007ffc15a10000 - 0x00007ffc15ce2000 	C:\Windows\System32\KERNELBASE.dll
0x00007ffc15860000 - 0x00007ffc15960000 	C:\Windows\System32\ucrtbase.dll
0x00007ffc06890000 - 0x00007ffc068a7000 	c:\Users\daniely.campaner\.vscode\extensions\redhat.java-1.16.0-win32-x64\jre\17.0.6-win32-x86_64\bin\jli.dll
0x00007ffc17590000 - 0x00007ffc17731000 	C:\Windows\System32\USER32.dll
0x00007ffc15f40000 - 0x00007ffc15f62000 	C:\Windows\System32\win32u.dll
0x00007ffc17750000 - 0x00007ffc1777b000 	C:\Windows\System32\GDI32.dll
0x00007ffc15f70000 - 0x00007ffc1607f000 	C:\Windows\System32\gdi32full.dll
0x00007ffc157c0000 - 0x00007ffc1585d000 	C:\Windows\System32\msvcp_win.dll
0x00007ffbfee00000 - 0x00007ffbff09a000 	C:\Windows\WinSxS\amd64_microsoft.windows.common-controls_6595b64144ccf1df_6.0.19041.1110_none_60b5254171f9507e\COMCTL32.dll
0x00007ffc17f50000 - 0x00007ffc17fee000 	C:\Windows\System32\msvcrt.dll
0x00007ffc050b0000 - 0x00007ffc050c9000 	c:\Users\daniely.campaner\.vscode\extensions\redhat.java-1.16.0-win32-x64\jre\17.0.6-win32-x86_64\bin\VCRUNTIME140.dll
0x00007ffc165e0000 - 0x00007ffc16610000 	C:\Windows\System32\IMM32.DLL
0x00007ffc121e0000 - 0x00007ffc121ec000 	c:\Users\daniely.campaner\.vscode\extensions\redhat.java-1.16.0-win32-x64\jre\17.0.6-win32-x86_64\bin\vcruntime140_1.dll
0x00007ffbee790000 - 0x00007ffbee821000 	c:\Users\daniely.campaner\.vscode\extensions\redhat.java-1.16.0-win32-x64\jre\17.0.6-win32-x86_64\bin\msvcp140.dll
0x00007ffbdd230000 - 0x00007ffbdde77000 	c:\Users\daniely.campaner\.vscode\extensions\redhat.java-1.16.0-win32-x64\jre\17.0.6-win32-x86_64\bin\server\jvm.dll
0x00007ffc16530000 - 0x00007ffc165de000 	C:\Windows\System32\ADVAPI32.dll
0x00007ffc17860000 - 0x00007ffc178fc000 	C:\Windows\System32\sechost.dll
0x00007ffc162d0000 - 0x00007ffc163f4000 	C:\Windows\System32\RPCRT4.dll
0x00007ffc05020000 - 0x00007ffc05029000 	C:\Windows\SYSTEM32\WSOCK32.dll
0x00007ffc17520000 - 0x00007ffc1758b000 	C:\Windows\System32\WS2_32.dll
0x00007ffc10880000 - 0x00007ffc1088a000 	C:\Windows\SYSTEM32\VERSION.dll
0x00007ffc058b0000 - 0x00007ffc058d7000 	C:\Windows\SYSTEM32\WINMM.dll
0x00007ffc133f0000 - 0x00007ffc13402000 	C:\Windows\SYSTEM32\kernel.appcore.dll
0x00007ffc05010000 - 0x00007ffc0501a000 	c:\Users\daniely.campaner\.vscode\extensions\redhat.java-1.16.0-win32-x64\jre\17.0.6-win32-x86_64\bin\jimage.dll
0x00007ffc05fa0000 - 0x00007ffc06184000 	C:\Windows\SYSTEM32\DBGHELP.DLL
0x00007ffc04f70000 - 0x00007ffc04fa5000 	C:\Windows\SYSTEM32\dbgcore.DLL
0x00007ffc15730000 - 0x00007ffc157b2000 	C:\Windows\System32\bcryptPrimitives.dll
0x00007ffc05000000 - 0x00007ffc0500e000 	c:\Users\daniely.campaner\.vscode\extensions\redhat.java-1.16.0-win32-x64\jre\17.0.6-win32-x86_64\bin\instrument.dll
0x00007ffc04130000 - 0x00007ffc04155000 	c:\Users\daniely.campaner\.vscode\extensions\redhat.java-1.16.0-win32-x64\jre\17.0.6-win32-x86_64\bin\java.dll
0x00007ffbf57f0000 - 0x00007ffbf5808000 	c:\Users\daniely.campaner\.vscode\extensions\redhat.java-1.16.0-win32-x64\jre\17.0.6-win32-x86_64\bin\zip.dll
0x00007ffc169c0000 - 0x00007ffc17105000 	C:\Windows\System32\SHELL32.dll
0x00007ffc135f0000 - 0x00007ffc13d82000 	C:\Windows\SYSTEM32\windows.storage.dll
0x00007ffc17110000 - 0x00007ffc17465000 	C:\Windows\System32\combase.dll
0x00007ffc15010000 - 0x00007ffc15040000 	C:\Windows\SYSTEM32\Wldp.dll
0x00007ffc16910000 - 0x00007ffc169bd000 	C:\Windows\System32\SHCORE.dll
0x00007ffc166f0000 - 0x00007ffc16745000 	C:\Windows\System32\shlwapi.dll
0x00007ffc15670000 - 0x00007ffc1568f000 	C:\Windows\SYSTEM32\profapi.dll
0x00007ffbf4500000 - 0x00007ffbf4519000 	C:\Users\daniely.campaner\.vscode\extensions\redhat.java-1.16.0-win32-x64\jre\17.0.6-win32-x86_64\bin\net.dll
0x00007ffc145a0000 - 0x00007ffc146aa000 	C:\Windows\SYSTEM32\WINHTTP.dll
0x00007ffc14d00000 - 0x00007ffc14d6a000 	C:\Windows\system32\mswsock.dll
0x00007ffbf3510000 - 0x00007ffbf3525000 	C:\Users\daniely.campaner\.vscode\extensions\redhat.java-1.16.0-win32-x64\jre\17.0.6-win32-x86_64\bin\nio.dll
0x00007ffc040e0000 - 0x00007ffc040f0000 	c:\Users\daniely.campaner\.vscode\extensions\redhat.java-1.16.0-win32-x64\jre\17.0.6-win32-x86_64\bin\verify.dll
0x00007ffbf21b0000 - 0x00007ffbf21ee000 	C:\Users\daniely.campaner\AppData\Roaming\Code\User\globalStorage\redhat.java\1.16.0\config_win\org.eclipse.equinox.launcher\org.eclipse.equinox.launcher.win32.win32.x86_64_1.2.700.v20221108-1024\eclipse_11801.dll
0x00007ffc16400000 - 0x00007ffc1652a000 	C:\Windows\System32\ole32.dll

dbghelp: loaded successfully - version: 4.0.5 - missing functions: none
symbol engine: initialized successfully - sym options: 0x614 - pdb path: .;c:\Users\daniely.campaner\.vscode\extensions\redhat.java-1.16.0-win32-x64\jre\17.0.6-win32-x86_64\bin;C:\Windows\SYSTEM32;C:\Windows\WinSxS\amd64_microsoft.windows.common-controls_6595b64144ccf1df_6.0.19041.1110_none_60b5254171f9507e;c:\Users\daniely.campaner\.vscode\extensions\redhat.java-1.16.0-win32-x64\jre\17.0.6-win32-x86_64\bin\server;C:\Users\daniely.campaner\AppData\Roaming\Code\User\globalStorage\redhat.java\1.16.0\config_win\org.eclipse.equinox.launcher\org.eclipse.equinox.launcher.win32.win32.x86_64_1.2.700.v20221108-1024

VM Arguments:
jvm_args: --add-modules=ALL-SYSTEM --add-opens=java.base/java.util=ALL-UNNAMED --add-opens=java.base/java.lang=ALL-UNNAMED --add-opens=java.base/sun.nio.fs=ALL-UNNAMED -Declipse.application=org.eclipse.jdt.ls.core.id1 -Dosgi.bundles.defaultStartLevel=4 -Declipse.product=org.eclipse.jdt.ls.core.product -Djava.import.generatesMetadataFilesAtProjectRoot=false -Dfile.encoding=utf8 -XX:+UseParallelGC -XX:GCTimeRatio=4 -XX:AdaptiveSizePolicyWeight=90 -Dsun.zip.disableMemoryMapping=true -Xmx1G -Xms100m -Xlog:disable -javaagent:c:\Users\daniely.campaner\.vscode\extensions\redhat.java-1.16.0-win32-x64\lombok\lombok-1.18.24.jar -XX:+HeapDumpOnOutOfMemoryError -XX:HeapDumpPath=c:\Users\daniely.campaner\AppData\Roaming\Code\User\workspaceStorage\9035ea4b6b5a324985c92919cde5af43\redhat.java 
java_command: c:\Users\daniely.campaner\.vscode\extensions\redhat.java-1.16.0-win32-x64\server\plugins\org.eclipse.equinox.launcher_1.6.400.v20210924-0641.jar -configuration c:\Users\daniely.campaner\AppData\Roaming\Code\User\globalStorage\redhat.java\1.16.0\config_win -data c:\Users\daniely.campaner\AppData\Roaming\Code\User\workspaceStorage\9035ea4b6b5a324985c92919cde5af43\redhat.java\jdt_ws
java_class_path (initial): c:\Users\daniely.campaner\.vscode\extensions\redhat.java-1.16.0-win32-x64\server\plugins\org.eclipse.equinox.launcher_1.6.400.v20210924-0641.jar
Launcher Type: SUN_STANDARD

[Global flags]
    uintx AdaptiveSizePolicyWeight                 = 90                                        {product} {command line}
     intx CICompilerCount                          = 3                                         {product} {ergonomic}
    uintx GCTimeRatio                              = 4                                         {product} {command line}
     bool HeapDumpOnOutOfMemoryError               = true                                   {manageable} {command line}
    ccstr HeapDumpPath                             = c:\Users\daniely.campaner\AppData\Roaming\Code\User\workspaceStorage\9035ea4b6b5a324985c92919cde5af43\redhat.java         {manageable} {command line}
   size_t InitialHeapSize                          = 104857600                                 {product} {command line}
   size_t MaxHeapSize                              = 1073741824                                {product} {command line}
   size_t MaxNewSize                               = 357564416                                 {product} {ergonomic}
   size_t MinHeapDeltaBytes                        = 524288                                    {product} {ergonomic}
   size_t MinHeapSize                              = 104857600                                 {product} {command line}
   size_t NewSize                                  = 34603008                                  {product} {ergonomic}
    uintx NonNMethodCodeHeapSize                   = 5832780                                {pd product} {ergonomic}
    uintx NonProfiledCodeHeapSize                  = 122912730                              {pd product} {ergonomic}
   size_t OldSize                                  = 70254592                                  {product} {ergonomic}
    uintx ProfiledCodeHeapSize                     = 122912730                              {pd product} {ergonomic}
    uintx ReservedCodeCacheSize                    = 251658240                              {pd product} {ergonomic}
     bool SegmentedCodeCache                       = true                                      {product} {ergonomic}
   size_t SoftMaxHeapSize                          = 1073741824                             {manageable} {ergonomic}
     bool UseCompressedClassPointers               = true                           {product lp64_product} {ergonomic}
     bool UseCompressedOops                        = true                           {product lp64_product} {ergonomic}
     bool UseLargePagesIndividualAllocation        = false                                  {pd product} {ergonomic}
     bool UseParallelGC                            = true                                      {product} {command line}

Logging:
Log output configuration:
 #0: stdout all=off uptime,level,tags
 #1: stderr all=off uptime,level,tags

Environment Variables:
PATH=C:\Program Files (x86)\VMware\VMware Workstation\bin\;C:\Program Files\Common Files\Oracle\Java\javapath;C:\Program Files (x86)\Common Files\Oracle\Java\javapath;C:\Windows\system32;C:\Windows;C:\Windows\System32\Wbem;C:\Windows\System32\WindowsPowerShell\v1.0\;C:\Windows\System32\OpenSSH\;C:\Program Files\Git\cmd;C:\Program Files\nodejs\;C:\Program Files\Microsoft VS Code\bin;C:\Users\daniely.campaner\AppData\Local\Microsoft\WindowsApps;
USERNAME=daniely.campaner
OS=Windows_NT
PROCESSOR_IDENTIFIER=Intel64 Family 6 Model 158 Stepping 10, GenuineIntel
TMP=C:\Users\DANIEL~1.CAM\AppData\Local\Temp
TEMP=C:\Users\DANIEL~1.CAM\AppData\Local\Temp



---------------  S Y S T E M  ---------------

OS:
 Windows 10 , 64 bit Build 19041 (10.0.19041.2546)
OS uptime: 0 days 0:56 hours

CPU: total 6 (initial active 6) (6 cores per cpu, 1 threads per core) family 6 model 158 stepping 10 microcode 0xea, cx8, cmov, fxsr, mmx, 3dnowpref, sse, sse2, sse3, ssse3, sse4.1, sse4.2, popcnt, lzcnt, tsc, tscinvbit, avx, avx2, aes, erms, clmul, bmi1, bmi2, rtm, adx, fma, vzeroupper, clflush, clflushopt

Memory: 4k page, system-wide physical 8001M (1078M free)
TotalPageFile size 8001M (AvailPageFile size 4M)
current process WorkingSet (physical memory assigned to process): 98M, peak: 98M
current process commit charge ("private bytes"): 208M, peak: 208M

vm_info: OpenJDK 64-Bit Server VM (17.0.6+10) for windows-amd64 JRE (17.0.6+10), built on Jan 18 2023 10:08:59 by "temurin" with MS VC++ 16.7 (VS2019)

END.
