#
# There is insufficient memory for the Java Runtime Environment to continue.
# Native memory allocation (mmap) failed to map 65536 bytes for Failed to commit metaspace.
# Possible reasons:
#   The system is out of physical RAM or swap space
#   The process is running with CompressedOops enabled, and the Java Heap may be blocking the growth of the native heap
# Possible solutions:
#   Reduce memory load on the system
#   Increase physical memory or swap space
#   Check if swap backing store is full
#   Decrease Java heap size (-Xmx/-Xms)
#   Decrease number of Java threads
#   Decrease Java thread stack sizes (-Xss)
#   Set larger code cache with -XX:ReservedCodeCacheSize=
#   JVM is running with Unscaled Compressed Oops mode in which the Java heap is
#     placed in the first 4GB address space. The Java Heap base address is the
#     maximum limit for the native heap growth. Please use -XX:HeapBaseMinAddress
#     to set the Java Heap base and to place the Java Heap above 4GB virtual address.
# This output file may be truncated or incomplete.
#
#  Out of Memory Error (virtualSpaceNode.cpp:110), pid=708, tid=13272
#
# JRE version: OpenJDK Runtime Environment Temurin-17.0.6+10 (17.0.6+10) (build 17.0.6+10)
# Java VM: OpenJDK 64-Bit Server VM Temurin-17.0.6+10 (17.0.6+10, mixed mode, tiered, compressed oops, compressed class ptrs, parallel gc, windows-amd64)
# No core dump will be written. Minidumps are not enabled by default on client versions of Windows
#

---------------  S U M M A R Y ------------

Command Line: --add-modules=ALL-SYSTEM --add-opens=java.base/java.util=ALL-UNNAMED --add-opens=java.base/java.lang=ALL-UNNAMED --add-opens=java.base/sun.nio.fs=ALL-UNNAMED -Declipse.application=org.eclipse.jdt.ls.core.id1 -Dosgi.bundles.defaultStartLevel=4 -Declipse.product=org.eclipse.jdt.ls.core.product -Djava.import.generatesMetadataFilesAtProjectRoot=false -Dfile.encoding=utf8 -XX:+UseParallelGC -XX:GCTimeRatio=4 -XX:AdaptiveSizePolicyWeight=90 -Dsun.zip.disableMemoryMapping=true -Xmx1G -Xms100m -Xlog:disable -javaagent:c:\Users\daniely.campaner\.vscode\extensions\redhat.java-1.16.0-win32-x64\lombok\lombok-1.18.24.jar c:\Users\daniely.campaner\.vscode\extensions\redhat.java-1.16.0-win32-x64\server\plugins\org.eclipse.equinox.launcher_1.6.400.v20210924-0641.jar -configuration c:\Users\daniely.campaner\AppData\Roaming\Code\User\globalStorage\redhat.java\1.16.0\config_ss_win -data c:\Users\daniely.campaner\AppData\Roaming\Code\User\workspaceStorage\9035ea4b6b5a324985c92919cde5af43\redhat.java\ss_ws

Host: Intel(R) Core(TM) i5-9500 CPU @ 3.00GHz, 6 cores, 7G,  Windows 10 , 64 bit Build 19041 (10.0.19041.2546)
Time: Wed Apr  5 20:10:04 2023 Hora oficial do Brasil elapsed time: 2.423553 seconds (0d 0h 0m 2s)

---------------  T H R E A D  ---------------

Current thread (0x000002349dd6fdd0):  JavaThread "Start Level: Equinox Container: 567f7f37-e401-45dd-862b-5afe825140a3" daemon [_thread_in_vm, id=13272, stack(0x000000ab92700000,0x000000ab92800000)]

Stack: [0x000000ab92700000,0x000000ab92800000]
Native frames: (J=compiled Java code, j=interpreted, Vv=VM code, C=native code)
V  [jvm.dll+0x67741a]
V  [jvm.dll+0x834434]
V  [jvm.dll+0x835bde]
V  [jvm.dll+0x836243]
V  [jvm.dll+0x2457b5]
V  [jvm.dll+0x8304cb]
V  [jvm.dll+0x61bca6]
V  [jvm.dll+0x61bd0a]
V  [jvm.dll+0x61e52a]
V  [jvm.dll+0x61c646]
V  [jvm.dll+0x62d3f9]
V  [jvm.dll+0x626754]
V  [jvm.dll+0x37f521]
C  0x000002349208c6e8

Java frames: (J=compiled Java code, j=interpreted, Vv=VM code)
j  com.sun.org.apache.xerces.internal.dom.CoreDocumentImpl.<init>()V+0 java.xml@17.0.6
j  com.sun.org.apache.xerces.internal.dom.DocumentImpl.<init>()V+1 java.xml@17.0.6
j  com.sun.org.apache.xerces.internal.jaxp.DocumentBuilderImpl.newDocument()Lorg/w3c/dom/Document;+4 java.xml@17.0.6
j  org.eclipse.text.templates.TemplateReaderWriter.save([Lorg/eclipse/text/templates/TemplatePersistenceData;Ljavax/xml/transform/stream/StreamResult;)V+12
j  org.eclipse.text.templates.TemplateReaderWriter.save([Lorg/eclipse/text/templates/TemplatePersistenceData;Ljava/io/Writer;)V+10
j  org.eclipse.jdt.ls.core.internal.preferences.PreferenceManager.reloadTemplateStore()V+84
j  org.eclipse.jdt.ls.core.internal.preferences.PreferenceManager.initialize()V+548
j  org.eclipse.jdt.ls.core.internal.preferences.PreferenceManager.<init>()V+40
j  org.eclipse.jdt.ls.core.internal.JavaLanguageServerPlugin.start(Lorg/osgi/framework/BundleContext;)V+32
j  org.eclipse.osgi.internal.framework.BundleContextImpl$2.run()Ljava/lang/Void;+23
j  org.eclipse.osgi.internal.framework.BundleContextImpl$2.run()Ljava/lang/Object;+1
J 1217 c1 java.security.AccessController.executePrivileged(Ljava/security/PrivilegedExceptionAction;Ljava/security/AccessControlContext;Ljava/lang/Class;)Ljava/lang/Object; java.base@17.0.6 (65 bytes) @ 0x000002348ad5dd34 [0x000002348ad5dbe0+0x0000000000000154]
j  java.security.AccessController.doPrivileged(Ljava/security/PrivilegedExceptionAction;)Ljava/lang/Object;+9 java.base@17.0.6
j  org.eclipse.osgi.internal.framework.BundleContextImpl.startActivator(Lorg/osgi/framework/BundleActivator;)V+9
j  org.eclipse.osgi.internal.framework.BundleContextImpl.start()V+134
j  org.eclipse.osgi.internal.framework.EquinoxBundle.startWorker0()V+35
j  org.eclipse.osgi.internal.framework.EquinoxBundle$EquinoxModule.startWorker()V+4
j  org.eclipse.osgi.container.Module.doStart([Lorg/eclipse/osgi/container/Module$StartOptions;)Lorg/eclipse/osgi/container/ModuleContainerAdaptor$ModuleEvent;+190
j  org.eclipse.osgi.container.Module.start([Lorg/eclipse/osgi/container/Module$StartOptions;)V+460
j  org.eclipse.osgi.container.ModuleContainer$ContainerStartLevel$2.run()V+71
j  org.eclipse.osgi.internal.framework.EquinoxContainerAdaptor$1$1.execute(Ljava/lang/Runnable;)V+1
j  org.eclipse.osgi.container.ModuleContainer$ContainerStartLevel.incStartLevel(ILjava/util/List;Z)V+192
j  org.eclipse.osgi.container.ModuleContainer$ContainerStartLevel.incStartLevel(ILjava/util/List;Ljava/util/List;Ljava/util/List;Ljava/util/List;)V+19
j  org.eclipse.osgi.container.ModuleContainer$ContainerStartLevel.doContainerStartLevel(Lorg/eclipse/osgi/container/Module;I[Lorg/osgi/framework/FrameworkListener;)V+349
j  org.eclipse.osgi.container.ModuleContainer$ContainerStartLevel.dispatchEvent(Lorg/eclipse/osgi/container/Module;[Lorg/osgi/framework/FrameworkListener;ILjava/lang/Integer;)V+32
j  org.eclipse.osgi.container.ModuleContainer$ContainerStartLevel.dispatchEvent(Ljava/lang/Object;Ljava/lang/Object;ILjava/lang/Object;)V+15
j  org.eclipse.osgi.framework.eventmgr.EventManager.dispatchEvent(Ljava/util/Set;Lorg/eclipse/osgi/framework/eventmgr/EventDispatcher;ILjava/lang/Object;)V+48
j  org.eclipse.osgi.framework.eventmgr.EventManager$EventThread.run()V+26
v  ~StubRoutines::call_stub

---------------  P R O C E S S  ---------------

Threads class SMR info:
_java_thread_list=0x000002349fe6f6a0, length=20, elements={
0x0000023487ecb170, 0x0000023487f843f0, 0x0000023487f856d0, 0x000002349dd5fb40,
0x000002349dd62bb0, 0x000002349dd69ca0, 0x000002349dd71110, 0x000002349dd751f0,
0x000002349dd75f00, 0x000002349dd76fa0, 0x000002349dd71ab0, 0x000002349dd70770,
0x000002349dd70c40, 0x000002349dd702a0, 0x000002349dd6fdd0, 0x000002349dd6ef60,
0x000002349dd72450, 0x000002349dd72920, 0x000002349f5ac0b0, 0x000002349f5a9560
}

Java Threads: ( => current thread )
  0x0000023487ecb170 JavaThread "main" [_thread_blocked, id=11928, stack(0x000000ab91000000,0x000000ab91100000)]
  0x0000023487f843f0 JavaThread "Reference Handler" daemon [_thread_blocked, id=8904, stack(0x000000ab91300000,0x000000ab91400000)]
  0x0000023487f856d0 JavaThread "Finalizer" daemon [_thread_blocked, id=8536, stack(0x000000ab91400000,0x000000ab91500000)]
  0x000002349dd5fb40 JavaThread "Signal Dispatcher" daemon [_thread_blocked, id=12620, stack(0x000000ab91500000,0x000000ab91600000)]
  0x000002349dd62bb0 JavaThread "Attach Listener" daemon [_thread_blocked, id=10608, stack(0x000000ab91600000,0x000000ab91700000)]
  0x000002349dd69ca0 JavaThread "Service Thread" daemon [_thread_blocked, id=14316, stack(0x000000ab91700000,0x000000ab91800000)]
  0x000002349dd71110 JavaThread "Monitor Deflation Thread" daemon [_thread_blocked, id=12816, stack(0x000000ab91800000,0x000000ab91900000)]
  0x000002349dd751f0 JavaThread "C2 CompilerThread0" daemon [_thread_blocked, id=9404, stack(0x000000ab91900000,0x000000ab91a00000)]
  0x000002349dd75f00 JavaThread "C1 CompilerThread0" daemon [_thread_blocked, id=11364, stack(0x000000ab91a00000,0x000000ab91b00000)]
  0x000002349dd76fa0 JavaThread "Sweeper thread" daemon [_thread_blocked, id=13276, stack(0x000000ab91b00000,0x000000ab91c00000)]
  0x000002349dd71ab0 JavaThread "Common-Cleaner" daemon [_thread_blocked, id=7888, stack(0x000000ab91c00000,0x000000ab91d00000)]
  0x000002349dd70770 JavaThread "Notification Thread" daemon [_thread_blocked, id=13936, stack(0x000000ab91e00000,0x000000ab91f00000)]
  0x000002349dd70c40 JavaThread "Active Thread: Equinox Container: 567f7f37-e401-45dd-862b-5afe825140a3" [_thread_blocked, id=2608, stack(0x000000ab92500000,0x000000ab92600000)]
  0x000002349dd702a0 JavaThread "Framework Event Dispatcher: Equinox Container: 567f7f37-e401-45dd-862b-5afe825140a3" daemon [_thread_blocked, id=8160, stack(0x000000ab92600000,0x000000ab92700000)]
=>0x000002349dd6fdd0 JavaThread "Start Level: Equinox Container: 567f7f37-e401-45dd-862b-5afe825140a3" daemon [_thread_in_vm, id=13272, stack(0x000000ab92700000,0x000000ab92800000)]
  0x000002349dd6ef60 JavaThread "SCR Component Actor" daemon [_thread_blocked, id=12976, stack(0x000000ab92800000,0x000000ab92900000)]
  0x000002349dd72450 JavaThread "SCR Component Registry" daemon [_thread_blocked, id=9064, stack(0x000000ab92900000,0x000000ab92a00000)]
  0x000002349dd72920 JavaThread "Worker-JM" [_thread_blocked, id=11268, stack(0x000000ab92a00000,0x000000ab92b00000)]
  0x000002349f5ac0b0 JavaThread "Worker-0" [_thread_blocked, id=10988, stack(0x000000ab92b00000,0x000000ab92c00000)]
  0x000002349f5a9560 JavaThread "Worker-1" [_thread_blocked, id=12864, stack(0x000000ab92c00000,0x000000ab92d00000)]

Other Threads:
  0x000002349bd1e6c0 VMThread "VM Thread" [stack: 0x000000ab91200000,0x000000ab91300000] [id=6844]
  0x000002349e05bfb0 WatcherThread [stack: 0x000000ab91f00000,0x000000ab92000000] [id=13408]
  0x0000023487edfca0 GCTaskThread "GC Thread#0" [stack: 0x000000ab91100000,0x000000ab91200000] [id=10816]
  0x000002349df35d10 GCTaskThread "GC Thread#1" [stack: 0x000000ab91d00000,0x000000ab91e00000] [id=12076]
  0x000002349df36840 GCTaskThread "GC Thread#2" [stack: 0x000000ab92000000,0x000000ab92100000] [id=13088]
  0x000002349e5db470 GCTaskThread "GC Thread#3" [stack: 0x000000ab92100000,0x000000ab92200000] [id=10596]
  0x000002349e2e88d0 GCTaskThread "GC Thread#4" [stack: 0x000000ab92200000,0x000000ab92300000] [id=14312]
  0x000002349e2e8b80 GCTaskThread "GC Thread#5" [stack: 0x000000ab92300000,0x000000ab92400000] [id=8048]

Threads with active compile tasks:

VM state: not at safepoint (normal execution)

VM Mutex/Monitor currently owned by a thread:  ([mutex/lock_event])
[0x0000023487ec6280] Metaspace_lock - owner thread: 0x000002349dd6fdd0

Heap address: 0x00000000c0000000, size: 1024 MB, Compressed Oops mode: 32-bit

CDS archive(s) not mapped
Compressed class space mapped at: 0x0000000100000000-0x0000000140000000, reserved size: 1073741824
Narrow klass base: 0x0000000000000000, Narrow klass shift: 3, Narrow klass range: 0x140000000

GC Precious Log:
 CPUs: 6 total, 6 available
 Memory: 8001M
 Large Page Support: Disabled
 NUMA Support: Disabled
 Compressed Oops: Enabled (32-bit)
 Alignments: Space 512K, Generation 512K, Heap 2M
 Heap Min Capacity: 100M
 Heap Initial Capacity: 100M
 Heap Max Capacity: 1G
 Pre-touch: Disabled
 Parallel Workers: 6

Heap:
 PSYoungGen      total 26112K, used 5673K [0x00000000eab00000, 0x00000000ec780000, 0x0000000100000000)
  eden space 24576K, 17% used [0x00000000eab00000,0x00000000eaf2c880,0x00000000ec300000)
  from space 1536K, 91% used [0x00000000ec600000,0x00000000ec75dbd0,0x00000000ec780000)
  to   space 2048K, 0% used [0x00000000ec380000,0x00000000ec380000,0x00000000ec580000)
 ParOldGen       total 68608K, used 6900K [0x00000000c0000000, 0x00000000c4300000, 0x00000000eab00000)
  object space 68608K, 10% used [0x00000000c0000000,0x00000000c06bd3a8,0x00000000c4300000)
 Metaspace       used 28302K, committed 28800K, reserved 1081344K
  class space    used 2738K, committed 2944K, reserved 1048576K

Card table byte_map: [0x0000023487870000,0x0000023487a80000] _byte_map_base: 0x0000023487270000

Marking Bits: (ParMarkBitMap*) 0x00007ffbdddb3e70
 Begin Bits: [0x0000023499b50000, 0x000002349ab50000)
 End Bits:   [0x000002349ab50000, 0x000002349bb50000)

Polling page: 0x0000023485c60000

Metaspace:

Usage:
  Non-class:     24.97 MB used.
      Class:      2.67 MB used.
       Both:     27.64 MB used.

Virtual space:
  Non-class space:       32.00 MB reserved,      25.25 MB ( 79%) committed,  4 nodes.
      Class space:        1.00 GB reserved,       2.88 MB ( <1%) committed,  1 nodes.
             Both:        1.03 GB reserved,      28.12 MB (  3%) committed. 

Chunk freelists:
   Non-Class:  1.98 MB
       Class:  1.01 MB
        Both:  3.00 MB

MaxMetaspaceSize: unlimited
CompressedClassSpaceSize: 1.00 GB
Initial GC threshold: 21.00 MB
Current GC threshold: 35.00 MB
CDS: off
MetaspaceReclaimPolicy: balanced
 - commit_granule_bytes: 65536.
 - commit_granule_words: 8192.
 - virtual_space_node_default_size: 1048576.
 - enlarge_chunks_in_place: 1.
 - new_chunks_are_fully_committed: 0.
 - uncommit_free_chunks: 1.
 - use_allocation_guard: 0.
 - handle_deallocations: 1.


Internal statistics:

num_allocs_failed_limit: 3.
num_arena_births: 226.
num_arena_deaths: 14.
num_vsnodes_births: 5.
num_vsnodes_deaths: 0.
num_space_committed: 450.
num_space_uncommitted: 0.
num_chunks_returned_to_freelist: 17.
num_chunks_taken_from_freelist: 968.
num_chunk_merges: 7.
num_chunk_splits: 660.
num_chunks_enlarged: 467.
num_purges: 2.
num_inconsistent_stats: 0.

CodeHeap 'non-profiled nmethods': size=120000Kb used=1058Kb max_used=1058Kb free=118941Kb
 bounds [0x0000023492620000, 0x0000023492890000, 0x0000023499b50000]
CodeHeap 'profiled nmethods': size=120000Kb used=4864Kb max_used=4864Kb free=115135Kb
 bounds [0x000002348ab50000, 0x000002348b020000, 0x0000023492080000]
CodeHeap 'non-nmethods': size=5760Kb used=1233Kb max_used=1292Kb free=4526Kb
 bounds [0x0000023492080000, 0x00000234922f0000, 0x0000023492620000]
 total_blobs=3002 nmethods=2453 adapters=463
 compilation: enabled
              stopped_count=0, restarted_count=0
 full_count=0

Compilation events (20 events):
Event: 2.407 Thread 0x000002349dd75f00 nmethod 2444 0x000002348b00af10 code [0x000002348b00b180, 0x000002348b00bf48]
Event: 2.409 Thread 0x000002349dd75f00 2445       3       java.util.Arrays::hashCode (56 bytes)
Event: 2.409 Thread 0x000002349dd75f00 nmethod 2445 0x000002348b00c510 code [0x000002348b00c6c0, 0x000002348b00ca28]
Event: 2.412 Thread 0x000002349dd751f0 2446       4       java.util.Properties$LineReader::readLine (584 bytes)
Event: 2.413 Thread 0x000002349dd75f00 2447       3       org.eclipse.core.runtime.Assert::isNotNull (29 bytes)
Event: 2.413 Thread 0x000002349dd75f00 nmethod 2447 0x000002348b00cb90 code [0x000002348b00cda0, 0x000002348b00d348]
Event: 2.413 Thread 0x000002349dd75f00 2448       3       org.eclipse.core.runtime.Assert::isNotNull (7 bytes)
Event: 2.413 Thread 0x000002349dd75f00 nmethod 2448 0x000002348b00d590 code [0x000002348b00d720, 0x000002348b00d848]
Event: 2.413 Thread 0x000002349dd75f00 2449       3       org.eclipse.core.runtime.Assert::isTrue (30 bytes)
Event: 2.413 Thread 0x000002349dd75f00 nmethod 2449 0x000002348b00d910 code [0x000002348b00db20, 0x000002348b00e0e8]
Event: 2.413 Thread 0x000002349dd75f00 2451       3       org.eclipse.core.runtime.Assert::isTrue (7 bytes)
Event: 2.413 Thread 0x000002349dd75f00 nmethod 2451 0x000002348b00e390 code [0x000002348b00e520, 0x000002348b00e648]
Event: 2.413 Thread 0x000002349dd75f00 2450       1       org.eclipse.jface.text.templates.TemplateVariableResolver::getType (5 bytes)
Event: 2.413 Thread 0x000002349dd75f00 nmethod 2450 0x0000023492726590 code [0x0000023492726720, 0x00000234927267f8]
Event: 2.416 Thread 0x000002349dd75f00 2452       3       java.util.Arrays::fill (21 bytes)
Event: 2.417 Thread 0x000002349dd75f00 nmethod 2452 0x000002348b00e710 code [0x000002348b00e8a0, 0x000002348b00ea58]
Event: 2.419 Thread 0x000002349dd75f00 2454       3       jdk.xml.internal.SecuritySupport::getSystemProperty (13 bytes)
Event: 2.420 Thread 0x000002349dd75f00 nmethod 2454 0x000002348b00eb90 code [0x000002348b00edc0, 0x000002348b00f6a8]
Event: 2.420 Thread 0x000002349dd75f00 2455       3       jdk.xml.internal.SecuritySupport$$Lambda$77/0x0000000100157930::run (8 bytes)
Event: 2.420 Thread 0x000002349dd75f00 nmethod 2455 0x000002348b00fa10 code [0x000002348b00fc00, 0x000002348b0100c8]

GC Heap History (14 events):
Event: 0.585 GC heap before
{Heap before GC invocations=1 (full 0):
 PSYoungGen      total 29696K, used 25600K [0x00000000eab00000, 0x00000000ecc00000, 0x0000000100000000)
  eden space 25600K, 100% used [0x00000000eab00000,0x00000000ec400000,0x00000000ec400000)
  from space 4096K, 0% used [0x00000000ec800000,0x00000000ec800000,0x00000000ecc00000)
  to   space 4096K, 0% used [0x00000000ec400000,0x00000000ec400000,0x00000000ec800000)
 ParOldGen       total 68608K, used 0K [0x00000000c0000000, 0x00000000c4300000, 0x00000000eab00000)
  object space 68608K, 0% used [0x00000000c0000000,0x00000000c0000000,0x00000000c4300000)
 Metaspace       used 11121K, committed 11328K, reserved 1064960K
  class space    used 1106K, committed 1216K, reserved 1048576K
}
Event: 0.589 GC heap after
{Heap after GC invocations=1 (full 0):
 PSYoungGen      total 29696K, used 3224K [0x00000000eab00000, 0x00000000ecc00000, 0x0000000100000000)
  eden space 25600K, 0% used [0x00000000eab00000,0x00000000eab00000,0x00000000ec400000)
  from space 4096K, 78% used [0x00000000ec400000,0x00000000ec726218,0x00000000ec800000)
  to   space 4096K, 0% used [0x00000000ec800000,0x00000000ec800000,0x00000000ecc00000)
 ParOldGen       total 68608K, used 16K [0x00000000c0000000, 0x00000000c4300000, 0x00000000eab00000)
  object space 68608K, 0% used [0x00000000c0000000,0x00000000c0004000,0x00000000c4300000)
 Metaspace       used 11121K, committed 11328K, reserved 1064960K
  class space    used 1106K, committed 1216K, reserved 1048576K
}
Event: 1.037 GC heap before
{Heap before GC invocations=2 (full 0):
 PSYoungGen      total 29696K, used 28824K [0x00000000eab00000, 0x00000000ecc00000, 0x0000000100000000)
  eden space 25600K, 100% used [0x00000000eab00000,0x00000000ec400000,0x00000000ec400000)
  from space 4096K, 78% used [0x00000000ec400000,0x00000000ec726218,0x00000000ec800000)
  to   space 4096K, 0% used [0x00000000ec800000,0x00000000ec800000,0x00000000ecc00000)
 ParOldGen       total 68608K, used 16K [0x00000000c0000000, 0x00000000c4300000, 0x00000000eab00000)
  object space 68608K, 0% used [0x00000000c0000000,0x00000000c0004000,0x00000000c4300000)
 Metaspace       used 15285K, committed 15616K, reserved 1064960K
  class space    used 1558K, committed 1728K, reserved 1048576K
}
Event: 1.040 GC heap after
{Heap after GC invocations=2 (full 0):
 PSYoungGen      total 29696K, used 4077K [0x00000000eab00000, 0x00000000ecc00000, 0x0000000100000000)
  eden space 25600K, 0% used [0x00000000eab00000,0x00000000eab00000,0x00000000ec400000)
  from space 4096K, 99% used [0x00000000ec800000,0x00000000ecbfb708,0x00000000ecc00000)
  to   space 4096K, 0% used [0x00000000ec400000,0x00000000ec400000,0x00000000ec800000)
 ParOldGen       total 68608K, used 712K [0x00000000c0000000, 0x00000000c4300000, 0x00000000eab00000)
  object space 68608K, 1% used [0x00000000c0000000,0x00000000c00b2340,0x00000000c4300000)
 Metaspace       used 15285K, committed 15616K, reserved 1064960K
  class space    used 1558K, committed 1728K, reserved 1048576K
}
Event: 1.373 GC heap before
{Heap before GC invocations=3 (full 0):
 PSYoungGen      total 29696K, used 29677K [0x00000000eab00000, 0x00000000ecc00000, 0x0000000100000000)
  eden space 25600K, 100% used [0x00000000eab00000,0x00000000ec400000,0x00000000ec400000)
  from space 4096K, 99% used [0x00000000ec800000,0x00000000ecbfb708,0x00000000ecc00000)
  to   space 4096K, 0% used [0x00000000ec400000,0x00000000ec400000,0x00000000ec800000)
 ParOldGen       total 68608K, used 712K [0x00000000c0000000, 0x00000000c4300000, 0x00000000eab00000)
  object space 68608K, 1% used [0x00000000c0000000,0x00000000c00b2340,0x00000000c4300000)
 Metaspace       used 20411K, committed 20800K, reserved 1073152K
  class space    used 2072K, committed 2240K, reserved 1048576K
}
Event: 1.377 GC heap after
{Heap after GC invocations=3 (full 0):
 PSYoungGen      total 29696K, used 4069K [0x00000000eab00000, 0x00000000ecc00000, 0x0000000100000000)
  eden space 25600K, 0% used [0x00000000eab00000,0x00000000eab00000,0x00000000ec400000)
  from space 4096K, 99% used [0x00000000ec400000,0x00000000ec7f9538,0x00000000ec800000)
  to   space 4096K, 0% used [0x00000000ec800000,0x00000000ec800000,0x00000000ecc00000)
 ParOldGen       total 68608K, used 2808K [0x00000000c0000000, 0x00000000c4300000, 0x00000000eab00000)
  object space 68608K, 4% used [0x00000000c0000000,0x00000000c02be170,0x00000000c4300000)
 Metaspace       used 20411K, committed 20800K, reserved 1073152K
  class space    used 2072K, committed 2240K, reserved 1048576K
}
Event: 1.443 GC heap before
{Heap before GC invocations=4 (full 0):
 PSYoungGen      total 29696K, used 8642K [0x00000000eab00000, 0x00000000ecc00000, 0x0000000100000000)
  eden space 25600K, 17% used [0x00000000eab00000,0x00000000eaf775d8,0x00000000ec400000)
  from space 4096K, 99% used [0x00000000ec400000,0x00000000ec7f9538,0x00000000ec800000)
  to   space 4096K, 0% used [0x00000000ec800000,0x00000000ec800000,0x00000000ecc00000)
 ParOldGen       total 68608K, used 2808K [0x00000000c0000000, 0x00000000c4300000, 0x00000000eab00000)
  object space 68608K, 4% used [0x00000000c0000000,0x00000000c02be170,0x00000000c4300000)
 Metaspace       used 21127K, committed 21504K, reserved 1073152K
  class space    used 2152K, committed 2304K, reserved 1048576K
}
Event: 1.446 GC heap after
{Heap after GC invocations=4 (full 0):
 PSYoungGen      total 29696K, used 4085K [0x00000000eab00000, 0x00000000ecc00000, 0x0000000100000000)
  eden space 25600K, 0% used [0x00000000eab00000,0x00000000eab00000,0x00000000ec400000)
  from space 4096K, 99% used [0x00000000ec800000,0x00000000ecbfd528,0x00000000ecc00000)
  to   space 4096K, 0% used [0x00000000ec400000,0x00000000ec400000,0x00000000ec800000)
 ParOldGen       total 68608K, used 2952K [0x00000000c0000000, 0x00000000c4300000, 0x00000000eab00000)
  object space 68608K, 4% used [0x00000000c0000000,0x00000000c02e2170,0x00000000c4300000)
 Metaspace       used 21127K, committed 21504K, reserved 1073152K
  class space    used 2152K, committed 2304K, reserved 1048576K
}
Event: 1.446 GC heap before
{Heap before GC invocations=5 (full 1):
 PSYoungGen      total 29696K, used 4085K [0x00000000eab00000, 0x00000000ecc00000, 0x0000000100000000)
  eden space 25600K, 0% used [0x00000000eab00000,0x00000000eab00000,0x00000000ec400000)
  from space 4096K, 99% used [0x00000000ec800000,0x00000000ecbfd528,0x00000000ecc00000)
  to   space 4096K, 0% used [0x00000000ec400000,0x00000000ec400000,0x00000000ec800000)
 ParOldGen       total 68608K, used 2952K [0x00000000c0000000, 0x00000000c4300000, 0x00000000eab00000)
  object space 68608K, 4% used [0x00000000c0000000,0x00000000c02e2170,0x00000000c4300000)
 Metaspace       used 21127K, committed 21504K, reserved 1073152K
  class space    used 2152K, committed 2304K, reserved 1048576K
}
Event: 1.460 GC heap after
{Heap after GC invocations=5 (full 1):
 PSYoungGen      total 29696K, used 0K [0x00000000eab00000, 0x00000000ecc00000, 0x0000000100000000)
  eden space 25600K, 0% used [0x00000000eab00000,0x00000000eab00000,0x00000000ec400000)
  from space 4096K, 0% used [0x00000000ec800000,0x00000000ec800000,0x00000000ecc00000)
  to   space 4096K, 0% used [0x00000000ec400000,0x00000000ec400000,0x00000000ec800000)
 ParOldGen       total 68608K, used 6892K [0x00000000c0000000, 0x00000000c4300000, 0x00000000eab00000)
  object space 68608K, 10% used [0x00000000c0000000,0x00000000c06bb3a8,0x00000000c4300000)
 Metaspace       used 21114K, committed 21504K, reserved 1073152K
  class space    used 2148K, committed 2304K, reserved 1048576K
}
Event: 1.637 GC heap before
{Heap before GC invocations=6 (full 1):
 PSYoungGen      total 29696K, used 25600K [0x00000000eab00000, 0x00000000ecc00000, 0x0000000100000000)
  eden space 25600K, 100% used [0x00000000eab00000,0x00000000ec400000,0x00000000ec400000)
  from space 4096K, 0% used [0x00000000ec800000,0x00000000ec800000,0x00000000ecc00000)
  to   space 4096K, 0% used [0x00000000ec400000,0x00000000ec400000,0x00000000ec800000)
 ParOldGen       total 68608K, used 6892K [0x00000000c0000000, 0x00000000c4300000, 0x00000000eab00000)
  object space 68608K, 10% used [0x00000000c0000000,0x00000000c06bb3a8,0x00000000c4300000)
 Metaspace       used 24589K, committed 24960K, reserved 1073152K
  class space    used 2400K, committed 2560K, reserved 1048576K
}
Event: 1.637 GC heap after
{Heap after GC invocations=6 (full 1):
 PSYoungGen      total 26112K, used 633K [0x00000000eab00000, 0x00000000ec880000, 0x0000000100000000)
  eden space 25088K, 0% used [0x00000000eab00000,0x00000000eab00000,0x00000000ec380000)
  from space 1024K, 61% used [0x00000000ec400000,0x00000000ec49e658,0x00000000ec500000)
  to   space 2560K, 0% used [0x00000000ec600000,0x00000000ec600000,0x00000000ec880000)
 ParOldGen       total 68608K, used 6892K [0x00000000c0000000, 0x00000000c4300000, 0x00000000eab00000)
  object space 68608K, 10% used [0x00000000c0000000,0x00000000c06bb3a8,0x00000000c4300000)
 Metaspace       used 24589K, committed 24960K, reserved 1073152K
  class space    used 2400K, committed 2560K, reserved 1048576K
}
Event: 1.812 GC heap before
{Heap before GC invocations=7 (full 1):
 PSYoungGen      total 26112K, used 25721K [0x00000000eab00000, 0x00000000ec880000, 0x0000000100000000)
  eden space 25088K, 100% used [0x00000000eab00000,0x00000000ec380000,0x00000000ec380000)
  from space 1024K, 61% used [0x00000000ec400000,0x00000000ec49e658,0x00000000ec500000)
  to   space 2560K, 0% used [0x00000000ec600000,0x00000000ec600000,0x00000000ec880000)
 ParOldGen       total 68608K, used 6892K [0x00000000c0000000, 0x00000000c4300000, 0x00000000eab00000)
  object space 68608K, 10% used [0x00000000c0000000,0x00000000c06bb3a8,0x00000000c4300000)
 Metaspace       used 27438K, committed 27904K, reserved 1081344K
  class space    used 2637K, committed 2816K, reserved 1048576K
}
Event: 1.813 GC heap after
{Heap after GC invocations=7 (full 1):
 PSYoungGen      total 26112K, used 1398K [0x00000000eab00000, 0x00000000ec780000, 0x0000000100000000)
  eden space 24576K, 0% used [0x00000000eab00000,0x00000000eab00000,0x00000000ec300000)
  from space 1536K, 91% used [0x00000000ec600000,0x00000000ec75dbd0,0x00000000ec780000)
  to   space 2048K, 0% used [0x00000000ec380000,0x00000000ec380000,0x00000000ec580000)
 ParOldGen       total 68608K, used 6900K [0x00000000c0000000, 0x00000000c4300000, 0x00000000eab00000)
  object space 68608K, 10% used [0x00000000c0000000,0x00000000c06bd3a8,0x00000000c4300000)
 Metaspace       used 27438K, committed 27904K, reserved 1081344K
  class space    used 2637K, committed 2816K, reserved 1048576K
}

Dll operation events (9 events):
Event: 0.017 Loaded shared library c:\Users\daniely.campaner\.vscode\extensions\redhat.java-1.16.0-win32-x64\jre\17.0.6-win32-x86_64\bin\java.dll
Event: 0.120 Loaded shared library c:\Users\daniely.campaner\.vscode\extensions\redhat.java-1.16.0-win32-x64\jre\17.0.6-win32-x86_64\bin\zip.dll
Event: 0.123 Loaded shared library C:\Users\daniely.campaner\.vscode\extensions\redhat.java-1.16.0-win32-x64\jre\17.0.6-win32-x86_64\bin\instrument.dll
Event: 0.135 Loaded shared library C:\Users\daniely.campaner\.vscode\extensions\redhat.java-1.16.0-win32-x64\jre\17.0.6-win32-x86_64\bin\net.dll
Event: 0.138 Loaded shared library C:\Users\daniely.campaner\.vscode\extensions\redhat.java-1.16.0-win32-x64\jre\17.0.6-win32-x86_64\bin\nio.dll
Event: 0.143 Loaded shared library C:\Users\daniely.campaner\.vscode\extensions\redhat.java-1.16.0-win32-x64\jre\17.0.6-win32-x86_64\bin\zip.dll
Event: 0.154 Loaded shared library C:\Users\daniely.campaner\.vscode\extensions\redhat.java-1.16.0-win32-x64\jre\17.0.6-win32-x86_64\bin\jimage.dll
Event: 0.190 Loaded shared library c:\Users\daniely.campaner\.vscode\extensions\redhat.java-1.16.0-win32-x64\jre\17.0.6-win32-x86_64\bin\verify.dll
Event: 0.961 Loaded shared library C:\Users\daniely.campaner\AppData\Roaming\Code\User\globalStorage\redhat.java\1.16.0\config_ss_win\org.eclipse.equinox.launcher\org.eclipse.equinox.launcher.win32.win32.x86_64_1.2.700.v20221108-1024\eclipse_11801.dll

Deoptimization events (20 events):
Event: 1.820 Thread 0x000002349dd6fdd0 DEOPT PACKING pc=0x00000234926a06f4 sp=0x000000ab927fddc0
Event: 1.820 Thread 0x000002349dd6fdd0 DEOPT UNPACKING pc=0x00000234920d66a3 sp=0x000000ab927fdd18 mode 2
Event: 1.820 Thread 0x000002349dd6fdd0 Uncommon trap: trap_request=0xffffffc6 fr.pc=0x00000234926a06f4 relative=0x00000000000009b4
Event: 1.820 Thread 0x000002349dd6fdd0 Uncommon trap: reason=bimorphic_or_optimized_type_check action=maybe_recompile pc=0x00000234926a06f4 method=java.util.HashMap.putVal(ILjava/lang/Object;Ljava/lang/Object;ZZ)Ljava/lang/Object; @ 56 c2
Event: 1.820 Thread 0x000002349dd6fdd0 DEOPT PACKING pc=0x00000234926a06f4 sp=0x000000ab927fddc0
Event: 1.820 Thread 0x000002349dd6fdd0 DEOPT UNPACKING pc=0x00000234920d66a3 sp=0x000000ab927fdd18 mode 2
Event: 1.820 Thread 0x000002349dd6fdd0 Uncommon trap: trap_request=0xffffffc6 fr.pc=0x00000234926a06f4 relative=0x00000000000009b4
Event: 1.820 Thread 0x000002349dd6fdd0 Uncommon trap: reason=bimorphic_or_optimized_type_check action=maybe_recompile pc=0x00000234926a06f4 method=java.util.HashMap.putVal(ILjava/lang/Object;Ljava/lang/Object;ZZ)Ljava/lang/Object; @ 56 c2
Event: 1.820 Thread 0x000002349dd6fdd0 DEOPT PACKING pc=0x00000234926a06f4 sp=0x000000ab927fddc0
Event: 1.820 Thread 0x000002349dd6fdd0 DEOPT UNPACKING pc=0x00000234920d66a3 sp=0x000000ab927fdd18 mode 2
Event: 1.820 Thread 0x000002349dd6fdd0 Uncommon trap: trap_request=0xffffffc6 fr.pc=0x00000234926a06f4 relative=0x00000000000009b4
Event: 1.820 Thread 0x000002349dd6fdd0 Uncommon trap: reason=bimorphic_or_optimized_type_check action=maybe_recompile pc=0x00000234926a06f4 method=java.util.HashMap.putVal(ILjava/lang/Object;Ljava/lang/Object;ZZ)Ljava/lang/Object; @ 56 c2
Event: 1.820 Thread 0x000002349dd6fdd0 DEOPT PACKING pc=0x00000234926a06f4 sp=0x000000ab927fddc0
Event: 1.820 Thread 0x000002349dd6fdd0 DEOPT UNPACKING pc=0x00000234920d66a3 sp=0x000000ab927fdd18 mode 2
Event: 2.355 Thread 0x000002349dd6fdd0 DEOPT PACKING pc=0x000002348afe7d56 sp=0x000000ab927fd0d0
Event: 2.355 Thread 0x000002349dd6fdd0 DEOPT UNPACKING pc=0x00000234920d6e43 sp=0x000000ab927fc570 mode 0
Event: 2.356 Thread 0x000002349dd6fdd0 DEOPT PACKING pc=0x000002348afe7d56 sp=0x000000ab927fd0d0
Event: 2.356 Thread 0x000002349dd6fdd0 DEOPT UNPACKING pc=0x00000234920d6e43 sp=0x000000ab927fc570 mode 0
Event: 2.412 Thread 0x000002349dd6fdd0 DEOPT PACKING pc=0x000002348afe611e sp=0x000000ab927fdab0
Event: 2.412 Thread 0x000002349dd6fdd0 DEOPT UNPACKING pc=0x00000234920d6e43 sp=0x000000ab927fcfa8 mode 0

Classes unloaded (7 events):
Event: 1.449 Thread 0x000002349bd1e6c0 Unloading class 0x0000000100212400 'java/lang/invoke/LambdaForm$MH+0x0000000100212400'
Event: 1.449 Thread 0x000002349bd1e6c0 Unloading class 0x0000000100212000 'java/lang/invoke/LambdaForm$MH+0x0000000100212000'
Event: 1.449 Thread 0x000002349bd1e6c0 Unloading class 0x0000000100211c00 'java/lang/invoke/LambdaForm$MH+0x0000000100211c00'
Event: 1.449 Thread 0x000002349bd1e6c0 Unloading class 0x0000000100211400 'java/lang/invoke/LambdaForm$MH+0x0000000100211400'
Event: 1.449 Thread 0x000002349bd1e6c0 Unloading class 0x0000000100211000 'java/lang/invoke/LambdaForm$BMH+0x0000000100211000'
Event: 1.449 Thread 0x000002349bd1e6c0 Unloading class 0x0000000100210c00 'java/lang/invoke/LambdaForm$DMH+0x0000000100210c00'
Event: 1.449 Thread 0x000002349bd1e6c0 Unloading class 0x000000010020e000 'java/lang/invoke/LambdaForm$DMH+0x000000010020e000'

Classes redefined (0 events):
No events

Internal exceptions (20 events):
Event: 1.349 Thread 0x000002349dd6fdd0 Exception <a 'java/lang/NoSuchMethodError'{0x00000000ec2939a8}: 'java.lang.Object java.lang.invoke.DirectMethodHandle$Holder.newInvokeSpecial(java.lang.Object, java.lang.Object, java.lang.Object, java.lang.Object, java.lang.Object)'> (0x00000000ec2939a8) 
thrown [s\src\hotspot\share\interpreter\linkResolver.cpp, line 759]
Event: 1.417 Thread 0x000002349dd6fdd0 Exception <a 'java/lang/NoSuchMethodError'{0x00000000ead1d760}: 'java.lang.Object java.lang.invoke.DirectMethodHandle$Holder.invokeSpecial(java.lang.Object, java.lang.Object, java.lang.Object, long, java.lang.Object)'> (0x00000000ead1d760) 
thrown [s\src\hotspot\share\interpreter\linkResolver.cpp, line 759]
Event: 1.418 Thread 0x000002349dd6fdd0 Exception <a 'java/lang/NoSuchMethodError'{0x00000000ead25918}: 'java.lang.Object java.lang.invoke.DirectMethodHandle$Holder.newInvokeSpecial(java.lang.Object, java.lang.Object, java.lang.Object, long)'> (0x00000000ead25918) 
thrown [s\src\hotspot\share\interpreter\linkResolver.cpp, line 759]
Event: 1.418 Thread 0x000002349dd6fdd0 Exception <a 'java/lang/NoSuchMethodError'{0x00000000ead29eb8}: 'java.lang.Object java.lang.invoke.DirectMethodHandle$Holder.invokeSpecial(java.lang.Object, java.lang.Object, java.lang.Object, java.lang.Object, long)'> (0x00000000ead29eb8) 
thrown [s\src\hotspot\share\interpreter\linkResolver.cpp, line 759]
Event: 1.425 Thread 0x000002349dd6fdd0 Exception <a 'java/lang/NoSuchMethodError'{0x00000000ead9c440}: 'int java.lang.invoke.DirectMethodHandle$Holder.invokeStaticInit(java.lang.Object, java.lang.Object, java.lang.Object)'> (0x00000000ead9c440) 
thrown [s\src\hotspot\share\interpreter\linkResolver.cpp, line 759]
Event: 1.429 Thread 0x000002349dd6fdd0 Exception <a 'java/lang/IncompatibleClassChangeError'{0x00000000eae03078}: Found class java.lang.Object, but interface was expected> (0x00000000eae03078) 
thrown [s\src\hotspot\share\interpreter\linkResolver.cpp, line 826]
Event: 1.433 Thread 0x000002349dd6fdd0 Exception <a 'java/lang/NoSuchMethodError'{0x00000000eae166b0}: 'java.lang.Object java.lang.invoke.DirectMethodHandle$Holder.invokeSpecial(java.lang.Object, java.lang.Object, java.lang.Object, int, java.lang.Object, java.lang.Object)'> (0x00000000eae166b0) 
thrown [s\src\hotspot\share\interpreter\linkResolver.cpp, line 759]
Event: 1.433 Thread 0x000002349dd6fdd0 Exception <a 'java/lang/NoSuchMethodError'{0x00000000eae1ee38}: 'java.lang.Object java.lang.invoke.DirectMethodHandle$Holder.newInvokeSpecial(java.lang.Object, java.lang.Object, java.lang.Object, int, java.lang.Object)'> (0x00000000eae1ee38) 
thrown [s\src\hotspot\share\interpreter\linkResolver.cpp, line 759]
Event: 1.433 Thread 0x000002349dd6fdd0 Exception <a 'java/lang/NoSuchMethodError'{0x00000000eae23290}: 'java.lang.Object java.lang.invoke.DirectMethodHandle$Holder.invokeSpecial(java.lang.Object, java.lang.Object, java.lang.Object, java.lang.Object, int, java.lang.Object)'> (0x00000000eae23290) 
thrown [s\src\hotspot\share\interpreter\linkResolver.cpp, line 759]
Event: 1.434 Thread 0x000002349f5ac0b0 Exception <a 'java/lang/NoSuchMethodError'{0x00000000ead76660}: 'java.lang.Object java.lang.invoke.DirectMethodHandle$Holder.invokeSpecial(java.lang.Object, java.lang.Object, int, java.lang.Object, java.lang.Object)'> (0x00000000ead76660) 
thrown [s\src\hotspot\share\interpreter\linkResolver.cpp, line 759]
Event: 1.434 Thread 0x000002349f5ac0b0 Exception <a 'java/lang/NoSuchMethodError'{0x00000000ead7dd30}: 'java.lang.Object java.lang.invoke.DirectMethodHandle$Holder.newInvokeSpecial(java.lang.Object, java.lang.Object, int, java.lang.Object)'> (0x00000000ead7dd30) 
thrown [s\src\hotspot\share\interpreter\linkResolver.cpp, line 759]
Event: 1.435 Thread 0x000002349f5ac0b0 Exception <a 'java/lang/NoSuchMethodError'{0x00000000ead81840}: 'java.lang.Object java.lang.invoke.DirectMethodHandle$Holder.invokeSpecial(java.lang.Object, java.lang.Object, java.lang.Object, int, java.lang.Object)'> (0x00000000ead81840) 
thrown [s\src\hotspot\share\interpreter\linkResolver.cpp, line 759]
Event: 1.462 Thread 0x000002349f5ac0b0 Exception <a 'java/io/FileNotFoundException'{0x00000000eab74d60}> (0x00000000eab74d60) 
thrown [s\src\hotspot\share\prims\jni.cpp, line 516]
Event: 1.771 Thread 0x000002349dd6fdd0 Exception <a 'java/lang/ClassNotFoundException'{0x00000000ec19e108}: com/sun/org/apache/xerces/internal/impl/msg/spi/DOMMessagesProvider> (0x00000000ec19e108) 
thrown [s\src\hotspot\share\classfile\systemDictionary.cpp, line 256]
Event: 1.772 Thread 0x000002349dd6fdd0 Implicit null exception at 0x00000234926e5f0d to 0x00000234926e6c18
Event: 1.773 Thread 0x000002349dd6fdd0 Exception <a 'java/lang/ClassNotFoundException'{0x00000000ec1d7df8}: com/sun/org/apache/xerces/internal/impl/msg/spi/XMLSerializerMessagesProvider> (0x00000000ec1d7df8) 
thrown [s\src\hotspot\share\classfile\systemDictionary.cpp, line 256]
Event: 1.774 Thread 0x000002349dd6fdd0 Exception <a 'java/lang/ClassNotFoundException'{0x00000000ec1f00f0}: com/sun/org/apache/xerces/internal/impl/msg/spi/XMLMessagesProvider> (0x00000000ec1f00f0) 
thrown [s\src\hotspot\share\classfile\systemDictionary.cpp, line 256]
Event: 1.798 Thread 0x000002349dd6fdd0 Exception <a 'java/lang/NoSuchMethodError'{0x00000000ec2f4f20}: 'void java.lang.invoke.DirectMethodHandle$Holder.invokeVirtual(java.lang.Object, java.lang.Object)'> (0x00000000ec2f4f20) 
thrown [s\src\hotspot\share\interpreter\linkResolver.cpp, line 759]
Event: 2.343 Thread 0x000002349dd6fdd0 Exception <a 'java/lang/NoSuchMethodError'{0x00000000eac13538}: 'java.lang.Object java.lang.invoke.DirectMethodHandle$Holder.invokeStaticInit(java.lang.Object, int, int, int, int)'> (0x00000000eac13538) 
thrown [s\src\hotspot\share\interpreter\linkResolver.cpp, line 759]
Event: 2.387 Thread 0x000002349dd6fdd0 Exception <a 'java/lang/NoSuchMethodError'{0x00000000eacaed30}: 'java.lang.Object java.lang.invoke.DirectMethodHandle$Holder.invokeStaticInit(java.lang.Object, java.lang.Object, int, int, int, int)'> (0x00000000eacaed30) 
thrown [s\src\hotspot\share\interpreter\linkResolver.cpp, line 759]

VM Operations (20 events):
Event: 1.037 Executing VM operation: ParallelGCFailedAllocation
Event: 1.040 Executing VM operation: ParallelGCFailedAllocation done
Event: 1.218 Executing VM operation: HandshakeAllThreads
Event: 1.218 Executing VM operation: HandshakeAllThreads done
Event: 1.220 Executing VM operation: HandshakeAllThreads
Event: 1.220 Executing VM operation: HandshakeAllThreads done
Event: 1.277 Executing VM operation: HandshakeAllThreads
Event: 1.277 Executing VM operation: HandshakeAllThreads done
Event: 1.373 Executing VM operation: ParallelGCFailedAllocation
Event: 1.377 Executing VM operation: ParallelGCFailedAllocation done
Event: 1.440 Executing VM operation: HandshakeAllThreads
Event: 1.440 Executing VM operation: HandshakeAllThreads done
Event: 1.443 Executing VM operation: CollectForMetadataAllocation
Event: 1.460 Executing VM operation: CollectForMetadataAllocation done
Event: 1.637 Executing VM operation: ParallelGCFailedAllocation
Event: 1.638 Executing VM operation: ParallelGCFailedAllocation done
Event: 1.812 Executing VM operation: ParallelGCFailedAllocation
Event: 1.813 Executing VM operation: ParallelGCFailedAllocation done
Event: 1.820 Executing VM operation: HandshakeAllThreads
Event: 1.820 Executing VM operation: HandshakeAllThreads done

Events (20 events):
Event: 2.410 loading class java/util/stream/Node$OfLong done
Event: 2.410 loading class java/util/stream/Nodes$EmptyNode$OfLong done
Event: 2.410 loading class java/util/stream/Nodes$EmptyNode$OfDouble
Event: 2.410 loading class java/util/stream/Node$OfDouble
Event: 2.410 loading class java/util/stream/Node$OfDouble done
Event: 2.410 loading class java/util/stream/Nodes$EmptyNode$OfDouble done
Event: 2.410 loading class java/util/stream/Nodes$SpinedNodeBuilder
Event: 2.410 loading class java/util/stream/Node$Builder
Event: 2.410 loading class java/util/stream/Node$Builder done
Event: 2.410 loading class java/util/stream/Nodes$SpinedNodeBuilder done
Event: 2.411 loading class java/util/ResourceBundle$Control$2
Event: 2.411 loading class java/util/ResourceBundle$Control$2 done
Event: 2.418 loading class javax/xml/transform/TransformerException
Event: 2.418 loading class javax/xml/transform/TransformerException done
Event: 2.418 loading class javax/xml/transform/Result
Event: 2.418 loading class javax/xml/transform/Result done
Event: 2.418 loading class javax/xml/transform/Source
Event: 2.418 loading class javax/xml/transform/Source done
Event: 2.418 loading class javax/xml/transform/stream/StreamResult
Event: 2.418 loading class javax/xml/transform/stream/StreamResult done


Dynamic libraries:
0x00007ff7ec340000 - 0x00007ff7ec34e000 	c:\Users\daniely.campaner\.vscode\extensions\redhat.java-1.16.0-win32-x64\jre\17.0.6-win32-x86_64\bin\java.exe
0x00007ffc18030000 - 0x00007ffc18228000 	C:\Windows\SYSTEM32\ntdll.dll
0x00007ffc17960000 - 0x00007ffc17a1f000 	C:\Windows\System32\KERNEL32.dll
0x00007ffc15430000 - 0x00007ffc15531000 	C:\Windows\system32\hmpalert.dll
0x00007ffc15a10000 - 0x00007ffc15ce2000 	C:\Windows\System32\KERNELBASE.dll
0x00007ffc15860000 - 0x00007ffc15960000 	C:\Windows\System32\ucrtbase.dll
0x00007ffc06890000 - 0x00007ffc068a7000 	c:\Users\daniely.campaner\.vscode\extensions\redhat.java-1.16.0-win32-x64\jre\17.0.6-win32-x86_64\bin\jli.dll
0x00007ffc17590000 - 0x00007ffc17731000 	C:\Windows\System32\USER32.dll
0x00007ffc15f40000 - 0x00007ffc15f62000 	C:\Windows\System32\win32u.dll
0x00007ffc17750000 - 0x00007ffc1777b000 	C:\Windows\System32\GDI32.dll
0x00007ffc15f70000 - 0x00007ffc1607f000 	C:\Windows\System32\gdi32full.dll
0x00007ffc157c0000 - 0x00007ffc1585d000 	C:\Windows\System32\msvcp_win.dll
0x00007ffbfee00000 - 0x00007ffbff09a000 	C:\Windows\WinSxS\amd64_microsoft.windows.common-controls_6595b64144ccf1df_6.0.19041.1110_none_60b5254171f9507e\COMCTL32.dll
0x00007ffc050b0000 - 0x00007ffc050c9000 	c:\Users\daniely.campaner\.vscode\extensions\redhat.java-1.16.0-win32-x64\jre\17.0.6-win32-x86_64\bin\VCRUNTIME140.dll
0x00007ffc17f50000 - 0x00007ffc17fee000 	C:\Windows\System32\msvcrt.dll
0x00007ffc165e0000 - 0x00007ffc16610000 	C:\Windows\System32\IMM32.DLL
0x00007ffc121e0000 - 0x00007ffc121ec000 	c:\Users\daniely.campaner\.vscode\extensions\redhat.java-1.16.0-win32-x64\jre\17.0.6-win32-x86_64\bin\vcruntime140_1.dll
0x00007ffbee790000 - 0x00007ffbee821000 	c:\Users\daniely.campaner\.vscode\extensions\redhat.java-1.16.0-win32-x64\jre\17.0.6-win32-x86_64\bin\msvcp140.dll
0x00007ffbdd230000 - 0x00007ffbdde77000 	c:\Users\daniely.campaner\.vscode\extensions\redhat.java-1.16.0-win32-x64\jre\17.0.6-win32-x86_64\bin\server\jvm.dll
0x00007ffc16530000 - 0x00007ffc165de000 	C:\Windows\System32\ADVAPI32.dll
0x00007ffc17860000 - 0x00007ffc178fc000 	C:\Windows\System32\sechost.dll
0x00007ffc162d0000 - 0x00007ffc163f4000 	C:\Windows\System32\RPCRT4.dll
0x00007ffc10880000 - 0x00007ffc1088a000 	C:\Windows\SYSTEM32\VERSION.dll
0x00007ffc05020000 - 0x00007ffc05029000 	C:\Windows\SYSTEM32\WSOCK32.dll
0x00007ffc058b0000 - 0x00007ffc058d7000 	C:\Windows\SYSTEM32\WINMM.dll
0x00007ffc17520000 - 0x00007ffc1758b000 	C:\Windows\System32\WS2_32.dll
0x00007ffc133f0000 - 0x00007ffc13402000 	C:\Windows\SYSTEM32\kernel.appcore.dll
0x00007ffc05010000 - 0x00007ffc0501a000 	c:\Users\daniely.campaner\.vscode\extensions\redhat.java-1.16.0-win32-x64\jre\17.0.6-win32-x86_64\bin\jimage.dll
0x00007ffc05fa0000 - 0x00007ffc06184000 	C:\Windows\SYSTEM32\DBGHELP.DLL
0x00007ffc04f70000 - 0x00007ffc04fa5000 	C:\Windows\SYSTEM32\dbgcore.DLL
0x00007ffc15730000 - 0x00007ffc157b2000 	C:\Windows\System32\bcryptPrimitives.dll
0x00007ffc05000000 - 0x00007ffc0500e000 	c:\Users\daniely.campaner\.vscode\extensions\redhat.java-1.16.0-win32-x64\jre\17.0.6-win32-x86_64\bin\instrument.dll
0x00007ffc04130000 - 0x00007ffc04155000 	c:\Users\daniely.campaner\.vscode\extensions\redhat.java-1.16.0-win32-x64\jre\17.0.6-win32-x86_64\bin\java.dll
0x00007ffbf57f0000 - 0x00007ffbf5808000 	c:\Users\daniely.campaner\.vscode\extensions\redhat.java-1.16.0-win32-x64\jre\17.0.6-win32-x86_64\bin\zip.dll
0x00007ffc169c0000 - 0x00007ffc17105000 	C:\Windows\System32\SHELL32.dll
0x00007ffc135f0000 - 0x00007ffc13d82000 	C:\Windows\SYSTEM32\windows.storage.dll
0x00007ffc17110000 - 0x00007ffc17465000 	C:\Windows\System32\combase.dll
0x00007ffc15010000 - 0x00007ffc15040000 	C:\Windows\SYSTEM32\Wldp.dll
0x00007ffc16910000 - 0x00007ffc169bd000 	C:\Windows\System32\SHCORE.dll
0x00007ffc166f0000 - 0x00007ffc16745000 	C:\Windows\System32\shlwapi.dll
0x00007ffc15670000 - 0x00007ffc1568f000 	C:\Windows\SYSTEM32\profapi.dll
0x00007ffbf4500000 - 0x00007ffbf4519000 	C:\Users\daniely.campaner\.vscode\extensions\redhat.java-1.16.0-win32-x64\jre\17.0.6-win32-x86_64\bin\net.dll
0x00007ffc145a0000 - 0x00007ffc146aa000 	C:\Windows\SYSTEM32\WINHTTP.dll
0x00007ffc14d00000 - 0x00007ffc14d6a000 	C:\Windows\system32\mswsock.dll
0x00007ffbf3510000 - 0x00007ffbf3525000 	C:\Users\daniely.campaner\.vscode\extensions\redhat.java-1.16.0-win32-x64\jre\17.0.6-win32-x86_64\bin\nio.dll
0x00007ffc040e0000 - 0x00007ffc040f0000 	c:\Users\daniely.campaner\.vscode\extensions\redhat.java-1.16.0-win32-x64\jre\17.0.6-win32-x86_64\bin\verify.dll
0x00007ffbf3770000 - 0x00007ffbf37ae000 	C:\Users\daniely.campaner\AppData\Roaming\Code\User\globalStorage\redhat.java\1.16.0\config_ss_win\org.eclipse.equinox.launcher\org.eclipse.equinox.launcher.win32.win32.x86_64_1.2.700.v20221108-1024\eclipse_11801.dll
0x00007ffc16400000 - 0x00007ffc1652a000 	C:\Windows\System32\ole32.dll
0x00007ffc14ef0000 - 0x00007ffc14f08000 	C:\Windows\SYSTEM32\CRYPTSP.dll
0x00007ffc14510000 - 0x00007ffc14544000 	C:\Windows\system32\rsaenh.dll
0x00007ffc15ec0000 - 0x00007ffc15ee7000 	C:\Windows\System32\bcrypt.dll
0x00007ffc155f0000 - 0x00007ffc1561e000 	C:\Windows\SYSTEM32\USERENV.dll
0x00007ffc14f10000 - 0x00007ffc14f1c000 	C:\Windows\SYSTEM32\CRYPTBASE.dll
0x00007ffc149f0000 - 0x00007ffc14a2b000 	C:\Windows\SYSTEM32\IPHLPAPI.DLL
0x00007ffc17850000 - 0x00007ffc17858000 	C:\Windows\System32\NSI.dll
0x00007ffc10c20000 - 0x00007ffc10c37000 	C:\Windows\SYSTEM32\dhcpcsvc6.DLL
0x00007ffc10c00000 - 0x00007ffc10c1d000 	C:\Windows\SYSTEM32\dhcpcsvc.DLL
0x00007ffc14a40000 - 0x00007ffc14b0b000 	C:\Windows\SYSTEM32\DNSAPI.dll

dbghelp: loaded successfully - version: 4.0.5 - missing functions: none
symbol engine: initialized successfully - sym options: 0x614 - pdb path: .;c:\Users\daniely.campaner\.vscode\extensions\redhat.java-1.16.0-win32-x64\jre\17.0.6-win32-x86_64\bin;C:\Windows\SYSTEM32;C:\Windows\WinSxS\amd64_microsoft.windows.common-controls_6595b64144ccf1df_6.0.19041.1110_none_60b5254171f9507e;c:\Users\daniely.campaner\.vscode\extensions\redhat.java-1.16.0-win32-x64\jre\17.0.6-win32-x86_64\bin\server;C:\Users\daniely.campaner\AppData\Roaming\Code\User\globalStorage\redhat.java\1.16.0\config_ss_win\org.eclipse.equinox.launcher\org.eclipse.equinox.launcher.win32.win32.x86_64_1.2.700.v20221108-1024

VM Arguments:
jvm_args: --add-modules=ALL-SYSTEM --add-opens=java.base/java.util=ALL-UNNAMED --add-opens=java.base/java.lang=ALL-UNNAMED --add-opens=java.base/sun.nio.fs=ALL-UNNAMED -Declipse.application=org.eclipse.jdt.ls.core.id1 -Dosgi.bundles.defaultStartLevel=4 -Declipse.product=org.eclipse.jdt.ls.core.product -Djava.import.generatesMetadataFilesAtProjectRoot=false -Dfile.encoding=utf8 -XX:+UseParallelGC -XX:GCTimeRatio=4 -XX:AdaptiveSizePolicyWeight=90 -Dsun.zip.disableMemoryMapping=true -Xmx1G -Xms100m -Xlog:disable -javaagent:c:\Users\daniely.campaner\.vscode\extensions\redhat.java-1.16.0-win32-x64\lombok\lombok-1.18.24.jar 
java_command: c:\Users\daniely.campaner\.vscode\extensions\redhat.java-1.16.0-win32-x64\server\plugins\org.eclipse.equinox.launcher_1.6.400.v20210924-0641.jar -configuration c:\Users\daniely.campaner\AppData\Roaming\Code\User\globalStorage\redhat.java\1.16.0\config_ss_win -data c:\Users\daniely.campaner\AppData\Roaming\Code\User\workspaceStorage\9035ea4b6b5a324985c92919cde5af43\redhat.java\ss_ws
java_class_path (initial): c:\Users\daniely.campaner\.vscode\extensions\redhat.java-1.16.0-win32-x64\server\plugins\org.eclipse.equinox.launcher_1.6.400.v20210924-0641.jar
Launcher Type: SUN_STANDARD

[Global flags]
    uintx AdaptiveSizePolicyWeight                 = 90                                        {product} {command line}
     intx CICompilerCount                          = 3                                         {product} {ergonomic}
    uintx GCTimeRatio                              = 4                                         {product} {command line}
   size_t InitialHeapSize                          = 104857600                                 {product} {command line}
   size_t MaxHeapSize                              = 1073741824                                {product} {command line}
   size_t MaxNewSize                               = 357564416                                 {product} {ergonomic}
   size_t MinHeapDeltaBytes                        = 524288                                    {product} {ergonomic}
   size_t MinHeapSize                              = 104857600                                 {product} {command line}
   size_t NewSize                                  = 34603008                                  {product} {ergonomic}
    uintx NonNMethodCodeHeapSize                   = 5832780                                {pd product} {ergonomic}
    uintx NonProfiledCodeHeapSize                  = 122912730                              {pd product} {ergonomic}
   size_t OldSize                                  = 70254592                                  {product} {ergonomic}
    uintx ProfiledCodeHeapSize                     = 122912730                              {pd product} {ergonomic}
    uintx ReservedCodeCacheSize                    = 251658240                              {pd product} {ergonomic}
     bool SegmentedCodeCache                       = true                                      {product} {ergonomic}
   size_t SoftMaxHeapSize                          = 1073741824                             {manageable} {ergonomic}
     bool UseCompressedClassPointers               = true                           {product lp64_product} {ergonomic}
     bool UseCompressedOops                        = true                           {product lp64_product} {ergonomic}
     bool UseLargePagesIndividualAllocation        = false                                  {pd product} {ergonomic}
     bool UseParallelGC                            = true                                      {product} {command line}

Logging:
Log output configuration:
 #0: stdout all=off uptime,level,tags
 #1: stderr all=off uptime,level,tags

Environment Variables:
PATH=C:\Program Files (x86)\VMware\VMware Workstation\bin\;C:\Program Files\Common Files\Oracle\Java\javapath;C:\Program Files (x86)\Common Files\Oracle\Java\javapath;C:\Windows\system32;C:\Windows;C:\Windows\System32\Wbem;C:\Windows\System32\WindowsPowerShell\v1.0\;C:\Windows\System32\OpenSSH\;C:\Program Files\Git\cmd;C:\Program Files\nodejs\;C:\Program Files\Microsoft VS Code\bin;C:\Users\daniely.campaner\AppData\Local\Microsoft\WindowsApps;
USERNAME=daniely.campaner
OS=Windows_NT
PROCESSOR_IDENTIFIER=Intel64 Family 6 Model 158 Stepping 10, GenuineIntel
TMP=C:\Users\DANIEL~1.CAM\AppData\Local\Temp
TEMP=C:\Users\DANIEL~1.CAM\AppData\Local\Temp



---------------  S Y S T E M  ---------------

OS:
 Windows 10 , 64 bit Build 19041 (10.0.19041.2546)
OS uptime: 0 days 0:56 hours

CPU: total 6 (initial active 6) (6 cores per cpu, 1 threads per core) family 6 model 158 stepping 10 microcode 0xea, cx8, cmov, fxsr, mmx, 3dnowpref, sse, sse2, sse3, ssse3, sse4.1, sse4.2, popcnt, lzcnt, tsc, tscinvbit, avx, avx2, aes, erms, clmul, bmi1, bmi2, rtm, adx, fma, vzeroupper, clflush, clflushopt

Memory: 4k page, system-wide physical 8001M (1321M free)
TotalPageFile size 8001M (AvailPageFile size 249M)
current process WorkingSet (physical memory assigned to process): 136M, peak: 140M
current process commit charge ("private bytes"): 239M, peak: 244M

vm_info: OpenJDK 64-Bit Server VM (17.0.6+10) for windows-amd64 JRE (17.0.6+10), built on Jan 18 2023 10:08:59 by "temurin" with MS VC++ 16.7 (VS2019)

END.
