#
# There is insufficient memory for the Java Runtime Environment to continue.
# Native memory allocation (malloc) failed to allocate 32744 bytes for ChunkPool::allocate
# Possible reasons:
#   The system is out of physical RAM or swap space
#   The process is running with CompressedOops enabled, and the Java Heap may be blocking the growth of the native heap
# Possible solutions:
#   Reduce memory load on the system
#   Increase physical memory or swap space
#   Check if swap backing store is full
#   Decrease Java heap size (-Xmx/-Xms)
#   Decrease number of Java threads
#   Decrease Java thread stack sizes (-Xss)
#   Set larger code cache with -XX:ReservedCodeCacheSize=
#   JVM is running with Unscaled Compressed Oops mode in which the Java heap is
#     placed in the first 4GB address space. The Java Heap base address is the
#     maximum limit for the native heap growth. Please use -XX:HeapBaseMinAddress
#     to set the Java Heap base and to place the Java Heap above 4GB virtual address.
# This output file may be truncated or incomplete.
#
#  Out of Memory Error (arena.cpp:78), pid=2244, tid=11272
#
# JRE version: OpenJDK Runtime Environment Temurin-17.0.6+10 (17.0.6+10) (build 17.0.6+10)
# Java VM: OpenJDK 64-Bit Server VM Temurin-17.0.6+10 (17.0.6+10, mixed mode, tiered, compressed oops, compressed class ptrs, parallel gc, windows-amd64)
# No core dump will be written. Minidumps are not enabled by default on client versions of Windows
#

---------------  S U M M A R Y ------------

Command Line: --add-modules=ALL-SYSTEM --add-opens=java.base/java.util=ALL-UNNAMED --add-opens=java.base/java.lang=ALL-UNNAMED --add-opens=java.base/sun.nio.fs=ALL-UNNAMED -Declipse.application=org.eclipse.jdt.ls.core.id1 -Dosgi.bundles.defaultStartLevel=4 -Declipse.product=org.eclipse.jdt.ls.core.product -Djava.import.generatesMetadataFilesAtProjectRoot=false -Dfile.encoding=utf8 -XX:+UseParallelGC -XX:GCTimeRatio=4 -XX:AdaptiveSizePolicyWeight=90 -Dsun.zip.disableMemoryMapping=true -Xmx1G -Xms100m -Xlog:disable -javaagent:c:\Users\daniely.campaner\.vscode\extensions\redhat.java-1.16.0-win32-x64\lombok\lombok-1.18.24.jar c:\Users\daniely.campaner\.vscode\extensions\redhat.java-1.16.0-win32-x64\server\plugins\org.eclipse.equinox.launcher_1.6.400.v20210924-0641.jar -configuration c:\Users\daniely.campaner\AppData\Roaming\Code\User\globalStorage\redhat.java\1.16.0\config_ss_win -data c:\Users\daniely.campaner\AppData\Roaming\Code\User\workspaceStorage\9035ea4b6b5a324985c92919cde5af43\redhat.java\ss_ws

Host: Intel(R) Core(TM) i5-9500 CPU @ 3.00GHz, 6 cores, 7G,  Windows 10 , 64 bit Build 19041 (10.0.19041.2546)
Time: Wed Apr  5 20:10:08 2023 Hora oficial do Brasil elapsed time: 2.235563 seconds (0d 0h 0m 2s)

---------------  T H R E A D  ---------------

Current thread (0x00000267d2e2b4e0):  JavaThread "C2 CompilerThread1" daemon [_thread_in_native, id=11272, stack(0x00000080b9600000,0x00000080b9700000)]


Current CompileTask:
C2:   2235 2287       4       org.objectweb.asm.ClassReader::readMethod (1066 bytes)

Stack: [0x00000080b9600000,0x00000080b9700000]
Native frames: (J=compiled Java code, j=interpreted, Vv=VM code, C=native code)
V  [jvm.dll+0x67741a]
V  [jvm.dll+0x834434]
V  [jvm.dll+0x835bde]
V  [jvm.dll+0x836243]
V  [jvm.dll+0x2457b5]
V  [jvm.dll+0xabd1c]
V  [jvm.dll+0xac0cc]
V  [jvm.dll+0x11e018]
V  [jvm.dll+0x6a084b]
V  [jvm.dll+0x1bbe34]
V  [jvm.dll+0x218749]
V  [jvm.dll+0x217a11]
V  [jvm.dll+0x1a3d0d]
V  [jvm.dll+0x22742a]
V  [jvm.dll+0x225565]
V  [jvm.dll+0x7ea2cb]
V  [jvm.dll+0x7e483a]
V  [jvm.dll+0x6762c5]
C  [ucrtbase.dll+0x21bb2]
C  [KERNEL32.dll+0x17614]
C  [ntdll.dll+0x526a1]


---------------  P R O C E S S  ---------------

Threads class SMR info:
_java_thread_list=0x00000267d42a9b50, length=22, elements={
0x00000267bac81db0, 0x00000267d0a37750, 0x00000267d0a38da0, 0x00000267d2a78070,
0x00000267d2a7a940, 0x00000267d2a7b200, 0x00000267d2a7bbb0, 0x00000267d2a7c890,
0x00000267d2a84d10, 0x00000267d2a9dd80, 0x00000267d2b60ff0, 0x00000267d2cee840,
0x00000267d2e2b4e0, 0x00000267d3444660, 0x00000267d3517e10, 0x00000267d4115010,
0x00000267d35f5030, 0x00000267d4138c90, 0x00000267d432c020, 0x00000267d41a4cb0,
0x00000267d34c7fe0, 0x00000267d34c9320
}

Java Threads: ( => current thread )
  0x00000267bac81db0 JavaThread "main" [_thread_blocked, id=4464, stack(0x00000080b8700000,0x00000080b8800000)]
  0x00000267d0a37750 JavaThread "Reference Handler" daemon [_thread_blocked, id=14012, stack(0x00000080b8a00000,0x00000080b8b00000)]
  0x00000267d0a38da0 JavaThread "Finalizer" daemon [_thread_blocked, id=11956, stack(0x00000080b8b00000,0x00000080b8c00000)]
  0x00000267d2a78070 JavaThread "Signal Dispatcher" daemon [_thread_blocked, id=10316, stack(0x00000080b8c00000,0x00000080b8d00000)]
  0x00000267d2a7a940 JavaThread "Attach Listener" daemon [_thread_blocked, id=9624, stack(0x00000080b8d00000,0x00000080b8e00000)]
  0x00000267d2a7b200 JavaThread "Service Thread" daemon [_thread_blocked, id=12204, stack(0x00000080b8e00000,0x00000080b8f00000)]
  0x00000267d2a7bbb0 JavaThread "Monitor Deflation Thread" daemon [_thread_blocked, id=2288, stack(0x00000080b8f00000,0x00000080b9000000)]
  0x00000267d2a7c890 JavaThread "C2 CompilerThread0" daemon [_thread_blocked, id=10512, stack(0x00000080b9000000,0x00000080b9100000)]
  0x00000267d2a84d10 JavaThread "C1 CompilerThread0" daemon [_thread_blocked, id=7400, stack(0x00000080b9100000,0x00000080b9200000)]
  0x00000267d2a9dd80 JavaThread "Sweeper thread" daemon [_thread_blocked, id=13760, stack(0x00000080b9200000,0x00000080b9300000)]
  0x00000267d2b60ff0 JavaThread "Common-Cleaner" daemon [_thread_blocked, id=5984, stack(0x00000080b9300000,0x00000080b9400000)]
  0x00000267d2cee840 JavaThread "Notification Thread" daemon [_thread_blocked, id=10376, stack(0x00000080b9400000,0x00000080b9500000)]
=>0x00000267d2e2b4e0 JavaThread "C2 CompilerThread1" daemon [_thread_in_native, id=11272, stack(0x00000080b9600000,0x00000080b9700000)]
  0x00000267d3444660 JavaThread "Active Thread: Equinox Container: 3632b3ef-126f-4a35-81b8-2c46fcaced1c" [_thread_blocked, id=10184, stack(0x00000080b9c00000,0x00000080b9d00000)]
  0x00000267d3517e10 JavaThread "Framework Event Dispatcher: Equinox Container: 3632b3ef-126f-4a35-81b8-2c46fcaced1c" daemon [_thread_blocked, id=13984, stack(0x00000080b9d00000,0x00000080b9e00000)]
  0x00000267d4115010 JavaThread "Start Level: Equinox Container: 3632b3ef-126f-4a35-81b8-2c46fcaced1c" daemon [_thread_blocked, id=2868, stack(0x00000080b9e00000,0x00000080b9f00000)]
  0x00000267d35f5030 JavaThread "SCR Component Actor" daemon [_thread_blocked, id=5392, stack(0x00000080b9f00000,0x00000080ba000000)]
  0x00000267d4138c90 JavaThread "SCR Component Registry" daemon [_thread_blocked, id=14124, stack(0x00000080ba000000,0x00000080ba100000)]
  0x00000267d432c020 JavaThread "Worker-JM" [_thread_blocked, id=13064, stack(0x00000080ba100000,0x00000080ba200000)]
  0x00000267d41a4cb0 JavaThread "Worker-0" [_thread_blocked, id=12680, stack(0x00000080ba200000,0x00000080ba300000)]
  0x00000267d34c7fe0 JavaThread "Worker-1" [_thread_blocked, id=12696, stack(0x00000080ba300000,0x00000080ba400000)]
  0x00000267d34c9320 JavaThread "Java indexing" daemon [_thread_blocked, id=14020, stack(0x00000080ba400000,0x00000080ba500000)]

Other Threads:
  0x00000267d0a20840 VMThread "VM Thread" [stack: 0x00000080b8900000,0x00000080b8a00000] [id=12880]
  0x00000267d2d9b7a0 WatcherThread [stack: 0x00000080b9500000,0x00000080b9600000] [id=14080]
  0x00000267bac96b50 GCTaskThread "GC Thread#0" [stack: 0x00000080b8800000,0x00000080b8900000] [id=8912]
  0x00000267d344ff10 GCTaskThread "GC Thread#1" [stack: 0x00000080b9700000,0x00000080b9800000] [id=4276]
  0x00000267d33c6da0 GCTaskThread "GC Thread#2" [stack: 0x00000080b9800000,0x00000080b9900000] [id=4404]
  0x00000267d33c7050 GCTaskThread "GC Thread#3" [stack: 0x00000080b9900000,0x00000080b9a00000] [id=2292]
  0x00000267d33c3a00 GCTaskThread "GC Thread#4" [stack: 0x00000080b9a00000,0x00000080b9b00000] [id=12684]
  0x00000267d33c3cb0 GCTaskThread "GC Thread#5" [stack: 0x00000080b9b00000,0x00000080b9c00000] [id=2100]

Threads with active compile tasks:
C2 CompilerThread1     2276 2287       4       org.objectweb.asm.ClassReader::readMethod (1066 bytes)

VM state: not at safepoint (normal execution)

VM Mutex/Monitor currently owned by a thread: None

Heap address: 0x00000000c0000000, size: 1024 MB, Compressed Oops mode: 32-bit

CDS archive(s) not mapped
Compressed class space mapped at: 0x0000000100000000-0x0000000140000000, reserved size: 1073741824
Narrow klass base: 0x0000000000000000, Narrow klass shift: 3, Narrow klass range: 0x140000000

GC Precious Log:
 CPUs: 6 total, 6 available
 Memory: 8001M
 Large Page Support: Disabled
 NUMA Support: Disabled
 Compressed Oops: Enabled (32-bit)
 Alignments: Space 512K, Generation 512K, Heap 2M
 Heap Min Capacity: 100M
 Heap Initial Capacity: 100M
 Heap Max Capacity: 1G
 Pre-touch: Disabled
 Parallel Workers: 6

Heap:
 PSYoungGen      total 26112K, used 25768K [0x00000000eab00000, 0x00000000ec880000, 0x0000000100000000)
  eden space 25088K, 100% used [0x00000000eab00000,0x00000000ec380000,0x00000000ec380000)
  from space 1024K, 66% used [0x00000000ec400000,0x00000000ec4aa1a8,0x00000000ec500000)
  to   space 2560K, 0% used [0x00000000ec600000,0x00000000ec600000,0x00000000ec880000)
 ParOldGen       total 68608K, used 6926K [0x00000000c0000000, 0x00000000c4300000, 0x00000000eab00000)
  object space 68608K, 10% used [0x00000000c0000000,0x00000000c06c3968,0x00000000c4300000)
 Metaspace       used 27409K, committed 27904K, reserved 1081344K
  class space    used 2641K, committed 2816K, reserved 1048576K

Card table byte_map: [0x00000267ce2f0000,0x00000267ce500000] _byte_map_base: 0x00000267cdcf0000

Marking Bits: (ParMarkBitMap*) 0x00007ffbdddb3e70
 Begin Bits: [0x00000267ce660000, 0x00000267cf660000)
 End Bits:   [0x00000267cf660000, 0x00000267d0660000)

Polling page: 0x00000267bad50000

Metaspace:

Usage:
  Non-class:     24.19 MB used.
      Class:      2.58 MB used.
       Both:     26.77 MB used.

Virtual space:
  Non-class space:       32.00 MB reserved,      24.50 MB ( 77%) committed,  4 nodes.
      Class space:        1.00 GB reserved,       2.75 MB ( <1%) committed,  1 nodes.
             Both:        1.03 GB reserved,      27.25 MB (  3%) committed. 

Chunk freelists:
   Non-Class:  3.41 MB
       Class:  1.06 MB
        Both:  4.48 MB

MaxMetaspaceSize: unlimited
CompressedClassSpaceSize: 1.00 GB
Initial GC threshold: 21.00 MB
Current GC threshold: 35.00 MB
CDS: off
MetaspaceReclaimPolicy: balanced
 - commit_granule_bytes: 65536.
 - commit_granule_words: 8192.
 - virtual_space_node_default_size: 1048576.
 - enlarge_chunks_in_place: 1.
 - new_chunks_are_fully_committed: 0.
 - uncommit_free_chunks: 1.
 - use_allocation_guard: 0.
 - handle_deallocations: 1.


Internal statistics:

num_allocs_failed_limit: 5.
num_arena_births: 216.
num_arena_deaths: 14.
num_vsnodes_births: 5.
num_vsnodes_deaths: 0.
num_space_committed: 436.
num_space_uncommitted: 0.
num_chunks_returned_to_freelist: 19.
num_chunks_taken_from_freelist: 925.
num_chunk_merges: 9.
num_chunk_splits: 625.
num_chunks_enlarged: 453.
num_purges: 2.
num_inconsistent_stats: 0.

CodeHeap 'non-profiled nmethods': size=120000Kb used=987Kb max_used=987Kb free=119012Kb
 bounds [0x00000267c6be0000, 0x00000267c6e50000, 0x00000267ce110000]
CodeHeap 'profiled nmethods': size=120000Kb used=4710Kb max_used=4710Kb free=115289Kb
 bounds [0x00000267bf110000, 0x00000267bf5b0000, 0x00000267c6640000]
CodeHeap 'non-nmethods': size=5760Kb used=1227Kb max_used=1250Kb free=4532Kb
 bounds [0x00000267c6640000, 0x00000267c68b0000, 0x00000267c6be0000]
 total_blobs=2934 nmethods=2391 adapters=457
 compilation: enabled
              stopped_count=0, restarted_count=0
 full_count=0

Compilation events (20 events):
Event: 1.941 Thread 0x00000267d2a84d10 nmethod 2386 0x00000267c6cd1c10 code [0x00000267c6cd1da0, 0x00000267c6cd1e78]
Event: 1.941 Thread 0x00000267d2a84d10 2387       1       org.eclipse.core.internal.dtree.DataTreeNode::getData (5 bytes)
Event: 1.941 Thread 0x00000267d2a84d10 nmethod 2387 0x00000267c6cd1f10 code [0x00000267c6cd20a0, 0x00000267c6cd2178]
Event: 1.942 Thread 0x00000267d2a84d10 2388       1       java.util.concurrent.atomic.AtomicLong::get (5 bytes)
Event: 1.942 Thread 0x00000267d2a84d10 nmethod 2388 0x00000267c6cd2210 code [0x00000267c6cd23a0, 0x00000267c6cd2478]
Event: 1.943 Thread 0x00000267d2a84d10 2389       3       java.util.Arrays::fill (21 bytes)
Event: 1.943 Thread 0x00000267d2a84d10 nmethod 2389 0x00000267bf5a8790 code [0x00000267bf5a8920, 0x00000267bf5a8ad8]
Event: 1.947 Thread 0x00000267d2a84d10 2390       3       java.util.TreeMap::leftOf (13 bytes)
Event: 1.948 Thread 0x00000267d2a84d10 nmethod 2390 0x00000267bf5a8c10 code [0x00000267bf5a8da0, 0x00000267bf5a8f18]
Event: 1.948 Thread 0x00000267d2a84d10 2391       3       java.lang.Character::toUpperCase (6 bytes)
Event: 1.948 Thread 0x00000267d2a84d10 nmethod 2391 0x00000267bf5a9010 code [0x00000267bf5a91c0, 0x00000267bf5a9418]
Event: 1.948 Thread 0x00000267d2a84d10 2392       3       java.lang.Character::toUpperCase (9 bytes)
Event: 1.948 Thread 0x00000267d2a7c890 nmethod 2364 0x00000267c6cd2510 code [0x00000267c6cd2760, 0x00000267c6cd3cb0]
Event: 1.948 Thread 0x00000267d2a84d10 nmethod 2392 0x00000267bf5a9510 code [0x00000267bf5a96c0, 0x00000267bf5a98b8]
Event: 1.948 Thread 0x00000267d2a7c890 2370 %     4       java.util.Properties$LineReader::readLine @ 53 (584 bytes)
Event: 1.962 Thread 0x00000267d2a7c890 nmethod 2370% 0x00000267c6cd4b10 code [0x00000267c6cd4d00, 0x00000267c6cd5c78]
Event: 2.042 Thread 0x00000267d2a84d10 2393       1       org.eclipse.core.internal.jobs.InternalJob::previous (5 bytes)
Event: 2.043 Thread 0x00000267d2a84d10 nmethod 2393 0x00000267c6cd6690 code [0x00000267c6cd6820, 0x00000267c6cd68f8]
Event: 2.093 Thread 0x00000267d2a84d10 2394       1       java.util.concurrent.atomic.AtomicReference::set (6 bytes)
Event: 2.093 Thread 0x00000267d2a84d10 nmethod 2394 0x00000267c6cd6990 code [0x00000267c6cd6b20, 0x00000267c6cd6bf8]

GC Heap History (12 events):
Event: 0.683 GC heap before
{Heap before GC invocations=1 (full 0):
 PSYoungGen      total 29696K, used 25600K [0x00000000eab00000, 0x00000000ecc00000, 0x0000000100000000)
  eden space 25600K, 100% used [0x00000000eab00000,0x00000000ec400000,0x00000000ec400000)
  from space 4096K, 0% used [0x00000000ec800000,0x00000000ec800000,0x00000000ecc00000)
  to   space 4096K, 0% used [0x00000000ec400000,0x00000000ec400000,0x00000000ec800000)
 ParOldGen       total 68608K, used 0K [0x00000000c0000000, 0x00000000c4300000, 0x00000000eab00000)
  object space 68608K, 0% used [0x00000000c0000000,0x00000000c0000000,0x00000000c4300000)
 Metaspace       used 11097K, committed 11264K, reserved 1064960K
  class space    used 1106K, committed 1216K, reserved 1048576K
}
Event: 0.690 GC heap after
{Heap after GC invocations=1 (full 0):
 PSYoungGen      total 29696K, used 3224K [0x00000000eab00000, 0x00000000ecc00000, 0x0000000100000000)
  eden space 25600K, 0% used [0x00000000eab00000,0x00000000eab00000,0x00000000ec400000)
  from space 4096K, 78% used [0x00000000ec400000,0x00000000ec726218,0x00000000ec800000)
  to   space 4096K, 0% used [0x00000000ec800000,0x00000000ec800000,0x00000000ecc00000)
 ParOldGen       total 68608K, used 16K [0x00000000c0000000, 0x00000000c4300000, 0x00000000eab00000)
  object space 68608K, 0% used [0x00000000c0000000,0x00000000c0004000,0x00000000c4300000)
 Metaspace       used 11097K, committed 11264K, reserved 1064960K
  class space    used 1106K, committed 1216K, reserved 1048576K
}
Event: 1.181 GC heap before
{Heap before GC invocations=2 (full 0):
 PSYoungGen      total 29696K, used 28824K [0x00000000eab00000, 0x00000000ecc00000, 0x0000000100000000)
  eden space 25600K, 100% used [0x00000000eab00000,0x00000000ec400000,0x00000000ec400000)
  from space 4096K, 78% used [0x00000000ec400000,0x00000000ec726218,0x00000000ec800000)
  to   space 4096K, 0% used [0x00000000ec800000,0x00000000ec800000,0x00000000ecc00000)
 ParOldGen       total 68608K, used 16K [0x00000000c0000000, 0x00000000c4300000, 0x00000000eab00000)
  object space 68608K, 0% used [0x00000000c0000000,0x00000000c0004000,0x00000000c4300000)
 Metaspace       used 15363K, committed 15616K, reserved 1064960K
  class space    used 1567K, committed 1728K, reserved 1048576K
}
Event: 1.184 GC heap after
{Heap after GC invocations=2 (full 0):
 PSYoungGen      total 29696K, used 4077K [0x00000000eab00000, 0x00000000ecc00000, 0x0000000100000000)
  eden space 25600K, 0% used [0x00000000eab00000,0x00000000eab00000,0x00000000ec400000)
  from space 4096K, 99% used [0x00000000ec800000,0x00000000ecbfb728,0x00000000ecc00000)
  to   space 4096K, 0% used [0x00000000ec400000,0x00000000ec400000,0x00000000ec800000)
 ParOldGen       total 68608K, used 816K [0x00000000c0000000, 0x00000000c4300000, 0x00000000eab00000)
  object space 68608K, 1% used [0x00000000c0000000,0x00000000c00cc360,0x00000000c4300000)
 Metaspace       used 15363K, committed 15616K, reserved 1064960K
  class space    used 1567K, committed 1728K, reserved 1048576K
}
Event: 1.592 GC heap before
{Heap before GC invocations=3 (full 0):
 PSYoungGen      total 29696K, used 29677K [0x00000000eab00000, 0x00000000ecc00000, 0x0000000100000000)
  eden space 25600K, 100% used [0x00000000eab00000,0x00000000ec400000,0x00000000ec400000)
  from space 4096K, 99% used [0x00000000ec800000,0x00000000ecbfb728,0x00000000ecc00000)
  to   space 4096K, 0% used [0x00000000ec400000,0x00000000ec400000,0x00000000ec800000)
 ParOldGen       total 68608K, used 816K [0x00000000c0000000, 0x00000000c4300000, 0x00000000eab00000)
  object space 68608K, 1% used [0x00000000c0000000,0x00000000c00cc360,0x00000000c4300000)
 Metaspace       used 20410K, committed 20864K, reserved 1073152K
  class space    used 2074K, committed 2240K, reserved 1048576K
}
Event: 1.595 GC heap after
{Heap after GC invocations=3 (full 0):
 PSYoungGen      total 29696K, used 4069K [0x00000000eab00000, 0x00000000ecc00000, 0x0000000100000000)
  eden space 25600K, 0% used [0x00000000eab00000,0x00000000eab00000,0x00000000ec400000)
  from space 4096K, 99% used [0x00000000ec400000,0x00000000ec7f9538,0x00000000ec800000)
  to   space 4096K, 0% used [0x00000000ec800000,0x00000000ec800000,0x00000000ecc00000)
 ParOldGen       total 68608K, used 2829K [0x00000000c0000000, 0x00000000c4300000, 0x00000000eab00000)
  object space 68608K, 4% used [0x00000000c0000000,0x00000000c02c3508,0x00000000c4300000)
 Metaspace       used 20410K, committed 20864K, reserved 1073152K
  class space    used 2074K, committed 2240K, reserved 1048576K
}
Event: 1.649 GC heap before
{Heap before GC invocations=4 (full 0):
 PSYoungGen      total 29696K, used 8422K [0x00000000eab00000, 0x00000000ecc00000, 0x0000000100000000)
  eden space 25600K, 17% used [0x00000000eab00000,0x00000000eaf40670,0x00000000ec400000)
  from space 4096K, 99% used [0x00000000ec400000,0x00000000ec7f9538,0x00000000ec800000)
  to   space 4096K, 0% used [0x00000000ec800000,0x00000000ec800000,0x00000000ecc00000)
 ParOldGen       total 68608K, used 2829K [0x00000000c0000000, 0x00000000c4300000, 0x00000000eab00000)
  object space 68608K, 4% used [0x00000000c0000000,0x00000000c02c3508,0x00000000c4300000)
 Metaspace       used 21117K, committed 21504K, reserved 1073152K
  class space    used 2150K, committed 2304K, reserved 1048576K
}
Event: 1.651 GC heap after
{Heap after GC invocations=4 (full 0):
 PSYoungGen      total 29696K, used 4086K [0x00000000eab00000, 0x00000000ecc00000, 0x0000000100000000)
  eden space 25600K, 0% used [0x00000000eab00000,0x00000000eab00000,0x00000000ec400000)
  from space 4096K, 99% used [0x00000000ec800000,0x00000000ecbfd9a0,0x00000000ecc00000)
  to   space 4096K, 0% used [0x00000000ec400000,0x00000000ec400000,0x00000000ec800000)
 ParOldGen       total 68608K, used 3013K [0x00000000c0000000, 0x00000000c4300000, 0x00000000eab00000)
  object space 68608K, 4% used [0x00000000c0000000,0x00000000c02f1710,0x00000000c4300000)
 Metaspace       used 21117K, committed 21504K, reserved 1073152K
  class space    used 2150K, committed 2304K, reserved 1048576K
}
Event: 1.651 GC heap before
{Heap before GC invocations=5 (full 1):
 PSYoungGen      total 29696K, used 4086K [0x00000000eab00000, 0x00000000ecc00000, 0x0000000100000000)
  eden space 25600K, 0% used [0x00000000eab00000,0x00000000eab00000,0x00000000ec400000)
  from space 4096K, 99% used [0x00000000ec800000,0x00000000ecbfd9a0,0x00000000ecc00000)
  to   space 4096K, 0% used [0x00000000ec400000,0x00000000ec400000,0x00000000ec800000)
 ParOldGen       total 68608K, used 3013K [0x00000000c0000000, 0x00000000c4300000, 0x00000000eab00000)
  object space 68608K, 4% used [0x00000000c0000000,0x00000000c02f1710,0x00000000c4300000)
 Metaspace       used 21117K, committed 21504K, reserved 1073152K
  class space    used 2150K, committed 2304K, reserved 1048576K
}
Event: 1.666 GC heap after
{Heap after GC invocations=5 (full 1):
 PSYoungGen      total 29696K, used 0K [0x00000000eab00000, 0x00000000ecc00000, 0x0000000100000000)
  eden space 25600K, 0% used [0x00000000eab00000,0x00000000eab00000,0x00000000ec400000)
  from space 4096K, 0% used [0x00000000ec800000,0x00000000ec800000,0x00000000ecc00000)
  to   space 4096K, 0% used [0x00000000ec400000,0x00000000ec400000,0x00000000ec800000)
 ParOldGen       total 68608K, used 6926K [0x00000000c0000000, 0x00000000c4300000, 0x00000000eab00000)
  object space 68608K, 10% used [0x00000000c0000000,0x00000000c06c3968,0x00000000c4300000)
 Metaspace       used 21104K, committed 21504K, reserved 1073152K
  class space    used 2147K, committed 2304K, reserved 1048576K
}
Event: 1.808 GC heap before
{Heap before GC invocations=6 (full 1):
 PSYoungGen      total 29696K, used 25600K [0x00000000eab00000, 0x00000000ecc00000, 0x0000000100000000)
  eden space 25600K, 100% used [0x00000000eab00000,0x00000000ec400000,0x00000000ec400000)
  from space 4096K, 0% used [0x00000000ec800000,0x00000000ec800000,0x00000000ecc00000)
  to   space 4096K, 0% used [0x00000000ec400000,0x00000000ec400000,0x00000000ec800000)
 ParOldGen       total 68608K, used 6926K [0x00000000c0000000, 0x00000000c4300000, 0x00000000eab00000)
  object space 68608K, 10% used [0x00000000c0000000,0x00000000c06c3968,0x00000000c4300000)
 Metaspace       used 24594K, committed 25024K, reserved 1073152K
  class space    used 2402K, committed 2560K, reserved 1048576K
}
Event: 1.809 GC heap after
{Heap after GC invocations=6 (full 1):
 PSYoungGen      total 26112K, used 680K [0x00000000eab00000, 0x00000000ec880000, 0x0000000100000000)
  eden space 25088K, 0% used [0x00000000eab00000,0x00000000eab00000,0x00000000ec380000)
  from space 1024K, 66% used [0x00000000ec400000,0x00000000ec4aa1a8,0x00000000ec500000)
  to   space 2560K, 0% used [0x00000000ec600000,0x00000000ec600000,0x00000000ec880000)
 ParOldGen       total 68608K, used 6926K [0x00000000c0000000, 0x00000000c4300000, 0x00000000eab00000)
  object space 68608K, 10% used [0x00000000c0000000,0x00000000c06c3968,0x00000000c4300000)
 Metaspace       used 24594K, committed 25024K, reserved 1073152K
  class space    used 2402K, committed 2560K, reserved 1048576K
}

Dll operation events (9 events):
Event: 0.015 Loaded shared library c:\Users\daniely.campaner\.vscode\extensions\redhat.java-1.16.0-win32-x64\jre\17.0.6-win32-x86_64\bin\java.dll
Event: 0.159 Loaded shared library c:\Users\daniely.campaner\.vscode\extensions\redhat.java-1.16.0-win32-x64\jre\17.0.6-win32-x86_64\bin\zip.dll
Event: 0.164 Loaded shared library C:\Users\daniely.campaner\.vscode\extensions\redhat.java-1.16.0-win32-x64\jre\17.0.6-win32-x86_64\bin\instrument.dll
Event: 0.180 Loaded shared library C:\Users\daniely.campaner\.vscode\extensions\redhat.java-1.16.0-win32-x64\jre\17.0.6-win32-x86_64\bin\net.dll
Event: 0.184 Loaded shared library C:\Users\daniely.campaner\.vscode\extensions\redhat.java-1.16.0-win32-x64\jre\17.0.6-win32-x86_64\bin\nio.dll
Event: 0.193 Loaded shared library C:\Users\daniely.campaner\.vscode\extensions\redhat.java-1.16.0-win32-x64\jre\17.0.6-win32-x86_64\bin\zip.dll
Event: 0.208 Loaded shared library C:\Users\daniely.campaner\.vscode\extensions\redhat.java-1.16.0-win32-x64\jre\17.0.6-win32-x86_64\bin\jimage.dll
Event: 0.255 Loaded shared library c:\Users\daniely.campaner\.vscode\extensions\redhat.java-1.16.0-win32-x64\jre\17.0.6-win32-x86_64\bin\verify.dll
Event: 1.097 Loaded shared library C:\Users\daniely.campaner\AppData\Roaming\Code\User\globalStorage\redhat.java\1.16.0\config_ss_win\org.eclipse.equinox.launcher\org.eclipse.equinox.launcher.win32.win32.x86_64_1.2.700.v20221108-1024\eclipse_11801.dll

Deoptimization events (20 events):
Event: 1.927 Thread 0x00000267d4115010 DEOPT PACKING pc=0x00000267bf59e656 sp=0x00000080b9ef8290
Event: 1.927 Thread 0x00000267d4115010 DEOPT UNPACKING pc=0x00000267c6696e43 sp=0x00000080b9ef7730 mode 0
Event: 1.927 Thread 0x00000267d4115010 DEOPT PACKING pc=0x00000267bf59e656 sp=0x00000080b9ef8290
Event: 1.927 Thread 0x00000267d4115010 DEOPT UNPACKING pc=0x00000267c6696e43 sp=0x00000080b9ef7730 mode 0
Event: 1.947 Thread 0x00000267d4115010 Uncommon trap: trap_request=0xffffffc6 fr.pc=0x00000267c6c5f3d4 relative=0x0000000000000994
Event: 1.947 Thread 0x00000267d4115010 Uncommon trap: reason=bimorphic_or_optimized_type_check action=maybe_recompile pc=0x00000267c6c5f3d4 method=java.util.HashMap.putVal(ILjava/lang/Object;Ljava/lang/Object;ZZ)Ljava/lang/Object; @ 56 c2
Event: 1.947 Thread 0x00000267d4115010 DEOPT PACKING pc=0x00000267c6c5f3d4 sp=0x00000080b9efd7f0
Event: 1.947 Thread 0x00000267d4115010 DEOPT UNPACKING pc=0x00000267c66966a3 sp=0x00000080b9efd748 mode 2
Event: 1.947 Thread 0x00000267d4115010 Uncommon trap: trap_request=0xffffffc6 fr.pc=0x00000267c6c5f3d4 relative=0x0000000000000994
Event: 1.947 Thread 0x00000267d4115010 Uncommon trap: reason=bimorphic_or_optimized_type_check action=maybe_recompile pc=0x00000267c6c5f3d4 method=java.util.HashMap.putVal(ILjava/lang/Object;Ljava/lang/Object;ZZ)Ljava/lang/Object; @ 56 c2
Event: 1.947 Thread 0x00000267d4115010 DEOPT PACKING pc=0x00000267c6c5f3d4 sp=0x00000080b9efd7f0
Event: 1.947 Thread 0x00000267d4115010 DEOPT UNPACKING pc=0x00000267c66966a3 sp=0x00000080b9efd748 mode 2
Event: 1.947 Thread 0x00000267d4115010 Uncommon trap: trap_request=0xffffffc6 fr.pc=0x00000267c6c5f3d4 relative=0x0000000000000994
Event: 1.947 Thread 0x00000267d4115010 Uncommon trap: reason=bimorphic_or_optimized_type_check action=maybe_recompile pc=0x00000267c6c5f3d4 method=java.util.HashMap.putVal(ILjava/lang/Object;Ljava/lang/Object;ZZ)Ljava/lang/Object; @ 56 c2
Event: 1.947 Thread 0x00000267d4115010 DEOPT PACKING pc=0x00000267c6c5f3d4 sp=0x00000080b9efd7f0
Event: 1.947 Thread 0x00000267d4115010 DEOPT UNPACKING pc=0x00000267c66966a3 sp=0x00000080b9efd748 mode 2
Event: 1.947 Thread 0x00000267d4115010 Uncommon trap: trap_request=0xffffffc6 fr.pc=0x00000267c6c5f3d4 relative=0x0000000000000994
Event: 1.947 Thread 0x00000267d4115010 Uncommon trap: reason=bimorphic_or_optimized_type_check action=maybe_recompile pc=0x00000267c6c5f3d4 method=java.util.HashMap.putVal(ILjava/lang/Object;Ljava/lang/Object;ZZ)Ljava/lang/Object; @ 56 c2
Event: 1.947 Thread 0x00000267d4115010 DEOPT PACKING pc=0x00000267c6c5f3d4 sp=0x00000080b9efd7f0
Event: 1.947 Thread 0x00000267d4115010 DEOPT UNPACKING pc=0x00000267c66966a3 sp=0x00000080b9efd748 mode 2

Classes unloaded (7 events):
Event: 1.654 Thread 0x00000267d0a20840 Unloading class 0x0000000100212400 'java/lang/invoke/LambdaForm$MH+0x0000000100212400'
Event: 1.654 Thread 0x00000267d0a20840 Unloading class 0x0000000100212000 'java/lang/invoke/LambdaForm$MH+0x0000000100212000'
Event: 1.654 Thread 0x00000267d0a20840 Unloading class 0x0000000100211c00 'java/lang/invoke/LambdaForm$MH+0x0000000100211c00'
Event: 1.654 Thread 0x00000267d0a20840 Unloading class 0x0000000100211400 'java/lang/invoke/LambdaForm$MH+0x0000000100211400'
Event: 1.654 Thread 0x00000267d0a20840 Unloading class 0x0000000100211000 'java/lang/invoke/LambdaForm$BMH+0x0000000100211000'
Event: 1.654 Thread 0x00000267d0a20840 Unloading class 0x0000000100210c00 'java/lang/invoke/LambdaForm$DMH+0x0000000100210c00'
Event: 1.654 Thread 0x00000267d0a20840 Unloading class 0x000000010020e000 'java/lang/invoke/LambdaForm$DMH+0x000000010020e000'

Classes redefined (0 events):
No events

Internal exceptions (20 events):
Event: 1.481 Thread 0x00000267d4115010 Exception <a 'java/lang/NoSuchMethodError'{0x00000000ebdaf818}: 'java.lang.Object java.lang.invoke.DelegatingMethodHandle$Holder.reinvoke_L(java.lang.Object, java.lang.Object, java.lang.Object, java.lang.Object, int, int)'> (0x00000000ebdaf818) 
thrown [s\src\hotspot\share\interpreter\linkResolver.cpp, line 759]
Event: 1.483 Thread 0x00000267d4115010 Exception <a 'java/lang/NoSuchMethodError'{0x00000000ebdc75d8}: 'java.lang.Object java.lang.invoke.Invokers$Holder.invokeExact_MT(java.lang.Object, java.lang.Object, java.lang.Object, java.lang.Object)'> (0x00000000ebdc75d8) 
thrown [s\src\hotspot\share\interpreter\linkResolver.cpp, line 759]
Event: 1.553 Thread 0x00000267d4115010 Exception <a 'java/lang/NoSuchMethodError'{0x00000000ec209580}: 'java.lang.Object java.lang.invoke.DirectMethodHandle$Holder.newInvokeSpecial(java.lang.Object, java.lang.Object, java.lang.Object, java.lang.Object, java.lang.Object)'> (0x00000000ec209580) 
thrown [s\src\hotspot\share\interpreter\linkResolver.cpp, line 759]
Event: 1.621 Thread 0x00000267d4115010 Exception <a 'java/lang/NoSuchMethodError'{0x00000000eac4eed0}: 'java.lang.Object java.lang.invoke.DirectMethodHandle$Holder.invokeSpecial(java.lang.Object, java.lang.Object, java.lang.Object, long, java.lang.Object)'> (0x00000000eac4eed0) 
thrown [s\src\hotspot\share\interpreter\linkResolver.cpp, line 759]
Event: 1.622 Thread 0x00000267d4115010 Exception <a 'java/lang/NoSuchMethodError'{0x00000000eac572c8}: 'java.lang.Object java.lang.invoke.DirectMethodHandle$Holder.newInvokeSpecial(java.lang.Object, java.lang.Object, java.lang.Object, long)'> (0x00000000eac572c8) 
thrown [s\src\hotspot\share\interpreter\linkResolver.cpp, line 759]
Event: 1.622 Thread 0x00000267d4115010 Exception <a 'java/lang/NoSuchMethodError'{0x00000000eac5b868}: 'java.lang.Object java.lang.invoke.DirectMethodHandle$Holder.invokeSpecial(java.lang.Object, java.lang.Object, java.lang.Object, java.lang.Object, long)'> (0x00000000eac5b868) 
thrown [s\src\hotspot\share\interpreter\linkResolver.cpp, line 759]
Event: 1.627 Thread 0x00000267d4115010 Exception <a 'java/lang/NoSuchMethodError'{0x00000000eacce890}: 'int java.lang.invoke.DirectMethodHandle$Holder.invokeStaticInit(java.lang.Object, java.lang.Object, java.lang.Object)'> (0x00000000eacce890) 
thrown [s\src\hotspot\share\interpreter\linkResolver.cpp, line 759]
Event: 1.631 Thread 0x00000267d4115010 Exception <a 'java/lang/IncompatibleClassChangeError'{0x00000000ead354b8}: Found class java.lang.Object, but interface was expected> (0x00000000ead354b8) 
thrown [s\src\hotspot\share\interpreter\linkResolver.cpp, line 826]
Event: 1.634 Thread 0x00000267d4115010 Exception <a 'java/lang/NoSuchMethodError'{0x00000000ead48af0}: 'java.lang.Object java.lang.invoke.DirectMethodHandle$Holder.invokeSpecial(java.lang.Object, java.lang.Object, java.lang.Object, int, java.lang.Object, java.lang.Object)'> (0x00000000ead48af0) 
thrown [s\src\hotspot\share\interpreter\linkResolver.cpp, line 759]
Event: 1.634 Thread 0x00000267d4115010 Exception <a 'java/lang/NoSuchMethodError'{0x00000000ead51278}: 'java.lang.Object java.lang.invoke.DirectMethodHandle$Holder.newInvokeSpecial(java.lang.Object, java.lang.Object, java.lang.Object, int, java.lang.Object)'> (0x00000000ead51278) 
thrown [s\src\hotspot\share\interpreter\linkResolver.cpp, line 759]
Event: 1.634 Thread 0x00000267d4115010 Exception <a 'java/lang/NoSuchMethodError'{0x00000000ead556d0}: 'java.lang.Object java.lang.invoke.DirectMethodHandle$Holder.invokeSpecial(java.lang.Object, java.lang.Object, java.lang.Object, java.lang.Object, int, java.lang.Object)'> (0x00000000ead556d0) 
thrown [s\src\hotspot\share\interpreter\linkResolver.cpp, line 759]
Event: 1.635 Thread 0x00000267d41a4cb0 Exception <a 'java/lang/NoSuchMethodError'{0x00000000eaca2480}: 'java.lang.Object java.lang.invoke.DirectMethodHandle$Holder.invokeSpecial(java.lang.Object, java.lang.Object, int, java.lang.Object, java.lang.Object)'> (0x00000000eaca2480) 
thrown [s\src\hotspot\share\interpreter\linkResolver.cpp, line 759]
Event: 1.635 Thread 0x00000267d41a4cb0 Exception <a 'java/lang/NoSuchMethodError'{0x00000000eaca9b50}: 'java.lang.Object java.lang.invoke.DirectMethodHandle$Holder.newInvokeSpecial(java.lang.Object, java.lang.Object, int, java.lang.Object)'> (0x00000000eaca9b50) 
thrown [s\src\hotspot\share\interpreter\linkResolver.cpp, line 759]
Event: 1.636 Thread 0x00000267d41a4cb0 Exception <a 'java/lang/NoSuchMethodError'{0x00000000eacad660}: 'java.lang.Object java.lang.invoke.DirectMethodHandle$Holder.invokeSpecial(java.lang.Object, java.lang.Object, java.lang.Object, int, java.lang.Object)'> (0x00000000eacad660) 
thrown [s\src\hotspot\share\interpreter\linkResolver.cpp, line 759]
Event: 1.649 Thread 0x00000267d41a4cb0 Exception <a 'java/io/FileNotFoundException'{0x00000000eaf20d90}> (0x00000000eaf20d90) 
thrown [s\src\hotspot\share\prims\jni.cpp, line 516]
Event: 1.923 Thread 0x00000267d4115010 Exception <a 'java/lang/ClassNotFoundException'{0x00000000ec11e208}: com/sun/org/apache/xerces/internal/impl/msg/spi/DOMMessagesProvider> (0x00000000ec11e208) 
thrown [s\src\hotspot\share\classfile\systemDictionary.cpp, line 256]
Event: 1.925 Thread 0x00000267d4115010 Implicit null exception at 0x00000267c6ca738d to 0x00000267c6ca8084
Event: 1.926 Thread 0x00000267d4115010 Exception <a 'java/lang/ClassNotFoundException'{0x00000000ec157ed0}: com/sun/org/apache/xerces/internal/impl/msg/spi/XMLSerializerMessagesProvider> (0x00000000ec157ed0) 
thrown [s\src\hotspot\share\classfile\systemDictionary.cpp, line 256]
Event: 1.926 Thread 0x00000267d4115010 Exception <a 'java/lang/ClassNotFoundException'{0x00000000ec1701c8}: com/sun/org/apache/xerces/internal/impl/msg/spi/XMLMessagesProvider> (0x00000000ec1701c8) 
thrown [s\src\hotspot\share\classfile\systemDictionary.cpp, line 256]
Event: 1.938 Thread 0x00000267d4115010 Exception <a 'java/lang/NoSuchMethodError'{0x00000000ec273ac0}: 'void java.lang.invoke.DirectMethodHandle$Holder.invokeVirtual(java.lang.Object, java.lang.Object)'> (0x00000000ec273ac0) 
thrown [s\src\hotspot\share\interpreter\linkResolver.cpp, line 759]

VM Operations (20 events):
Event: 1.181 Executing VM operation: ParallelGCFailedAllocation
Event: 1.184 Executing VM operation: ParallelGCFailedAllocation done
Event: 1.396 Executing VM operation: HandshakeAllThreads
Event: 1.396 Executing VM operation: HandshakeAllThreads done
Event: 1.398 Executing VM operation: HandshakeAllThreads
Event: 1.398 Executing VM operation: HandshakeAllThreads done
Event: 1.476 Executing VM operation: HandshakeAllThreads
Event: 1.476 Executing VM operation: HandshakeAllThreads done
Event: 1.592 Executing VM operation: ParallelGCFailedAllocation
Event: 1.595 Executing VM operation: ParallelGCFailedAllocation done
Event: 1.643 Executing VM operation: HandshakeAllThreads
Event: 1.643 Executing VM operation: HandshakeAllThreads done
Event: 1.649 Executing VM operation: CollectForMetadataAllocation
Event: 1.668 Executing VM operation: CollectForMetadataAllocation done
Event: 1.668 Executing VM operation: CollectForMetadataAllocation
Event: 1.668 Executing VM operation: CollectForMetadataAllocation done
Event: 1.808 Executing VM operation: ParallelGCFailedAllocation
Event: 1.809 Executing VM operation: ParallelGCFailedAllocation done
Event: 1.947 Executing VM operation: HandshakeAllThreads
Event: 1.947 Executing VM operation: HandshakeAllThreads done

Events (20 events):
Event: 1.928 loading class com/sun/org/apache/xerces/internal/impl/msg/XMLMessages_pt done
Event: 1.928 loading class com/sun/org/apache/xerces/internal/impl/msg/XMLMessages_pt
Event: 1.928 loading class com/sun/org/apache/xerces/internal/impl/msg/XMLMessages_pt done
Event: 1.928 loading class com/sun/org/apache/xerces/internal/impl/msg/XMLMessages_pt_BR
Event: 1.928 loading class com/sun/org/apache/xerces/internal/impl/msg/XMLMessages_pt_BR done
Event: 1.928 loading class com/sun/org/apache/xerces/internal/impl/msg/XMLMessages_pt_BR
Event: 1.928 loading class com/sun/org/apache/xerces/internal/impl/msg/XMLMessages_pt_BR done
Event: 1.940 Thread 0x00000267d34c9320 Thread added: 0x00000267d34c9320
Event: 1.946 loading class java/lang/ProcessEnvironment
Event: 1.946 loading class java/lang/ProcessEnvironment done
Event: 1.947 loading class java/lang/ProcessEnvironment$NameComparator
Event: 1.947 loading class java/lang/ProcessEnvironment$NameComparator done
Event: 1.947 loading class java/lang/ProcessEnvironment$EntryComparator
Event: 1.947 loading class java/lang/ProcessEnvironment$EntryComparator done
Event: 1.947 loading class java/lang/ProcessEnvironment$CheckedEntrySet
Event: 1.947 loading class java/lang/ProcessEnvironment$CheckedEntrySet done
Event: 1.947 loading class java/lang/ProcessEnvironment$CheckedEntrySet$1
Event: 1.947 loading class java/lang/ProcessEnvironment$CheckedEntrySet$1 done
Event: 1.947 loading class java/lang/ProcessEnvironment$CheckedEntry
Event: 1.947 loading class java/lang/ProcessEnvironment$CheckedEntry done


Dynamic libraries:
0x00007ff7ec340000 - 0x00007ff7ec34e000 	c:\Users\daniely.campaner\.vscode\extensions\redhat.java-1.16.0-win32-x64\jre\17.0.6-win32-x86_64\bin\java.exe
0x00007ffc18030000 - 0x00007ffc18228000 	C:\Windows\SYSTEM32\ntdll.dll
0x00007ffc17960000 - 0x00007ffc17a1f000 	C:\Windows\System32\KERNEL32.dll
0x00007ffc15430000 - 0x00007ffc15531000 	C:\Windows\system32\hmpalert.dll
0x00007ffc15a10000 - 0x00007ffc15ce2000 	C:\Windows\System32\KERNELBASE.dll
0x00007ffc15860000 - 0x00007ffc15960000 	C:\Windows\System32\ucrtbase.dll
0x00007ffc06890000 - 0x00007ffc068a7000 	c:\Users\daniely.campaner\.vscode\extensions\redhat.java-1.16.0-win32-x64\jre\17.0.6-win32-x86_64\bin\jli.dll
0x00007ffc17590000 - 0x00007ffc17731000 	C:\Windows\System32\USER32.dll
0x00007ffc15f40000 - 0x00007ffc15f62000 	C:\Windows\System32\win32u.dll
0x00007ffc17750000 - 0x00007ffc1777b000 	C:\Windows\System32\GDI32.dll
0x00007ffc15f70000 - 0x00007ffc1607f000 	C:\Windows\System32\gdi32full.dll
0x00007ffc157c0000 - 0x00007ffc1585d000 	C:\Windows\System32\msvcp_win.dll
0x00007ffbfee00000 - 0x00007ffbff09a000 	C:\Windows\WinSxS\amd64_microsoft.windows.common-controls_6595b64144ccf1df_6.0.19041.1110_none_60b5254171f9507e\COMCTL32.dll
0x00007ffc17f50000 - 0x00007ffc17fee000 	C:\Windows\System32\msvcrt.dll
0x00007ffc050b0000 - 0x00007ffc050c9000 	c:\Users\daniely.campaner\.vscode\extensions\redhat.java-1.16.0-win32-x64\jre\17.0.6-win32-x86_64\bin\VCRUNTIME140.dll
0x00007ffc165e0000 - 0x00007ffc16610000 	C:\Windows\System32\IMM32.DLL
0x00007ffc121e0000 - 0x00007ffc121ec000 	c:\Users\daniely.campaner\.vscode\extensions\redhat.java-1.16.0-win32-x64\jre\17.0.6-win32-x86_64\bin\vcruntime140_1.dll
0x00007ffbee790000 - 0x00007ffbee821000 	c:\Users\daniely.campaner\.vscode\extensions\redhat.java-1.16.0-win32-x64\jre\17.0.6-win32-x86_64\bin\msvcp140.dll
0x00007ffbdd230000 - 0x00007ffbdde77000 	c:\Users\daniely.campaner\.vscode\extensions\redhat.java-1.16.0-win32-x64\jre\17.0.6-win32-x86_64\bin\server\jvm.dll
0x00007ffc16530000 - 0x00007ffc165de000 	C:\Windows\System32\ADVAPI32.dll
0x00007ffc17860000 - 0x00007ffc178fc000 	C:\Windows\System32\sechost.dll
0x00007ffc162d0000 - 0x00007ffc163f4000 	C:\Windows\System32\RPCRT4.dll
0x00007ffc058b0000 - 0x00007ffc058d7000 	C:\Windows\SYSTEM32\WINMM.dll
0x00007ffc10880000 - 0x00007ffc1088a000 	C:\Windows\SYSTEM32\VERSION.dll
0x00007ffc05020000 - 0x00007ffc05029000 	C:\Windows\SYSTEM32\WSOCK32.dll
0x00007ffc17520000 - 0x00007ffc1758b000 	C:\Windows\System32\WS2_32.dll
0x00007ffc133f0000 - 0x00007ffc13402000 	C:\Windows\SYSTEM32\kernel.appcore.dll
0x00007ffc05010000 - 0x00007ffc0501a000 	c:\Users\daniely.campaner\.vscode\extensions\redhat.java-1.16.0-win32-x64\jre\17.0.6-win32-x86_64\bin\jimage.dll
0x00007ffc05fa0000 - 0x00007ffc06184000 	C:\Windows\SYSTEM32\DBGHELP.DLL
0x00007ffc04f70000 - 0x00007ffc04fa5000 	C:\Windows\SYSTEM32\dbgcore.DLL
0x00007ffc15730000 - 0x00007ffc157b2000 	C:\Windows\System32\bcryptPrimitives.dll
0x00007ffc05000000 - 0x00007ffc0500e000 	c:\Users\daniely.campaner\.vscode\extensions\redhat.java-1.16.0-win32-x64\jre\17.0.6-win32-x86_64\bin\instrument.dll
0x00007ffc04130000 - 0x00007ffc04155000 	c:\Users\daniely.campaner\.vscode\extensions\redhat.java-1.16.0-win32-x64\jre\17.0.6-win32-x86_64\bin\java.dll
0x00007ffbf57f0000 - 0x00007ffbf5808000 	c:\Users\daniely.campaner\.vscode\extensions\redhat.java-1.16.0-win32-x64\jre\17.0.6-win32-x86_64\bin\zip.dll
0x00007ffc169c0000 - 0x00007ffc17105000 	C:\Windows\System32\SHELL32.dll
0x00007ffc135f0000 - 0x00007ffc13d82000 	C:\Windows\SYSTEM32\windows.storage.dll
0x00007ffc17110000 - 0x00007ffc17465000 	C:\Windows\System32\combase.dll
0x00007ffc15010000 - 0x00007ffc15040000 	C:\Windows\SYSTEM32\Wldp.dll
0x00007ffc16910000 - 0x00007ffc169bd000 	C:\Windows\System32\SHCORE.dll
0x00007ffc166f0000 - 0x00007ffc16745000 	C:\Windows\System32\shlwapi.dll
0x00007ffc15670000 - 0x00007ffc1568f000 	C:\Windows\SYSTEM32\profapi.dll
0x00007ffbf4500000 - 0x00007ffbf4519000 	C:\Users\daniely.campaner\.vscode\extensions\redhat.java-1.16.0-win32-x64\jre\17.0.6-win32-x86_64\bin\net.dll
0x00007ffc145a0000 - 0x00007ffc146aa000 	C:\Windows\SYSTEM32\WINHTTP.dll
0x00007ffc14d00000 - 0x00007ffc14d6a000 	C:\Windows\system32\mswsock.dll
0x00007ffbf3510000 - 0x00007ffbf3525000 	C:\Users\daniely.campaner\.vscode\extensions\redhat.java-1.16.0-win32-x64\jre\17.0.6-win32-x86_64\bin\nio.dll
0x00007ffc040e0000 - 0x00007ffc040f0000 	c:\Users\daniely.campaner\.vscode\extensions\redhat.java-1.16.0-win32-x64\jre\17.0.6-win32-x86_64\bin\verify.dll
0x00007ffbf2ba0000 - 0x00007ffbf2bde000 	C:\Users\daniely.campaner\AppData\Roaming\Code\User\globalStorage\redhat.java\1.16.0\config_ss_win\org.eclipse.equinox.launcher\org.eclipse.equinox.launcher.win32.win32.x86_64_1.2.700.v20221108-1024\eclipse_11801.dll
0x00007ffc16400000 - 0x00007ffc1652a000 	C:\Windows\System32\ole32.dll

dbghelp: loaded successfully - version: 4.0.5 - missing functions: none
symbol engine: initialized successfully - sym options: 0x614 - pdb path: .;c:\Users\daniely.campaner\.vscode\extensions\redhat.java-1.16.0-win32-x64\jre\17.0.6-win32-x86_64\bin;C:\Windows\SYSTEM32;C:\Windows\WinSxS\amd64_microsoft.windows.common-controls_6595b64144ccf1df_6.0.19041.1110_none_60b5254171f9507e;c:\Users\daniely.campaner\.vscode\extensions\redhat.java-1.16.0-win32-x64\jre\17.0.6-win32-x86_64\bin\server;C:\Users\daniely.campaner\AppData\Roaming\Code\User\globalStorage\redhat.java\1.16.0\config_ss_win\org.eclipse.equinox.launcher\org.eclipse.equinox.launcher.win32.win32.x86_64_1.2.700.v20221108-1024

VM Arguments:
jvm_args: --add-modules=ALL-SYSTEM --add-opens=java.base/java.util=ALL-UNNAMED --add-opens=java.base/java.lang=ALL-UNNAMED --add-opens=java.base/sun.nio.fs=ALL-UNNAMED -Declipse.application=org.eclipse.jdt.ls.core.id1 -Dosgi.bundles.defaultStartLevel=4 -Declipse.product=org.eclipse.jdt.ls.core.product -Djava.import.generatesMetadataFilesAtProjectRoot=false -Dfile.encoding=utf8 -XX:+UseParallelGC -XX:GCTimeRatio=4 -XX:AdaptiveSizePolicyWeight=90 -Dsun.zip.disableMemoryMapping=true -Xmx1G -Xms100m -Xlog:disable -javaagent:c:\Users\daniely.campaner\.vscode\extensions\redhat.java-1.16.0-win32-x64\lombok\lombok-1.18.24.jar 
java_command: c:\Users\daniely.campaner\.vscode\extensions\redhat.java-1.16.0-win32-x64\server\plugins\org.eclipse.equinox.launcher_1.6.400.v20210924-0641.jar -configuration c:\Users\daniely.campaner\AppData\Roaming\Code\User\globalStorage\redhat.java\1.16.0\config_ss_win -data c:\Users\daniely.campaner\AppData\Roaming\Code\User\workspaceStorage\9035ea4b6b5a324985c92919cde5af43\redhat.java\ss_ws
java_class_path (initial): c:\Users\daniely.campaner\.vscode\extensions\redhat.java-1.16.0-win32-x64\server\plugins\org.eclipse.equinox.launcher_1.6.400.v20210924-0641.jar
Launcher Type: SUN_STANDARD

[Global flags]
    uintx AdaptiveSizePolicyWeight                 = 90                                        {product} {command line}
     intx CICompilerCount                          = 3                                         {product} {ergonomic}
    uintx GCTimeRatio                              = 4                                         {product} {command line}
   size_t InitialHeapSize                          = 104857600                                 {product} {command line}
   size_t MaxHeapSize                              = 1073741824                                {product} {command line}
   size_t MaxNewSize                               = 357564416                                 {product} {ergonomic}
   size_t MinHeapDeltaBytes                        = 524288                                    {product} {ergonomic}
   size_t MinHeapSize                              = 104857600                                 {product} {command line}
   size_t NewSize                                  = 34603008                                  {product} {ergonomic}
    uintx NonNMethodCodeHeapSize                   = 5832780                                {pd product} {ergonomic}
    uintx NonProfiledCodeHeapSize                  = 122912730                              {pd product} {ergonomic}
   size_t OldSize                                  = 70254592                                  {product} {ergonomic}
    uintx ProfiledCodeHeapSize                     = 122912730                              {pd product} {ergonomic}
    uintx ReservedCodeCacheSize                    = 251658240                              {pd product} {ergonomic}
     bool SegmentedCodeCache                       = true                                      {product} {ergonomic}
   size_t SoftMaxHeapSize                          = 1073741824                             {manageable} {ergonomic}
     bool UseCompressedClassPointers               = true                           {product lp64_product} {ergonomic}
     bool UseCompressedOops                        = true                           {product lp64_product} {ergonomic}
     bool UseLargePagesIndividualAllocation        = false                                  {pd product} {ergonomic}
     bool UseParallelGC                            = true                                      {product} {command line}

Logging:
Log output configuration:
 #0: stdout all=off uptime,level,tags
 #1: stderr all=off uptime,level,tags

Environment Variables:
PATH=C:\Program Files (x86)\VMware\VMware Workstation\bin\;C:\Program Files\Common Files\Oracle\Java\javapath;C:\Program Files (x86)\Common Files\Oracle\Java\javapath;C:\Windows\system32;C:\Windows;C:\Windows\System32\Wbem;C:\Windows\System32\WindowsPowerShell\v1.0\;C:\Windows\System32\OpenSSH\;C:\Program Files\Git\cmd;C:\Program Files\nodejs\;C:\Program Files\Microsoft VS Code\bin;C:\Users\daniely.campaner\AppData\Local\Microsoft\WindowsApps;
USERNAME=daniely.campaner
OS=Windows_NT
PROCESSOR_IDENTIFIER=Intel64 Family 6 Model 158 Stepping 10, GenuineIntel
TMP=C:\Users\DANIEL~1.CAM\AppData\Local\Temp
TEMP=C:\Users\DANIEL~1.CAM\AppData\Local\Temp



---------------  S Y S T E M  ---------------

OS:
 Windows 10 , 64 bit Build 19041 (10.0.19041.2546)
OS uptime: 0 days 0:56 hours

CPU: total 6 (initial active 6) (6 cores per cpu, 1 threads per core) family 6 model 158 stepping 10 microcode 0xea, cx8, cmov, fxsr, mmx, 3dnowpref, sse, sse2, sse3, ssse3, sse4.1, sse4.2, popcnt, lzcnt, tsc, tscinvbit, avx, avx2, aes, erms, clmul, bmi1, bmi2, rtm, adx, fma, vzeroupper, clflush, clflushopt

Memory: 4k page, system-wide physical 8001M (1236M free)
TotalPageFile size 8001M (AvailPageFile size 4M)
current process WorkingSet (physical memory assigned to process): 140M, peak: 140M
current process commit charge ("private bytes"): 244M, peak: 244M

vm_info: OpenJDK 64-Bit Server VM (17.0.6+10) for windows-amd64 JRE (17.0.6+10), built on Jan 18 2023 10:08:59 by "temurin" with MS VC++ 16.7 (VS2019)

END.
