#
# There is insufficient memory for the Java Runtime Environment to continue.
# Native memory allocation (malloc) failed to allocate 623232 bytes for Chunk::new
# Possible reasons:
#   The system is out of physical RAM or swap space
#   The process is running with CompressedOops enabled, and the Java Heap may be blocking the growth of the native heap
# Possible solutions:
#   Reduce memory load on the system
#   Increase physical memory or swap space
#   Check if swap backing store is full
#   Decrease Java heap size (-Xmx/-Xms)
#   Decrease number of Java threads
#   Decrease Java thread stack sizes (-Xss)
#   Set larger code cache with -XX:ReservedCodeCacheSize=
#   JVM is running with Unscaled Compressed Oops mode in which the Java heap is
#     placed in the first 4GB address space. The Java Heap base address is the
#     maximum limit for the native heap growth. Please use -XX:HeapBaseMinAddress
#     to set the Java Heap base and to place the Java Heap above 4GB virtual address.
# This output file may be truncated or incomplete.
#
#  Out of Memory Error (arena.cpp:189), pid=11516, tid=820
#
# JRE version: OpenJDK Runtime Environment Temurin-17.0.6+10 (17.0.6+10) (build 17.0.6+10)
# Java VM: OpenJDK 64-Bit Server VM Temurin-17.0.6+10 (17.0.6+10, mixed mode, tiered, compressed oops, compressed class ptrs, parallel gc, windows-amd64)
# No core dump will be written. Minidumps are not enabled by default on client versions of Windows
#

---------------  S U M M A R Y ------------

Command Line: --add-modules=ALL-SYSTEM --add-opens=java.base/java.util=ALL-UNNAMED --add-opens=java.base/java.lang=ALL-UNNAMED --add-opens=java.base/sun.nio.fs=ALL-UNNAMED -Declipse.application=org.eclipse.jdt.ls.core.id1 -Dosgi.bundles.defaultStartLevel=4 -Declipse.product=org.eclipse.jdt.ls.core.product -Djava.import.generatesMetadataFilesAtProjectRoot=false -Dfile.encoding=utf8 -XX:+UseParallelGC -XX:GCTimeRatio=4 -XX:AdaptiveSizePolicyWeight=90 -Dsun.zip.disableMemoryMapping=true -Xmx1G -Xms100m -Xlog:disable -javaagent:c:\Users\daniely.campaner\.vscode\extensions\redhat.java-1.16.0-win32-x64\lombok\lombok-1.18.24.jar -XX:+HeapDumpOnOutOfMemoryError -XX:HeapDumpPath=c:\Users\daniely.campaner\AppData\Roaming\Code\User\workspaceStorage\9035ea4b6b5a324985c92919cde5af43\redhat.java c:\Users\daniely.campaner\.vscode\extensions\redhat.java-1.16.0-win32-x64\server\plugins\org.eclipse.equinox.launcher_1.6.400.v20210924-0641.jar -configuration c:\Users\daniely.campaner\AppData\Roaming\Code\User\globalStorage\redhat.java\1.16.0\config_win -data c:\Users\daniely.campaner\AppData\Roaming\Code\User\workspaceStorage\9035ea4b6b5a324985c92919cde5af43\redhat.java\jdt_ws

Host: Intel(R) Core(TM) i5-9500 CPU @ 3.00GHz, 6 cores, 7G,  Windows 10 , 64 bit Build 19041 (10.0.19041.2546)
Time: Wed Apr  5 20:10:07 2023 Hora oficial do Brasil elapsed time: 1.118546 seconds (0d 0h 0m 1s)

---------------  T H R E A D  ---------------

Current thread (0x000001d424c59bb0):  JavaThread "C2 CompilerThread0" daemon [_thread_in_native, id=820, stack(0x0000001017600000,0x0000001017700000)]


Current CompileTask:
C2:   1118 1437       4       java.io.WinNTFileSystem::normalize (143 bytes)

Stack: [0x0000001017600000,0x0000001017700000]
Native frames: (J=compiled Java code, j=interpreted, Vv=VM code, C=native code)
V  [jvm.dll+0x67741a]
V  [jvm.dll+0x834434]
V  [jvm.dll+0x835bde]
V  [jvm.dll+0x836243]
V  [jvm.dll+0x2457b5]
V  [jvm.dll+0xabafc]
V  [jvm.dll+0xac0cc]
V  [jvm.dll+0x3634e7]
V  [jvm.dll+0x1bbd68]
V  [jvm.dll+0x218749]
V  [jvm.dll+0x217a11]
V  [jvm.dll+0x1a3d0d]
V  [jvm.dll+0x22742a]
V  [jvm.dll+0x225565]
V  [jvm.dll+0x7ea2cb]
V  [jvm.dll+0x7e483a]
V  [jvm.dll+0x6762c5]
C  [ucrtbase.dll+0x21bb2]
C  [KERNEL32.dll+0x17614]
C  [ntdll.dll+0x526a1]


---------------  P R O C E S S  ---------------

Threads class SMR info:
_java_thread_list=0x000001d42555baf0, length=14, elements={
0x000001d40ceb9940, 0x000001d422c96020, 0x000001d422c99090, 0x000001d422cbde50,
0x000001d422cbe710, 0x000001d424c50f10, 0x000001d424c56f00, 0x000001d424c59bb0,
0x000001d424c5a560, 0x000001d424c5fa90, 0x000001d40cf19880, 0x000001d424e26330,
0x000001d424f7cf40, 0x000001d4255ccc80
}

Java Threads: ( => current thread )
  0x000001d40ceb9940 JavaThread "main" [_thread_in_Java, id=12916, stack(0x0000001016d00000,0x0000001016e00000)]
  0x000001d422c96020 JavaThread "Reference Handler" daemon [_thread_blocked, id=8768, stack(0x0000001017000000,0x0000001017100000)]
  0x000001d422c99090 JavaThread "Finalizer" daemon [_thread_blocked, id=1848, stack(0x0000001017100000,0x0000001017200000)]
  0x000001d422cbde50 JavaThread "Signal Dispatcher" daemon [_thread_blocked, id=7904, stack(0x0000001017200000,0x0000001017300000)]
  0x000001d422cbe710 JavaThread "Attach Listener" daemon [_thread_blocked, id=4512, stack(0x0000001017300000,0x0000001017400000)]
  0x000001d424c50f10 JavaThread "Service Thread" daemon [_thread_blocked, id=10832, stack(0x0000001017400000,0x0000001017500000)]
  0x000001d424c56f00 JavaThread "Monitor Deflation Thread" daemon [_thread_blocked, id=12184, stack(0x0000001017500000,0x0000001017600000)]
=>0x000001d424c59bb0 JavaThread "C2 CompilerThread0" daemon [_thread_in_native, id=820, stack(0x0000001017600000,0x0000001017700000)]
  0x000001d424c5a560 JavaThread "C1 CompilerThread0" daemon [_thread_blocked, id=4460, stack(0x0000001017700000,0x0000001017800000)]
  0x000001d424c5fa90 JavaThread "Sweeper thread" daemon [_thread_blocked, id=9116, stack(0x0000001017800000,0x0000001017900000)]
  0x000001d40cf19880 JavaThread "Common-Cleaner" daemon [_thread_blocked, id=7724, stack(0x0000001017900000,0x0000001017a00000)]
  0x000001d424e26330 JavaThread "C2 CompilerThread1" daemon [_thread_in_native, id=2644, stack(0x0000001017a00000,0x0000001017b00000)]
  0x000001d424f7cf40 JavaThread "Notification Thread" daemon [_thread_blocked, id=12228, stack(0x0000001017b00000,0x0000001017c00000)]
  0x000001d4255ccc80 JavaThread "Active Thread: Equinox Container: 6128bec3-9bbd-4203-9171-04975cef1664" [_thread_blocked, id=14212, stack(0x0000001018200000,0x0000001018300000)]

Other Threads:
  0x000001d422c83bd0 VMThread "VM Thread" [stack: 0x0000001016f00000,0x0000001017000000] [id=3448]
  0x000001d424f74210 WatcherThread [stack: 0x0000001017c00000,0x0000001017d00000] [id=12848]
  0x000001d40cece470 GCTaskThread "GC Thread#0" [stack: 0x0000001016e00000,0x0000001016f00000] [id=12208]
  0x000001d4254cd8e0 GCTaskThread "GC Thread#1" [stack: 0x0000001017d00000,0x0000001017e00000] [id=11980]
  0x000001d425385ec0 GCTaskThread "GC Thread#2" [stack: 0x0000001017e00000,0x0000001017f00000] [id=13204]
  0x000001d425386170 GCTaskThread "GC Thread#3" [stack: 0x0000001017f00000,0x0000001018000000] [id=5264]
  0x000001d425386420 GCTaskThread "GC Thread#4" [stack: 0x0000001018000000,0x0000001018100000] [id=7244]
  0x000001d4253866d0 GCTaskThread "GC Thread#5" [stack: 0x0000001018100000,0x0000001018200000] [id=728]

Threads with active compile tasks:
C2 CompilerThread0     1153 1437       4       java.io.WinNTFileSystem::normalize (143 bytes)
C2 CompilerThread1     1153 1456       4       java.util.concurrent.ConcurrentHashMap::get (162 bytes)

VM state: not at safepoint (normal execution)

VM Mutex/Monitor currently owned by a thread: None

Heap address: 0x00000000c0000000, size: 1024 MB, Compressed Oops mode: 32-bit

CDS archive(s) not mapped
Compressed class space mapped at: 0x0000000100000000-0x0000000140000000, reserved size: 1073741824
Narrow klass base: 0x0000000000000000, Narrow klass shift: 3, Narrow klass range: 0x140000000

GC Precious Log:
 CPUs: 6 total, 6 available
 Memory: 8001M
 Large Page Support: Disabled
 NUMA Support: Disabled
 Compressed Oops: Enabled (32-bit)
 Alignments: Space 512K, Generation 512K, Heap 2M
 Heap Min Capacity: 100M
 Heap Initial Capacity: 100M
 Heap Max Capacity: 1G
 Pre-touch: Disabled
 Parallel Workers: 6

Heap:
 PSYoungGen      total 29696K, used 22330K [0x00000000eab00000, 0x00000000ecc00000, 0x0000000100000000)
  eden space 25600K, 74% used [0x00000000eab00000,0x00000000ebdb21f8,0x00000000ec400000)
  from space 4096K, 77% used [0x00000000ec400000,0x00000000ec71c680,0x00000000ec800000)
  to   space 4096K, 0% used [0x00000000ec800000,0x00000000ec800000,0x00000000ecc00000)
 ParOldGen       total 68608K, used 16K [0x00000000c0000000, 0x00000000c4300000, 0x00000000eab00000)
  object space 68608K, 0% used [0x00000000c0000000,0x00000000c0004000,0x00000000c4300000)
 Metaspace       used 13646K, committed 13888K, reserved 1064960K
  class space    used 1344K, committed 1472K, reserved 1048576K

Card table byte_map: [0x000001d420550000,0x000001d420760000] _byte_map_base: 0x000001d41ff50000

Marking Bits: (ParMarkBitMap*) 0x00007ffbdddb3e70
 Begin Bits: [0x000001d4208c0000, 0x000001d4218c0000)
 End Bits:   [0x000001d4218c0000, 0x000001d4228c0000)

Polling page: 0x000001d40cc50000

Metaspace:

Usage:
  Non-class:     12.01 MB used.
      Class:      1.31 MB used.
       Both:     13.33 MB used.

Virtual space:
  Non-class space:       16.00 MB reserved,      12.12 MB ( 76%) committed,  2 nodes.
      Class space:        1.00 GB reserved,       1.44 MB ( <1%) committed,  1 nodes.
             Both:        1.02 GB reserved,      13.56 MB (  1%) committed. 

Chunk freelists:
   Non-Class:  3.34 MB
       Class:  2.48 MB
        Both:  5.83 MB

MaxMetaspaceSize: unlimited
CompressedClassSpaceSize: 1.00 GB
Initial GC threshold: 21.00 MB
Current GC threshold: 21.00 MB
CDS: off
MetaspaceReclaimPolicy: balanced
 - commit_granule_bytes: 65536.
 - commit_granule_words: 8192.
 - virtual_space_node_default_size: 1048576.
 - enlarge_chunks_in_place: 1.
 - new_chunks_are_fully_committed: 0.
 - uncommit_free_chunks: 1.
 - use_allocation_guard: 0.
 - handle_deallocations: 1.


Internal statistics:

num_allocs_failed_limit: 0.
num_arena_births: 56.
num_arena_deaths: 0.
num_vsnodes_births: 3.
num_vsnodes_deaths: 0.
num_space_committed: 217.
num_space_uncommitted: 0.
num_chunks_returned_to_freelist: 0.
num_chunks_taken_from_freelist: 211.
num_chunk_merges: 0.
num_chunk_splits: 147.
num_chunks_enlarged: 122.
num_purges: 0.
num_inconsistent_stats: 0.

CodeHeap 'non-profiled nmethods': size=120000Kb used=603Kb max_used=603Kb free=119396Kb
 bounds [0x000001d418e40000, 0x000001d4190b0000, 0x000001d420370000]
CodeHeap 'profiled nmethods': size=120000Kb used=2675Kb max_used=2675Kb free=117324Kb
 bounds [0x000001d411370000, 0x000001d411610000, 0x000001d4188a0000]
CodeHeap 'non-nmethods': size=5760Kb used=1157Kb max_used=1181Kb free=4602Kb
 bounds [0x000001d4188a0000, 0x000001d418b10000, 0x000001d418e40000]
 total_blobs=1907 nmethods=1456 adapters=365
 compilation: enabled
              stopped_count=0, restarted_count=0
 full_count=0

Compilation events (20 events):
Event: 1.070 Thread 0x000001d424c5a560 nmethod 1439 0x000001d4115fda10 code [0x000001d4115fdca0, 0x000001d4115fe718]
Event: 1.072 Thread 0x000001d424c5a560 1440       3       java.net.URL::isBuiltinStreamHandler (32 bytes)
Event: 1.073 Thread 0x000001d424c5a560 nmethod 1440 0x000001d4115fea90 code [0x000001d4115fed80, 0x000001d4115ffe18]
Event: 1.073 Thread 0x000001d424c5a560 1441       3       java.net.URL::isBuiltinStreamHandler (7 bytes)
Event: 1.073 Thread 0x000001d424c5a560 nmethod 1441 0x000001d411600410 code [0x000001d4116005c0, 0x000001d411600788]
Event: 1.075 Thread 0x000001d424c5a560 1442       3       java.lang.String::getChars (54 bytes)
Event: 1.075 Thread 0x000001d424c5a560 nmethod 1442 0x000001d411600890 code [0x000001d411600a80, 0x000001d411600ef8]
Event: 1.075 Thread 0x000001d424c5a560 1443       3       java.lang.StringLatin1::getChars (12 bytes)
Event: 1.075 Thread 0x000001d424c5a560 nmethod 1443 0x000001d411601110 code [0x000001d4116012a0, 0x000001d4116013c8]
Event: 1.075 Thread 0x000001d424c5a560 1444       3       org.eclipse.osgi.internal.framework.EquinoxConfiguration$ConfigValues::internalGet (24 bytes)
Event: 1.076 Thread 0x000001d424c5a560 nmethod 1444 0x000001d411601490 code [0x000001d411601740, 0x000001d411602368]
Event: 1.077 Thread 0x000001d424c5a560 1445       3       jdk.internal.ref.PhantomCleanable::clean (16 bytes)
Event: 1.077 Thread 0x000001d424c5a560 nmethod 1445 0x000001d411602790 code [0x000001d411602960, 0x000001d411602c28]
Event: 1.079 Thread 0x000001d424e26330 1446       4       sun.nio.fs.WindowsPathParser::isInvalidPathChar (22 bytes)
Event: 1.080 Thread 0x000001d424e26330 nmethod 1446 0x000001d418ed1e90 code [0x000001d418ed2000, 0x000001d418ed2178]
Event: 1.084 Thread 0x000001d424e26330 1447       4       java.io.WinNTFileSystem::normalize (224 bytes)
Event: 1.086 Thread 0x000001d424c5a560 1448       3       java.io.File::isAbsolute (8 bytes)
Event: 1.086 Thread 0x000001d424c5a560 nmethod 1448 0x000001d411602d10 code [0x000001d411602ec0, 0x000001d411603028]
Event: 1.093 Thread 0x000001d424c5a560 1450       3       java.util.Collections::emptyIterator (4 bytes)
Event: 1.094 Thread 0x000001d424c5a560 nmethod 1450 0x000001d411603110 code [0x000001d4116032a0, 0x000001d411603398]

GC Heap History (2 events):
Event: 0.775 GC heap before
{Heap before GC invocations=1 (full 0):
 PSYoungGen      total 29696K, used 25600K [0x00000000eab00000, 0x00000000ecc00000, 0x0000000100000000)
  eden space 25600K, 100% used [0x00000000eab00000,0x00000000ec400000,0x00000000ec400000)
  from space 4096K, 0% used [0x00000000ec800000,0x00000000ec800000,0x00000000ecc00000)
  to   space 4096K, 0% used [0x00000000ec400000,0x00000000ec400000,0x00000000ec800000)
 ParOldGen       total 68608K, used 0K [0x00000000c0000000, 0x00000000c4300000, 0x00000000eab00000)
  object space 68608K, 0% used [0x00000000c0000000,0x00000000c0000000,0x00000000c4300000)
 Metaspace       used 11118K, committed 11328K, reserved 1064960K
  class space    used 1106K, committed 1216K, reserved 1048576K
}
Event: 0.782 GC heap after
{Heap after GC invocations=1 (full 0):
 PSYoungGen      total 29696K, used 3185K [0x00000000eab00000, 0x00000000ecc00000, 0x0000000100000000)
  eden space 25600K, 0% used [0x00000000eab00000,0x00000000eab00000,0x00000000ec400000)
  from space 4096K, 77% used [0x00000000ec400000,0x00000000ec71c680,0x00000000ec800000)
  to   space 4096K, 0% used [0x00000000ec800000,0x00000000ec800000,0x00000000ecc00000)
 ParOldGen       total 68608K, used 16K [0x00000000c0000000, 0x00000000c4300000, 0x00000000eab00000)
  object space 68608K, 0% used [0x00000000c0000000,0x00000000c0004000,0x00000000c4300000)
 Metaspace       used 11118K, committed 11328K, reserved 1064960K
  class space    used 1106K, committed 1216K, reserved 1048576K
}

Dll operation events (8 events):
Event: 0.014 Loaded shared library c:\Users\daniely.campaner\.vscode\extensions\redhat.java-1.16.0-win32-x64\jre\17.0.6-win32-x86_64\bin\java.dll
Event: 0.141 Loaded shared library c:\Users\daniely.campaner\.vscode\extensions\redhat.java-1.16.0-win32-x64\jre\17.0.6-win32-x86_64\bin\zip.dll
Event: 0.147 Loaded shared library C:\Users\daniely.campaner\.vscode\extensions\redhat.java-1.16.0-win32-x64\jre\17.0.6-win32-x86_64\bin\instrument.dll
Event: 0.164 Loaded shared library C:\Users\daniely.campaner\.vscode\extensions\redhat.java-1.16.0-win32-x64\jre\17.0.6-win32-x86_64\bin\net.dll
Event: 0.170 Loaded shared library C:\Users\daniely.campaner\.vscode\extensions\redhat.java-1.16.0-win32-x64\jre\17.0.6-win32-x86_64\bin\nio.dll
Event: 0.181 Loaded shared library C:\Users\daniely.campaner\.vscode\extensions\redhat.java-1.16.0-win32-x64\jre\17.0.6-win32-x86_64\bin\zip.dll
Event: 0.198 Loaded shared library C:\Users\daniely.campaner\.vscode\extensions\redhat.java-1.16.0-win32-x64\jre\17.0.6-win32-x86_64\bin\jimage.dll
Event: 0.253 Loaded shared library c:\Users\daniely.campaner\.vscode\extensions\redhat.java-1.16.0-win32-x64\jre\17.0.6-win32-x86_64\bin\verify.dll

Deoptimization events (20 events):
Event: 0.826 Thread 0x000001d40ceb9940 Uncommon trap: trap_request=0xffffff45 fr.pc=0x000001d418e75b94 relative=0x0000000000000074
Event: 0.826 Thread 0x000001d40ceb9940 Uncommon trap: reason=unstable_if action=reinterpret pc=0x000001d418e75b94 method=lombok.patcher.scripts.MethodLevelPatchScript.patch(Ljava/lang/String;[BLlombok/patcher/TransplantMapper;)[B @ 8 c2
Event: 0.826 Thread 0x000001d40ceb9940 DEOPT PACKING pc=0x000001d418e75b94 sp=0x0000001016df81e0
Event: 0.826 Thread 0x000001d40ceb9940 DEOPT UNPACKING pc=0x000001d4188f66a3 sp=0x0000001016df8170 mode 2
Event: 0.926 Thread 0x000001d40ceb9940 Uncommon trap: trap_request=0xffffff45 fr.pc=0x000001d418e7fbfc relative=0x00000000000002bc
Event: 0.926 Thread 0x000001d40ceb9940 Uncommon trap: reason=unstable_if action=reinterpret pc=0x000001d418e7fbfc method=java.lang.invoke.VarHandle.checkExactAccessMode(Ljava/lang/invoke/VarHandle$AccessDescriptor;)V @ 4 c2
Event: 0.926 Thread 0x000001d40ceb9940 DEOPT PACKING pc=0x000001d418e7fbfc sp=0x0000001016dfe010
Event: 0.926 Thread 0x000001d40ceb9940 DEOPT UNPACKING pc=0x000001d4188f66a3 sp=0x0000001016dfdfe0 mode 2
Event: 0.981 Thread 0x000001d40ceb9940 Uncommon trap: trap_request=0xffffffde fr.pc=0x000001d418e9fd2c relative=0x000000000000096c
Event: 0.981 Thread 0x000001d40ceb9940 Uncommon trap: reason=class_check action=maybe_recompile pc=0x000001d418e9fd2c method=java.util.HashMap.putVal(ILjava/lang/Object;Ljava/lang/Object;ZZ)Ljava/lang/Object; @ 253 c2
Event: 0.981 Thread 0x000001d40ceb9940 DEOPT PACKING pc=0x000001d418e9fd2c sp=0x0000001016dfdaa0
Event: 0.981 Thread 0x000001d40ceb9940 DEOPT UNPACKING pc=0x000001d4188f66a3 sp=0x0000001016dfda20 mode 2
Event: 0.982 Thread 0x000001d40ceb9940 Uncommon trap: trap_request=0xffffffde fr.pc=0x000001d418e9fd2c relative=0x000000000000096c
Event: 0.982 Thread 0x000001d40ceb9940 Uncommon trap: reason=class_check action=maybe_recompile pc=0x000001d418e9fd2c method=java.util.HashMap.putVal(ILjava/lang/Object;Ljava/lang/Object;ZZ)Ljava/lang/Object; @ 253 c2
Event: 0.982 Thread 0x000001d40ceb9940 DEOPT PACKING pc=0x000001d418e9fd2c sp=0x0000001016dfdaa0
Event: 0.982 Thread 0x000001d40ceb9940 DEOPT UNPACKING pc=0x000001d4188f66a3 sp=0x0000001016dfda20 mode 2
Event: 1.002 Thread 0x000001d40ceb9940 DEOPT PACKING pc=0x000001d411473f61 sp=0x0000001016dfc4a0
Event: 1.002 Thread 0x000001d40ceb9940 DEOPT UNPACKING pc=0x000001d4188f6e43 sp=0x0000001016dfb928 mode 0
Event: 1.084 Thread 0x000001d40ceb9940 DEOPT PACKING pc=0x000001d41143e343 sp=0x0000001016dfe040
Event: 1.084 Thread 0x000001d40ceb9940 DEOPT UNPACKING pc=0x000001d4188f6e43 sp=0x0000001016dfd560 mode 0

Classes unloaded (0 events):
No events

Classes redefined (0 events):
No events

Internal exceptions (20 events):
Event: 0.489 Thread 0x000001d40ceb9940 Exception <a 'java/io/FileNotFoundException'{0x00000000eb7a1fc0}> (0x00000000eb7a1fc0) 
thrown [s\src\hotspot\share\prims\jni.cpp, line 516]
Event: 0.490 Thread 0x000001d40ceb9940 Exception <a 'java/io/FileNotFoundException'{0x00000000eb7a2d48}> (0x00000000eb7a2d48) 
thrown [s\src\hotspot\share\prims\jni.cpp, line 516]
Event: 0.492 Thread 0x000001d40ceb9940 Implicit null exception at 0x000001d418e62372 to 0x000001d418e628b8
Event: 0.497 Thread 0x000001d40ceb9940 Exception <a 'java/io/FileNotFoundException'{0x00000000eb7e1588}> (0x00000000eb7e1588) 
thrown [s\src\hotspot\share\prims\jni.cpp, line 516]
Event: 0.640 Thread 0x000001d40ceb9940 Exception <a 'java/lang/ClassNotFoundException'{0x00000000ebfd5e10}: sun/net/www/protocol/c/Handler> (0x00000000ebfd5e10) 
thrown [s\src\hotspot\share\classfile\systemDictionary.cpp, line 256]
Event: 0.640 Thread 0x000001d40ceb9940 Exception <a 'java/lang/ClassNotFoundException'{0x00000000ebfd71f0}: sun/net/www/protocol/c/Handler> (0x00000000ebfd71f0) 
thrown [s\src\hotspot\share\classfile\systemDictionary.cpp, line 256]
Event: 0.641 Thread 0x000001d40ceb9940 Exception <a 'java/lang/ClassNotFoundException'{0x00000000ebfd8430}: sun/net/www/protocol/c/Handler> (0x00000000ebfd8430) 
thrown [s\src\hotspot\share\classfile\systemDictionary.cpp, line 256]
Event: 0.668 Thread 0x000001d40ceb9940 Exception <a 'java/io/FileNotFoundException'{0x00000000ebffefb0}> (0x00000000ebffefb0) 
thrown [s\src\hotspot\share\prims\jni.cpp, line 516]
Event: 0.704 Thread 0x000001d40ceb9940 Implicit null exception at 0x000001d418e8ce00 to 0x000001d418e8d7fc
Event: 0.704 Thread 0x000001d40ceb9940 Implicit null exception at 0x000001d418e858f1 to 0x000001d418e85ae0
Event: 0.704 Thread 0x000001d40ceb9940 Implicit null exception at 0x000001d418e851f1 to 0x000001d418e853f4
Event: 0.705 Thread 0x000001d40ceb9940 Implicit null exception at 0x000001d418e7ca0f to 0x000001d418e7ca89
Event: 0.739 Thread 0x000001d40ceb9940 Exception <a 'java/lang/NoSuchMethodError'{0x00000000ec2cca30}: 'int java.lang.invoke.DirectMethodHandle$Holder.invokeStaticInit(java.lang.Object, java.lang.Object, java.lang.Object, java.lang.Object)'> (0x00000000ec2cca30) 
thrown [s\src\hotspot\share\interpreter\linkResolver.cpp, line 759]
Event: 0.740 Thread 0x000001d40ceb9940 Exception <a 'java/lang/NoSuchMethodError'{0x00000000ec2d70a0}: 'java.lang.Object java.lang.invoke.DirectMethodHandle$Holder.invokeInterface(java.lang.Object, java.lang.Object)'> (0x00000000ec2d70a0) 
thrown [s\src\hotspot\share\interpreter\linkResolver.cpp, line 759]
Event: 0.740 Thread 0x000001d40ceb9940 Exception <a 'java/lang/IncompatibleClassChangeError'{0x00000000ec2da898}: Found class java.lang.Object, but interface was expected> (0x00000000ec2da898) 
thrown [s\src\hotspot\share\interpreter\linkResolver.cpp, line 826]
Event: 0.741 Thread 0x000001d40ceb9940 Exception <a 'java/lang/NoSuchMethodError'{0x00000000ec2ded90}: 'void java.lang.invoke.DirectMethodHandle$Holder.invokeStatic(java.lang.Object, java.lang.Object)'> (0x00000000ec2ded90) 
thrown [s\src\hotspot\share\interpreter\linkResolver.cpp, line 759]
Event: 0.741 Thread 0x000001d40ceb9940 Exception <a 'java/lang/NoSuchMethodError'{0x00000000ec2e2590}: 'void java.lang.invoke.DirectMethodHandle$Holder.invokeStaticInit(java.lang.Object, java.lang.Object)'> (0x00000000ec2e2590) 
thrown [s\src\hotspot\share\interpreter\linkResolver.cpp, line 759]
Event: 0.742 Thread 0x000001d40ceb9940 Exception <a 'java/lang/NoSuchMethodError'{0x00000000ec2e99e8}: 'int java.lang.invoke.DirectMethodHandle$Holder.invokeStaticInit(java.lang.Object, java.lang.Object)'> (0x00000000ec2e99e8) 
thrown [s\src\hotspot\share\interpreter\linkResolver.cpp, line 759]
Event: 0.784 Thread 0x000001d40ceb9940 Exception <a 'java/lang/NoSuchMethodError'{0x00000000eab2f160}: 'void java.lang.invoke.DirectMethodHandle$Holder.invokeSpecial(java.lang.Object, java.lang.Object, java.lang.Object)'> (0x00000000eab2f160) 
thrown [s\src\hotspot\share\interpreter\linkResolver.cpp, line 759]
Event: 0.970 Thread 0x000001d40ceb9940 Exception <a 'java/lang/NoSuchMethodError'{0x00000000eb877a58}: 'java.lang.Object java.lang.invoke.DirectMethodHandle$Holder.newInvokeSpecial(java.lang.Object, int, java.lang.Object)'> (0x00000000eb877a58) 
thrown [s\src\hotspot\share\interpreter\linkResolver.cpp, line 759]

VM Operations (20 events):
Event: 0.215 Executing VM operation: HandshakeAllThreads
Event: 0.215 Executing VM operation: HandshakeAllThreads done
Event: 0.439 Executing VM operation: HandshakeAllThreads
Event: 0.439 Executing VM operation: HandshakeAllThreads done
Event: 0.458 Executing VM operation: HandshakeAllThreads
Event: 0.458 Executing VM operation: HandshakeAllThreads done
Event: 0.625 Executing VM operation: HandshakeAllThreads
Event: 0.625 Executing VM operation: HandshakeAllThreads done
Event: 0.706 Executing VM operation: ICBufferFull
Event: 0.706 Executing VM operation: ICBufferFull done
Event: 0.775 Executing VM operation: ParallelGCFailedAllocation
Event: 0.782 Executing VM operation: ParallelGCFailedAllocation done
Event: 0.949 Executing VM operation: HandshakeAllThreads
Event: 0.949 Executing VM operation: HandshakeAllThreads done
Event: 0.949 Executing VM operation: HandshakeAllThreads
Event: 0.949 Executing VM operation: HandshakeAllThreads done
Event: 0.956 Executing VM operation: HandshakeAllThreads
Event: 0.956 Executing VM operation: HandshakeAllThreads done
Event: 0.967 Executing VM operation: HandshakeAllThreads
Event: 0.967 Executing VM operation: HandshakeAllThreads done

Events (20 events):
Event: 0.982 loading class java/util/ConcurrentModificationException
Event: 0.982 loading class java/util/ConcurrentModificationException done
Event: 0.984 loading class java/net/ContentHandlerFactory
Event: 0.984 loading class java/net/ContentHandlerFactory done
Event: 0.986 loading class java/net/ContentHandler
Event: 0.986 loading class java/net/ContentHandler done
Event: 0.997 loading class java/security/KeyStoreException
Event: 0.998 loading class java/security/KeyStoreException done
Event: 1.020 loading class java/util/LinkedList$Node
Event: 1.020 loading class java/util/LinkedList$Node done
Event: 1.020 loading class java/util/LinkedList$ListItr
Event: 1.020 loading class java/util/LinkedList$ListItr done
Event: 1.030 loading class sun/nio/fs/WindowsChannelFactory
Event: 1.031 loading class sun/nio/fs/WindowsChannelFactory done
Event: 1.031 loading class sun/nio/fs/WindowsChannelFactory$1
Event: 1.031 loading class sun/nio/fs/WindowsChannelFactory$1 done
Event: 1.031 loading class sun/nio/fs/WindowsChannelFactory$Flags
Event: 1.031 loading class sun/nio/fs/WindowsChannelFactory$Flags done
Event: 1.032 loading class sun/nio/ch/FileChannelImpl$Closer
Event: 1.032 loading class sun/nio/ch/FileChannelImpl$Closer done


Dynamic libraries:
0x00007ff7ec340000 - 0x00007ff7ec34e000 	c:\Users\daniely.campaner\.vscode\extensions\redhat.java-1.16.0-win32-x64\jre\17.0.6-win32-x86_64\bin\java.exe
0x00007ffc18030000 - 0x00007ffc18228000 	C:\Windows\SYSTEM32\ntdll.dll
0x00007ffc17960000 - 0x00007ffc17a1f000 	C:\Windows\System32\KERNEL32.dll
0x00007ffc15430000 - 0x00007ffc15531000 	C:\Windows\system32\hmpalert.dll
0x00007ffc15a10000 - 0x00007ffc15ce2000 	C:\Windows\System32\KERNELBASE.dll
0x00007ffc15860000 - 0x00007ffc15960000 	C:\Windows\System32\ucrtbase.dll
0x00007ffc06890000 - 0x00007ffc068a7000 	c:\Users\daniely.campaner\.vscode\extensions\redhat.java-1.16.0-win32-x64\jre\17.0.6-win32-x86_64\bin\jli.dll
0x00007ffc17590000 - 0x00007ffc17731000 	C:\Windows\System32\USER32.dll
0x00007ffc15f40000 - 0x00007ffc15f62000 	C:\Windows\System32\win32u.dll
0x00007ffc17750000 - 0x00007ffc1777b000 	C:\Windows\System32\GDI32.dll
0x00007ffc15f70000 - 0x00007ffc1607f000 	C:\Windows\System32\gdi32full.dll
0x00007ffc157c0000 - 0x00007ffc1585d000 	C:\Windows\System32\msvcp_win.dll
0x00007ffc050b0000 - 0x00007ffc050c9000 	c:\Users\daniely.campaner\.vscode\extensions\redhat.java-1.16.0-win32-x64\jre\17.0.6-win32-x86_64\bin\VCRUNTIME140.dll
0x00007ffbfee00000 - 0x00007ffbff09a000 	C:\Windows\WinSxS\amd64_microsoft.windows.common-controls_6595b64144ccf1df_6.0.19041.1110_none_60b5254171f9507e\COMCTL32.dll
0x00007ffc17f50000 - 0x00007ffc17fee000 	C:\Windows\System32\msvcrt.dll
0x00007ffc165e0000 - 0x00007ffc16610000 	C:\Windows\System32\IMM32.DLL
0x00007ffc121e0000 - 0x00007ffc121ec000 	c:\Users\daniely.campaner\.vscode\extensions\redhat.java-1.16.0-win32-x64\jre\17.0.6-win32-x86_64\bin\vcruntime140_1.dll
0x00007ffbee790000 - 0x00007ffbee821000 	c:\Users\daniely.campaner\.vscode\extensions\redhat.java-1.16.0-win32-x64\jre\17.0.6-win32-x86_64\bin\msvcp140.dll
0x00007ffbdd230000 - 0x00007ffbdde77000 	c:\Users\daniely.campaner\.vscode\extensions\redhat.java-1.16.0-win32-x64\jre\17.0.6-win32-x86_64\bin\server\jvm.dll
0x00007ffc16530000 - 0x00007ffc165de000 	C:\Windows\System32\ADVAPI32.dll
0x00007ffc17860000 - 0x00007ffc178fc000 	C:\Windows\System32\sechost.dll
0x00007ffc162d0000 - 0x00007ffc163f4000 	C:\Windows\System32\RPCRT4.dll
0x00007ffc058b0000 - 0x00007ffc058d7000 	C:\Windows\SYSTEM32\WINMM.dll
0x00007ffc05020000 - 0x00007ffc05029000 	C:\Windows\SYSTEM32\WSOCK32.dll
0x00007ffc10880000 - 0x00007ffc1088a000 	C:\Windows\SYSTEM32\VERSION.dll
0x00007ffc17520000 - 0x00007ffc1758b000 	C:\Windows\System32\WS2_32.dll
0x00007ffc133f0000 - 0x00007ffc13402000 	C:\Windows\SYSTEM32\kernel.appcore.dll
0x00007ffc05010000 - 0x00007ffc0501a000 	c:\Users\daniely.campaner\.vscode\extensions\redhat.java-1.16.0-win32-x64\jre\17.0.6-win32-x86_64\bin\jimage.dll
0x00007ffc05fa0000 - 0x00007ffc06184000 	C:\Windows\SYSTEM32\DBGHELP.DLL
0x00007ffc04f70000 - 0x00007ffc04fa5000 	C:\Windows\SYSTEM32\dbgcore.DLL
0x00007ffc15730000 - 0x00007ffc157b2000 	C:\Windows\System32\bcryptPrimitives.dll
0x00007ffc05000000 - 0x00007ffc0500e000 	c:\Users\daniely.campaner\.vscode\extensions\redhat.java-1.16.0-win32-x64\jre\17.0.6-win32-x86_64\bin\instrument.dll
0x00007ffc04130000 - 0x00007ffc04155000 	c:\Users\daniely.campaner\.vscode\extensions\redhat.java-1.16.0-win32-x64\jre\17.0.6-win32-x86_64\bin\java.dll
0x00007ffbf57f0000 - 0x00007ffbf5808000 	c:\Users\daniely.campaner\.vscode\extensions\redhat.java-1.16.0-win32-x64\jre\17.0.6-win32-x86_64\bin\zip.dll
0x00007ffc169c0000 - 0x00007ffc17105000 	C:\Windows\System32\SHELL32.dll
0x00007ffc135f0000 - 0x00007ffc13d82000 	C:\Windows\SYSTEM32\windows.storage.dll
0x00007ffc17110000 - 0x00007ffc17465000 	C:\Windows\System32\combase.dll
0x00007ffc15010000 - 0x00007ffc15040000 	C:\Windows\SYSTEM32\Wldp.dll
0x00007ffc16910000 - 0x00007ffc169bd000 	C:\Windows\System32\SHCORE.dll
0x00007ffc166f0000 - 0x00007ffc16745000 	C:\Windows\System32\shlwapi.dll
0x00007ffc15670000 - 0x00007ffc1568f000 	C:\Windows\SYSTEM32\profapi.dll
0x00007ffbf4500000 - 0x00007ffbf4519000 	C:\Users\daniely.campaner\.vscode\extensions\redhat.java-1.16.0-win32-x64\jre\17.0.6-win32-x86_64\bin\net.dll
0x00007ffc145a0000 - 0x00007ffc146aa000 	C:\Windows\SYSTEM32\WINHTTP.dll
0x00007ffc14d00000 - 0x00007ffc14d6a000 	C:\Windows\system32\mswsock.dll
0x00007ffbf3510000 - 0x00007ffbf3525000 	C:\Users\daniely.campaner\.vscode\extensions\redhat.java-1.16.0-win32-x64\jre\17.0.6-win32-x86_64\bin\nio.dll
0x00007ffc040e0000 - 0x00007ffc040f0000 	c:\Users\daniely.campaner\.vscode\extensions\redhat.java-1.16.0-win32-x64\jre\17.0.6-win32-x86_64\bin\verify.dll

dbghelp: loaded successfully - version: 4.0.5 - missing functions: none
symbol engine: initialized successfully - sym options: 0x614 - pdb path: .;c:\Users\daniely.campaner\.vscode\extensions\redhat.java-1.16.0-win32-x64\jre\17.0.6-win32-x86_64\bin;C:\Windows\SYSTEM32;C:\Windows\WinSxS\amd64_microsoft.windows.common-controls_6595b64144ccf1df_6.0.19041.1110_none_60b5254171f9507e;c:\Users\daniely.campaner\.vscode\extensions\redhat.java-1.16.0-win32-x64\jre\17.0.6-win32-x86_64\bin\server

VM Arguments:
jvm_args: --add-modules=ALL-SYSTEM --add-opens=java.base/java.util=ALL-UNNAMED --add-opens=java.base/java.lang=ALL-UNNAMED --add-opens=java.base/sun.nio.fs=ALL-UNNAMED -Declipse.application=org.eclipse.jdt.ls.core.id1 -Dosgi.bundles.defaultStartLevel=4 -Declipse.product=org.eclipse.jdt.ls.core.product -Djava.import.generatesMetadataFilesAtProjectRoot=false -Dfile.encoding=utf8 -XX:+UseParallelGC -XX:GCTimeRatio=4 -XX:AdaptiveSizePolicyWeight=90 -Dsun.zip.disableMemoryMapping=true -Xmx1G -Xms100m -Xlog:disable -javaagent:c:\Users\daniely.campaner\.vscode\extensions\redhat.java-1.16.0-win32-x64\lombok\lombok-1.18.24.jar -XX:+HeapDumpOnOutOfMemoryError -XX:HeapDumpPath=c:\Users\daniely.campaner\AppData\Roaming\Code\User\workspaceStorage\9035ea4b6b5a324985c92919cde5af43\redhat.java 
java_command: c:\Users\daniely.campaner\.vscode\extensions\redhat.java-1.16.0-win32-x64\server\plugins\org.eclipse.equinox.launcher_1.6.400.v20210924-0641.jar -configuration c:\Users\daniely.campaner\AppData\Roaming\Code\User\globalStorage\redhat.java\1.16.0\config_win -data c:\Users\daniely.campaner\AppData\Roaming\Code\User\workspaceStorage\9035ea4b6b5a324985c92919cde5af43\redhat.java\jdt_ws
java_class_path (initial): c:\Users\daniely.campaner\.vscode\extensions\redhat.java-1.16.0-win32-x64\server\plugins\org.eclipse.equinox.launcher_1.6.400.v20210924-0641.jar
Launcher Type: SUN_STANDARD

[Global flags]
    uintx AdaptiveSizePolicyWeight                 = 90                                        {product} {command line}
     intx CICompilerCount                          = 3                                         {product} {ergonomic}
    uintx GCTimeRatio                              = 4                                         {product} {command line}
     bool HeapDumpOnOutOfMemoryError               = true                                   {manageable} {command line}
    ccstr HeapDumpPath                             = c:\Users\daniely.campaner\AppData\Roaming\Code\User\workspaceStorage\9035ea4b6b5a324985c92919cde5af43\redhat.java         {manageable} {command line}
   size_t InitialHeapSize                          = 104857600                                 {product} {command line}
   size_t MaxHeapSize                              = 1073741824                                {product} {command line}
   size_t MaxNewSize                               = 357564416                                 {product} {ergonomic}
   size_t MinHeapDeltaBytes                        = 524288                                    {product} {ergonomic}
   size_t MinHeapSize                              = 104857600                                 {product} {command line}
   size_t NewSize                                  = 34603008                                  {product} {ergonomic}
    uintx NonNMethodCodeHeapSize                   = 5832780                                {pd product} {ergonomic}
    uintx NonProfiledCodeHeapSize                  = 122912730                              {pd product} {ergonomic}
   size_t OldSize                                  = 70254592                                  {product} {ergonomic}
    uintx ProfiledCodeHeapSize                     = 122912730                              {pd product} {ergonomic}
    uintx ReservedCodeCacheSize                    = 251658240                              {pd product} {ergonomic}
     bool SegmentedCodeCache                       = true                                      {product} {ergonomic}
   size_t SoftMaxHeapSize                          = 1073741824                             {manageable} {ergonomic}
     bool UseCompressedClassPointers               = true                           {product lp64_product} {ergonomic}
     bool UseCompressedOops                        = true                           {product lp64_product} {ergonomic}
     bool UseLargePagesIndividualAllocation        = false                                  {pd product} {ergonomic}
     bool UseParallelGC                            = true                                      {product} {command line}

Logging:
Log output configuration:
 #0: stdout all=off uptime,level,tags
 #1: stderr all=off uptime,level,tags

Environment Variables:
PATH=C:\Program Files (x86)\VMware\VMware Workstation\bin\;C:\Program Files\Common Files\Oracle\Java\javapath;C:\Program Files (x86)\Common Files\Oracle\Java\javapath;C:\Windows\system32;C:\Windows;C:\Windows\System32\Wbem;C:\Windows\System32\WindowsPowerShell\v1.0\;C:\Windows\System32\OpenSSH\;C:\Program Files\Git\cmd;C:\Program Files\nodejs\;C:\Program Files\Microsoft VS Code\bin;C:\Users\daniely.campaner\AppData\Local\Microsoft\WindowsApps;
USERNAME=daniely.campaner
OS=Windows_NT
PROCESSOR_IDENTIFIER=Intel64 Family 6 Model 158 Stepping 10, GenuineIntel
TMP=C:\Users\DANIEL~1.CAM\AppData\Local\Temp
TEMP=C:\Users\DANIEL~1.CAM\AppData\Local\Temp



---------------  S Y S T E M  ---------------

OS:
 Windows 10 , 64 bit Build 19041 (10.0.19041.2546)
OS uptime: 0 days 0:56 hours

CPU: total 6 (initial active 6) (6 cores per cpu, 1 threads per core) family 6 model 158 stepping 10 microcode 0xea, cx8, cmov, fxsr, mmx, 3dnowpref, sse, sse2, sse3, ssse3, sse4.1, sse4.2, popcnt, lzcnt, tsc, tscinvbit, avx, avx2, aes, erms, clmul, bmi1, bmi2, rtm, adx, fma, vzeroupper, clflush, clflushopt

Memory: 4k page, system-wide physical 8001M (1223M free)
TotalPageFile size 8001M (AvailPageFile size 5M)
current process WorkingSet (physical memory assigned to process): 82M, peak: 83M
current process commit charge ("private bytes"): 200M, peak: 202M

vm_info: OpenJDK 64-Bit Server VM (17.0.6+10) for windows-amd64 JRE (17.0.6+10), built on Jan 18 2023 10:08:59 by "temurin" with MS VC++ 16.7 (VS2019)

END.
