#
# There is insufficient memory for the Java Runtime Environment to continue.
# Native memory allocation (mmap) failed to map 65536 bytes for Failed to commit metaspace.
# Possible reasons:
#   The system is out of physical RAM or swap space
#   The process is running with CompressedOops enabled, and the Java Heap may be blocking the growth of the native heap
# Possible solutions:
#   Reduce memory load on the system
#   Increase physical memory or swap space
#   Check if swap backing store is full
#   Decrease Java heap size (-Xmx/-Xms)
#   Decrease number of Java threads
#   Decrease Java thread stack sizes (-Xss)
#   Set larger code cache with -XX:ReservedCodeCacheSize=
#   JVM is running with Unscaled Compressed Oops mode in which the Java heap is
#     placed in the first 4GB address space. The Java Heap base address is the
#     maximum limit for the native heap growth. Please use -XX:HeapBaseMinAddress
#     to set the Java Heap base and to place the Java Heap above 4GB virtual address.
# This output file may be truncated or incomplete.
#
#  Out of Memory Error (virtualSpaceNode.cpp:110), pid=15020, tid=10468
#
# JRE version: OpenJDK Runtime Environment Temurin-17.0.6+10 (17.0.6+10) (build 17.0.6+10)
# Java VM: OpenJDK 64-Bit Server VM Temurin-17.0.6+10 (17.0.6+10, mixed mode, tiered, compressed oops, compressed class ptrs, parallel gc, windows-amd64)
# No core dump will be written. Minidumps are not enabled by default on client versions of Windows
#

---------------  S U M M A R Y ------------

Command Line: --add-modules=ALL-SYSTEM --add-opens=java.base/java.util=ALL-UNNAMED --add-opens=java.base/java.lang=ALL-UNNAMED --add-opens=java.base/sun.nio.fs=ALL-UNNAMED -Declipse.application=org.eclipse.jdt.ls.core.id1 -Dosgi.bundles.defaultStartLevel=4 -Declipse.product=org.eclipse.jdt.ls.core.product -Djava.import.generatesMetadataFilesAtProjectRoot=false -Dfile.encoding=utf8 -XX:+UseParallelGC -XX:GCTimeRatio=4 -XX:AdaptiveSizePolicyWeight=90 -Dsun.zip.disableMemoryMapping=true -Xmx1G -Xms100m -Xlog:disable -javaagent:c:\Users\daniely.campaner\.vscode\extensions\redhat.java-1.16.0-win32-x64\lombok\lombok-1.18.24.jar -XX:+HeapDumpOnOutOfMemoryError -XX:HeapDumpPath=c:\Users\daniely.campaner\AppData\Roaming\Code\User\workspaceStorage\ff6e532f7dba09f9b10f8937634f7fe3\redhat.java c:\Users\daniely.campaner\.vscode\extensions\redhat.java-1.16.0-win32-x64\server\plugins\org.eclipse.equinox.launcher_1.6.400.v20210924-0641.jar -configuration c:\Users\daniely.campaner\AppData\Roaming\Code\User\globalStorage\redhat.java\1.16.0\config_win -data c:\Users\daniely.campaner\AppData\Roaming\Code\User\workspaceStorage\ff6e532f7dba09f9b10f8937634f7fe3\redhat.java\jdt_ws

Host: Intel(R) Core(TM) i5-9500 CPU @ 3.00GHz, 6 cores, 7G,  Windows 10 , 64 bit Build 19041 (10.0.19041.2546)
Time: Mon Mar 20 19:20:37 2023 Hora oficial do Brasil elapsed time: 1.103841 seconds (0d 0h 0m 1s)

---------------  T H R E A D  ---------------

Current thread (0x000001b3d4fb92c0):  JavaThread "Start Level: Equinox Container: 0eb9577f-3188-468e-9083-ddde5b7cf9e1" daemon [_thread_in_vm, id=10468, stack(0x000000241b400000,0x000000241b500000)]

Stack: [0x000000241b400000,0x000000241b500000]
Native frames: (J=compiled Java code, j=interpreted, Vv=VM code, C=native code)
V  [jvm.dll+0x67741a]
V  [jvm.dll+0x834434]
V  [jvm.dll+0x835bde]
V  [jvm.dll+0x836243]
V  [jvm.dll+0x2457b5]
V  [jvm.dll+0x8304cb]
V  [jvm.dll+0x61bca6]
V  [jvm.dll+0x1c05fe]
V  [jvm.dll+0x61e5f1]
V  [jvm.dll+0x61c646]
V  [jvm.dll+0x23b2a0]
V  [jvm.dll+0x1eae0d]
V  [jvm.dll+0x1e0841]
V  [jvm.dll+0x53c6d0]
V  [jvm.dll+0x7af5e8]
V  [jvm.dll+0x7af6d4]
V  [jvm.dll+0x40bc05]
V  [jvm.dll+0x411d58]
C  [java.dll+0x17ec]

Java frames: (J=compiled Java code, j=interpreted, Vv=VM code)
J 1068  java.lang.ClassLoader.defineClass1(Ljava/lang/ClassLoader;Ljava/lang/String;[BIILjava/security/ProtectionDomain;Ljava/lang/String;)Ljava/lang/Class; java.base@17.0.6 (0 bytes) @ 0x000001b3c98b8e5b [0x000001b3c98b8da0+0x00000000000000bb]
J 1698 c1 java.lang.ClassLoader.defineClass(Ljava/lang/String;[BIILjava/security/ProtectionDomain;)Ljava/lang/Class; java.base@17.0.6 (43 bytes) @ 0x000001b3c2098054 [0x000001b3c2097d00+0x0000000000000354]
j  org.eclipse.osgi.internal.loader.ModuleClassLoader.defineClass(Ljava/lang/String;[BLorg/eclipse/osgi/internal/loader/classpath/ClasspathEntry;)Lorg/eclipse/osgi/internal/loader/ModuleClassLoader$DefineClassResult;+42
j  org.eclipse.osgi.internal.loader.classpath.ClasspathManager.defineClass(Ljava/lang/String;[BLorg/eclipse/osgi/internal/loader/classpath/ClasspathEntry;Lorg/eclipse/osgi/storage/bundlefile/BundleEntry;Ljava/util/List;)Ljava/lang/Class;+424
j  org.eclipse.osgi.internal.loader.classpath.ClasspathManager.findClassImpl(Ljava/lang/String;Lorg/eclipse/osgi/internal/loader/classpath/ClasspathEntry;Ljava/util/List;)Ljava/lang/Class;+269
j  org.eclipse.osgi.internal.loader.classpath.ClasspathManager.findLocalClassImpl(Ljava/lang/String;[Lorg/eclipse/osgi/internal/loader/classpath/ClasspathEntry;Ljava/util/List;)Ljava/lang/Class;+30
j  org.eclipse.osgi.internal.loader.classpath.ClasspathManager.findLocalClassImpl(Ljava/lang/String;Ljava/util/List;)Ljava/lang/Class;+69
J 1733 c1 org.eclipse.osgi.internal.loader.classpath.ClasspathManager.findLocalClass(Ljava/lang/String;)Ljava/lang/Class; (210 bytes) @ 0x000001b3c20ac43c [0x000001b3c20ab7a0+0x0000000000000c9c]
J 1731 c1 org.eclipse.osgi.internal.loader.BundleLoader.findLocalClass(Ljava/lang/String;)Ljava/lang/Class; (152 bytes) @ 0x000001b3c20a98ec [0x000001b3c20a90a0+0x000000000000084c]
J 1703 c1 org.eclipse.osgi.internal.loader.BundleLoader.findClass0(Ljava/lang/String;ZZ)Ljava/lang/Class; (466 bytes) @ 0x000001b3c9902c84 [0x000001b3c99005a0+0x00000000000026e4]
J 1667 c1 org.eclipse.osgi.internal.loader.BundleLoader.findClass(Ljava/lang/String;)Ljava/lang/Class; (8 bytes) @ 0x000001b3c208199c [0x000001b3c2081920+0x000000000000007c]
J 1668 c1 org.eclipse.osgi.internal.loader.ModuleClassLoader.loadClass(Ljava/lang/String;Z)Ljava/lang/Class; (36 bytes) @ 0x000001b3c2081f3c [0x000001b3c2081d20+0x000000000000021c]
J 795 c1 java.lang.ClassLoader.loadClass(Ljava/lang/String;)Ljava/lang/Class; java.base@17.0.6 (7 bytes) @ 0x000001b3c1ec223c [0x000001b3c1ec2140+0x00000000000000fc]
v  ~StubRoutines::call_stub
j  org.eclipse.core.internal.preferences.Activator.start(Lorg/osgi/framework/BundleContext;)V+46
j  org.eclipse.osgi.internal.framework.BundleContextImpl$2.run()Ljava/lang/Void;+23
j  org.eclipse.osgi.internal.framework.BundleContextImpl$2.run()Ljava/lang/Object;+1
J 1235 c1 java.security.AccessController.executePrivileged(Ljava/security/PrivilegedExceptionAction;Ljava/security/AccessControlContext;Ljava/lang/Class;)Ljava/lang/Object; java.base@17.0.6 (65 bytes) @ 0x000001b3c1fa2134 [0x000001b3c1fa1fe0+0x0000000000000154]
j  java.security.AccessController.doPrivileged(Ljava/security/PrivilegedExceptionAction;)Ljava/lang/Object;+9 java.base@17.0.6
j  org.eclipse.osgi.internal.framework.BundleContextImpl.startActivator(Lorg/osgi/framework/BundleActivator;)V+9
j  org.eclipse.osgi.internal.framework.BundleContextImpl.start()V+134
j  org.eclipse.osgi.internal.framework.EquinoxBundle.startWorker0()V+35
j  org.eclipse.osgi.internal.framework.EquinoxBundle$EquinoxModule.startWorker()V+4
j  org.eclipse.osgi.container.Module.doStart([Lorg/eclipse/osgi/container/Module$StartOptions;)Lorg/eclipse/osgi/container/ModuleContainerAdaptor$ModuleEvent;+190
j  org.eclipse.osgi.container.Module.start([Lorg/eclipse/osgi/container/Module$StartOptions;)V+460
j  org.eclipse.osgi.framework.util.SecureAction.start(Lorg/eclipse/osgi/container/Module;[Lorg/eclipse/osgi/container/Module$StartOptions;)V+8
j  org.eclipse.osgi.internal.hooks.EclipseLazyStarter.postFindLocalClass(Ljava/lang/String;Ljava/lang/Class;Lorg/eclipse/osgi/internal/loader/classpath/ClasspathManager;)V+173
j  org.eclipse.osgi.internal.loader.classpath.ClasspathManager.findLocalClass(Ljava/lang/String;)Ljava/lang/Class;+148
j  org.eclipse.osgi.internal.loader.ModuleClassLoader.findLocalClass(Ljava/lang/String;)Ljava/lang/Class;+5
j  org.eclipse.osgi.internal.loader.BundleLoader.findLocalClass(Ljava/lang/String;)Ljava/lang/Class;+57
j  org.eclipse.osgi.internal.loader.sources.SingleSourcePackage.loadClass(Ljava/lang/String;)Ljava/lang/Class;+5
J 1703 c1 org.eclipse.osgi.internal.loader.BundleLoader.findClass0(Ljava/lang/String;ZZ)Ljava/lang/Class; (466 bytes) @ 0x000001b3c9902b8c [0x000001b3c99005a0+0x00000000000025ec]
J 1667 c1 org.eclipse.osgi.internal.loader.BundleLoader.findClass(Ljava/lang/String;)Ljava/lang/Class; (8 bytes) @ 0x000001b3c208199c [0x000001b3c2081920+0x000000000000007c]
J 1668 c1 org.eclipse.osgi.internal.loader.ModuleClassLoader.loadClass(Ljava/lang/String;Z)Ljava/lang/Class; (36 bytes) @ 0x000001b3c2081f3c [0x000001b3c2081d20+0x000000000000021c]
J 795 c1 java.lang.ClassLoader.loadClass(Ljava/lang/String;)Ljava/lang/Class; java.base@17.0.6 (7 bytes) @ 0x000001b3c1ec223c [0x000001b3c1ec2140+0x00000000000000fc]
v  ~StubRoutines::call_stub
j  java.lang.Class.getDeclaredMethods0(Z)[Ljava/lang/reflect/Method;+0 java.base@17.0.6
j  java.lang.Class.privateGetDeclaredMethods(Z)[Ljava/lang/reflect/Method;+34 java.base@17.0.6
j  java.lang.Class.getDeclaredMethod(Ljava/lang/String;[Ljava/lang/Class;)Ljava/lang/reflect/Method;+25 java.base@17.0.6
j  org.apache.felix.scr.impl.inject.methods.BaseMethod.getMethod(Ljava/lang/Class;Ljava/lang/String;[Ljava/lang/Class;ZZLorg/apache/felix/scr/impl/logger/ComponentLogger;)Ljava/lang/reflect/Method;+3
j  org.apache.felix.scr.impl.inject.methods.BindMethod.getServiceReferenceMethod(Ljava/lang/Class;ZZLorg/apache/felix/scr/impl/logger/ComponentLogger;)Ljava/lang/reflect/Method;+20
j  org.apache.felix.scr.impl.inject.methods.BindMethod.doFindMethod(Ljava/lang/Class;ZZLorg/apache/felix/scr/impl/logger/ComponentLogger;)Lorg/apache/felix/scr/impl/inject/methods/BaseMethod$MethodInfo;+67
j  org.apache.felix.scr.impl.inject.methods.BaseMethod.findMethod(Lorg/apache/felix/scr/impl/logger/ComponentLogger;)Lorg/apache/felix/scr/impl/inject/methods/BaseMethod$MethodInfo;+103
j  org.apache.felix.scr.impl.inject.methods.BaseMethod.access$400(Lorg/apache/felix/scr/impl/inject/methods/BaseMethod;Lorg/apache/felix/scr/impl/logger/ComponentLogger;)Lorg/apache/felix/scr/impl/inject/methods/BaseMethod$MethodInfo;+2
j  org.apache.felix.scr.impl.inject.methods.BaseMethod$NotResolved.resolve(Lorg/apache/felix/scr/impl/inject/methods/BaseMethod;Lorg/apache/felix/scr/impl/logger/ComponentLogger;)V+34
j  org.apache.felix.scr.impl.inject.methods.BaseMethod$NotResolved.methodExists(Lorg/apache/felix/scr/impl/inject/methods/BaseMethod;Lorg/apache/felix/scr/impl/logger/ComponentLogger;)Z+3
j  org.apache.felix.scr.impl.inject.methods.BaseMethod.methodExists(Lorg/apache/felix/scr/impl/logger/ComponentLogger;)Z+6
j  org.apache.felix.scr.impl.inject.methods.BindMethod.getServiceObject(Lorg/apache/felix/scr/impl/inject/BindParameters;Lorg/osgi/framework/BundleContext;)Z+24
j  org.apache.felix.scr.impl.manager.DependencyManager.getServiceObject(Lorg/apache/felix/scr/impl/manager/ComponentContextImpl;Lorg/apache/felix/scr/impl/inject/ReferenceMethod;Lorg/apache/felix/scr/impl/inject/RefPair;)Z+26
j  org.apache.felix.scr.impl.manager.DependencyManager$SingleDynamicCustomizer.prebind(Lorg/apache/felix/scr/impl/manager/ComponentContextImpl;)Z+151
j  org.apache.felix.scr.impl.manager.DependencyManager.prebind(Lorg/apache/felix/scr/impl/manager/ComponentContextImpl;)Z+5
j  org.apache.felix.scr.impl.manager.AbstractComponentManager.collectDependencies(Lorg/apache/felix/scr/impl/manager/ComponentContextImpl;)Z+36
j  org.apache.felix.scr.impl.manager.SingleComponentManager.getServiceInternal(Lorg/osgi/framework/ServiceRegistration;)Z+25
j  org.apache.felix.scr.impl.manager.AbstractComponentManager.activateInternal()V+427
j  org.apache.felix.scr.impl.manager.AbstractComponentManager.enableInternal()V+174
j  org.apache.felix.scr.impl.manager.AbstractComponentManager.enable(Z)Lorg/osgi/util/promise/Promise;+12
j  org.apache.felix.scr.impl.manager.ConfigurableComponentHolder.enableComponents(Z)Lorg/osgi/util/promise/Promise;+275
j  org.apache.felix.scr.impl.BundleComponentActivator.initialEnable()V+105
j  org.apache.felix.scr.impl.Activator.loadComponents(Lorg/osgi/framework/Bundle;)V+380
j  org.apache.felix.scr.impl.Activator.access$200(Lorg/apache/felix/scr/impl/Activator;Lorg/osgi/framework/Bundle;)V+2
j  org.apache.felix.scr.impl.Activator$ScrExtension.start()V+72
j  org.apache.felix.scr.impl.AbstractExtender.createExtension(Lorg/osgi/framework/Bundle;)V+71
j  org.apache.felix.scr.impl.AbstractExtender.modifiedBundle(Lorg/osgi/framework/Bundle;Lorg/osgi/framework/BundleEvent;Lorg/osgi/framework/Bundle;)V+115
j  org.apache.felix.scr.impl.AbstractExtender.addingBundle(Lorg/osgi/framework/Bundle;Lorg/osgi/framework/BundleEvent;)Lorg/osgi/framework/Bundle;+4
j  org.apache.felix.scr.impl.AbstractExtender.addingBundle(Lorg/osgi/framework/Bundle;Lorg/osgi/framework/BundleEvent;)Ljava/lang/Object;+3
j  org.osgi.util.tracker.BundleTracker$Tracked.customizerAdding(Lorg/osgi/framework/Bundle;Lorg/osgi/framework/BundleEvent;)Ljava/lang/Object;+9
j  org.osgi.util.tracker.BundleTracker$Tracked.customizerAdding(Ljava/lang/Object;Ljava/lang/Object;)Ljava/lang/Object;+9
j  org.osgi.util.tracker.AbstractTracked.trackAdding(Ljava/lang/Object;Ljava/lang/Object;)V+8
j  org.osgi.util.tracker.AbstractTracked.track(Ljava/lang/Object;Ljava/lang/Object;)V+83
j  org.osgi.util.tracker.BundleTracker$Tracked.bundleChanged(Lorg/osgi/framework/BundleEvent;)V+35
j  org.eclipse.osgi.internal.framework.BundleContextImpl.dispatchEvent(Ljava/lang/Object;Ljava/lang/Object;ILjava/lang/Object;)V+159
j  org.eclipse.osgi.framework.eventmgr.EventManager.dispatchEvent(Ljava/util/Set;Lorg/eclipse/osgi/framework/eventmgr/EventDispatcher;ILjava/lang/Object;)V+48
j  org.eclipse.osgi.framework.eventmgr.ListenerQueue.dispatchEventSynchronous(ILjava/lang/Object;)V+67
j  org.eclipse.osgi.internal.framework.EquinoxEventPublisher.publishBundleEventPrivileged(Lorg/osgi/framework/BundleEvent;)V+547
j  org.eclipse.osgi.internal.framework.EquinoxEventPublisher.publishBundleEvent(Lorg/osgi/framework/BundleEvent;)V+8
j  org.eclipse.osgi.internal.framework.EquinoxEventPublisher.publishBundleEvent(ILorg/osgi/framework/Bundle;Lorg/osgi/framework/Bundle;)V+15
j  org.eclipse.osgi.internal.framework.EquinoxContainerAdaptor.publishModuleEvent(Lorg/eclipse/osgi/container/ModuleContainerAdaptor$ModuleEvent;Lorg/eclipse/osgi/container/Module;Lorg/eclipse/osgi/container/Module;)V+29
j  org.eclipse.osgi.container.Module.publishEvent(Lorg/eclipse/osgi/container/ModuleContainerAdaptor$ModuleEvent;)V+13
j  org.eclipse.osgi.container.Module.start([Lorg/eclipse/osgi/container/Module$StartOptions;)V+588
j  org.eclipse.osgi.container.ModuleContainer$ContainerStartLevel$2.run()V+71
j  org.eclipse.osgi.internal.framework.EquinoxContainerAdaptor$1$1.execute(Ljava/lang/Runnable;)V+1
j  org.eclipse.osgi.container.ModuleContainer$ContainerStartLevel.incStartLevel(ILjava/util/List;Z)V+192
j  org.eclipse.osgi.container.ModuleContainer$ContainerStartLevel.incStartLevel(ILjava/util/List;Ljava/util/List;Ljava/util/List;Ljava/util/List;)V+4
j  org.eclipse.osgi.container.ModuleContainer$ContainerStartLevel.doContainerStartLevel(Lorg/eclipse/osgi/container/Module;I[Lorg/osgi/framework/FrameworkListener;)V+349
j  org.eclipse.osgi.container.ModuleContainer$ContainerStartLevel.dispatchEvent(Lorg/eclipse/osgi/container/Module;[Lorg/osgi/framework/FrameworkListener;ILjava/lang/Integer;)V+32
j  org.eclipse.osgi.container.ModuleContainer$ContainerStartLevel.dispatchEvent(Ljava/lang/Object;Ljava/lang/Object;ILjava/lang/Object;)V+15
j  org.eclipse.osgi.framework.eventmgr.EventManager.dispatchEvent(Ljava/util/Set;Lorg/eclipse/osgi/framework/eventmgr/EventDispatcher;ILjava/lang/Object;)V+48
j  org.eclipse.osgi.framework.eventmgr.EventManager$EventThread.run()V+26
v  ~StubRoutines::call_stub

---------------  P R O C E S S  ---------------

Threads class SMR info:
_java_thread_list=0x000001b3d6721440, length=18, elements={
0x000001b3bf0fa940, 0x000001b3bf1b7d10, 0x000001b3bf1b8ff0, 0x000001b3d2f71ac0,
0x000001b3d2f74390, 0x000001b3d2f76ba0, 0x000001b3d4fb7f80, 0x000001b3d4fbdf20,
0x000001b3d4fbf810, 0x000001b3d4fc9080, 0x000001b3d4fb9790, 0x000001b3d4fba130,
0x000001b3d54003d0, 0x000001b3d4fba600, 0x000001b3d4fbaad0, 0x000001b3d4fb92c0,
0x000001b3d4fb8450, 0x000001b3d4fbafa0
}

Java Threads: ( => current thread )
  0x000001b3bf0fa940 JavaThread "main" [_thread_blocked, id=11668, stack(0x0000002419d00000,0x0000002419e00000)]
  0x000001b3bf1b7d10 JavaThread "Reference Handler" daemon [_thread_blocked, id=2292, stack(0x000000241a000000,0x000000241a100000)]
  0x000001b3bf1b8ff0 JavaThread "Finalizer" daemon [_thread_blocked, id=2156, stack(0x000000241a100000,0x000000241a200000)]
  0x000001b3d2f71ac0 JavaThread "Signal Dispatcher" daemon [_thread_blocked, id=11368, stack(0x000000241a200000,0x000000241a300000)]
  0x000001b3d2f74390 JavaThread "Attach Listener" daemon [_thread_blocked, id=5824, stack(0x000000241a300000,0x000000241a400000)]
  0x000001b3d2f76ba0 JavaThread "Service Thread" daemon [_thread_blocked, id=7424, stack(0x000000241a400000,0x000000241a500000)]
  0x000001b3d4fb7f80 JavaThread "Monitor Deflation Thread" daemon [_thread_blocked, id=11548, stack(0x000000241a500000,0x000000241a600000)]
  0x000001b3d4fbdf20 JavaThread "C2 CompilerThread0" daemon [_thread_blocked, id=7160, stack(0x000000241a600000,0x000000241a700000)]
  0x000001b3d4fbf810 JavaThread "C1 CompilerThread0" daemon [_thread_blocked, id=7712, stack(0x000000241a700000,0x000000241a800000)]
  0x000001b3d4fc9080 JavaThread "Sweeper thread" daemon [_thread_blocked, id=15208, stack(0x000000241a800000,0x000000241a900000)]
  0x000001b3d4fb9790 JavaThread "Common-Cleaner" daemon [_thread_blocked, id=7044, stack(0x000000241a900000,0x000000241aa00000)]
  0x000001b3d4fba130 JavaThread "Notification Thread" daemon [_thread_blocked, id=12080, stack(0x000000241aa00000,0x000000241ab00000)]
  0x000001b3d54003d0 JavaThread "C2 CompilerThread1" daemon [_thread_blocked, id=6136, stack(0x000000241ac00000,0x000000241ad00000)]
  0x000001b3d4fba600 JavaThread "Active Thread: Equinox Container: 0eb9577f-3188-468e-9083-ddde5b7cf9e1" [_thread_blocked, id=6640, stack(0x000000241b200000,0x000000241b300000)]
  0x000001b3d4fbaad0 JavaThread "Framework Event Dispatcher: Equinox Container: 0eb9577f-3188-468e-9083-ddde5b7cf9e1" daemon [_thread_blocked, id=1556, stack(0x000000241b300000,0x000000241b400000)]
=>0x000001b3d4fb92c0 JavaThread "Start Level: Equinox Container: 0eb9577f-3188-468e-9083-ddde5b7cf9e1" daemon [_thread_in_vm, id=10468, stack(0x000000241b400000,0x000000241b500000)]
  0x000001b3d4fb8450 JavaThread "SCR Component Actor" daemon [_thread_blocked, id=3256, stack(0x000000241b500000,0x000000241b600000)]
  0x000001b3d4fbafa0 JavaThread "SCR Component Registry" daemon [_thread_blocked, id=3268, stack(0x000000241b600000,0x000000241b700000)]

Other Threads:
  0x000001b3bf1add60 VMThread "VM Thread" [stack: 0x0000002419f00000,0x000000241a000000] [id=15100]
  0x000001b3d5273470 WatcherThread [stack: 0x000000241ab00000,0x000000241ac00000] [id=12652]
  0x000001b3bf111660 GCTaskThread "GC Thread#0" [stack: 0x0000002419e00000,0x0000002419f00000] [id=15356]
  0x000001b3d554a380 GCTaskThread "GC Thread#1" [stack: 0x000000241ad00000,0x000000241ae00000] [id=10132]
  0x000001b3d5807240 GCTaskThread "GC Thread#2" [stack: 0x000000241ae00000,0x000000241af00000] [id=9748]
  0x000001b3d58031a0 GCTaskThread "GC Thread#3" [stack: 0x000000241af00000,0x000000241b000000] [id=13948]
  0x000001b3d57e2d90 GCTaskThread "GC Thread#4" [stack: 0x000000241b000000,0x000000241b100000] [id=14800]
  0x000001b3d5803450 GCTaskThread "GC Thread#5" [stack: 0x000000241b100000,0x000000241b200000] [id=13648]

Threads with active compile tasks:

VM state: not at safepoint (normal execution)

VM Mutex/Monitor currently owned by a thread:  ([mutex/lock_event])
[0x000001b3bf0f5db0] Metaspace_lock - owner thread: 0x000001b3d4fb92c0

Heap address: 0x00000000c0000000, size: 1024 MB, Compressed Oops mode: 32-bit

CDS archive(s) not mapped
Compressed class space mapped at: 0x0000000100000000-0x0000000140000000, reserved size: 1073741824
Narrow klass base: 0x0000000000000000, Narrow klass shift: 3, Narrow klass range: 0x140000000

GC Precious Log:
 CPUs: 6 total, 6 available
 Memory: 8001M
 Large Page Support: Disabled
 NUMA Support: Disabled
 Compressed Oops: Enabled (32-bit)
 Alignments: Space 512K, Generation 512K, Heap 2M
 Heap Min Capacity: 100M
 Heap Initial Capacity: 100M
 Heap Max Capacity: 1G
 Pre-touch: Disabled
 Parallel Workers: 6

Heap:
 PSYoungGen      total 29696K, used 12386K [0x00000000eab00000, 0x00000000ecc00000, 0x0000000100000000)
  eden space 25600K, 32% used [0x00000000eab00000,0x00000000eb31d2d0,0x00000000ec400000)
  from space 4096K, 99% used [0x00000000ec800000,0x00000000ecbfb708,0x00000000ecc00000)
  to   space 4096K, 0% used [0x00000000ec400000,0x00000000ec400000,0x00000000ec800000)
 ParOldGen       total 68608K, used 1386K [0x00000000c0000000, 0x00000000c4300000, 0x00000000eab00000)
  object space 68608K, 2% used [0x00000000c0000000,0x00000000c015ab80,0x00000000c4300000)
 Metaspace       used 16544K, committed 16832K, reserved 1064960K
  class space    used 1685K, committed 1856K, reserved 1048576K

Card table byte_map: [0x000001b3beaa0000,0x000001b3becb0000] _byte_map_base: 0x000001b3be4a0000

Marking Bits: (ParMarkBitMap*) 0x00007ffb3f903e70
 Begin Bits: [0x000001b3d0d80000, 0x000001b3d1d80000)
 End Bits:   [0x000001b3d1d80000, 0x000001b3d2d80000)

Polling page: 0x000001b3bcdd0000

Metaspace:

Usage:
  Non-class:     14.51 MB used.
      Class:      1.65 MB used.
       Both:     16.16 MB used.

Virtual space:
  Non-class space:       16.00 MB reserved,      14.62 MB ( 91%) committed,  2 nodes.
      Class space:        1.00 GB reserved,       1.81 MB ( <1%) committed,  1 nodes.
             Both:        1.02 GB reserved,      16.44 MB (  2%) committed. 

Chunk freelists:
   Non-Class:  1.30 MB
       Class:  2.25 MB
        Both:  3.54 MB

MaxMetaspaceSize: unlimited
CompressedClassSpaceSize: 1.00 GB
Initial GC threshold: 21.00 MB
Current GC threshold: 21.00 MB
CDS: off
MetaspaceReclaimPolicy: balanced
 - commit_granule_bytes: 65536.
 - commit_granule_words: 8192.
 - virtual_space_node_default_size: 1048576.
 - enlarge_chunks_in_place: 1.
 - new_chunks_are_fully_committed: 0.
 - uncommit_free_chunks: 1.
 - use_allocation_guard: 0.
 - handle_deallocations: 1.


Internal statistics:

num_allocs_failed_limit: 0.
num_arena_births: 98.
num_arena_deaths: 0.
num_vsnodes_births: 3.
num_vsnodes_deaths: 0.
num_space_committed: 263.
num_space_uncommitted: 0.
num_chunks_returned_to_freelist: 0.
num_chunks_taken_from_freelist: 368.
num_chunk_merges: 0.
num_chunk_splits: 248.
num_chunks_enlarged: 193.
num_purges: 0.
num_inconsistent_stats: 0.

CodeHeap 'non-profiled nmethods': size=120000Kb used=728Kb max_used=728Kb free=119271Kb
 bounds [0x000001b3c9850000, 0x000001b3c9ac0000, 0x000001b3d0d80000]
CodeHeap 'profiled nmethods': size=120000Kb used=3257Kb max_used=3257Kb free=116743Kb
 bounds [0x000001b3c1d80000, 0x000001b3c20b0000, 0x000001b3c92b0000]
CodeHeap 'non-nmethods': size=5760Kb used=1164Kb max_used=1191Kb free=4595Kb
 bounds [0x000001b3c92b0000, 0x000001b3c9520000, 0x000001b3c9850000]
 total_blobs=2194 nmethods=1732 adapters=376
 compilation: enabled
              stopped_count=0, restarted_count=0
 full_count=0

Compilation events (20 events):
Event: 1.095 Thread 0x000001b3d4fbf810 1725       3       java.util.Collections$UnmodifiableCollection::isEmpty (10 bytes)
Event: 1.095 Thread 0x000001b3d4fbf810 nmethod 1725 0x000001b3c20a6c10 code [0x000001b3c20a6dc0, 0x000001b3c20a6f88]
Event: 1.098 Thread 0x000001b3d4fbf810 1726       3       java.util.Collections::eq (22 bytes)
Event: 1.098 Thread 0x000001b3d4fbf810 nmethod 1726 0x000001b3c20a7090 code [0x000001b3c20a7240, 0x000001b3c20a74a8]
Event: 1.098 Thread 0x000001b3d54003d0 1727       4       java.util.zip.ZipFile$Source::zipCoderForPos (39 bytes)
Event: 1.099 Thread 0x000001b3d4fbf810 1728       3       java.util.Collections$SingletonMap::get (20 bytes)
Event: 1.099 Thread 0x000001b3d54003d0 nmethod 1727 0x000001b3c9905e90 code [0x000001b3c9906000, 0x000001b3c99060b8]
Event: 1.099 Thread 0x000001b3d4fbf810 nmethod 1728 0x000001b3c20a7590 code [0x000001b3c20a7760, 0x000001b3c20a7ac8]
Event: 1.099 Thread 0x000001b3d4fbf810 1729       3       java.lang.Long::stringSize (55 bytes)
Event: 1.099 Thread 0x000001b3d4fbf810 nmethod 1729 0x000001b3c20a7c10 code [0x000001b3c20a7dc0, 0x000001b3c20a8058]
Event: 1.099 Thread 0x000001b3d4fbf810 1730       3       java.lang.Long::getChars (208 bytes)
Event: 1.099 Thread 0x000001b3d4fbf810 nmethod 1730 0x000001b3c20a8110 code [0x000001b3c20a8300, 0x000001b3c20a8918]
Event: 1.099 Thread 0x000001b3d4fbf810 1731   !   3       org.eclipse.osgi.internal.loader.BundleLoader::findLocalClass (152 bytes)
Event: 1.100 Thread 0x000001b3d4fbf810 nmethod 1731 0x000001b3c20a8c90 code [0x000001b3c20a90a0, 0x000001b3c20aa998]
Event: 1.100 Thread 0x000001b3d4fbf810 1733   !   3       org.eclipse.osgi.internal.loader.classpath.ClasspathManager::findLocalClass (210 bytes)
Event: 1.101 Thread 0x000001b3d4fbf810 nmethod 1733 0x000001b3c20ab410 code [0x000001b3c20ab7a0, 0x000001b3c20ad288]
Event: 1.101 Thread 0x000001b3d4fbf810 1732       3       org.eclipse.osgi.internal.loader.ModuleClassLoader::findLocalClass (9 bytes)
Event: 1.101 Thread 0x000001b3d4fbf810 nmethod 1732 0x000001b3c20adb10 code [0x000001b3c20adcc0, 0x000001b3c20ade28]
Event: 1.101 Thread 0x000001b3d4fbf810 1734       3       org.eclipse.osgi.container.ModuleRevision::getBundle (8 bytes)
Event: 1.101 Thread 0x000001b3d4fbf810 nmethod 1734 0x000001b3c20adf10 code [0x000001b3c20ae0c0, 0x000001b3c20ae2e8]

GC Heap History (4 events):
Event: 0.588 GC heap before
{Heap before GC invocations=1 (full 0):
 PSYoungGen      total 29696K, used 25600K [0x00000000eab00000, 0x00000000ecc00000, 0x0000000100000000)
  eden space 25600K, 100% used [0x00000000eab00000,0x00000000ec400000,0x00000000ec400000)
  from space 4096K, 0% used [0x00000000ec800000,0x00000000ec800000,0x00000000ecc00000)
  to   space 4096K, 0% used [0x00000000ec400000,0x00000000ec400000,0x00000000ec800000)
 ParOldGen       total 68608K, used 0K [0x00000000c0000000, 0x00000000c4300000, 0x00000000eab00000)
  object space 68608K, 0% used [0x00000000c0000000,0x00000000c0000000,0x00000000c4300000)
 Metaspace       used 11108K, committed 11328K, reserved 1064960K
  class space    used 1106K, committed 1216K, reserved 1048576K
}
Event: 0.593 GC heap after
{Heap after GC invocations=1 (full 0):
 PSYoungGen      total 29696K, used 3217K [0x00000000eab00000, 0x00000000ecc00000, 0x0000000100000000)
  eden space 25600K, 0% used [0x00000000eab00000,0x00000000eab00000,0x00000000ec400000)
  from space 4096K, 78% used [0x00000000ec400000,0x00000000ec7246a0,0x00000000ec800000)
  to   space 4096K, 0% used [0x00000000ec800000,0x00000000ec800000,0x00000000ecc00000)
 ParOldGen       total 68608K, used 16K [0x00000000c0000000, 0x00000000c4300000, 0x00000000eab00000)
  object space 68608K, 0% used [0x00000000c0000000,0x00000000c0004000,0x00000000c4300000)
 Metaspace       used 11108K, committed 11328K, reserved 1064960K
  class space    used 1106K, committed 1216K, reserved 1048576K
}
Event: 1.011 GC heap before
{Heap before GC invocations=2 (full 0):
 PSYoungGen      total 29696K, used 28817K [0x00000000eab00000, 0x00000000ecc00000, 0x0000000100000000)
  eden space 25600K, 100% used [0x00000000eab00000,0x00000000ec400000,0x00000000ec400000)
  from space 4096K, 78% used [0x00000000ec400000,0x00000000ec7246a0,0x00000000ec800000)
  to   space 4096K, 0% used [0x00000000ec800000,0x00000000ec800000,0x00000000ecc00000)
 ParOldGen       total 68608K, used 16K [0x00000000c0000000, 0x00000000c4300000, 0x00000000eab00000)
  object space 68608K, 0% used [0x00000000c0000000,0x00000000c0004000,0x00000000c4300000)
 Metaspace       used 15035K, committed 15296K, reserved 1064960K
  class space    used 1516K, committed 1664K, reserved 1048576K
}
Event: 1.016 GC heap after
{Heap after GC invocations=2 (full 0):
 PSYoungGen      total 29696K, used 4077K [0x00000000eab00000, 0x00000000ecc00000, 0x0000000100000000)
  eden space 25600K, 0% used [0x00000000eab00000,0x00000000eab00000,0x00000000ec400000)
  from space 4096K, 99% used [0x00000000ec800000,0x00000000ecbfb708,0x00000000ecc00000)
  to   space 4096K, 0% used [0x00000000ec400000,0x00000000ec400000,0x00000000ec800000)
 ParOldGen       total 68608K, used 1386K [0x00000000c0000000, 0x00000000c4300000, 0x00000000eab00000)
  object space 68608K, 2% used [0x00000000c0000000,0x00000000c015ab80,0x00000000c4300000)
 Metaspace       used 15035K, committed 15296K, reserved 1064960K
  class space    used 1516K, committed 1664K, reserved 1048576K
}

Dll operation events (9 events):
Event: 0.013 Loaded shared library c:\Users\daniely.campaner\.vscode\extensions\redhat.java-1.16.0-win32-x64\jre\17.0.6-win32-x86_64\bin\java.dll
Event: 0.123 Loaded shared library c:\Users\daniely.campaner\.vscode\extensions\redhat.java-1.16.0-win32-x64\jre\17.0.6-win32-x86_64\bin\zip.dll
Event: 0.128 Loaded shared library C:\Users\daniely.campaner\.vscode\extensions\redhat.java-1.16.0-win32-x64\jre\17.0.6-win32-x86_64\bin\instrument.dll
Event: 0.140 Loaded shared library C:\Users\daniely.campaner\.vscode\extensions\redhat.java-1.16.0-win32-x64\jre\17.0.6-win32-x86_64\bin\net.dll
Event: 0.144 Loaded shared library C:\Users\daniely.campaner\.vscode\extensions\redhat.java-1.16.0-win32-x64\jre\17.0.6-win32-x86_64\bin\nio.dll
Event: 0.149 Loaded shared library C:\Users\daniely.campaner\.vscode\extensions\redhat.java-1.16.0-win32-x64\jre\17.0.6-win32-x86_64\bin\zip.dll
Event: 0.161 Loaded shared library C:\Users\daniely.campaner\.vscode\extensions\redhat.java-1.16.0-win32-x64\jre\17.0.6-win32-x86_64\bin\jimage.dll
Event: 0.199 Loaded shared library c:\Users\daniely.campaner\.vscode\extensions\redhat.java-1.16.0-win32-x64\jre\17.0.6-win32-x86_64\bin\verify.dll
Event: 0.937 Loaded shared library C:\Users\daniely.campaner\AppData\Roaming\Code\User\globalStorage\redhat.java\1.16.0\config_win\org.eclipse.equinox.launcher\org.eclipse.equinox.launcher.win32.win32.x86_64_1.2.700.v20221108-1024\eclipse_11801.dll

Deoptimization events (20 events):
Event: 0.798 Thread 0x000001b3bf0fa940 DEOPT PACKING pc=0x000001b3c1e80b09 sp=0x0000002419dfc8e0
Event: 0.799 Thread 0x000001b3bf0fa940 DEOPT UNPACKING pc=0x000001b3c9306e43 sp=0x0000002419dfbd68 mode 0
Event: 0.851 Thread 0x000001b3bf0fa940 DEOPT PACKING pc=0x000001b3c1e4c4c3 sp=0x0000002419dfe500
Event: 0.851 Thread 0x000001b3bf0fa940 DEOPT UNPACKING pc=0x000001b3c9306e43 sp=0x0000002419dfda20 mode 0
Event: 1.060 Thread 0x000001b3d4fb92c0 Uncommon trap: trap_request=0xffffff45 fr.pc=0x000001b3c9889cb8 relative=0x0000000000000178
Event: 1.060 Thread 0x000001b3d4fb92c0 Uncommon trap: reason=unstable_if action=reinterpret pc=0x000001b3c9889cb8 method=java.lang.invoke.VarHandle.checkExactAccessMode(Ljava/lang/invoke/VarHandle$AccessDescriptor;)V @ 4 c2
Event: 1.060 Thread 0x000001b3d4fb92c0 DEOPT PACKING pc=0x000001b3c9889cb8 sp=0x000000241b4fd5e0
Event: 1.060 Thread 0x000001b3d4fb92c0 DEOPT UNPACKING pc=0x000001b3c93066a3 sp=0x000000241b4fd520 mode 2
Event: 1.073 Thread 0x000001b3d4fb92c0 Uncommon trap: trap_request=0xffffff45 fr.pc=0x000001b3c98fb2e0 relative=0x0000000000000bc0
Event: 1.073 Thread 0x000001b3d4fb92c0 Uncommon trap: reason=unstable_if action=reinterpret pc=0x000001b3c98fb2e0 method=java.util.concurrent.ConcurrentHashMap.putVal(Ljava/lang/Object;Ljava/lang/Object;Z)Ljava/lang/Object; @ 148 c2
Event: 1.073 Thread 0x000001b3d4fb92c0 DEOPT PACKING pc=0x000001b3c98fb2e0 sp=0x000000241b4f8b30
Event: 1.073 Thread 0x000001b3d4fb92c0 DEOPT UNPACKING pc=0x000001b3c93066a3 sp=0x000000241b4f8ab0 mode 2
Event: 1.075 Thread 0x000001b3d4fb92c0 Uncommon trap: trap_request=0xffffff45 fr.pc=0x000001b3c98e6698 relative=0x0000000000002078
Event: 1.075 Thread 0x000001b3d4fb92c0 Uncommon trap: reason=unstable_if action=reinterpret pc=0x000001b3c98e6698 method=java.io.WinNTFileSystem.normalize(Ljava/lang/String;II)Ljava/lang/String; @ 100 c2
Event: 1.075 Thread 0x000001b3d4fb92c0 DEOPT PACKING pc=0x000001b3c98e6698 sp=0x000000241b4f8f50
Event: 1.075 Thread 0x000001b3d4fb92c0 DEOPT UNPACKING pc=0x000001b3c93066a3 sp=0x000000241b4f8e90 mode 2
Event: 1.075 Thread 0x000001b3d4fb92c0 Uncommon trap: trap_request=0xffffff45 fr.pc=0x000001b3c98e0fac relative=0x000000000000100c
Event: 1.075 Thread 0x000001b3d4fb92c0 Uncommon trap: reason=unstable_if action=reinterpret pc=0x000001b3c98e0fac method=java.io.WinNTFileSystem.normalize(Ljava/lang/String;II)Ljava/lang/String; @ 100 c2
Event: 1.075 Thread 0x000001b3d4fb92c0 DEOPT PACKING pc=0x000001b3c98e0fac sp=0x000000241b4f8e70
Event: 1.075 Thread 0x000001b3d4fb92c0 DEOPT UNPACKING pc=0x000001b3c93066a3 sp=0x000000241b4f8e78 mode 2

Classes unloaded (0 events):
No events

Classes redefined (0 events):
No events

Internal exceptions (20 events):
Event: 0.375 Thread 0x000001b3bf0fa940 Implicit null exception at 0x000001b3c9872b72 to 0x000001b3c98730b8
Event: 0.377 Thread 0x000001b3bf0fa940 Exception <a 'java/io/FileNotFoundException'{0x00000000eb7e4cf8}> (0x00000000eb7e4cf8) 
thrown [s\src\hotspot\share\prims\jni.cpp, line 516]
Event: 0.493 Thread 0x000001b3bf0fa940 Exception <a 'java/lang/ClassNotFoundException'{0x00000000ebfdb7f8}: sun/net/www/protocol/c/Handler> (0x00000000ebfdb7f8) 
thrown [s\src\hotspot\share\classfile\systemDictionary.cpp, line 256]
Event: 0.493 Thread 0x000001b3bf0fa940 Exception <a 'java/lang/ClassNotFoundException'{0x00000000ebfdcc00}: sun/net/www/protocol/c/Handler> (0x00000000ebfdcc00) 
thrown [s\src\hotspot\share\classfile\systemDictionary.cpp, line 256]
Event: 0.494 Thread 0x000001b3bf0fa940 Exception <a 'java/lang/ClassNotFoundException'{0x00000000ebfdde90}: sun/net/www/protocol/c/Handler> (0x00000000ebfdde90) 
thrown [s\src\hotspot\share\classfile\systemDictionary.cpp, line 256]
Event: 0.505 Thread 0x000001b3bf0fa940 Exception <a 'java/io/FileNotFoundException'{0x00000000ec004a10}> (0x00000000ec004a10) 
thrown [s\src\hotspot\share\prims\jni.cpp, line 516]
Event: 0.531 Thread 0x000001b3bf0fa940 Implicit null exception at 0x000001b3c989fc80 to 0x000001b3c98a067c
Event: 0.531 Thread 0x000001b3bf0fa940 Implicit null exception at 0x000001b3c9898871 to 0x000001b3c9898a68
Event: 0.531 Thread 0x000001b3bf0fa940 Implicit null exception at 0x000001b3c9897b71 to 0x000001b3c9897d60
Event: 0.531 Thread 0x000001b3bf0fa940 Implicit null exception at 0x000001b3c988d08f to 0x000001b3c988d109
Event: 0.560 Thread 0x000001b3bf0fa940 Exception <a 'java/lang/NoSuchMethodError'{0x00000000ec2d45d0}: 'int java.lang.invoke.DirectMethodHandle$Holder.invokeStaticInit(java.lang.Object, java.lang.Object, java.lang.Object, java.lang.Object)'> (0x00000000ec2d45d0) 
thrown [s\src\hotspot\share\interpreter\linkResolver.cpp, line 759]
Event: 0.560 Thread 0x000001b3bf0fa940 Exception <a 'java/lang/NoSuchMethodError'{0x00000000ec2dec40}: 'java.lang.Object java.lang.invoke.DirectMethodHandle$Holder.invokeInterface(java.lang.Object, java.lang.Object)'> (0x00000000ec2dec40) 
thrown [s\src\hotspot\share\interpreter\linkResolver.cpp, line 759]
Event: 0.561 Thread 0x000001b3bf0fa940 Exception <a 'java/lang/IncompatibleClassChangeError'{0x00000000ec2e2438}: Found class java.lang.Object, but interface was expected> (0x00000000ec2e2438) 
thrown [s\src\hotspot\share\interpreter\linkResolver.cpp, line 826]
Event: 0.561 Thread 0x000001b3bf0fa940 Exception <a 'java/lang/NoSuchMethodError'{0x00000000ec2e6930}: 'void java.lang.invoke.DirectMethodHandle$Holder.invokeStatic(java.lang.Object, java.lang.Object)'> (0x00000000ec2e6930) 
thrown [s\src\hotspot\share\interpreter\linkResolver.cpp, line 759]
Event: 0.561 Thread 0x000001b3bf0fa940 Exception <a 'java/lang/NoSuchMethodError'{0x00000000ec2ea130}: 'void java.lang.invoke.DirectMethodHandle$Holder.invokeStaticInit(java.lang.Object, java.lang.Object)'> (0x00000000ec2ea130) 
thrown [s\src\hotspot\share\interpreter\linkResolver.cpp, line 759]
Event: 0.562 Thread 0x000001b3bf0fa940 Exception <a 'java/lang/NoSuchMethodError'{0x00000000ec2f1548}: 'int java.lang.invoke.DirectMethodHandle$Holder.invokeStaticInit(java.lang.Object, java.lang.Object)'> (0x00000000ec2f1548) 
thrown [s\src\hotspot\share\interpreter\linkResolver.cpp, line 759]
Event: 0.596 Thread 0x000001b3bf0fa940 Exception <a 'java/lang/NoSuchMethodError'{0x00000000eab36cf8}: 'void java.lang.invoke.DirectMethodHandle$Holder.invokeSpecial(java.lang.Object, java.lang.Object, java.lang.Object)'> (0x00000000eab36cf8) 
thrown [s\src\hotspot\share\interpreter\linkResolver.cpp, line 759]
Event: 0.763 Thread 0x000001b3bf0fa940 Exception <a 'java/lang/NoSuchMethodError'{0x00000000eb83efd8}: 'java.lang.Object java.lang.invoke.DirectMethodHandle$Holder.newInvokeSpecial(java.lang.Object, int, java.lang.Object)'> (0x00000000eb83efd8) 
thrown [s\src\hotspot\share\interpreter\linkResolver.cpp, line 759]
Event: 0.933 Thread 0x000001b3bf0fa940 Exception <a 'java/lang/UnsatisfiedLinkError'{0x00000000ebdc4fc0}: 'void org.eclipse.equinox.launcher.JNIBridge._update_splash()'> (0x00000000ebdc4fc0) 
thrown [s\src\hotspot\share\prims\nativeLookup.cpp, line 543]
Event: 0.963 Thread 0x000001b3d4fb92c0 Exception <a 'java/lang/NoSuchMethodError'{0x00000000ec09cc08}: 'java.lang.Object java.lang.invoke.DirectMethodHandle$Holder.invokeStaticInit(java.lang.Object)'> (0x00000000ec09cc08) 
thrown [s\src\hotspot\share\interpreter\linkResolver.cpp, line 759]

VM Operations (20 events):
Event: 0.357 Executing VM operation: HandshakeAllThreads
Event: 0.357 Executing VM operation: HandshakeAllThreads done
Event: 0.365 Executing VM operation: HandshakeAllThreads
Event: 0.365 Executing VM operation: HandshakeAllThreads done
Event: 0.532 Executing VM operation: ICBufferFull
Event: 0.532 Executing VM operation: ICBufferFull done
Event: 0.588 Executing VM operation: ParallelGCFailedAllocation
Event: 0.593 Executing VM operation: ParallelGCFailedAllocation done
Event: 0.749 Executing VM operation: HandshakeAllThreads
Event: 0.749 Executing VM operation: HandshakeAllThreads done
Event: 0.749 Executing VM operation: HandshakeAllThreads
Event: 0.749 Executing VM operation: HandshakeAllThreads done
Event: 0.753 Executing VM operation: HandshakeAllThreads
Event: 0.753 Executing VM operation: HandshakeAllThreads done
Event: 0.761 Executing VM operation: HandshakeAllThreads
Event: 0.761 Executing VM operation: HandshakeAllThreads done
Event: 0.973 Executing VM operation: HandshakeAllThreads
Event: 0.973 Executing VM operation: HandshakeAllThreads done
Event: 1.011 Executing VM operation: ParallelGCFailedAllocation
Event: 1.016 Executing VM operation: ParallelGCFailedAllocation done

Events (20 events):
Event: 1.042 loading class java/util/Timer done
Event: 1.042 loading class java/util/TaskQueue
Event: 1.042 loading class java/util/TaskQueue done
Event: 1.042 loading class java/util/TimerThread
Event: 1.042 loading class java/util/TimerThread done
Event: 1.042 loading class java/util/Timer$ThreadReaper
Event: 1.042 loading class java/util/Timer$ThreadReaper done
Event: 1.043 Thread 0x000001b3d4fbafa0 Thread added: 0x000001b3d4fbafa0
Event: 1.051 loading class java/util/concurrent/locks/ReentrantLock$FairSync
Event: 1.051 loading class java/util/concurrent/locks/ReentrantLock$FairSync done
Event: 1.052 loading class java/util/Collections$ReverseComparator
Event: 1.052 loading class java/util/Collections$ReverseComparator done
Event: 1.079 loading class javax/xml/parsers/ParserConfigurationException
Event: 1.079 loading class javax/xml/parsers/ParserConfigurationException done
Event: 1.084 loading class java/lang/CloneNotSupportedException
Event: 1.084 loading class java/lang/CloneNotSupportedException done
Event: 1.096 loading class java/util/TreeMap$Values
Event: 1.096 loading class java/util/TreeMap$Values done
Event: 1.096 loading class java/util/TreeMap$ValueIterator
Event: 1.096 loading class java/util/TreeMap$ValueIterator done


Dynamic libraries:
0x00007ff750740000 - 0x00007ff75074e000 	c:\Users\daniely.campaner\.vscode\extensions\redhat.java-1.16.0-win32-x64\jre\17.0.6-win32-x86_64\bin\java.exe
0x00007ffbae8f0000 - 0x00007ffbaeae8000 	C:\Windows\SYSTEM32\ntdll.dll
0x00007ffbad020000 - 0x00007ffbad0df000 	C:\Windows\System32\KERNEL32.dll
0x00007ffbabcf0000 - 0x00007ffbabdf1000 	C:\Windows\system32\hmpalert.dll
0x00007ffbac370000 - 0x00007ffbac642000 	C:\Windows\System32\KERNELBASE.dll
0x00007ffbac7b0000 - 0x00007ffbac8b0000 	C:\Windows\System32\ucrtbase.dll
0x00007ffb854a0000 - 0x00007ffb854b7000 	c:\Users\daniely.campaner\.vscode\extensions\redhat.java-1.16.0-win32-x64\jre\17.0.6-win32-x86_64\bin\jli.dll
0x00007ffbad140000 - 0x00007ffbad2e1000 	C:\Windows\System32\USER32.dll
0x00007ffbac060000 - 0x00007ffbac082000 	C:\Windows\System32\win32u.dll
0x00007ffb85480000 - 0x00007ffb85499000 	c:\Users\daniely.campaner\.vscode\extensions\redhat.java-1.16.0-win32-x64\jre\17.0.6-win32-x86_64\bin\VCRUNTIME140.dll
0x00007ffbad590000 - 0x00007ffbad5bb000 	C:\Windows\System32\GDI32.dll
0x00007ffbac260000 - 0x00007ffbac36f000 	C:\Windows\System32\gdi32full.dll
0x00007ffbac090000 - 0x00007ffbac12d000 	C:\Windows\System32\msvcp_win.dll
0x00007ffb958e0000 - 0x00007ffb95b7a000 	C:\Windows\WinSxS\amd64_microsoft.windows.common-controls_6595b64144ccf1df_6.0.19041.1110_none_60b5254171f9507e\COMCTL32.dll
0x00007ffbae800000 - 0x00007ffbae89e000 	C:\Windows\System32\msvcrt.dll
0x00007ffbae310000 - 0x00007ffbae340000 	C:\Windows\System32\IMM32.DLL
0x00007ffb8a240000 - 0x00007ffb8a24c000 	c:\Users\daniely.campaner\.vscode\extensions\redhat.java-1.16.0-win32-x64\jre\17.0.6-win32-x86_64\bin\vcruntime140_1.dll
0x00007ffb853e0000 - 0x00007ffb85471000 	c:\Users\daniely.campaner\.vscode\extensions\redhat.java-1.16.0-win32-x64\jre\17.0.6-win32-x86_64\bin\msvcp140.dll
0x00007ffb3ed80000 - 0x00007ffb3f9c7000 	c:\Users\daniely.campaner\.vscode\extensions\redhat.java-1.16.0-win32-x64\jre\17.0.6-win32-x86_64\bin\server\jvm.dll
0x00007ffbad350000 - 0x00007ffbad3fe000 	C:\Windows\System32\ADVAPI32.dll
0x00007ffbae1c0000 - 0x00007ffbae25c000 	C:\Windows\System32\sechost.dll
0x00007ffbadda0000 - 0x00007ffbadec4000 	C:\Windows\System32\RPCRT4.dll
0x00007ffb8a150000 - 0x00007ffb8a159000 	C:\Windows\SYSTEM32\WSOCK32.dll
0x00007ffb9c100000 - 0x00007ffb9c127000 	C:\Windows\SYSTEM32\WINMM.dll
0x00007ffbaded0000 - 0x00007ffbadf3b000 	C:\Windows\System32\WS2_32.dll
0x00007ffba74a0000 - 0x00007ffba74aa000 	C:\Windows\SYSTEM32\VERSION.dll
0x00007ffba9cb0000 - 0x00007ffba9cc2000 	C:\Windows\SYSTEM32\kernel.appcore.dll
0x00007ffb89f10000 - 0x00007ffb89f1a000 	c:\Users\daniely.campaner\.vscode\extensions\redhat.java-1.16.0-win32-x64\jre\17.0.6-win32-x86_64\bin\jimage.dll
0x00007ffb9c6f0000 - 0x00007ffb9c8d4000 	C:\Windows\SYSTEM32\DBGHELP.DLL
0x00007ffb9bae0000 - 0x00007ffb9bb15000 	C:\Windows\SYSTEM32\dbgcore.DLL
0x00007ffbac8b0000 - 0x00007ffbac932000 	C:\Windows\System32\bcryptPrimitives.dll
0x00007ffb87c80000 - 0x00007ffb87c8e000 	c:\Users\daniely.campaner\.vscode\extensions\redhat.java-1.16.0-win32-x64\jre\17.0.6-win32-x86_64\bin\instrument.dll
0x00007ffb853b0000 - 0x00007ffb853d5000 	c:\Users\daniely.campaner\.vscode\extensions\redhat.java-1.16.0-win32-x64\jre\17.0.6-win32-x86_64\bin\java.dll
0x00007ffb85390000 - 0x00007ffb853a8000 	c:\Users\daniely.campaner\.vscode\extensions\redhat.java-1.16.0-win32-x64\jre\17.0.6-win32-x86_64\bin\zip.dll
0x00007ffbad650000 - 0x00007ffbadd95000 	C:\Windows\System32\SHELL32.dll
0x00007ffba9eb0000 - 0x00007ffbaa642000 	C:\Windows\SYSTEM32\windows.storage.dll
0x00007ffbae340000 - 0x00007ffbae695000 	C:\Windows\System32\combase.dll
0x00007ffbab860000 - 0x00007ffbab890000 	C:\Windows\SYSTEM32\Wldp.dll
0x00007ffbae260000 - 0x00007ffbae30d000 	C:\Windows\System32\SHCORE.dll
0x00007ffbad0e0000 - 0x00007ffbad135000 	C:\Windows\System32\shlwapi.dll
0x00007ffbabf30000 - 0x00007ffbabf4f000 	C:\Windows\SYSTEM32\profapi.dll
0x00007ffb852c0000 - 0x00007ffb852d9000 	C:\Users\daniely.campaner\.vscode\extensions\redhat.java-1.16.0-win32-x64\jre\17.0.6-win32-x86_64\bin\net.dll
0x00007ffbaae60000 - 0x00007ffbaaf6a000 	C:\Windows\SYSTEM32\WINHTTP.dll
0x00007ffbab5c0000 - 0x00007ffbab62a000 	C:\Windows\system32\mswsock.dll
0x00007ffb852a0000 - 0x00007ffb852b5000 	C:\Users\daniely.campaner\.vscode\extensions\redhat.java-1.16.0-win32-x64\jre\17.0.6-win32-x86_64\bin\nio.dll
0x00007ffb85c10000 - 0x00007ffb85c20000 	c:\Users\daniely.campaner\.vscode\extensions\redhat.java-1.16.0-win32-x64\jre\17.0.6-win32-x86_64\bin\verify.dll
0x00007ffb77850000 - 0x00007ffb7788e000 	C:\Users\daniely.campaner\AppData\Roaming\Code\User\globalStorage\redhat.java\1.16.0\config_win\org.eclipse.equinox.launcher\org.eclipse.equinox.launcher.win32.win32.x86_64_1.2.700.v20221108-1024\eclipse_11801.dll
0x00007ffbadf70000 - 0x00007ffbae09a000 	C:\Windows\System32\ole32.dll

dbghelp: loaded successfully - version: 4.0.5 - missing functions: none
symbol engine: initialized successfully - sym options: 0x614 - pdb path: .;c:\Users\daniely.campaner\.vscode\extensions\redhat.java-1.16.0-win32-x64\jre\17.0.6-win32-x86_64\bin;C:\Windows\SYSTEM32;C:\Windows\WinSxS\amd64_microsoft.windows.common-controls_6595b64144ccf1df_6.0.19041.1110_none_60b5254171f9507e;c:\Users\daniely.campaner\.vscode\extensions\redhat.java-1.16.0-win32-x64\jre\17.0.6-win32-x86_64\bin\server;C:\Users\daniely.campaner\AppData\Roaming\Code\User\globalStorage\redhat.java\1.16.0\config_win\org.eclipse.equinox.launcher\org.eclipse.equinox.launcher.win32.win32.x86_64_1.2.700.v20221108-1024

VM Arguments:
jvm_args: --add-modules=ALL-SYSTEM --add-opens=java.base/java.util=ALL-UNNAMED --add-opens=java.base/java.lang=ALL-UNNAMED --add-opens=java.base/sun.nio.fs=ALL-UNNAMED -Declipse.application=org.eclipse.jdt.ls.core.id1 -Dosgi.bundles.defaultStartLevel=4 -Declipse.product=org.eclipse.jdt.ls.core.product -Djava.import.generatesMetadataFilesAtProjectRoot=false -Dfile.encoding=utf8 -XX:+UseParallelGC -XX:GCTimeRatio=4 -XX:AdaptiveSizePolicyWeight=90 -Dsun.zip.disableMemoryMapping=true -Xmx1G -Xms100m -Xlog:disable -javaagent:c:\Users\daniely.campaner\.vscode\extensions\redhat.java-1.16.0-win32-x64\lombok\lombok-1.18.24.jar -XX:+HeapDumpOnOutOfMemoryError -XX:HeapDumpPath=c:\Users\daniely.campaner\AppData\Roaming\Code\User\workspaceStorage\ff6e532f7dba09f9b10f8937634f7fe3\redhat.java 
java_command: c:\Users\daniely.campaner\.vscode\extensions\redhat.java-1.16.0-win32-x64\server\plugins\org.eclipse.equinox.launcher_1.6.400.v20210924-0641.jar -configuration c:\Users\daniely.campaner\AppData\Roaming\Code\User\globalStorage\redhat.java\1.16.0\config_win -data c:\Users\daniely.campaner\AppData\Roaming\Code\User\workspaceStorage\ff6e532f7dba09f9b10f8937634f7fe3\redhat.java\jdt_ws
java_class_path (initial): c:\Users\daniely.campaner\.vscode\extensions\redhat.java-1.16.0-win32-x64\server\plugins\org.eclipse.equinox.launcher_1.6.400.v20210924-0641.jar
Launcher Type: SUN_STANDARD

[Global flags]
    uintx AdaptiveSizePolicyWeight                 = 90                                        {product} {command line}
     intx CICompilerCount                          = 3                                         {product} {ergonomic}
    uintx GCTimeRatio                              = 4                                         {product} {command line}
     bool HeapDumpOnOutOfMemoryError               = true                                   {manageable} {command line}
    ccstr HeapDumpPath                             = c:\Users\daniely.campaner\AppData\Roaming\Code\User\workspaceStorage\ff6e532f7dba09f9b10f8937634f7fe3\redhat.java         {manageable} {command line}
   size_t InitialHeapSize                          = 104857600                                 {product} {command line}
   size_t MaxHeapSize                              = 1073741824                                {product} {command line}
   size_t MaxNewSize                               = 357564416                                 {product} {ergonomic}
   size_t MinHeapDeltaBytes                        = 524288                                    {product} {ergonomic}
   size_t MinHeapSize                              = 104857600                                 {product} {command line}
   size_t NewSize                                  = 34603008                                  {product} {ergonomic}
    uintx NonNMethodCodeHeapSize                   = 5832780                                {pd product} {ergonomic}
    uintx NonProfiledCodeHeapSize                  = 122912730                              {pd product} {ergonomic}
   size_t OldSize                                  = 70254592                                  {product} {ergonomic}
    uintx ProfiledCodeHeapSize                     = 122912730                              {pd product} {ergonomic}
    uintx ReservedCodeCacheSize                    = 251658240                              {pd product} {ergonomic}
     bool SegmentedCodeCache                       = true                                      {product} {ergonomic}
   size_t SoftMaxHeapSize                          = 1073741824                             {manageable} {ergonomic}
     bool UseCompressedClassPointers               = true                           {product lp64_product} {ergonomic}
     bool UseCompressedOops                        = true                           {product lp64_product} {ergonomic}
     bool UseLargePagesIndividualAllocation        = false                                  {pd product} {ergonomic}
     bool UseParallelGC                            = true                                      {product} {command line}

Logging:
Log output configuration:
 #0: stdout all=off uptime,level,tags
 #1: stderr all=off uptime,level,tags

Environment Variables:
PATH=C:\Program Files (x86)\VMware\VMware Workstation\bin\;C:\Program Files\Common Files\Oracle\Java\javapath;C:\Program Files (x86)\Common Files\Oracle\Java\javapath;C:\Windows\system32;C:\Windows;C:\Windows\System32\Wbem;C:\Windows\System32\WindowsPowerShell\v1.0\;C:\Windows\System32\OpenSSH\;C:\Program Files\Git\cmd;C:\Program Files\nodejs\;C:\Program Files\Microsoft VS Code\bin;C:\Users\daniely.campaner\AppData\Local\Microsoft\WindowsApps;
USERNAME=daniely.campaner
OS=Windows_NT
PROCESSOR_IDENTIFIER=Intel64 Family 6 Model 158 Stepping 10, GenuineIntel
TMP=C:\Users\DANIEL~1.CAM\AppData\Local\Temp
TEMP=C:\Users\DANIEL~1.CAM\AppData\Local\Temp



---------------  S Y S T E M  ---------------

OS:
 Windows 10 , 64 bit Build 19041 (10.0.19041.2546)
OS uptime: 0 days 0:13 hours

CPU: total 6 (initial active 6) (6 cores per cpu, 1 threads per core) family 6 model 158 stepping 10 microcode 0xea, cx8, cmov, fxsr, mmx, 3dnowpref, sse, sse2, sse3, ssse3, sse4.1, sse4.2, popcnt, lzcnt, tsc, tscinvbit, avx, avx2, aes, erms, clmul, bmi1, bmi2, rtm, adx, fma, vzeroupper, clflush, clflushopt

Memory: 4k page, system-wide physical 8001M (1578M free)
TotalPageFile size 8001M (AvailPageFile size 543M)
current process WorkingSet (physical memory assigned to process): 92M, peak: 92M
current process commit charge ("private bytes"): 203M, peak: 203M

vm_info: OpenJDK 64-Bit Server VM (17.0.6+10) for windows-amd64 JRE (17.0.6+10), built on Jan 18 2023 10:08:59 by "temurin" with MS VC++ 16.7 (VS2019)

END.
