#
# There is insufficient memory for the Java Runtime Environment to continue.
# Native memory allocation (malloc) failed to allocate 1895536 bytes for Chunk::new
# Possible reasons:
#   The system is out of physical RAM or swap space
#   The process is running with CompressedOops enabled, and the Java Heap may be blocking the growth of the native heap
# Possible solutions:
#   Reduce memory load on the system
#   Increase physical memory or swap space
#   Check if swap backing store is full
#   Decrease Java heap size (-Xmx/-Xms)
#   Decrease number of Java threads
#   Decrease Java thread stack sizes (-Xss)
#   Set larger code cache with -XX:ReservedCodeCacheSize=
#   JVM is running with Unscaled Compressed Oops mode in which the Java heap is
#     placed in the first 4GB address space. The Java Heap base address is the
#     maximum limit for the native heap growth. Please use -XX:HeapBaseMinAddress
#     to set the Java Heap base and to place the Java Heap above 4GB virtual address.
# This output file may be truncated or incomplete.
#
#  Out of Memory Error (arena.cpp:189), pid=7332, tid=924
#
# JRE version: OpenJDK Runtime Environment Temurin-17.0.6+10 (17.0.6+10) (build 17.0.6+10)
# Java VM: OpenJDK 64-Bit Server VM Temurin-17.0.6+10 (17.0.6+10, mixed mode, tiered, compressed oops, compressed class ptrs, parallel gc, windows-amd64)
# No core dump will be written. Minidumps are not enabled by default on client versions of Windows
#

---------------  S U M M A R Y ------------

Command Line: --add-modules=ALL-SYSTEM --add-opens=java.base/java.util=ALL-UNNAMED --add-opens=java.base/java.lang=ALL-UNNAMED --add-opens=java.base/sun.nio.fs=ALL-UNNAMED -Declipse.application=org.eclipse.jdt.ls.core.id1 -Dosgi.bundles.defaultStartLevel=4 -Declipse.product=org.eclipse.jdt.ls.core.product -Djava.import.generatesMetadataFilesAtProjectRoot=false -Dfile.encoding=utf8 -XX:+UseParallelGC -XX:GCTimeRatio=4 -XX:AdaptiveSizePolicyWeight=90 -Dsun.zip.disableMemoryMapping=true -Xmx1G -Xms100m -Xlog:disable -javaagent:c:\Users\daniely.campaner\.vscode\extensions\redhat.java-1.16.0-win32-x64\lombok\lombok-1.18.24.jar c:\Users\daniely.campaner\.vscode\extensions\redhat.java-1.16.0-win32-x64\server\plugins\org.eclipse.equinox.launcher_1.6.400.v20210924-0641.jar -configuration c:\Users\daniely.campaner\AppData\Roaming\Code\User\globalStorage\redhat.java\1.16.0\config_ss_win -data c:\Users\daniely.campaner\AppData\Roaming\Code\User\workspaceStorage\ff6e532f7dba09f9b10f8937634f7fe3\redhat.java\ss_ws

Host: Intel(R) Core(TM) i5-9500 CPU @ 3.00GHz, 6 cores, 7G,  Windows 10 , 64 bit Build 19041 (10.0.19041.2546)
Time: Mon Mar 20 19:20:35 2023 Hora oficial do Brasil elapsed time: 1.891875 seconds (0d 0h 0m 1s)

---------------  T H R E A D  ---------------

Current thread (0x0000029bf996f120):  JavaThread "C2 CompilerThread1" daemon [_thread_in_native, id=924, stack(0x000000a547200000,0x000000a547300000)]


Current CompileTask:
C2:   1892 2275       4       org.objectweb.asm.ClassReader::readMethod (1066 bytes)

Stack: [0x000000a547200000,0x000000a547300000]
Native frames: (J=compiled Java code, j=interpreted, Vv=VM code, C=native code)
V  [jvm.dll+0x67741a]
V  [jvm.dll+0x834434]
V  [jvm.dll+0x835bde]
V  [jvm.dll+0x836243]
V  [jvm.dll+0x2457b5]
V  [jvm.dll+0xabafc]
V  [jvm.dll+0xac0cc]
V  [jvm.dll+0x363492]
V  [jvm.dll+0x1bbb82]
V  [jvm.dll+0x218749]
V  [jvm.dll+0x217a11]
V  [jvm.dll+0x1a3d0d]
V  [jvm.dll+0x22742a]
V  [jvm.dll+0x225565]
V  [jvm.dll+0x7ea2cb]
V  [jvm.dll+0x7e483a]
V  [jvm.dll+0x6762c5]
C  [ucrtbase.dll+0x21bb2]
C  [KERNEL32.dll+0x17614]
C  [ntdll.dll+0x526a1]


---------------  P R O C E S S  ---------------

Threads class SMR info:
_java_thread_list=0x0000029bfb7098f0, length=22, elements={
0x0000029be3760db0, 0x0000029bf75c3740, 0x0000029bf75c4ee0, 0x0000029bf75e5280,
0x0000029bf75e8310, 0x0000029bf75e9630, 0x0000029bf968de90, 0x0000029bf968f9c0,
0x0000029bf96902c0, 0x0000029bf9691360, 0x0000029bf96ff730, 0x0000029bf9974000,
0x0000029bf996f120, 0x0000029bfa17f6b0, 0x0000029bf9b5d610, 0x0000029bf9c59b90,
0x0000029bfac164b0, 0x0000029bfada50b0, 0x0000029bfadd7fe0, 0x0000029bf9b511d0,
0x0000029bf9b4eb50, 0x0000029bf9b516a0
}

Java Threads: ( => current thread )
  0x0000029be3760db0 JavaThread "main" [_thread_blocked, id=15276, stack(0x000000a546300000,0x000000a546400000)]
  0x0000029bf75c3740 JavaThread "Reference Handler" daemon [_thread_blocked, id=5088, stack(0x000000a546600000,0x000000a546700000)]
  0x0000029bf75c4ee0 JavaThread "Finalizer" daemon [_thread_blocked, id=12044, stack(0x000000a546700000,0x000000a546800000)]
  0x0000029bf75e5280 JavaThread "Signal Dispatcher" daemon [_thread_blocked, id=4604, stack(0x000000a546800000,0x000000a546900000)]
  0x0000029bf75e8310 JavaThread "Attach Listener" daemon [_thread_blocked, id=10788, stack(0x000000a546900000,0x000000a546a00000)]
  0x0000029bf75e9630 JavaThread "Service Thread" daemon [_thread_blocked, id=2332, stack(0x000000a546a00000,0x000000a546b00000)]
  0x0000029bf968de90 JavaThread "Monitor Deflation Thread" daemon [_thread_blocked, id=14700, stack(0x000000a546b00000,0x000000a546c00000)]
  0x0000029bf968f9c0 JavaThread "C2 CompilerThread0" daemon [_thread_blocked, id=2796, stack(0x000000a546c00000,0x000000a546d00000)]
  0x0000029bf96902c0 JavaThread "C1 CompilerThread0" daemon [_thread_blocked, id=6284, stack(0x000000a546d00000,0x000000a546e00000)]
  0x0000029bf9691360 JavaThread "Sweeper thread" daemon [_thread_blocked, id=5748, stack(0x000000a546e00000,0x000000a546f00000)]
  0x0000029bf96ff730 JavaThread "Common-Cleaner" daemon [_thread_blocked, id=8816, stack(0x000000a546f00000,0x000000a547000000)]
  0x0000029bf9974000 JavaThread "Notification Thread" daemon [_thread_blocked, id=15296, stack(0x000000a547000000,0x000000a547100000)]
=>0x0000029bf996f120 JavaThread "C2 CompilerThread1" daemon [_thread_in_native, id=924, stack(0x000000a547200000,0x000000a547300000)]
  0x0000029bfa17f6b0 JavaThread "Active Thread: Equinox Container: 3063786e-f404-447c-906f-eae4c9028a6f" [_thread_blocked, id=15000, stack(0x000000a547800000,0x000000a547900000)]
  0x0000029bf9b5d610 JavaThread "Framework Event Dispatcher: Equinox Container: 3063786e-f404-447c-906f-eae4c9028a6f" daemon [_thread_blocked, id=11992, stack(0x000000a547900000,0x000000a547a00000)]
  0x0000029bf9c59b90 JavaThread "Start Level: Equinox Container: 3063786e-f404-447c-906f-eae4c9028a6f" daemon [_thread_blocked, id=4840, stack(0x000000a547a00000,0x000000a547b00000)]
  0x0000029bfac164b0 JavaThread "SCR Component Actor" daemon [_thread_blocked, id=6952, stack(0x000000a547b00000,0x000000a547c00000)]
  0x0000029bfada50b0 JavaThread "SCR Component Registry" daemon [_thread_blocked, id=6468, stack(0x000000a547c00000,0x000000a547d00000)]
  0x0000029bfadd7fe0 JavaThread "Worker-JM" [_thread_blocked, id=11972, stack(0x000000a547d00000,0x000000a547e00000)]
  0x0000029bf9b511d0 JavaThread "Worker-0" [_thread_blocked, id=10036, stack(0x000000a547e00000,0x000000a547f00000)]
  0x0000029bf9b4eb50 JavaThread "Worker-1" [_thread_blocked, id=8120, stack(0x000000a547f00000,0x000000a548000000)]
  0x0000029bf9b516a0 JavaThread "Java indexing" daemon [_thread_blocked, id=1880, stack(0x000000a548000000,0x000000a548100000)]

Other Threads:
  0x0000029bf75ad040 VMThread "VM Thread" [stack: 0x000000a546500000,0x000000a546600000] [id=9100]
  0x0000029bf9ab0020 WatcherThread [stack: 0x000000a547100000,0x000000a547200000] [id=14164]
  0x0000029be3778f90 GCTaskThread "GC Thread#0" [stack: 0x000000a546400000,0x000000a546500000] [id=13488]
  0x0000029bf9d4f450 GCTaskThread "GC Thread#1" [stack: 0x000000a547300000,0x000000a547400000] [id=14196]
  0x0000029bf9e47fa0 GCTaskThread "GC Thread#2" [stack: 0x000000a547400000,0x000000a547500000] [id=1152]
  0x0000029bf9d4fb10 GCTaskThread "GC Thread#3" [stack: 0x000000a547500000,0x000000a547600000] [id=6008]
  0x0000029bf9d4fdc0 GCTaskThread "GC Thread#4" [stack: 0x000000a547600000,0x000000a547700000] [id=8960]
  0x0000029bf9d50070 GCTaskThread "GC Thread#5" [stack: 0x000000a547700000,0x000000a547800000] [id=13000]

Threads with active compile tasks:
C2 CompilerThread1     1929 2275       4       org.objectweb.asm.ClassReader::readMethod (1066 bytes)

VM state: not at safepoint (normal execution)

VM Mutex/Monitor currently owned by a thread: None

Heap address: 0x00000000c0000000, size: 1024 MB, Compressed Oops mode: 32-bit

CDS archive(s) not mapped
Compressed class space mapped at: 0x0000000100000000-0x0000000140000000, reserved size: 1073741824
Narrow klass base: 0x0000000000000000, Narrow klass shift: 3, Narrow klass range: 0x140000000

GC Precious Log:
 CPUs: 6 total, 6 available
 Memory: 8001M
 Large Page Support: Disabled
 NUMA Support: Disabled
 Compressed Oops: Enabled (32-bit)
 Alignments: Space 512K, Generation 512K, Heap 2M
 Heap Min Capacity: 100M
 Heap Initial Capacity: 100M
 Heap Max Capacity: 1G
 Pre-touch: Disabled
 Parallel Workers: 6

Heap:
 PSYoungGen      total 26112K, used 1996K [0x00000000eab00000, 0x00000000ec780000, 0x0000000100000000)
  eden space 24576K, 2% used [0x00000000eab00000,0x00000000eab9e8f0,0x00000000ec300000)
  from space 1536K, 88% used [0x00000000ec600000,0x00000000ec754b08,0x00000000ec780000)
  to   space 1536K, 0% used [0x00000000ec480000,0x00000000ec480000,0x00000000ec600000)
 ParOldGen       total 68608K, used 6893K [0x00000000c0000000, 0x00000000c4300000, 0x00000000eab00000)
  object space 68608K, 10% used [0x00000000c0000000,0x00000000c06bb438,0x00000000c4300000)
 Metaspace       used 27479K, committed 27904K, reserved 1081344K
  class space    used 2645K, committed 2816K, reserved 1048576K

Card table byte_map: [0x0000029be3110000,0x0000029be3320000] _byte_map_base: 0x0000029be2b10000

Marking Bits: (ParMarkBitMap*) 0x00007ffb3f903e70
 Begin Bits: [0x0000029bf53f0000, 0x0000029bf63f0000)
 End Bits:   [0x0000029bf63f0000, 0x0000029bf73f0000)

Polling page: 0x0000029be14c0000

Metaspace:

Usage:
  Non-class:     24.25 MB used.
      Class:      2.58 MB used.
       Both:     26.84 MB used.

Virtual space:
  Non-class space:       32.00 MB reserved,      24.50 MB ( 77%) committed,  4 nodes.
      Class space:        1.00 GB reserved,       2.75 MB ( <1%) committed,  1 nodes.
             Both:        1.03 GB reserved,      27.25 MB (  3%) committed. 

Chunk freelists:
   Non-Class:  3.39 MB
       Class:  1.07 MB
        Both:  4.46 MB

MaxMetaspaceSize: unlimited
CompressedClassSpaceSize: 1.00 GB
Initial GC threshold: 21.00 MB
Current GC threshold: 35.00 MB
CDS: off
MetaspaceReclaimPolicy: balanced
 - commit_granule_bytes: 65536.
 - commit_granule_words: 8192.
 - virtual_space_node_default_size: 1048576.
 - enlarge_chunks_in_place: 1.
 - new_chunks_are_fully_committed: 0.
 - uncommit_free_chunks: 1.
 - use_allocation_guard: 0.
 - handle_deallocations: 1.


Internal statistics:

num_allocs_failed_limit: 3.
num_arena_births: 214.
num_arena_deaths: 14.
num_vsnodes_births: 5.
num_vsnodes_deaths: 0.
num_space_committed: 436.
num_space_uncommitted: 0.
num_chunks_returned_to_freelist: 17.
num_chunks_taken_from_freelist: 932.
num_chunk_merges: 4.
num_chunk_splits: 618.
num_chunks_enlarged: 445.
num_purges: 2.
num_inconsistent_stats: 0.

CodeHeap 'non-profiled nmethods': size=120000Kb used=926Kb max_used=926Kb free=119073Kb
 bounds [0x0000029bedec0000, 0x0000029bee130000, 0x0000029bf53f0000]
CodeHeap 'profiled nmethods': size=120000Kb used=4797Kb max_used=4797Kb free=115202Kb
 bounds [0x0000029be63f0000, 0x0000029be68a0000, 0x0000029bed920000]
CodeHeap 'non-nmethods': size=5760Kb used=1230Kb max_used=1252Kb free=4530Kb
 bounds [0x0000029bed920000, 0x0000029bedb90000, 0x0000029bedec0000]
 total_blobs=2933 nmethods=2389 adapters=458
 compilation: enabled
              stopped_count=0, restarted_count=0
 full_count=0

Compilation events (20 events):
Event: 1.807 Thread 0x0000029bf96902c0 nmethod 2383 0x0000029bedfa2710 code [0x0000029bedfa28a0, 0x0000029bedfa2978]
Event: 1.807 Thread 0x0000029bf96902c0 2384       1       org.eclipse.core.internal.dtree.DataTreeNode::getData (5 bytes)
Event: 1.807 Thread 0x0000029bf96902c0 nmethod 2384 0x0000029bedfa2a10 code [0x0000029bedfa2ba0, 0x0000029bedfa2c78]
Event: 1.808 Thread 0x0000029bf96902c0 2385       3       java.util.concurrent.ConcurrentHashMap::remove (8 bytes)
Event: 1.808 Thread 0x0000029bf96902c0 nmethod 2385 0x0000029be689dd10 code [0x0000029be689dec0, 0x0000029be689e008]
Event: 1.809 Thread 0x0000029bf96902c0 2386       3       java.util.concurrent.ConcurrentHashMap::<init> (5 bytes)
Event: 1.809 Thread 0x0000029bf96902c0 nmethod 2386 0x0000029be689e090 code [0x0000029be689e240, 0x0000029be689e3f8]
Event: 1.813 Thread 0x0000029bf96902c0 2387       3       java.util.Arrays::fill (21 bytes)
Event: 1.813 Thread 0x0000029bf96902c0 nmethod 2387 0x0000029be689e510 code [0x0000029be689e6a0, 0x0000029be689e858]
Event: 1.814 Thread 0x0000029bf968f9c0 nmethod 2362% 0x0000029bedfa2d10 code [0x0000029bedfa2f00, 0x0000029bedfa3f38]
Event: 1.814 Thread 0x0000029bf968f9c0 2357       4       java.util.Properties::loadConvert (540 bytes)
Event: 1.829 Thread 0x0000029bf96902c0 2389       3       java.util.TreeMap::leftOf (13 bytes)
Event: 1.829 Thread 0x0000029bf96902c0 nmethod 2389 0x0000029be689e990 code [0x0000029be689eb20, 0x0000029be689ec98]
Event: 1.829 Thread 0x0000029bf96902c0 2390       3       java.lang.Character::toUpperCase (6 bytes)
Event: 1.829 Thread 0x0000029bf96902c0 nmethod 2390 0x0000029be689ed90 code [0x0000029be689ef40, 0x0000029be689f198]
Event: 1.829 Thread 0x0000029bf96902c0 2391       3       java.lang.Character::toUpperCase (9 bytes)
Event: 1.829 Thread 0x0000029bf96902c0 nmethod 2391 0x0000029be689f290 code [0x0000029be689f440, 0x0000029be689f638]
Event: 1.837 Thread 0x0000029bf968f9c0 nmethod 2357 0x0000029bedfa4990 code [0x0000029bedfa4be0, 0x0000029bedfa6150]
Event: 1.837 Thread 0x0000029bf968f9c0 2388       4       java.util.ArrayList$SubList$1::next (85 bytes)
Event: 1.838 Thread 0x0000029bf968f9c0 nmethod 2388 0x0000029bedfa6f90 code [0x0000029bedfa7120, 0x0000029bedfa7278]

GC Heap History (14 events):
Event: 0.661 GC heap before
{Heap before GC invocations=1 (full 0):
 PSYoungGen      total 29696K, used 25600K [0x00000000eab00000, 0x00000000ecc00000, 0x0000000100000000)
  eden space 25600K, 100% used [0x00000000eab00000,0x00000000ec400000,0x00000000ec400000)
  from space 4096K, 0% used [0x00000000ec800000,0x00000000ec800000,0x00000000ecc00000)
  to   space 4096K, 0% used [0x00000000ec400000,0x00000000ec400000,0x00000000ec800000)
 ParOldGen       total 68608K, used 0K [0x00000000c0000000, 0x00000000c4300000, 0x00000000eab00000)
  object space 68608K, 0% used [0x00000000c0000000,0x00000000c0000000,0x00000000c4300000)
 Metaspace       used 11125K, committed 11328K, reserved 1064960K
  class space    used 1106K, committed 1216K, reserved 1048576K
}
Event: 0.668 GC heap after
{Heap after GC invocations=1 (full 0):
 PSYoungGen      total 29696K, used 3224K [0x00000000eab00000, 0x00000000ecc00000, 0x0000000100000000)
  eden space 25600K, 0% used [0x00000000eab00000,0x00000000eab00000,0x00000000ec400000)
  from space 4096K, 78% used [0x00000000ec400000,0x00000000ec726218,0x00000000ec800000)
  to   space 4096K, 0% used [0x00000000ec800000,0x00000000ec800000,0x00000000ecc00000)
 ParOldGen       total 68608K, used 16K [0x00000000c0000000, 0x00000000c4300000, 0x00000000eab00000)
  object space 68608K, 0% used [0x00000000c0000000,0x00000000c0004000,0x00000000c4300000)
 Metaspace       used 11125K, committed 11328K, reserved 1064960K
  class space    used 1106K, committed 1216K, reserved 1048576K
}
Event: 1.115 GC heap before
{Heap before GC invocations=2 (full 0):
 PSYoungGen      total 29696K, used 28824K [0x00000000eab00000, 0x00000000ecc00000, 0x0000000100000000)
  eden space 25600K, 100% used [0x00000000eab00000,0x00000000ec400000,0x00000000ec400000)
  from space 4096K, 78% used [0x00000000ec400000,0x00000000ec726218,0x00000000ec800000)
  to   space 4096K, 0% used [0x00000000ec800000,0x00000000ec800000,0x00000000ecc00000)
 ParOldGen       total 68608K, used 16K [0x00000000c0000000, 0x00000000c4300000, 0x00000000eab00000)
  object space 68608K, 0% used [0x00000000c0000000,0x00000000c0004000,0x00000000c4300000)
 Metaspace       used 15314K, committed 15616K, reserved 1064960K
  class space    used 1561K, committed 1728K, reserved 1048576K
}
Event: 1.118 GC heap after
{Heap after GC invocations=2 (full 0):
 PSYoungGen      total 29696K, used 4071K [0x00000000eab00000, 0x00000000ecc00000, 0x0000000100000000)
  eden space 25600K, 0% used [0x00000000eab00000,0x00000000eab00000,0x00000000ec400000)
  from space 4096K, 99% used [0x00000000ec800000,0x00000000ecbf9ee0,0x00000000ecc00000)
  to   space 4096K, 0% used [0x00000000ec400000,0x00000000ec400000,0x00000000ec800000)
 ParOldGen       total 68608K, used 732K [0x00000000c0000000, 0x00000000c4300000, 0x00000000eab00000)
  object space 68608K, 1% used [0x00000000c0000000,0x00000000c00b7020,0x00000000c4300000)
 Metaspace       used 15314K, committed 15616K, reserved 1064960K
  class space    used 1561K, committed 1728K, reserved 1048576K
}
Event: 1.468 GC heap before
{Heap before GC invocations=3 (full 0):
 PSYoungGen      total 29696K, used 29671K [0x00000000eab00000, 0x00000000ecc00000, 0x0000000100000000)
  eden space 25600K, 100% used [0x00000000eab00000,0x00000000ec400000,0x00000000ec400000)
  from space 4096K, 99% used [0x00000000ec800000,0x00000000ecbf9ee0,0x00000000ecc00000)
  to   space 4096K, 0% used [0x00000000ec400000,0x00000000ec400000,0x00000000ec800000)
 ParOldGen       total 68608K, used 732K [0x00000000c0000000, 0x00000000c4300000, 0x00000000eab00000)
  object space 68608K, 1% used [0x00000000c0000000,0x00000000c00b7020,0x00000000c4300000)
 Metaspace       used 20431K, committed 20800K, reserved 1073152K
  class space    used 2074K, committed 2240K, reserved 1048576K
}
Event: 1.471 GC heap after
{Heap after GC invocations=3 (full 0):
 PSYoungGen      total 29696K, used 4085K [0x00000000eab00000, 0x00000000ecc00000, 0x0000000100000000)
  eden space 25600K, 0% used [0x00000000eab00000,0x00000000eab00000,0x00000000ec400000)
  from space 4096K, 99% used [0x00000000ec400000,0x00000000ec7fd528,0x00000000ec800000)
  to   space 4096K, 0% used [0x00000000ec800000,0x00000000ec800000,0x00000000ecc00000)
 ParOldGen       total 68608K, used 2812K [0x00000000c0000000, 0x00000000c4300000, 0x00000000eab00000)
  object space 68608K, 4% used [0x00000000c0000000,0x00000000c02bf168,0x00000000c4300000)
 Metaspace       used 20431K, committed 20800K, reserved 1073152K
  class space    used 2074K, committed 2240K, reserved 1048576K
}
Event: 1.529 GC heap before
{Heap before GC invocations=4 (full 0):
 PSYoungGen      total 29696K, used 8379K [0x00000000eab00000, 0x00000000ecc00000, 0x0000000100000000)
  eden space 25600K, 16% used [0x00000000eab00000,0x00000000eaf31a28,0x00000000ec400000)
  from space 4096K, 99% used [0x00000000ec400000,0x00000000ec7fd528,0x00000000ec800000)
  to   space 4096K, 0% used [0x00000000ec800000,0x00000000ec800000,0x00000000ecc00000)
 ParOldGen       total 68608K, used 2812K [0x00000000c0000000, 0x00000000c4300000, 0x00000000eab00000)
  object space 68608K, 4% used [0x00000000c0000000,0x00000000c02bf168,0x00000000c4300000)
 Metaspace       used 21113K, committed 21504K, reserved 1073152K
  class space    used 2149K, committed 2304K, reserved 1048576K
}
Event: 1.532 GC heap after
{Heap after GC invocations=4 (full 0):
 PSYoungGen      total 29696K, used 4069K [0x00000000eab00000, 0x00000000ecc00000, 0x0000000100000000)
  eden space 25600K, 0% used [0x00000000eab00000,0x00000000eab00000,0x00000000ec400000)
  from space 4096K, 99% used [0x00000000ec800000,0x00000000ecbf9538,0x00000000ecc00000)
  to   space 4096K, 0% used [0x00000000ec400000,0x00000000ec400000,0x00000000ec800000)
 ParOldGen       total 68608K, used 2980K [0x00000000c0000000, 0x00000000c4300000, 0x00000000eab00000)
  object space 68608K, 4% used [0x00000000c0000000,0x00000000c02e91a8,0x00000000c4300000)
 Metaspace       used 21113K, committed 21504K, reserved 1073152K
  class space    used 2149K, committed 2304K, reserved 1048576K
}
Event: 1.532 GC heap before
{Heap before GC invocations=5 (full 1):
 PSYoungGen      total 29696K, used 4069K [0x00000000eab00000, 0x00000000ecc00000, 0x0000000100000000)
  eden space 25600K, 0% used [0x00000000eab00000,0x00000000eab00000,0x00000000ec400000)
  from space 4096K, 99% used [0x00000000ec800000,0x00000000ecbf9538,0x00000000ecc00000)
  to   space 4096K, 0% used [0x00000000ec400000,0x00000000ec400000,0x00000000ec800000)
 ParOldGen       total 68608K, used 2980K [0x00000000c0000000, 0x00000000c4300000, 0x00000000eab00000)
  object space 68608K, 4% used [0x00000000c0000000,0x00000000c02e91a8,0x00000000c4300000)
 Metaspace       used 21113K, committed 21504K, reserved 1073152K
  class space    used 2149K, committed 2304K, reserved 1048576K
}
Event: 1.545 GC heap after
{Heap after GC invocations=5 (full 1):
 PSYoungGen      total 29696K, used 0K [0x00000000eab00000, 0x00000000ecc00000, 0x0000000100000000)
  eden space 25600K, 0% used [0x00000000eab00000,0x00000000eab00000,0x00000000ec400000)
  from space 4096K, 0% used [0x00000000ec800000,0x00000000ec800000,0x00000000ecc00000)
  to   space 4096K, 0% used [0x00000000ec400000,0x00000000ec400000,0x00000000ec800000)
 ParOldGen       total 68608K, used 6885K [0x00000000c0000000, 0x00000000c4300000, 0x00000000eab00000)
  object space 68608K, 10% used [0x00000000c0000000,0x00000000c06b9438,0x00000000c4300000)
 Metaspace       used 21100K, committed 21504K, reserved 1073152K
  class space    used 2145K, committed 2304K, reserved 1048576K
}
Event: 1.675 GC heap before
{Heap before GC invocations=6 (full 1):
 PSYoungGen      total 29696K, used 25600K [0x00000000eab00000, 0x00000000ecc00000, 0x0000000100000000)
  eden space 25600K, 100% used [0x00000000eab00000,0x00000000ec400000,0x00000000ec400000)
  from space 4096K, 0% used [0x00000000ec800000,0x00000000ec800000,0x00000000ecc00000)
  to   space 4096K, 0% used [0x00000000ec400000,0x00000000ec400000,0x00000000ec800000)
 ParOldGen       total 68608K, used 6885K [0x00000000c0000000, 0x00000000c4300000, 0x00000000eab00000)
  object space 68608K, 10% used [0x00000000c0000000,0x00000000c06b9438,0x00000000c4300000)
 Metaspace       used 24628K, committed 25088K, reserved 1073152K
  class space    used 2404K, committed 2560K, reserved 1048576K
}
Event: 1.675 GC heap after
{Heap after GC invocations=6 (full 1):
 PSYoungGen      total 26112K, used 617K [0x00000000eab00000, 0x00000000ec880000, 0x0000000100000000)
  eden space 25088K, 0% used [0x00000000eab00000,0x00000000eab00000,0x00000000ec380000)
  from space 1024K, 60% used [0x00000000ec400000,0x00000000ec49a590,0x00000000ec500000)
  to   space 2560K, 0% used [0x00000000ec600000,0x00000000ec600000,0x00000000ec880000)
 ParOldGen       total 68608K, used 6885K [0x00000000c0000000, 0x00000000c4300000, 0x00000000eab00000)
  object space 68608K, 10% used [0x00000000c0000000,0x00000000c06b9438,0x00000000c4300000)
 Metaspace       used 24628K, committed 25088K, reserved 1073152K
  class space    used 2404K, committed 2560K, reserved 1048576K
}
Event: 1.823 GC heap before
{Heap before GC invocations=7 (full 1):
 PSYoungGen      total 26112K, used 25705K [0x00000000eab00000, 0x00000000ec880000, 0x0000000100000000)
  eden space 25088K, 100% used [0x00000000eab00000,0x00000000ec380000,0x00000000ec380000)
  from space 1024K, 60% used [0x00000000ec400000,0x00000000ec49a590,0x00000000ec500000)
  to   space 2560K, 0% used [0x00000000ec600000,0x00000000ec600000,0x00000000ec880000)
 ParOldGen       total 68608K, used 6885K [0x00000000c0000000, 0x00000000c4300000, 0x00000000eab00000)
  object space 68608K, 10% used [0x00000000c0000000,0x00000000c06b9438,0x00000000c4300000)
 Metaspace       used 27416K, committed 27904K, reserved 1081344K
  class space    used 2635K, committed 2816K, reserved 1048576K
}
Event: 1.824 GC heap after
{Heap after GC invocations=7 (full 1):
 PSYoungGen      total 26112K, used 1362K [0x00000000eab00000, 0x00000000ec780000, 0x0000000100000000)
  eden space 24576K, 0% used [0x00000000eab00000,0x00000000eab00000,0x00000000ec300000)
  from space 1536K, 88% used [0x00000000ec600000,0x00000000ec754b08,0x00000000ec780000)
  to   space 1536K, 0% used [0x00000000ec480000,0x00000000ec480000,0x00000000ec600000)
 ParOldGen       total 68608K, used 6893K [0x00000000c0000000, 0x00000000c4300000, 0x00000000eab00000)
  object space 68608K, 10% used [0x00000000c0000000,0x00000000c06bb438,0x00000000c4300000)
 Metaspace       used 27416K, committed 27904K, reserved 1081344K
  class space    used 2635K, committed 2816K, reserved 1048576K
}

Dll operation events (9 events):
Event: 0.012 Loaded shared library c:\Users\daniely.campaner\.vscode\extensions\redhat.java-1.16.0-win32-x64\jre\17.0.6-win32-x86_64\bin\java.dll
Event: 0.121 Loaded shared library c:\Users\daniely.campaner\.vscode\extensions\redhat.java-1.16.0-win32-x64\jre\17.0.6-win32-x86_64\bin\zip.dll
Event: 0.125 Loaded shared library C:\Users\daniely.campaner\.vscode\extensions\redhat.java-1.16.0-win32-x64\jre\17.0.6-win32-x86_64\bin\instrument.dll
Event: 0.139 Loaded shared library C:\Users\daniely.campaner\.vscode\extensions\redhat.java-1.16.0-win32-x64\jre\17.0.6-win32-x86_64\bin\net.dll
Event: 0.143 Loaded shared library C:\Users\daniely.campaner\.vscode\extensions\redhat.java-1.16.0-win32-x64\jre\17.0.6-win32-x86_64\bin\nio.dll
Event: 0.148 Loaded shared library C:\Users\daniely.campaner\.vscode\extensions\redhat.java-1.16.0-win32-x64\jre\17.0.6-win32-x86_64\bin\zip.dll
Event: 0.159 Loaded shared library C:\Users\daniely.campaner\.vscode\extensions\redhat.java-1.16.0-win32-x64\jre\17.0.6-win32-x86_64\bin\jimage.dll
Event: 0.205 Loaded shared library c:\Users\daniely.campaner\.vscode\extensions\redhat.java-1.16.0-win32-x64\jre\17.0.6-win32-x86_64\bin\verify.dll
Event: 1.044 Loaded shared library C:\Users\daniely.campaner\AppData\Roaming\Code\User\globalStorage\redhat.java\1.16.0\config_ss_win\org.eclipse.equinox.launcher\org.eclipse.equinox.launcher.win32.win32.x86_64_1.2.700.v20221108-1024\eclipse_11801.dll

Deoptimization events (20 events):
Event: 1.780 Thread 0x0000029bf9c59b90 DEOPT PACKING pc=0x0000029be6890dd6 sp=0x000000a547af8860
Event: 1.780 Thread 0x0000029bf9c59b90 DEOPT UNPACKING pc=0x0000029bed976e43 sp=0x000000a547af7d00 mode 0
Event: 1.781 Thread 0x0000029bf9c59b90 DEOPT PACKING pc=0x0000029be6890dd6 sp=0x000000a547af8860
Event: 1.781 Thread 0x0000029bf9c59b90 DEOPT UNPACKING pc=0x0000029bed976e43 sp=0x000000a547af7d00 mode 0
Event: 1.828 Thread 0x0000029bf9c59b90 Uncommon trap: trap_request=0xffffffc6 fr.pc=0x0000029bedf3fad0 relative=0x0000000000000990
Event: 1.828 Thread 0x0000029bf9c59b90 Uncommon trap: reason=bimorphic_or_optimized_type_check action=maybe_recompile pc=0x0000029bedf3fad0 method=java.util.HashMap.putVal(ILjava/lang/Object;Ljava/lang/Object;ZZ)Ljava/lang/Object; @ 56 c2
Event: 1.828 Thread 0x0000029bf9c59b90 DEOPT PACKING pc=0x0000029bedf3fad0 sp=0x000000a547afddc0
Event: 1.828 Thread 0x0000029bf9c59b90 DEOPT UNPACKING pc=0x0000029bed9766a3 sp=0x000000a547afdd18 mode 2
Event: 1.828 Thread 0x0000029bf9c59b90 Uncommon trap: trap_request=0xffffffc6 fr.pc=0x0000029bedf3fad0 relative=0x0000000000000990
Event: 1.828 Thread 0x0000029bf9c59b90 Uncommon trap: reason=bimorphic_or_optimized_type_check action=maybe_recompile pc=0x0000029bedf3fad0 method=java.util.HashMap.putVal(ILjava/lang/Object;Ljava/lang/Object;ZZ)Ljava/lang/Object; @ 56 c2
Event: 1.828 Thread 0x0000029bf9c59b90 DEOPT PACKING pc=0x0000029bedf3fad0 sp=0x000000a547afddc0
Event: 1.828 Thread 0x0000029bf9c59b90 DEOPT UNPACKING pc=0x0000029bed9766a3 sp=0x000000a547afdd18 mode 2
Event: 1.828 Thread 0x0000029bf9c59b90 Uncommon trap: trap_request=0xffffffc6 fr.pc=0x0000029bedf3fad0 relative=0x0000000000000990
Event: 1.828 Thread 0x0000029bf9c59b90 Uncommon trap: reason=bimorphic_or_optimized_type_check action=maybe_recompile pc=0x0000029bedf3fad0 method=java.util.HashMap.putVal(ILjava/lang/Object;Ljava/lang/Object;ZZ)Ljava/lang/Object; @ 56 c2
Event: 1.828 Thread 0x0000029bf9c59b90 DEOPT PACKING pc=0x0000029bedf3fad0 sp=0x000000a547afddc0
Event: 1.828 Thread 0x0000029bf9c59b90 DEOPT UNPACKING pc=0x0000029bed9766a3 sp=0x000000a547afdd18 mode 2
Event: 1.828 Thread 0x0000029bf9c59b90 Uncommon trap: trap_request=0xffffffc6 fr.pc=0x0000029bedf3fad0 relative=0x0000000000000990
Event: 1.828 Thread 0x0000029bf9c59b90 Uncommon trap: reason=bimorphic_or_optimized_type_check action=maybe_recompile pc=0x0000029bedf3fad0 method=java.util.HashMap.putVal(ILjava/lang/Object;Ljava/lang/Object;ZZ)Ljava/lang/Object; @ 56 c2
Event: 1.828 Thread 0x0000029bf9c59b90 DEOPT PACKING pc=0x0000029bedf3fad0 sp=0x000000a547afddc0
Event: 1.828 Thread 0x0000029bf9c59b90 DEOPT UNPACKING pc=0x0000029bed9766a3 sp=0x000000a547afdd18 mode 2

Classes unloaded (7 events):
Event: 1.535 Thread 0x0000029bf75ad040 Unloading class 0x0000000100212400 'java/lang/invoke/LambdaForm$MH+0x0000000100212400'
Event: 1.535 Thread 0x0000029bf75ad040 Unloading class 0x0000000100212000 'java/lang/invoke/LambdaForm$MH+0x0000000100212000'
Event: 1.535 Thread 0x0000029bf75ad040 Unloading class 0x0000000100211c00 'java/lang/invoke/LambdaForm$MH+0x0000000100211c00'
Event: 1.535 Thread 0x0000029bf75ad040 Unloading class 0x0000000100211400 'java/lang/invoke/LambdaForm$MH+0x0000000100211400'
Event: 1.535 Thread 0x0000029bf75ad040 Unloading class 0x0000000100211000 'java/lang/invoke/LambdaForm$BMH+0x0000000100211000'
Event: 1.535 Thread 0x0000029bf75ad040 Unloading class 0x0000000100210c00 'java/lang/invoke/LambdaForm$DMH+0x0000000100210c00'
Event: 1.535 Thread 0x0000029bf75ad040 Unloading class 0x000000010020e000 'java/lang/invoke/LambdaForm$DMH+0x000000010020e000'

Classes redefined (0 events):
No events

Internal exceptions (20 events):
Event: 1.394 Thread 0x0000029bf9c59b90 Exception <a 'java/lang/NoSuchMethodError'{0x00000000ebe55a50}: 'java.lang.Object java.lang.invoke.DelegatingMethodHandle$Holder.reinvoke_L(java.lang.Object, java.lang.Object, java.lang.Object, java.lang.Object, int, int)'> (0x00000000ebe55a50) 
thrown [s\src\hotspot\share\interpreter\linkResolver.cpp, line 759]
Event: 1.395 Thread 0x0000029bf9c59b90 Exception <a 'java/lang/NoSuchMethodError'{0x00000000ebe6da70}: 'java.lang.Object java.lang.invoke.Invokers$Holder.invokeExact_MT(java.lang.Object, java.lang.Object, java.lang.Object, java.lang.Object)'> (0x00000000ebe6da70) 
thrown [s\src\hotspot\share\interpreter\linkResolver.cpp, line 759]
Event: 1.449 Thread 0x0000029bf9c59b90 Exception <a 'java/lang/NoSuchMethodError'{0x00000000ec27b1a0}: 'java.lang.Object java.lang.invoke.DirectMethodHandle$Holder.newInvokeSpecial(java.lang.Object, java.lang.Object, java.lang.Object, java.lang.Object, java.lang.Object)'> (0x00000000ec27b1a0) 
thrown [s\src\hotspot\share\interpreter\linkResolver.cpp, line 759]
Event: 1.507 Thread 0x0000029bf9c59b90 Exception <a 'java/lang/NoSuchMethodError'{0x00000000ead05530}: 'java.lang.Object java.lang.invoke.DirectMethodHandle$Holder.invokeSpecial(java.lang.Object, java.lang.Object, java.lang.Object, long, java.lang.Object)'> (0x00000000ead05530) 
thrown [s\src\hotspot\share\interpreter\linkResolver.cpp, line 759]
Event: 1.507 Thread 0x0000029bf9c59b90 Exception <a 'java/lang/NoSuchMethodError'{0x00000000ead0d6e8}: 'java.lang.Object java.lang.invoke.DirectMethodHandle$Holder.newInvokeSpecial(java.lang.Object, java.lang.Object, java.lang.Object, long)'> (0x00000000ead0d6e8) 
thrown [s\src\hotspot\share\interpreter\linkResolver.cpp, line 759]
Event: 1.507 Thread 0x0000029bf9c59b90 Exception <a 'java/lang/NoSuchMethodError'{0x00000000ead11c88}: 'java.lang.Object java.lang.invoke.DirectMethodHandle$Holder.invokeSpecial(java.lang.Object, java.lang.Object, java.lang.Object, java.lang.Object, long)'> (0x00000000ead11c88) 
thrown [s\src\hotspot\share\interpreter\linkResolver.cpp, line 759]
Event: 1.512 Thread 0x0000029bf9c59b90 Exception <a 'java/lang/NoSuchMethodError'{0x00000000ead83fd0}: 'int java.lang.invoke.DirectMethodHandle$Holder.invokeStaticInit(java.lang.Object, java.lang.Object, java.lang.Object)'> (0x00000000ead83fd0) 
thrown [s\src\hotspot\share\interpreter\linkResolver.cpp, line 759]
Event: 1.516 Thread 0x0000029bf9c59b90 Exception <a 'java/lang/IncompatibleClassChangeError'{0x00000000eadeae88}: Found class java.lang.Object, but interface was expected> (0x00000000eadeae88) 
thrown [s\src\hotspot\share\interpreter\linkResolver.cpp, line 826]
Event: 1.520 Thread 0x0000029bf9c59b90 Exception <a 'java/lang/NoSuchMethodError'{0x00000000eadfe6f8}: 'java.lang.Object java.lang.invoke.DirectMethodHandle$Holder.invokeSpecial(java.lang.Object, java.lang.Object, java.lang.Object, int, java.lang.Object, java.lang.Object)'> (0x00000000eadfe6f8) 
thrown [s\src\hotspot\share\interpreter\linkResolver.cpp, line 759]
Event: 1.520 Thread 0x0000029bf9c59b90 Exception <a 'java/lang/NoSuchMethodError'{0x00000000eae06e80}: 'java.lang.Object java.lang.invoke.DirectMethodHandle$Holder.newInvokeSpecial(java.lang.Object, java.lang.Object, java.lang.Object, int, java.lang.Object)'> (0x00000000eae06e80) 
thrown [s\src\hotspot\share\interpreter\linkResolver.cpp, line 759]
Event: 1.520 Thread 0x0000029bf9c59b90 Exception <a 'java/lang/NoSuchMethodError'{0x00000000eae0b2d8}: 'java.lang.Object java.lang.invoke.DirectMethodHandle$Holder.invokeSpecial(java.lang.Object, java.lang.Object, java.lang.Object, java.lang.Object, int, java.lang.Object)'> (0x00000000eae0b2d8) 
thrown [s\src\hotspot\share\interpreter\linkResolver.cpp, line 759]
Event: 1.521 Thread 0x0000029bf9b511d0 Exception <a 'java/lang/NoSuchMethodError'{0x00000000ead27678}: 'java.lang.Object java.lang.invoke.DirectMethodHandle$Holder.invokeSpecial(java.lang.Object, java.lang.Object, int, java.lang.Object, java.lang.Object)'> (0x00000000ead27678) 
thrown [s\src\hotspot\share\interpreter\linkResolver.cpp, line 759]
Event: 1.522 Thread 0x0000029bf9b511d0 Exception <a 'java/lang/NoSuchMethodError'{0x00000000ead2ed48}: 'java.lang.Object java.lang.invoke.DirectMethodHandle$Holder.newInvokeSpecial(java.lang.Object, java.lang.Object, int, java.lang.Object)'> (0x00000000ead2ed48) 
thrown [s\src\hotspot\share\interpreter\linkResolver.cpp, line 759]
Event: 1.522 Thread 0x0000029bf9b511d0 Exception <a 'java/lang/NoSuchMethodError'{0x00000000ead32858}: 'java.lang.Object java.lang.invoke.DirectMethodHandle$Holder.invokeSpecial(java.lang.Object, java.lang.Object, java.lang.Object, int, java.lang.Object)'> (0x00000000ead32858) 
thrown [s\src\hotspot\share\interpreter\linkResolver.cpp, line 759]
Event: 1.550 Thread 0x0000029bf9b511d0 Exception <a 'java/io/FileNotFoundException'{0x00000000eabbd9b0}> (0x00000000eabbd9b0) 
thrown [s\src\hotspot\share\prims\jni.cpp, line 516]
Event: 1.776 Thread 0x0000029bf9c59b90 Exception <a 'java/lang/ClassNotFoundException'{0x00000000ec10acd0}: com/sun/org/apache/xerces/internal/impl/msg/spi/DOMMessagesProvider> (0x00000000ec10acd0) 
thrown [s\src\hotspot\share\classfile\systemDictionary.cpp, line 256]
Event: 1.778 Thread 0x0000029bf9c59b90 Implicit null exception at 0x0000029bedf7d08d to 0x0000029bedf7dd7c
Event: 1.779 Thread 0x0000029bf9c59b90 Exception <a 'java/lang/ClassNotFoundException'{0x00000000ec144918}: com/sun/org/apache/xerces/internal/impl/msg/spi/XMLSerializerMessagesProvider> (0x00000000ec144918) 
thrown [s\src\hotspot\share\classfile\systemDictionary.cpp, line 256]
Event: 1.780 Thread 0x0000029bf9c59b90 Exception <a 'java/lang/ClassNotFoundException'{0x00000000ec15cc10}: com/sun/org/apache/xerces/internal/impl/msg/spi/XMLMessagesProvider> (0x00000000ec15cc10) 
thrown [s\src\hotspot\share\classfile\systemDictionary.cpp, line 256]
Event: 1.806 Thread 0x0000029bf9c59b90 Exception <a 'java/lang/NoSuchMethodError'{0x00000000ec260500}: 'void java.lang.invoke.DirectMethodHandle$Holder.invokeVirtual(java.lang.Object, java.lang.Object)'> (0x00000000ec260500) 
thrown [s\src\hotspot\share\interpreter\linkResolver.cpp, line 759]

VM Operations (20 events):
Event: 1.115 Executing VM operation: ParallelGCFailedAllocation
Event: 1.118 Executing VM operation: ParallelGCFailedAllocation done
Event: 1.318 Executing VM operation: HandshakeAllThreads
Event: 1.318 Executing VM operation: HandshakeAllThreads done
Event: 1.321 Executing VM operation: HandshakeAllThreads
Event: 1.321 Executing VM operation: HandshakeAllThreads done
Event: 1.390 Executing VM operation: HandshakeAllThreads
Event: 1.390 Executing VM operation: HandshakeAllThreads done
Event: 1.467 Executing VM operation: ParallelGCFailedAllocation
Event: 1.471 Executing VM operation: ParallelGCFailedAllocation done
Event: 1.528 Executing VM operation: HandshakeAllThreads
Event: 1.528 Executing VM operation: HandshakeAllThreads done
Event: 1.529 Executing VM operation: CollectForMetadataAllocation
Event: 1.545 Executing VM operation: CollectForMetadataAllocation done
Event: 1.674 Executing VM operation: ParallelGCFailedAllocation
Event: 1.675 Executing VM operation: ParallelGCFailedAllocation done
Event: 1.823 Executing VM operation: ParallelGCFailedAllocation
Event: 1.824 Executing VM operation: ParallelGCFailedAllocation done
Event: 1.828 Executing VM operation: HandshakeAllThreads
Event: 1.828 Executing VM operation: HandshakeAllThreads done

Events (20 events):
Event: 1.818 loading class java/net/SocketAddress
Event: 1.819 loading class java/net/SocketAddress done
Event: 1.819 loading class java/net/InetSocketAddress
Event: 1.819 loading class java/net/InetSocketAddress done
Event: 1.819 loading class java/nio/channels/AsynchronousByteChannel
Event: 1.819 loading class java/nio/channels/AsynchronousChannel
Event: 1.819 loading class java/nio/channels/AsynchronousChannel done
Event: 1.819 loading class java/nio/channels/AsynchronousByteChannel done
Event: 1.827 loading class java/lang/ProcessEnvironment
Event: 1.828 loading class java/lang/ProcessEnvironment done
Event: 1.828 loading class java/lang/ProcessEnvironment$NameComparator
Event: 1.828 loading class java/lang/ProcessEnvironment$NameComparator done
Event: 1.828 loading class java/lang/ProcessEnvironment$EntryComparator
Event: 1.828 loading class java/lang/ProcessEnvironment$EntryComparator done
Event: 1.828 loading class java/lang/ProcessEnvironment$CheckedEntrySet
Event: 1.828 loading class java/lang/ProcessEnvironment$CheckedEntrySet done
Event: 1.829 loading class java/lang/ProcessEnvironment$CheckedEntrySet$1
Event: 1.829 loading class java/lang/ProcessEnvironment$CheckedEntrySet$1 done
Event: 1.829 loading class java/lang/ProcessEnvironment$CheckedEntry
Event: 1.829 loading class java/lang/ProcessEnvironment$CheckedEntry done


Dynamic libraries:
0x00007ff750740000 - 0x00007ff75074e000 	c:\Users\daniely.campaner\.vscode\extensions\redhat.java-1.16.0-win32-x64\jre\17.0.6-win32-x86_64\bin\java.exe
0x00007ffbae8f0000 - 0x00007ffbaeae8000 	C:\Windows\SYSTEM32\ntdll.dll
0x00007ffbad020000 - 0x00007ffbad0df000 	C:\Windows\System32\KERNEL32.dll
0x00007ffbabcf0000 - 0x00007ffbabdf1000 	C:\Windows\system32\hmpalert.dll
0x00007ffbac370000 - 0x00007ffbac642000 	C:\Windows\System32\KERNELBASE.dll
0x00007ffbac7b0000 - 0x00007ffbac8b0000 	C:\Windows\System32\ucrtbase.dll
0x00007ffb854a0000 - 0x00007ffb854b7000 	c:\Users\daniely.campaner\.vscode\extensions\redhat.java-1.16.0-win32-x64\jre\17.0.6-win32-x86_64\bin\jli.dll
0x00007ffbad140000 - 0x00007ffbad2e1000 	C:\Windows\System32\USER32.dll
0x00007ffbac060000 - 0x00007ffbac082000 	C:\Windows\System32\win32u.dll
0x00007ffbad590000 - 0x00007ffbad5bb000 	C:\Windows\System32\GDI32.dll
0x00007ffbac260000 - 0x00007ffbac36f000 	C:\Windows\System32\gdi32full.dll
0x00007ffbac090000 - 0x00007ffbac12d000 	C:\Windows\System32\msvcp_win.dll
0x00007ffb958e0000 - 0x00007ffb95b7a000 	C:\Windows\WinSxS\amd64_microsoft.windows.common-controls_6595b64144ccf1df_6.0.19041.1110_none_60b5254171f9507e\COMCTL32.dll
0x00007ffbae800000 - 0x00007ffbae89e000 	C:\Windows\System32\msvcrt.dll
0x00007ffb85480000 - 0x00007ffb85499000 	c:\Users\daniely.campaner\.vscode\extensions\redhat.java-1.16.0-win32-x64\jre\17.0.6-win32-x86_64\bin\VCRUNTIME140.dll
0x00007ffbae310000 - 0x00007ffbae340000 	C:\Windows\System32\IMM32.DLL
0x00007ffb8a240000 - 0x00007ffb8a24c000 	c:\Users\daniely.campaner\.vscode\extensions\redhat.java-1.16.0-win32-x64\jre\17.0.6-win32-x86_64\bin\vcruntime140_1.dll
0x00007ffb853e0000 - 0x00007ffb85471000 	c:\Users\daniely.campaner\.vscode\extensions\redhat.java-1.16.0-win32-x64\jre\17.0.6-win32-x86_64\bin\msvcp140.dll
0x00007ffb3ed80000 - 0x00007ffb3f9c7000 	c:\Users\daniely.campaner\.vscode\extensions\redhat.java-1.16.0-win32-x64\jre\17.0.6-win32-x86_64\bin\server\jvm.dll
0x00007ffbad350000 - 0x00007ffbad3fe000 	C:\Windows\System32\ADVAPI32.dll
0x00007ffbae1c0000 - 0x00007ffbae25c000 	C:\Windows\System32\sechost.dll
0x00007ffbadda0000 - 0x00007ffbadec4000 	C:\Windows\System32\RPCRT4.dll
0x00007ffb8a150000 - 0x00007ffb8a159000 	C:\Windows\SYSTEM32\WSOCK32.dll
0x00007ffbaded0000 - 0x00007ffbadf3b000 	C:\Windows\System32\WS2_32.dll
0x00007ffba74a0000 - 0x00007ffba74aa000 	C:\Windows\SYSTEM32\VERSION.dll
0x00007ffb9c100000 - 0x00007ffb9c127000 	C:\Windows\SYSTEM32\WINMM.dll
0x00007ffba9cb0000 - 0x00007ffba9cc2000 	C:\Windows\SYSTEM32\kernel.appcore.dll
0x00007ffb89f10000 - 0x00007ffb89f1a000 	c:\Users\daniely.campaner\.vscode\extensions\redhat.java-1.16.0-win32-x64\jre\17.0.6-win32-x86_64\bin\jimage.dll
0x00007ffb9c6f0000 - 0x00007ffb9c8d4000 	C:\Windows\SYSTEM32\DBGHELP.DLL
0x00007ffb9bae0000 - 0x00007ffb9bb15000 	C:\Windows\SYSTEM32\dbgcore.DLL
0x00007ffbac8b0000 - 0x00007ffbac932000 	C:\Windows\System32\bcryptPrimitives.dll
0x00007ffb87c80000 - 0x00007ffb87c8e000 	c:\Users\daniely.campaner\.vscode\extensions\redhat.java-1.16.0-win32-x64\jre\17.0.6-win32-x86_64\bin\instrument.dll
0x00007ffb853b0000 - 0x00007ffb853d5000 	c:\Users\daniely.campaner\.vscode\extensions\redhat.java-1.16.0-win32-x64\jre\17.0.6-win32-x86_64\bin\java.dll
0x00007ffb85390000 - 0x00007ffb853a8000 	c:\Users\daniely.campaner\.vscode\extensions\redhat.java-1.16.0-win32-x64\jre\17.0.6-win32-x86_64\bin\zip.dll
0x00007ffbad650000 - 0x00007ffbadd95000 	C:\Windows\System32\SHELL32.dll
0x00007ffba9eb0000 - 0x00007ffbaa642000 	C:\Windows\SYSTEM32\windows.storage.dll
0x00007ffbae340000 - 0x00007ffbae695000 	C:\Windows\System32\combase.dll
0x00007ffbab860000 - 0x00007ffbab890000 	C:\Windows\SYSTEM32\Wldp.dll
0x00007ffbae260000 - 0x00007ffbae30d000 	C:\Windows\System32\SHCORE.dll
0x00007ffbad0e0000 - 0x00007ffbad135000 	C:\Windows\System32\shlwapi.dll
0x00007ffbabf30000 - 0x00007ffbabf4f000 	C:\Windows\SYSTEM32\profapi.dll
0x00007ffb852c0000 - 0x00007ffb852d9000 	C:\Users\daniely.campaner\.vscode\extensions\redhat.java-1.16.0-win32-x64\jre\17.0.6-win32-x86_64\bin\net.dll
0x00007ffbaae60000 - 0x00007ffbaaf6a000 	C:\Windows\SYSTEM32\WINHTTP.dll
0x00007ffbab5c0000 - 0x00007ffbab62a000 	C:\Windows\system32\mswsock.dll
0x00007ffb852a0000 - 0x00007ffb852b5000 	C:\Users\daniely.campaner\.vscode\extensions\redhat.java-1.16.0-win32-x64\jre\17.0.6-win32-x86_64\bin\nio.dll
0x00007ffb85c10000 - 0x00007ffb85c20000 	c:\Users\daniely.campaner\.vscode\extensions\redhat.java-1.16.0-win32-x64\jre\17.0.6-win32-x86_64\bin\verify.dll
0x00007ffba6a20000 - 0x00007ffba6a5e000 	C:\Users\daniely.campaner\AppData\Roaming\Code\User\globalStorage\redhat.java\1.16.0\config_ss_win\org.eclipse.equinox.launcher\org.eclipse.equinox.launcher.win32.win32.x86_64_1.2.700.v20221108-1024\eclipse_11801.dll
0x00007ffbadf70000 - 0x00007ffbae09a000 	C:\Windows\System32\ole32.dll

dbghelp: loaded successfully - version: 4.0.5 - missing functions: none
symbol engine: initialized successfully - sym options: 0x614 - pdb path: .;c:\Users\daniely.campaner\.vscode\extensions\redhat.java-1.16.0-win32-x64\jre\17.0.6-win32-x86_64\bin;C:\Windows\SYSTEM32;C:\Windows\WinSxS\amd64_microsoft.windows.common-controls_6595b64144ccf1df_6.0.19041.1110_none_60b5254171f9507e;c:\Users\daniely.campaner\.vscode\extensions\redhat.java-1.16.0-win32-x64\jre\17.0.6-win32-x86_64\bin\server;C:\Users\daniely.campaner\AppData\Roaming\Code\User\globalStorage\redhat.java\1.16.0\config_ss_win\org.eclipse.equinox.launcher\org.eclipse.equinox.launcher.win32.win32.x86_64_1.2.700.v20221108-1024

VM Arguments:
jvm_args: --add-modules=ALL-SYSTEM --add-opens=java.base/java.util=ALL-UNNAMED --add-opens=java.base/java.lang=ALL-UNNAMED --add-opens=java.base/sun.nio.fs=ALL-UNNAMED -Declipse.application=org.eclipse.jdt.ls.core.id1 -Dosgi.bundles.defaultStartLevel=4 -Declipse.product=org.eclipse.jdt.ls.core.product -Djava.import.generatesMetadataFilesAtProjectRoot=false -Dfile.encoding=utf8 -XX:+UseParallelGC -XX:GCTimeRatio=4 -XX:AdaptiveSizePolicyWeight=90 -Dsun.zip.disableMemoryMapping=true -Xmx1G -Xms100m -Xlog:disable -javaagent:c:\Users\daniely.campaner\.vscode\extensions\redhat.java-1.16.0-win32-x64\lombok\lombok-1.18.24.jar 
java_command: c:\Users\daniely.campaner\.vscode\extensions\redhat.java-1.16.0-win32-x64\server\plugins\org.eclipse.equinox.launcher_1.6.400.v20210924-0641.jar -configuration c:\Users\daniely.campaner\AppData\Roaming\Code\User\globalStorage\redhat.java\1.16.0\config_ss_win -data c:\Users\daniely.campaner\AppData\Roaming\Code\User\workspaceStorage\ff6e532f7dba09f9b10f8937634f7fe3\redhat.java\ss_ws
java_class_path (initial): c:\Users\daniely.campaner\.vscode\extensions\redhat.java-1.16.0-win32-x64\server\plugins\org.eclipse.equinox.launcher_1.6.400.v20210924-0641.jar
Launcher Type: SUN_STANDARD

[Global flags]
    uintx AdaptiveSizePolicyWeight                 = 90                                        {product} {command line}
     intx CICompilerCount                          = 3                                         {product} {ergonomic}
    uintx GCTimeRatio                              = 4                                         {product} {command line}
   size_t InitialHeapSize                          = 104857600                                 {product} {command line}
   size_t MaxHeapSize                              = 1073741824                                {product} {command line}
   size_t MaxNewSize                               = 357564416                                 {product} {ergonomic}
   size_t MinHeapDeltaBytes                        = 524288                                    {product} {ergonomic}
   size_t MinHeapSize                              = 104857600                                 {product} {command line}
   size_t NewSize                                  = 34603008                                  {product} {ergonomic}
    uintx NonNMethodCodeHeapSize                   = 5832780                                {pd product} {ergonomic}
    uintx NonProfiledCodeHeapSize                  = 122912730                              {pd product} {ergonomic}
   size_t OldSize                                  = 70254592                                  {product} {ergonomic}
    uintx ProfiledCodeHeapSize                     = 122912730                              {pd product} {ergonomic}
    uintx ReservedCodeCacheSize                    = 251658240                              {pd product} {ergonomic}
     bool SegmentedCodeCache                       = true                                      {product} {ergonomic}
   size_t SoftMaxHeapSize                          = 1073741824                             {manageable} {ergonomic}
     bool UseCompressedClassPointers               = true                           {product lp64_product} {ergonomic}
     bool UseCompressedOops                        = true                           {product lp64_product} {ergonomic}
     bool UseLargePagesIndividualAllocation        = false                                  {pd product} {ergonomic}
     bool UseParallelGC                            = true                                      {product} {command line}

Logging:
Log output configuration:
 #0: stdout all=off uptime,level,tags
 #1: stderr all=off uptime,level,tags

Environment Variables:
PATH=C:\Program Files (x86)\VMware\VMware Workstation\bin\;C:\Program Files\Common Files\Oracle\Java\javapath;C:\Program Files (x86)\Common Files\Oracle\Java\javapath;C:\Windows\system32;C:\Windows;C:\Windows\System32\Wbem;C:\Windows\System32\WindowsPowerShell\v1.0\;C:\Windows\System32\OpenSSH\;C:\Program Files\Git\cmd;C:\Program Files\nodejs\;C:\Program Files\Microsoft VS Code\bin;C:\Users\daniely.campaner\AppData\Local\Microsoft\WindowsApps;
USERNAME=daniely.campaner
OS=Windows_NT
PROCESSOR_IDENTIFIER=Intel64 Family 6 Model 158 Stepping 10, GenuineIntel
TMP=C:\Users\DANIEL~1.CAM\AppData\Local\Temp
TEMP=C:\Users\DANIEL~1.CAM\AppData\Local\Temp



---------------  S Y S T E M  ---------------

OS:
 Windows 10 , 64 bit Build 19041 (10.0.19041.2546)
OS uptime: 0 days 0:13 hours

CPU: total 6 (initial active 6) (6 cores per cpu, 1 threads per core) family 6 model 158 stepping 10 microcode 0xea, cx8, cmov, fxsr, mmx, 3dnowpref, sse, sse2, sse3, ssse3, sse4.1, sse4.2, popcnt, lzcnt, tsc, tscinvbit, avx, avx2, aes, erms, clmul, bmi1, bmi2, rtm, adx, fma, vzeroupper, clflush, clflushopt

Memory: 4k page, system-wide physical 8001M (1217M free)
TotalPageFile size 8001M (AvailPageFile size 5M)
current process WorkingSet (physical memory assigned to process): 127M, peak: 129M
current process commit charge ("private bytes"): 231M, peak: 233M

vm_info: OpenJDK 64-Bit Server VM (17.0.6+10) for windows-amd64 JRE (17.0.6+10), built on Jan 18 2023 10:08:59 by "temurin" with MS VC++ 16.7 (VS2019)

END.
