#
# There is insufficient memory for the Java Runtime Environment to continue.
# Native memory allocation (malloc) failed to allocate 649280 bytes for Chunk::new
# Possible reasons:
#   The system is out of physical RAM or swap space
#   The process is running with CompressedOops enabled, and the Java Heap may be blocking the growth of the native heap
# Possible solutions:
#   Reduce memory load on the system
#   Increase physical memory or swap space
#   Check if swap backing store is full
#   Decrease Java heap size (-Xmx/-Xms)
#   Decrease number of Java threads
#   Decrease Java thread stack sizes (-Xss)
#   Set larger code cache with -XX:ReservedCodeCacheSize=
#   JVM is running with Unscaled Compressed Oops mode in which the Java heap is
#     placed in the first 4GB address space. The Java Heap base address is the
#     maximum limit for the native heap growth. Please use -XX:HeapBaseMinAddress
#     to set the Java Heap base and to place the Java Heap above 4GB virtual address.
# This output file may be truncated or incomplete.
#
#  Out of Memory Error (arena.cpp:189), pid=6812, tid=944
#
# JRE version: OpenJDK Runtime Environment Temurin-17.0.6+10 (17.0.6+10) (build 17.0.6+10)
# Java VM: OpenJDK 64-Bit Server VM Temurin-17.0.6+10 (17.0.6+10, mixed mode, tiered, compressed oops, compressed class ptrs, parallel gc, windows-amd64)
# No core dump will be written. Minidumps are not enabled by default on client versions of Windows
#

---------------  S U M M A R Y ------------

Command Line: --add-modules=ALL-SYSTEM --add-opens=java.base/java.util=ALL-UNNAMED --add-opens=java.base/java.lang=ALL-UNNAMED --add-opens=java.base/sun.nio.fs=ALL-UNNAMED -Declipse.application=org.eclipse.jdt.ls.core.id1 -Dosgi.bundles.defaultStartLevel=4 -Declipse.product=org.eclipse.jdt.ls.core.product -Djava.import.generatesMetadataFilesAtProjectRoot=false -Dfile.encoding=utf8 -XX:+UseParallelGC -XX:GCTimeRatio=4 -XX:AdaptiveSizePolicyWeight=90 -Dsun.zip.disableMemoryMapping=true -Xmx1G -Xms100m -Xlog:disable -javaagent:c:\Users\daniely.campaner\.vscode\extensions\redhat.java-1.16.0-win32-x64\lombok\lombok-1.18.24.jar c:\Users\daniely.campaner\.vscode\extensions\redhat.java-1.16.0-win32-x64\server\plugins\org.eclipse.equinox.launcher_1.6.400.v20210924-0641.jar -configuration c:\Users\daniely.campaner\AppData\Roaming\Code\User\globalStorage\redhat.java\1.16.0\config_ss_win -data c:\Users\daniely.campaner\AppData\Roaming\Code\User\workspaceStorage\140875b2b59f48cccf3bfd66f9ec5d24\redhat.java\ss_ws

Host: Intel(R) Core(TM) i5-9500 CPU @ 3.00GHz, 6 cores, 7G,  Windows 10 , 64 bit Build 19041 (10.0.19041.2913)
Time: Mon May 29 19:33:58 2023 Hora oficial do Brasil elapsed time: 2.935431 seconds (0d 0h 0m 2s)

---------------  T H R E A D  ---------------

Current thread (0x0000016b822807d0):  JavaThread "C2 CompilerThread0" daemon [_thread_in_native, id=944, stack(0x0000000ccd400000,0x0000000ccd500000)]


Current CompileTask:
C2:   2935 3361   !   4       java.nio.file.FileTreeWalker::visit (204 bytes)

Stack: [0x0000000ccd400000,0x0000000ccd500000]
Native frames: (J=compiled Java code, j=interpreted, Vv=VM code, C=native code)
V  [jvm.dll+0x67741a]
V  [jvm.dll+0x834434]
V  [jvm.dll+0x835bde]
V  [jvm.dll+0x836243]
V  [jvm.dll+0x2457b5]
V  [jvm.dll+0xabafc]
V  [jvm.dll+0xac0cc]
V  [jvm.dll+0x3634e7]
V  [jvm.dll+0x32dda1]
V  [jvm.dll+0x32d24a]
V  [jvm.dll+0x2185f1]
V  [jvm.dll+0x217a11]
V  [jvm.dll+0x1a3d0d]
V  [jvm.dll+0x22742a]
V  [jvm.dll+0x225565]
V  [jvm.dll+0x7ea2cb]
V  [jvm.dll+0x7e483a]
V  [jvm.dll+0x6762c5]
C  [ucrtbase.dll+0x21bb2]
C  [KERNEL32.dll+0x17614]
C  [ntdll.dll+0x526a1]


---------------  P R O C E S S  ---------------

Threads class SMR info:
_java_thread_list=0x0000016b846961f0, length=24, elements={
0x0000016bec1b0510, 0x0000016b801d5750, 0x0000016b801d6fe0, 0x0000016b801f6290,
0x0000016b801f9220, 0x0000016b82279730, 0x0000016b8227f440, 0x0000016b822807d0,
0x0000016b82281180, 0x0000016b82282a00, 0x0000016b82352470, 0x0000016b8266e830,
0x0000016b82d7ced0, 0x0000016b83a86460, 0x0000016b83a86930, 0x0000016b82e004d0,
0x0000016b82d54020, 0x0000016b83b93170, 0x0000016b82d53080, 0x0000016b82d526e0,
0x0000016b826c9cc0, 0x0000016b82d50a00, 0x0000016b82d52bb0, 0x0000016b82d53a20
}

Java Threads: ( => current thread )
  0x0000016bec1b0510 JavaThread "main" [_thread_blocked, id=12508, stack(0x0000000cccb00000,0x0000000cccc00000)]
  0x0000016b801d5750 JavaThread "Reference Handler" daemon [_thread_blocked, id=4684, stack(0x0000000ccce00000,0x0000000cccf00000)]
  0x0000016b801d6fe0 JavaThread "Finalizer" daemon [_thread_blocked, id=14608, stack(0x0000000cccf00000,0x0000000ccd000000)]
  0x0000016b801f6290 JavaThread "Signal Dispatcher" daemon [_thread_blocked, id=8368, stack(0x0000000ccd000000,0x0000000ccd100000)]
  0x0000016b801f9220 JavaThread "Attach Listener" daemon [_thread_blocked, id=8748, stack(0x0000000ccd100000,0x0000000ccd200000)]
  0x0000016b82279730 JavaThread "Service Thread" daemon [_thread_blocked, id=9448, stack(0x0000000ccd200000,0x0000000ccd300000)]
  0x0000016b8227f440 JavaThread "Monitor Deflation Thread" daemon [_thread_blocked, id=12792, stack(0x0000000ccd300000,0x0000000ccd400000)]
=>0x0000016b822807d0 JavaThread "C2 CompilerThread0" daemon [_thread_in_native, id=944, stack(0x0000000ccd400000,0x0000000ccd500000)]
  0x0000016b82281180 JavaThread "C1 CompilerThread0" daemon [_thread_blocked, id=4864, stack(0x0000000ccd500000,0x0000000ccd600000)]
  0x0000016b82282a00 JavaThread "Sweeper thread" daemon [_thread_blocked, id=11468, stack(0x0000000ccd600000,0x0000000ccd700000)]
  0x0000016b82352470 JavaThread "Common-Cleaner" daemon [_thread_blocked, id=8036, stack(0x0000000ccd700000,0x0000000ccd800000)]
  0x0000016b8266e830 JavaThread "Notification Thread" daemon [_thread_blocked, id=10152, stack(0x0000000ccd800000,0x0000000ccd900000)]
  0x0000016b82d7ced0 JavaThread "Active Thread: Equinox Container: 5efb02de-9a7b-49f9-a957-1b764097d90c" [_thread_blocked, id=14656, stack(0x0000000cce000000,0x0000000cce100000)]
  0x0000016b83a86460 JavaThread "Framework Event Dispatcher: Equinox Container: 5efb02de-9a7b-49f9-a957-1b764097d90c" daemon [_thread_blocked, id=5424, stack(0x0000000cce100000,0x0000000cce200000)]
  0x0000016b83a86930 JavaThread "Start Level: Equinox Container: 5efb02de-9a7b-49f9-a957-1b764097d90c" daemon [_thread_blocked, id=10452, stack(0x0000000cce200000,0x0000000cce300000)]
  0x0000016b82e004d0 JavaThread "SCR Component Actor" daemon [_thread_blocked, id=15132, stack(0x0000000cce300000,0x0000000cce400000)]
  0x0000016b82d54020 JavaThread "SCR Component Registry" daemon [_thread_blocked, id=13060, stack(0x0000000cce400000,0x0000000cce500000)]
  0x0000016b83b93170 JavaThread "Worker-JM" [_thread_blocked, id=9996, stack(0x0000000cce500000,0x0000000cce600000)]
  0x0000016b82d53080 JavaThread "Worker-0" [_thread_blocked, id=12968, stack(0x0000000cce600000,0x0000000cce700000)]
  0x0000016b82d526e0 JavaThread "Worker-1" [_thread_blocked, id=11196, stack(0x0000000cce700000,0x0000000cce800000)]
  0x0000016b826c9cc0 JavaThread "C2 CompilerThread1" daemon [_thread_in_native, id=960, stack(0x0000000ccda00000,0x0000000ccdb00000)]
  0x0000016b82d50a00 JavaThread "JNA Cleaner" daemon [_thread_blocked, id=11644, stack(0x0000000cce800000,0x0000000cce900000)]
  0x0000016b82d52bb0 JavaThread "pool-2-thread-1" [_thread_blocked, id=9296, stack(0x0000000cceb00000,0x0000000ccec00000)]
  0x0000016b82d53a20 JavaThread "pool-1-thread-1" [_thread_in_native, id=6560, stack(0x0000000ccec00000,0x0000000cced00000)]

Other Threads:
  0x0000016b800c8110 VMThread "VM Thread" [stack: 0x0000000cccd00000,0x0000000ccce00000] [id=860]
  0x0000016b8266ed00 WatcherThread [stack: 0x0000000ccd900000,0x0000000ccda00000] [id=7296]
  0x0000016bec1c79a0 GCTaskThread "GC Thread#0" [stack: 0x0000000cccc00000,0x0000000cccd00000] [id=2604]
  0x0000016b82da1bc0 GCTaskThread "GC Thread#1" [stack: 0x0000000ccdb00000,0x0000000ccdc00000] [id=10608]
  0x0000016b82a86030 GCTaskThread "GC Thread#2" [stack: 0x0000000ccdc00000,0x0000000ccdd00000] [id=13860]
  0x0000016b82abd770 GCTaskThread "GC Thread#3" [stack: 0x0000000ccdd00000,0x0000000ccde00000] [id=12324]
  0x0000016b82abda20 GCTaskThread "GC Thread#4" [stack: 0x0000000ccde00000,0x0000000ccdf00000] [id=12652]
  0x0000016b82abdcd0 GCTaskThread "GC Thread#5" [stack: 0x0000000ccdf00000,0x0000000cce000000] [id=12268]

Threads with active compile tasks:
C2 CompilerThread0     2981 3361   !   4       java.nio.file.FileTreeWalker::visit (204 bytes)
C2 CompilerThread1     2981 3371       4       jdk.internal.jrtfs.JrtFileSystem$$Lambda$190/0x000000010039c290::apply (16 bytes)

VM state: not at safepoint (normal execution)

VM Mutex/Monitor currently owned by a thread: None

Heap address: 0x00000000c0000000, size: 1024 MB, Compressed Oops mode: 32-bit

CDS archive(s) not mapped
Compressed class space mapped at: 0x0000000100000000-0x0000000140000000, reserved size: 1073741824
Narrow klass base: 0x0000000000000000, Narrow klass shift: 3, Narrow klass range: 0x140000000

GC Precious Log:
 CPUs: 6 total, 6 available
 Memory: 8001M
 Large Page Support: Disabled
 NUMA Support: Disabled
 Compressed Oops: Enabled (32-bit)
 Alignments: Space 512K, Generation 512K, Heap 2M
 Heap Min Capacity: 100M
 Heap Initial Capacity: 100M
 Heap Max Capacity: 1G
 Pre-touch: Disabled
 Parallel Workers: 6

Heap:
 PSYoungGen      total 24576K, used 18274K [0x00000000eab00000, 0x00000000ec700000, 0x0000000100000000)
  eden space 22016K, 71% used [0x00000000eab00000,0x00000000eba68950,0x00000000ec080000)
  from space 2560K, 97% used [0x00000000ec480000,0x00000000ec6f0000,0x00000000ec700000)
  to   space 2560K, 0% used [0x00000000ec200000,0x00000000ec200000,0x00000000ec480000)
 ParOldGen       total 68608K, used 18300K [0x00000000c0000000, 0x00000000c4300000, 0x00000000eab00000)
  object space 68608K, 26% used [0x00000000c0000000,0x00000000c11df290,0x00000000c4300000)
 Metaspace       used 35379K, committed 36096K, reserved 1081344K
  class space    used 3589K, committed 3904K, reserved 1048576K

Card table byte_map: [0x0000016bebb60000,0x0000016bebd70000] _byte_map_base: 0x0000016beb560000

Marking Bits: (ParMarkBitMap*) 0x00007ffd7a0d3e70
 Begin Bits: [0x0000016bfde40000, 0x0000016bfee40000)
 End Bits:   [0x0000016bfee40000, 0x0000016bffe40000)

Polling page: 0x0000016be9f50000

Metaspace:

Usage:
  Non-class:     31.04 MB used.
      Class:      3.51 MB used.
       Both:     34.55 MB used.

Virtual space:
  Non-class space:       32.00 MB reserved,      31.44 MB ( 98%) committed,  4 nodes.
      Class space:        1.00 GB reserved,       3.81 MB ( <1%) committed,  1 nodes.
             Both:        1.03 GB reserved,      35.25 MB (  3%) committed. 

Chunk freelists:
   Non-Class:  430.00 KB
       Class:  32.00 KB
        Both:  462.00 KB

MaxMetaspaceSize: unlimited
CompressedClassSpaceSize: 1.00 GB
Initial GC threshold: 21.00 MB
Current GC threshold: 58.38 MB
CDS: off
MetaspaceReclaimPolicy: balanced
 - commit_granule_bytes: 65536.
 - commit_granule_words: 8192.
 - virtual_space_node_default_size: 1048576.
 - enlarge_chunks_in_place: 1.
 - new_chunks_are_fully_committed: 0.
 - uncommit_free_chunks: 1.
 - use_allocation_guard: 0.
 - handle_deallocations: 1.


Internal statistics:

num_allocs_failed_limit: 6.
num_arena_births: 294.
num_arena_deaths: 14.
num_vsnodes_births: 5.
num_vsnodes_deaths: 0.
num_space_committed: 564.
num_space_uncommitted: 0.
num_chunks_returned_to_freelist: 20.
num_chunks_taken_from_freelist: 1362.
num_chunk_merges: 10.
num_chunk_splits: 886.
num_chunks_enlarged: 607.
num_purges: 2.
num_inconsistent_stats: 0.

CodeHeap 'non-profiled nmethods': size=120000Kb used=1514Kb max_used=1514Kb free=118485Kb
 bounds [0x0000016bf6910000, 0x0000016bf6b80000, 0x0000016bfde40000]
CodeHeap 'profiled nmethods': size=120000Kb used=6870Kb max_used=6870Kb free=113129Kb
 bounds [0x0000016beee40000, 0x0000016bef500000, 0x0000016bf6370000]
CodeHeap 'non-nmethods': size=5760Kb used=1258Kb max_used=1302Kb free=4502Kb
 bounds [0x0000016bf6370000, 0x0000016bf65e0000, 0x0000016bf6910000]
 total_blobs=3996 nmethods=3417 adapters=492
 compilation: enabled
              stopped_count=0, restarted_count=0
 full_count=0

Compilation events (20 events):
Event: 2.887 Thread 0x0000016b82281180 3359       1       org.eclipse.jdt.internal.core.OpenableElementInfo::getChildren (5 bytes)
Event: 2.887 Thread 0x0000016b82281180 nmethod 3359 0x0000016bf6a76810 code [0x0000016bf6a769a0, 0x0000016bf6a76a78]
Event: 2.887 Thread 0x0000016b82281180 3360       1       org.eclipse.jdt.internal.core.NamedMember::getElementName (5 bytes)
Event: 2.887 Thread 0x0000016b82281180 nmethod 3360 0x0000016bf6a76b10 code [0x0000016bf6a76ca0, 0x0000016bf6a76d78]
Event: 2.891 Thread 0x0000016b826c9cc0 nmethod 3258 0x0000016bf6a76e10 code [0x0000016bf6a77140, 0x0000016bf6a78648]
Event: 2.891 Thread 0x0000016b826c9cc0 3327       4       java.util.stream.StreamSpliterators$AbstractWrappingSpliterator::fillBuffer (64 bytes)
Event: 2.891 Thread 0x0000016b82281180 3363       2       org.eclipse.jdt.internal.core.JavaModelStatus::getSeverity (60 bytes)
Event: 2.892 Thread 0x0000016b82281180 nmethod 3363 0x0000016bef4d4b10 code [0x0000016bef4d4cc0, 0x0000016bef4d4f28]
Event: 2.892 Thread 0x0000016b82281180 3364       2       org.eclipse.jdt.internal.compiler.parser.Scanner::getCurrentIdentifierSource (73 bytes)
Event: 2.892 Thread 0x0000016b82281180 nmethod 3364 0x0000016bef4d5090 code [0x0000016bef4d5260, 0x0000016bef4d5558]
Event: 2.892 Thread 0x0000016b82281180 3365       2       org.eclipse.jdt.core.JavaConventions::scanForRestrictedKeyWords (137 bytes)
Event: 2.892 Thread 0x0000016b82281180 nmethod 3365 0x0000016bef4d5690 code [0x0000016bef4d58c0, 0x0000016bef4d5da8]
Event: 2.896 Thread 0x0000016b82281180 3367       2       java.lang.invoke.DirectMethodHandle$Holder::newInvokeSpecial (28 bytes)
Event: 2.896 Thread 0x0000016b82281180 nmethod 3367 0x0000016bef4d6010 code [0x0000016bef4d61c0, 0x0000016bef4d63a8]
Event: 2.897 Thread 0x0000016b826c9cc0 nmethod 3327 0x0000016bf6a79d90 code [0x0000016bf6a79fa0, 0x0000016bf6a7a608]
Event: 2.897 Thread 0x0000016b826c9cc0 3314   !   4       java.nio.file.FileTreeWalker::next (144 bytes)
Event: 2.906 Thread 0x0000016b822807d0 nmethod 3268 0x0000016bf6a7ae10 code [0x0000016bf6a7b160, 0x0000016bf6a7e5b0]
Event: 2.907 Thread 0x0000016b822807d0 3328   !   4       jdk.internal.jrtfs.JrtDirectoryStream$1::hasNext (41 bytes)
Event: 2.908 Thread 0x0000016b822807d0 nmethod 3328 0x0000016bf6a80490 code [0x0000016bf6a80620, 0x0000016bf6a80988]
Event: 2.908 Thread 0x0000016b822807d0 3361   !   4       java.nio.file.FileTreeWalker::visit (204 bytes)

GC Heap History (20 events):
Event: 1.333 GC heap before
{Heap before GC invocations=4 (full 0):
 PSYoungGen      total 29696K, used 8819K [0x00000000eab00000, 0x00000000ecc00000, 0x0000000100000000)
  eden space 25600K, 18% used [0x00000000eab00000,0x00000000eafa22e8,0x00000000ec400000)
  from space 4096K, 99% used [0x00000000ec400000,0x00000000ec7fac10,0x00000000ec800000)
  to   space 4096K, 0% used [0x00000000ec800000,0x00000000ec800000,0x00000000ecc00000)
 ParOldGen       total 68608K, used 3169K [0x00000000c0000000, 0x00000000c4300000, 0x00000000eab00000)
  object space 68608K, 4% used [0x00000000c0000000,0x00000000c0318610,0x00000000c4300000)
 Metaspace       used 21059K, committed 21504K, reserved 1073152K
  class space    used 2145K, committed 2368K, reserved 1048576K
}
Event: 1.335 GC heap after
{Heap after GC invocations=4 (full 0):
 PSYoungGen      total 29696K, used 4093K [0x00000000eab00000, 0x00000000ecc00000, 0x0000000100000000)
  eden space 25600K, 0% used [0x00000000eab00000,0x00000000eab00000,0x00000000ec400000)
  from space 4096K, 99% used [0x00000000ec800000,0x00000000ecbff6f0,0x00000000ecc00000)
  to   space 4096K, 0% used [0x00000000ec400000,0x00000000ec400000,0x00000000ec800000)
 ParOldGen       total 68608K, used 3317K [0x00000000c0000000, 0x00000000c4300000, 0x00000000eab00000)
  object space 68608K, 4% used [0x00000000c0000000,0x00000000c033d620,0x00000000c4300000)
 Metaspace       used 21059K, committed 21504K, reserved 1073152K
  class space    used 2145K, committed 2368K, reserved 1048576K
}
Event: 1.335 GC heap before
{Heap before GC invocations=5 (full 1):
 PSYoungGen      total 29696K, used 4093K [0x00000000eab00000, 0x00000000ecc00000, 0x0000000100000000)
  eden space 25600K, 0% used [0x00000000eab00000,0x00000000eab00000,0x00000000ec400000)
  from space 4096K, 99% used [0x00000000ec800000,0x00000000ecbff6f0,0x00000000ecc00000)
  to   space 4096K, 0% used [0x00000000ec400000,0x00000000ec400000,0x00000000ec800000)
 ParOldGen       total 68608K, used 3317K [0x00000000c0000000, 0x00000000c4300000, 0x00000000eab00000)
  object space 68608K, 4% used [0x00000000c0000000,0x00000000c033d620,0x00000000c4300000)
 Metaspace       used 21059K, committed 21504K, reserved 1073152K
  class space    used 2145K, committed 2368K, reserved 1048576K
}
Event: 1.351 GC heap after
{Heap after GC invocations=5 (full 1):
 PSYoungGen      total 29696K, used 0K [0x00000000eab00000, 0x00000000ecc00000, 0x0000000100000000)
  eden space 25600K, 0% used [0x00000000eab00000,0x00000000eab00000,0x00000000ec400000)
  from space 4096K, 0% used [0x00000000ec800000,0x00000000ec800000,0x00000000ecc00000)
  to   space 4096K, 0% used [0x00000000ec400000,0x00000000ec400000,0x00000000ec800000)
 ParOldGen       total 68608K, used 7200K [0x00000000c0000000, 0x00000000c4300000, 0x00000000eab00000)
  object space 68608K, 10% used [0x00000000c0000000,0x00000000c0708168,0x00000000c4300000)
 Metaspace       used 21046K, committed 21504K, reserved 1073152K
  class space    used 2141K, committed 2368K, reserved 1048576K
}
Event: 1.506 GC heap before
{Heap before GC invocations=6 (full 1):
 PSYoungGen      total 29696K, used 25600K [0x00000000eab00000, 0x00000000ecc00000, 0x0000000100000000)
  eden space 25600K, 100% used [0x00000000eab00000,0x00000000ec400000,0x00000000ec400000)
  from space 4096K, 0% used [0x00000000ec800000,0x00000000ec800000,0x00000000ecc00000)
  to   space 4096K, 0% used [0x00000000ec400000,0x00000000ec400000,0x00000000ec800000)
 ParOldGen       total 68608K, used 7200K [0x00000000c0000000, 0x00000000c4300000, 0x00000000eab00000)
  object space 68608K, 10% used [0x00000000c0000000,0x00000000c0708168,0x00000000c4300000)
 Metaspace       used 24678K, committed 25152K, reserved 1073152K
  class space    used 2414K, committed 2624K, reserved 1048576K
}
Event: 1.507 GC heap after
{Heap after GC invocations=6 (full 1):
 PSYoungGen      total 25600K, used 417K [0x00000000eab00000, 0x00000000ec880000, 0x0000000100000000)
  eden space 25088K, 0% used [0x00000000eab00000,0x00000000eab00000,0x00000000ec380000)
  from space 512K, 81% used [0x00000000ec400000,0x00000000ec4684a0,0x00000000ec480000)
  to   space 2048K, 0% used [0x00000000ec680000,0x00000000ec680000,0x00000000ec880000)
 ParOldGen       total 68608K, used 7208K [0x00000000c0000000, 0x00000000c4300000, 0x00000000eab00000)
  object space 68608K, 10% used [0x00000000c0000000,0x00000000c070a168,0x00000000c4300000)
 Metaspace       used 24678K, committed 25152K, reserved 1073152K
  class space    used 2414K, committed 2624K, reserved 1048576K
}
Event: 2.215 GC heap before
{Heap before GC invocations=7 (full 1):
 PSYoungGen      total 25600K, used 25505K [0x00000000eab00000, 0x00000000ec880000, 0x0000000100000000)
  eden space 25088K, 100% used [0x00000000eab00000,0x00000000ec380000,0x00000000ec380000)
  from space 512K, 81% used [0x00000000ec400000,0x00000000ec4684a0,0x00000000ec480000)
  to   space 2048K, 0% used [0x00000000ec680000,0x00000000ec680000,0x00000000ec880000)
 ParOldGen       total 68608K, used 7208K [0x00000000c0000000, 0x00000000c4300000, 0x00000000eab00000)
  object space 68608K, 10% used [0x00000000c0000000,0x00000000c070a168,0x00000000c4300000)
 Metaspace       used 27505K, committed 27968K, reserved 1081344K
  class space    used 2648K, committed 2880K, reserved 1048576K
}
Event: 2.216 GC heap after
{Heap after GC invocations=7 (full 1):
 PSYoungGen      total 26112K, used 1112K [0x00000000eab00000, 0x00000000ec800000, 0x0000000100000000)
  eden space 24576K, 0% used [0x00000000eab00000,0x00000000eab00000,0x00000000ec300000)
  from space 1536K, 72% used [0x00000000ec680000,0x00000000ec796090,0x00000000ec800000)
  to   space 1536K, 0% used [0x00000000ec500000,0x00000000ec500000,0x00000000ec680000)
 ParOldGen       total 68608K, used 7216K [0x00000000c0000000, 0x00000000c4300000, 0x00000000eab00000)
  object space 68608K, 10% used [0x00000000c0000000,0x00000000c070c168,0x00000000c4300000)
 Metaspace       used 27505K, committed 27968K, reserved 1081344K
  class space    used 2648K, committed 2880K, reserved 1048576K
}
Event: 2.536 GC heap before
{Heap before GC invocations=8 (full 1):
 PSYoungGen      total 26112K, used 25688K [0x00000000eab00000, 0x00000000ec800000, 0x0000000100000000)
  eden space 24576K, 100% used [0x00000000eab00000,0x00000000ec300000,0x00000000ec300000)
  from space 1536K, 72% used [0x00000000ec680000,0x00000000ec796090,0x00000000ec800000)
  to   space 1536K, 0% used [0x00000000ec500000,0x00000000ec500000,0x00000000ec680000)
 ParOldGen       total 68608K, used 7216K [0x00000000c0000000, 0x00000000c4300000, 0x00000000eab00000)
  object space 68608K, 10% used [0x00000000c0000000,0x00000000c070c168,0x00000000c4300000)
 Metaspace       used 31932K, committed 32512K, reserved 1081344K
  class space    used 3200K, committed 3456K, reserved 1048576K
}
Event: 2.537 GC heap after
{Heap after GC invocations=8 (full 1):
 PSYoungGen      total 25600K, used 1521K [0x00000000eab00000, 0x00000000ec780000, 0x0000000100000000)
  eden space 24064K, 0% used [0x00000000eab00000,0x00000000eab00000,0x00000000ec280000)
  from space 1536K, 99% used [0x00000000ec500000,0x00000000ec67c538,0x00000000ec680000)
  to   space 1024K, 0% used [0x00000000ec680000,0x00000000ec680000,0x00000000ec780000)
 ParOldGen       total 68608K, used 7920K [0x00000000c0000000, 0x00000000c4300000, 0x00000000eab00000)
  object space 68608K, 11% used [0x00000000c0000000,0x00000000c07bc198,0x00000000c4300000)
 Metaspace       used 31932K, committed 32512K, reserved 1081344K
  class space    used 3200K, committed 3456K, reserved 1048576K
}
Event: 2.779 GC heap before
{Heap before GC invocations=9 (full 1):
 PSYoungGen      total 25600K, used 25585K [0x00000000eab00000, 0x00000000ec780000, 0x0000000100000000)
  eden space 24064K, 100% used [0x00000000eab00000,0x00000000ec280000,0x00000000ec280000)
  from space 1536K, 99% used [0x00000000ec500000,0x00000000ec67c538,0x00000000ec680000)
  to   space 1024K, 0% used [0x00000000ec680000,0x00000000ec680000,0x00000000ec780000)
 ParOldGen       total 68608K, used 7920K [0x00000000c0000000, 0x00000000c4300000, 0x00000000eab00000)
  object space 68608K, 11% used [0x00000000c0000000,0x00000000c07bc198,0x00000000c4300000)
 Metaspace       used 35056K, committed 35776K, reserved 1081344K
  class space    used 3549K, committed 3840K, reserved 1048576K
}
Event: 2.782 GC heap after
{Heap after GC invocations=9 (full 1):
 PSYoungGen      total 24576K, used 1014K [0x00000000eab00000, 0x00000000eca00000, 0x0000000100000000)
  eden space 23552K, 0% used [0x00000000eab00000,0x00000000eab00000,0x00000000ec200000)
  from space 1024K, 99% used [0x00000000ec680000,0x00000000ec77db28,0x00000000ec780000)
  to   space 4096K, 0% used [0x00000000ec200000,0x00000000ec200000,0x00000000ec600000)
 ParOldGen       total 68608K, used 10249K [0x00000000c0000000, 0x00000000c4300000, 0x00000000eab00000)
  object space 68608K, 14% used [0x00000000c0000000,0x00000000c0a02660,0x00000000c4300000)
 Metaspace       used 35056K, committed 35776K, reserved 1081344K
  class space    used 3549K, committed 3840K, reserved 1048576K
}
Event: 2.825 GC heap before
{Heap before GC invocations=10 (full 1):
 PSYoungGen      total 24576K, used 19469K [0x00000000eab00000, 0x00000000eca00000, 0x0000000100000000)
  eden space 23552K, 78% used [0x00000000eab00000,0x00000000ebd05a78,0x00000000ec200000)
  from space 1024K, 99% used [0x00000000ec680000,0x00000000ec77db28,0x00000000ec780000)
  to   space 4096K, 0% used [0x00000000ec200000,0x00000000ec200000,0x00000000ec600000)
 ParOldGen       total 68608K, used 10249K [0x00000000c0000000, 0x00000000c4300000, 0x00000000eab00000)
  object space 68608K, 14% used [0x00000000c0000000,0x00000000c0a02660,0x00000000c4300000)
 Metaspace       used 35211K, committed 35840K, reserved 1081344K
  class space    used 3568K, committed 3840K, reserved 1048576K
}
Event: 2.826 GC heap after
{Heap after GC invocations=10 (full 1):
 PSYoungGen      total 26112K, used 2458K [0x00000000eab00000, 0x00000000ec800000, 0x0000000100000000)
  eden space 23552K, 0% used [0x00000000eab00000,0x00000000eab00000,0x00000000ec200000)
  from space 2560K, 96% used [0x00000000ec200000,0x00000000ec4669e0,0x00000000ec480000)
  to   space 3072K, 0% used [0x00000000ec500000,0x00000000ec500000,0x00000000ec800000)
 ParOldGen       total 68608K, used 10752K [0x00000000c0000000, 0x00000000c4300000, 0x00000000eab00000)
  object space 68608K, 15% used [0x00000000c0000000,0x00000000c0a80260,0x00000000c4300000)
 Metaspace       used 35211K, committed 35840K, reserved 1081344K
  class space    used 3568K, committed 3840K, reserved 1048576K
}
Event: 2.826 GC heap before
{Heap before GC invocations=11 (full 2):
 PSYoungGen      total 26112K, used 2458K [0x00000000eab00000, 0x00000000ec800000, 0x0000000100000000)
  eden space 23552K, 0% used [0x00000000eab00000,0x00000000eab00000,0x00000000ec200000)
  from space 2560K, 96% used [0x00000000ec200000,0x00000000ec4669e0,0x00000000ec480000)
  to   space 3072K, 0% used [0x00000000ec500000,0x00000000ec500000,0x00000000ec800000)
 ParOldGen       total 68608K, used 10752K [0x00000000c0000000, 0x00000000c4300000, 0x00000000eab00000)
  object space 68608K, 15% used [0x00000000c0000000,0x00000000c0a80260,0x00000000c4300000)
 Metaspace       used 35211K, committed 35840K, reserved 1081344K
  class space    used 3568K, committed 3840K, reserved 1048576K
}
Event: 2.843 GC heap after
{Heap after GC invocations=11 (full 2):
 PSYoungGen      total 26112K, used 0K [0x00000000eab00000, 0x00000000ec800000, 0x0000000100000000)
  eden space 23552K, 0% used [0x00000000eab00000,0x00000000eab00000,0x00000000ec200000)
  from space 2560K, 0% used [0x00000000ec200000,0x00000000ec200000,0x00000000ec480000)
  to   space 3072K, 0% used [0x00000000ec500000,0x00000000ec500000,0x00000000ec800000)
 ParOldGen       total 68608K, used 12896K [0x00000000c0000000, 0x00000000c4300000, 0x00000000eab00000)
  object space 68608K, 18% used [0x00000000c0000000,0x00000000c0c98348,0x00000000c4300000)
 Metaspace       used 35211K, committed 35840K, reserved 1081344K
  class space    used 3568K, committed 3840K, reserved 1048576K
}
Event: 2.888 GC heap before
{Heap before GC invocations=12 (full 2):
 PSYoungGen      total 26112K, used 23552K [0x00000000eab00000, 0x00000000ec800000, 0x0000000100000000)
  eden space 23552K, 100% used [0x00000000eab00000,0x00000000ec200000,0x00000000ec200000)
  from space 2560K, 0% used [0x00000000ec200000,0x00000000ec200000,0x00000000ec480000)
  to   space 3072K, 0% used [0x00000000ec500000,0x00000000ec500000,0x00000000ec800000)
 ParOldGen       total 68608K, used 12896K [0x00000000c0000000, 0x00000000c4300000, 0x00000000eab00000)
  object space 68608K, 18% used [0x00000000c0000000,0x00000000c0c98348,0x00000000c4300000)
 Metaspace       used 35285K, committed 35968K, reserved 1081344K
  class space    used 3581K, committed 3904K, reserved 1048576K
}
Event: 2.890 GC heap after
{Heap after GC invocations=12 (full 2):
 PSYoungGen      total 26112K, used 2848K [0x00000000eab00000, 0x00000000ec800000, 0x0000000100000000)
  eden space 23040K, 0% used [0x00000000eab00000,0x00000000eab00000,0x00000000ec180000)
  from space 3072K, 92% used [0x00000000ec500000,0x00000000ec7c8020,0x00000000ec800000)
  to   space 3072K, 0% used [0x00000000ec200000,0x00000000ec200000,0x00000000ec500000)
 ParOldGen       total 68608K, used 12896K [0x00000000c0000000, 0x00000000c4300000, 0x00000000eab00000)
  object space 68608K, 18% used [0x00000000c0000000,0x00000000c0c98348,0x00000000c4300000)
 Metaspace       used 35285K, committed 35968K, reserved 1081344K
  class space    used 3581K, committed 3904K, reserved 1048576K
}
Event: 2.915 GC heap before
{Heap before GC invocations=13 (full 2):
 PSYoungGen      total 26112K, used 25888K [0x00000000eab00000, 0x00000000ec800000, 0x0000000100000000)
  eden space 23040K, 100% used [0x00000000eab00000,0x00000000ec180000,0x00000000ec180000)
  from space 3072K, 92% used [0x00000000ec500000,0x00000000ec7c8020,0x00000000ec800000)
  to   space 3072K, 0% used [0x00000000ec200000,0x00000000ec200000,0x00000000ec500000)
 ParOldGen       total 68608K, used 12896K [0x00000000c0000000, 0x00000000c4300000, 0x00000000eab00000)
  object space 68608K, 18% used [0x00000000c0000000,0x00000000c0c98348,0x00000000c4300000)
 Metaspace       used 35286K, committed 35968K, reserved 1081344K
  class space    used 3581K, committed 3904K, reserved 1048576K
}
Event: 2.919 GC heap after
{Heap after GC invocations=13 (full 2):
 PSYoungGen      total 25088K, used 2464K [0x00000000eab00000, 0x00000000ec700000, 0x0000000100000000)
  eden space 22528K, 0% used [0x00000000eab00000,0x00000000eab00000,0x00000000ec100000)
  from space 2560K, 96% used [0x00000000ec200000,0x00000000ec468000,0x00000000ec480000)
  to   space 2560K, 0% used [0x00000000ec480000,0x00000000ec480000,0x00000000ec700000)
 ParOldGen       total 68608K, used 15668K [0x00000000c0000000, 0x00000000c4300000, 0x00000000eab00000)
  object space 68608K, 22% used [0x00000000c0000000,0x00000000c0f4d280,0x00000000c4300000)
 Metaspace       used 35286K, committed 35968K, reserved 1081344K
  class space    used 3581K, committed 3904K, reserved 1048576K
}

Dll operation events (10 events):
Event: 0.014 Loaded shared library c:\Users\daniely.campaner\.vscode\extensions\redhat.java-1.16.0-win32-x64\jre\17.0.6-win32-x86_64\bin\java.dll
Event: 0.115 Loaded shared library c:\Users\daniely.campaner\.vscode\extensions\redhat.java-1.16.0-win32-x64\jre\17.0.6-win32-x86_64\bin\zip.dll
Event: 0.118 Loaded shared library C:\Users\daniely.campaner\.vscode\extensions\redhat.java-1.16.0-win32-x64\jre\17.0.6-win32-x86_64\bin\instrument.dll
Event: 0.129 Loaded shared library C:\Users\daniely.campaner\.vscode\extensions\redhat.java-1.16.0-win32-x64\jre\17.0.6-win32-x86_64\bin\net.dll
Event: 0.132 Loaded shared library C:\Users\daniely.campaner\.vscode\extensions\redhat.java-1.16.0-win32-x64\jre\17.0.6-win32-x86_64\bin\nio.dll
Event: 0.138 Loaded shared library C:\Users\daniely.campaner\.vscode\extensions\redhat.java-1.16.0-win32-x64\jre\17.0.6-win32-x86_64\bin\zip.dll
Event: 0.148 Loaded shared library C:\Users\daniely.campaner\.vscode\extensions\redhat.java-1.16.0-win32-x64\jre\17.0.6-win32-x86_64\bin\jimage.dll
Event: 0.187 Loaded shared library c:\Users\daniely.campaner\.vscode\extensions\redhat.java-1.16.0-win32-x64\jre\17.0.6-win32-x86_64\bin\verify.dll
Event: 0.817 Loaded shared library C:\Users\daniely.campaner\AppData\Roaming\Code\User\globalStorage\redhat.java\1.16.0\config_ss_win\org.eclipse.equinox.launcher\org.eclipse.equinox.launcher.win32.win32.x86_64_1.2.700.v20221108-1024\eclipse_11801.dll
Event: 2.395 Loaded shared library C:\Users\daniely.campaner\AppData\Local\Temp\jna--161128369\jna15074447215912008244.dll

Deoptimization events (20 events):
Event: 2.785 Thread 0x0000016b82d53080 DEOPT PACKING pc=0x0000016bef4729f0 sp=0x0000000cce6fd8d0
Event: 2.785 Thread 0x0000016b82d53080 DEOPT UNPACKING pc=0x0000016bf63c6e43 sp=0x0000000cce6fcde0 mode 0
Event: 2.786 Thread 0x0000016b82d53080 DEOPT PACKING pc=0x0000016bef4729f0 sp=0x0000000cce6fd8d0
Event: 2.786 Thread 0x0000016b82d53080 DEOPT UNPACKING pc=0x0000016bf63c6e43 sp=0x0000000cce6fcde0 mode 0
Event: 2.786 Thread 0x0000016b82d53080 DEOPT PACKING pc=0x0000016bef4729f0 sp=0x0000000cce6fd8d0
Event: 2.786 Thread 0x0000016b82d53080 DEOPT UNPACKING pc=0x0000016bf63c6e43 sp=0x0000000cce6fcde0 mode 0
Event: 2.787 Thread 0x0000016b82d53080 DEOPT PACKING pc=0x0000016bef4729f0 sp=0x0000000cce6fd8d0
Event: 2.787 Thread 0x0000016b82d53080 DEOPT UNPACKING pc=0x0000016bf63c6e43 sp=0x0000000cce6fcde0 mode 0
Event: 2.787 Thread 0x0000016b82d53080 DEOPT PACKING pc=0x0000016bef4729f0 sp=0x0000000cce6fdb40
Event: 2.787 Thread 0x0000016b82d53080 DEOPT UNPACKING pc=0x0000016bf63c6e43 sp=0x0000000cce6fd050 mode 0
Event: 2.788 Thread 0x0000016b82d53080 DEOPT PACKING pc=0x0000016bef4729f0 sp=0x0000000cce6fd8d0
Event: 2.788 Thread 0x0000016b82d53080 DEOPT UNPACKING pc=0x0000016bf63c6e43 sp=0x0000000cce6fcde0 mode 0
Event: 2.788 Thread 0x0000016b82d53080 DEOPT PACKING pc=0x0000016bef4729f0 sp=0x0000000cce6fdb40
Event: 2.788 Thread 0x0000016b82d53080 DEOPT UNPACKING pc=0x0000016bf63c6e43 sp=0x0000000cce6fd050 mode 0
Event: 2.788 Thread 0x0000016b82d53080 DEOPT PACKING pc=0x0000016bef4729f0 sp=0x0000000cce6fd8d0
Event: 2.788 Thread 0x0000016b82d53080 DEOPT UNPACKING pc=0x0000016bf63c6e43 sp=0x0000000cce6fcde0 mode 0
Event: 2.891 Thread 0x0000016b82d53080 Uncommon trap: trap_request=0xffffff45 fr.pc=0x0000016bf692fdc0 relative=0x00000000000002a0
Event: 2.891 Thread 0x0000016b82d53080 Uncommon trap: reason=unstable_if action=reinterpret pc=0x0000016bf692fdc0 method=java.util.HashMap$HashIterator.<init>(Ljava/util/HashMap;)V @ 45 c2
Event: 2.891 Thread 0x0000016b82d53080 DEOPT PACKING pc=0x0000016bf692fdc0 sp=0x0000000cce6fe990
Event: 2.891 Thread 0x0000016b82d53080 DEOPT UNPACKING pc=0x0000016bf63c66a3 sp=0x0000000cce6fe928 mode 2

Classes unloaded (7 events):
Event: 1.339 Thread 0x0000016b800c8110 Unloading class 0x0000000100218400 'java/lang/invoke/LambdaForm$MH+0x0000000100218400'
Event: 1.339 Thread 0x0000016b800c8110 Unloading class 0x0000000100218000 'java/lang/invoke/LambdaForm$MH+0x0000000100218000'
Event: 1.339 Thread 0x0000016b800c8110 Unloading class 0x0000000100217c00 'java/lang/invoke/LambdaForm$MH+0x0000000100217c00'
Event: 1.339 Thread 0x0000016b800c8110 Unloading class 0x0000000100217400 'java/lang/invoke/LambdaForm$MH+0x0000000100217400'
Event: 1.339 Thread 0x0000016b800c8110 Unloading class 0x0000000100217000 'java/lang/invoke/LambdaForm$BMH+0x0000000100217000'
Event: 1.339 Thread 0x0000016b800c8110 Unloading class 0x0000000100216c00 'java/lang/invoke/LambdaForm$DMH+0x0000000100216c00'
Event: 1.339 Thread 0x0000016b800c8110 Unloading class 0x0000000100214000 'java/lang/invoke/LambdaForm$DMH+0x0000000100214000'

Classes redefined (0 events):
No events

Internal exceptions (20 events):
Event: 2.221 Thread 0x0000016b83a86930 Exception <a 'java/lang/NoSuchMethodError'{0x00000000eab7c268}: 'java.lang.Object java.lang.invoke.DirectMethodHandle$Holder.invokeStaticInit(java.lang.Object, int, int, int, int)'> (0x00000000eab7c268) 
thrown [s\src\hotspot\share\interpreter\linkResolver.cpp, line 759]
Event: 2.251 Thread 0x0000016b83a86930 Exception <a 'java/lang/NoSuchMethodError'{0x00000000eac30278}: 'java.lang.Object java.lang.invoke.DirectMethodHandle$Holder.invokeStaticInit(java.lang.Object, java.lang.Object, int, int, int, int)'> (0x00000000eac30278) 
thrown [s\src\hotspot\share\interpreter\linkResolver.cpp, line 759]
Event: 2.286 Thread 0x0000016b83a86930 Exception <a 'java/lang/ClassNotFoundException'{0x00000000eafb17a8}: com/sun/org/apache/xml/internal/serializer/spi/XMLEntitiesProvider> (0x00000000eafb17a8) 
thrown [s\src\hotspot\share\classfile\systemDictionary.cpp, line 256]
Event: 2.345 Thread 0x0000016b83a86930 Exception <a 'java/io/FileNotFoundException'{0x00000000eb3110d8}> (0x00000000eb3110d8) 
thrown [s\src\hotspot\share\prims\jni.cpp, line 516]
Event: 2.411 Thread 0x0000016b83a86930 Exception <a 'java/lang/UnsatisfiedLinkError'{0x00000000eb676e00}: Não foi possível encontrar o procedimento especificado.
> (0x00000000eb676e00) 
thrown [s\src\hotspot\share\prims\jni.cpp, line 535]
Event: 2.416 Thread 0x0000016b83a86930 Exception <a 'java/io/FileNotFoundException'{0x00000000eb69a3a0}> (0x00000000eb69a3a0) 
thrown [s\src\hotspot\share\prims\jni.cpp, line 516]
Event: 2.420 Thread 0x0000016b83a86930 Exception <a 'java/io/FileNotFoundException'{0x00000000eb70ca80}> (0x00000000eb70ca80) 
thrown [s\src\hotspot\share\prims\jni.cpp, line 516]
Event: 2.425 Thread 0x0000016b83a86930 Exception <a 'java/lang/UnsatisfiedLinkError'{0x00000000eb798918}: Não foi possível encontrar o procedimento especificado.
> (0x00000000eb798918) 
thrown [s\src\hotspot\share\prims\jni.cpp, line 535]
Event: 2.441 Thread 0x0000016bec1b0510 Exception <a 'java/lang/NoSuchMethodError'{0x00000000eb8b1098}: 'java.lang.Object java.lang.invoke.DirectMethodHandle$Holder.invokeStatic(java.lang.Object, java.lang.Object, long, java.lang.Object)'> (0x00000000eb8b1098) 
thrown [s\src\hotspot\share\interpreter\linkResolver.cpp, line 759]
Event: 2.441 Thread 0x0000016bec1b0510 Exception <a 'java/lang/NoSuchMethodError'{0x00000000eb8b4b30}: 'java.lang.Object java.lang.invoke.DirectMethodHandle$Holder.invokeStaticInit(java.lang.Object, java.lang.Object, long, java.lang.Object)'> (0x00000000eb8b4b30) 
thrown [s\src\hotspot\share\interpreter\linkResolver.cpp, line 759]
Event: 2.441 Thread 0x0000016bec1b0510 Exception <a 'java/lang/NoSuchMethodError'{0x00000000eb8bb140}: 'java.lang.Object java.lang.invoke.DirectMethodHandle$Holder.newInvokeSpecial(java.lang.Object, java.lang.Object, long)'> (0x00000000eb8bb140) 
thrown [s\src\hotspot\share\interpreter\linkResolver.cpp, line 759]
Event: 2.441 Thread 0x0000016bec1b0510 Exception <a 'java/lang/NoSuchMethodError'{0x00000000eb8beb80}: 'java.lang.Object java.lang.invoke.Invokers$Holder.linkToTargetMethod(java.lang.Object, long, java.lang.Object)'> (0x00000000eb8beb80) 
thrown [s\src\hotspot\share\interpreter\linkResolver.cpp, line 759]
Event: 2.466 Thread 0x0000016bec1b0510 Exception <a 'java/lang/NoSuchMethodError'{0x00000000eba59028}: 'void java.lang.invoke.DirectMethodHandle$Holder.invokeStatic(java.lang.Object, java.lang.Object, java.lang.Object, java.lang.Object)'> (0x00000000eba59028) 
thrown [s\src\hotspot\share\interpreter\linkResolver.cpp, line 759]
Event: 2.534 Thread 0x0000016bec1b0510 Exception <a 'java/lang/NoSuchMethodError'{0x00000000ec2d4cc8}: 'void java.lang.invoke.DirectMethodHandle$Holder.invokeSpecial(java.lang.Object, java.lang.Object, java.lang.Object, java.lang.Object, java.lang.Object, java.lang.Object)'> (0x00000000ec2d4cc8) 
thrown [s\src\hotspot\share\interpreter\linkResolver.cpp, line 759]
Event: 2.535 Thread 0x0000016bec1b0510 Exception <a 'java/lang/IncompatibleClassChangeError'{0x00000000ec2ddb38}: Found class java.lang.Object, but interface was expected> (0x00000000ec2ddb38) 
thrown [s\src\hotspot\share\interpreter\linkResolver.cpp, line 826]
Event: 2.602 Thread 0x0000016b82d53a20 Exception <a 'java/io/FileNotFoundException'{0x00000000eafcf260}> (0x00000000eafcf260) 
thrown [s\src\hotspot\share\prims\jni.cpp, line 516]
Event: 2.691 Thread 0x0000016b82d53080 Exception <a 'java/lang/NoSuchMethodError'{0x00000000eb829f80}: 'java.lang.Object java.lang.invoke.Invokers$Holder.invoke_MT(java.lang.Object, java.lang.Object, java.lang.Object)'> (0x00000000eb829f80) 
thrown [s\src\hotspot\share\interpreter\linkResolver.cpp, line 759]
Event: 2.807 Thread 0x0000016b82d53080 Exception <a 'java/io/FileNotFoundException'{0x00000000eb699a28}> (0x00000000eb699a28) 
thrown [s\src\hotspot\share\prims\jni.cpp, line 516]
Event: 2.807 Thread 0x0000016b82d53080 Exception <a 'java/io/FileNotFoundException'{0x00000000eb69b398}> (0x00000000eb69b398) 
thrown [s\src\hotspot\share\prims\jni.cpp, line 516]
Event: 2.808 Thread 0x0000016b82d53080 Exception <a 'java/lang/NoSuchMethodError'{0x00000000eb6a7598}: 'void java.lang.invoke.DirectMethodHandle$Holder.invokeStaticInit(java.lang.Object, java.lang.Object, java.lang.Object)'> (0x00000000eb6a7598) 
thrown [s\src\hotspot\share\interpreter\linkResolver.cpp, line 759]

VM Operations (20 events):
Event: 2.482 Executing VM operation: HandshakeAllThreads
Event: 2.482 Executing VM operation: HandshakeAllThreads done
Event: 2.536 Executing VM operation: ParallelGCFailedAllocation
Event: 2.538 Executing VM operation: ParallelGCFailedAllocation done
Event: 2.595 Executing VM operation: HandshakeAllThreads
Event: 2.595 Executing VM operation: HandshakeAllThreads done
Event: 2.678 Executing VM operation: HandshakeAllThreads
Event: 2.678 Executing VM operation: HandshakeAllThreads done
Event: 2.698 Executing VM operation: HandshakeAllThreads
Event: 2.698 Executing VM operation: HandshakeAllThreads done
Event: 2.774 Executing VM operation: ICBufferFull
Event: 2.774 Executing VM operation: ICBufferFull done
Event: 2.779 Executing VM operation: ParallelGCFailedAllocation
Event: 2.782 Executing VM operation: ParallelGCFailedAllocation done
Event: 2.825 Executing VM operation: CollectForMetadataAllocation
Event: 2.843 Executing VM operation: CollectForMetadataAllocation done
Event: 2.888 Executing VM operation: ParallelGCFailedAllocation
Event: 2.891 Executing VM operation: ParallelGCFailedAllocation done
Event: 2.915 Executing VM operation: ParallelGCFailedAllocation
Event: 2.919 Executing VM operation: ParallelGCFailedAllocation done

Events (20 events):
Event: 2.718 loading class java/nio/file/FileTreeWalker$EventType
Event: 2.718 loading class java/nio/file/FileTreeWalker$EventType done
Event: 2.718 loading class java/nio/file/Files$3
Event: 2.718 loading class java/nio/file/Files$3 done
Event: 2.719 loading class java/nio/file/FileVisitResult
Event: 2.719 loading class java/nio/file/FileVisitResult done
Event: 2.745 loading class java/util/regex/Pattern$BackRef
Event: 2.746 loading class java/util/regex/Pattern$BackRef done
Event: 2.750 loading class java/lang/ThreadLocal$SuppliedThreadLocal
Event: 2.750 loading class java/lang/ThreadLocal$SuppliedThreadLocal done
Event: 2.768 loading class java/nio/channels/Channels
Event: 2.768 loading class java/nio/channels/Channels done
Event: 2.769 loading class java/nio/channels/Channels$ReadableByteChannelImpl
Event: 2.769 loading class java/nio/channels/Channels$ReadableByteChannelImpl done
Event: 2.769 loading class java/nio/channels/NonWritableChannelException
Event: 2.769 loading class java/nio/channels/NonWritableChannelException done
Event: 2.769 loading class sun/nio/ch/ChannelInputStream
Event: 2.769 loading class sun/nio/ch/ChannelInputStream done
Event: 2.769 loading class java/nio/channels/SelectableChannel
Event: 2.769 loading class java/nio/channels/SelectableChannel done


Dynamic libraries:
0x00007ff6d2080000 - 0x00007ff6d208e000 	c:\Users\daniely.campaner\.vscode\extensions\redhat.java-1.16.0-win32-x64\jre\17.0.6-win32-x86_64\bin\java.exe
0x00007ffddc9f0000 - 0x00007ffddcbe8000 	C:\Windows\SYSTEM32\ntdll.dll
0x00007ffddbd60000 - 0x00007ffddbe1f000 	C:\Windows\System32\KERNEL32.dll
0x00007ffdd9dd0000 - 0x00007ffdd9ed1000 	C:\Windows\system32\hmpalert.dll
0x00007ffdda5d0000 - 0x00007ffdda8c6000 	C:\Windows\System32\KERNELBASE.dll
0x00007ffdda430000 - 0x00007ffdda530000 	C:\Windows\System32\ucrtbase.dll
0x00007ffdd6e50000 - 0x00007ffdd6e69000 	c:\Users\daniely.campaner\.vscode\extensions\redhat.java-1.16.0-win32-x64\jre\17.0.6-win32-x86_64\bin\VCRUNTIME140.dll
0x00007ffdd6e70000 - 0x00007ffdd6e87000 	c:\Users\daniely.campaner\.vscode\extensions\redhat.java-1.16.0-win32-x64\jre\17.0.6-win32-x86_64\bin\jli.dll
0x00007ffddaa50000 - 0x00007ffddabed000 	C:\Windows\System32\USER32.dll
0x00007ffdda400000 - 0x00007ffdda422000 	C:\Windows\System32\win32u.dll
0x00007ffddc070000 - 0x00007ffddc09c000 	C:\Windows\System32\GDI32.dll
0x00007ffdda0d0000 - 0x00007ffdda1e5000 	C:\Windows\System32\gdi32full.dll
0x00007ffdda8d0000 - 0x00007ffdda96d000 	C:\Windows\System32\msvcp_win.dll
0x00007ffdc2d40000 - 0x00007ffdc2fda000 	C:\Windows\WinSxS\amd64_microsoft.windows.common-controls_6595b64144ccf1df_6.0.19041.1110_none_60b5254171f9507e\COMCTL32.dll
0x00007ffddc700000 - 0x00007ffddc79e000 	C:\Windows\System32\msvcrt.dll
0x00007ffddb390000 - 0x00007ffddb3c0000 	C:\Windows\System32\IMM32.DLL
0x00007ffdd6ef0000 - 0x00007ffdd6efc000 	c:\Users\daniely.campaner\.vscode\extensions\redhat.java-1.16.0-win32-x64\jre\17.0.6-win32-x86_64\bin\vcruntime140_1.dll
0x00007ffd8c590000 - 0x00007ffd8c621000 	c:\Users\daniely.campaner\.vscode\extensions\redhat.java-1.16.0-win32-x64\jre\17.0.6-win32-x86_64\bin\msvcp140.dll
0x00007ffd79550000 - 0x00007ffd7a197000 	c:\Users\daniely.campaner\.vscode\extensions\redhat.java-1.16.0-win32-x64\jre\17.0.6-win32-x86_64\bin\server\jvm.dll
0x00007ffddc230000 - 0x00007ffddc2df000 	C:\Windows\System32\ADVAPI32.dll
0x00007ffddb2f0000 - 0x00007ffddb38c000 	C:\Windows\System32\sechost.dll
0x00007ffddac00000 - 0x00007ffddad26000 	C:\Windows\System32\RPCRT4.dll
0x00007ffdd6e40000 - 0x00007ffdd6e49000 	C:\Windows\SYSTEM32\WSOCK32.dll
0x00007ffddbc70000 - 0x00007ffddbcdb000 	C:\Windows\System32\WS2_32.dll
0x00007ffdd51a0000 - 0x00007ffdd51aa000 	C:\Windows\SYSTEM32\VERSION.dll
0x00007ffdc9c00000 - 0x00007ffdc9c27000 	C:\Windows\SYSTEM32\WINMM.dll
0x00007ffdd7d00000 - 0x00007ffdd7d12000 	C:\Windows\SYSTEM32\kernel.appcore.dll
0x00007ffdd7530000 - 0x00007ffdd753a000 	c:\Users\daniely.campaner\.vscode\extensions\redhat.java-1.16.0-win32-x64\jre\17.0.6-win32-x86_64\bin\jimage.dll
0x00007ffdca070000 - 0x00007ffdca254000 	C:\Windows\SYSTEM32\DBGHELP.DLL
0x00007ffdc9890000 - 0x00007ffdc98c4000 	C:\Windows\SYSTEM32\dbgcore.DLL
0x00007ffdda9c0000 - 0x00007ffddaa42000 	C:\Windows\System32\bcryptPrimitives.dll
0x00007ffdd7520000 - 0x00007ffdd752e000 	c:\Users\daniely.campaner\.vscode\extensions\redhat.java-1.16.0-win32-x64\jre\17.0.6-win32-x86_64\bin\instrument.dll
0x00007ffdd6f20000 - 0x00007ffdd6f45000 	c:\Users\daniely.campaner\.vscode\extensions\redhat.java-1.16.0-win32-x64\jre\17.0.6-win32-x86_64\bin\java.dll
0x00007ffdd6f00000 - 0x00007ffdd6f18000 	c:\Users\daniely.campaner\.vscode\extensions\redhat.java-1.16.0-win32-x64\jre\17.0.6-win32-x86_64\bin\zip.dll
0x00007ffddb3c0000 - 0x00007ffddbb04000 	C:\Windows\System32\SHELL32.dll
0x00007ffdd7f00000 - 0x00007ffdd8693000 	C:\Windows\SYSTEM32\windows.storage.dll
0x00007ffddc2e0000 - 0x00007ffddc634000 	C:\Windows\System32\combase.dll
0x00007ffdd99b0000 - 0x00007ffdd99de000 	C:\Windows\SYSTEM32\Wldp.dll
0x00007ffddc180000 - 0x00007ffddc22d000 	C:\Windows\System32\SHCORE.dll
0x00007ffddc640000 - 0x00007ffddc695000 	C:\Windows\System32\shlwapi.dll
0x00007ffdda010000 - 0x00007ffdda02f000 	C:\Windows\SYSTEM32\profapi.dll
0x00007ffdd2fb0000 - 0x00007ffdd2fc9000 	C:\Users\daniely.campaner\.vscode\extensions\redhat.java-1.16.0-win32-x64\jre\17.0.6-win32-x86_64\bin\net.dll
0x00007ffdd8f40000 - 0x00007ffdd904a000 	C:\Windows\SYSTEM32\WINHTTP.dll
0x00007ffdd96a0000 - 0x00007ffdd970a000 	C:\Windows\system32\mswsock.dll
0x00007ffdd3d70000 - 0x00007ffdd3d85000 	C:\Users\daniely.campaner\.vscode\extensions\redhat.java-1.16.0-win32-x64\jre\17.0.6-win32-x86_64\bin\nio.dll
0x00007ffdd7510000 - 0x00007ffdd7520000 	c:\Users\daniely.campaner\.vscode\extensions\redhat.java-1.16.0-win32-x64\jre\17.0.6-win32-x86_64\bin\verify.dll
0x00007ffdb54a0000 - 0x00007ffdb54de000 	C:\Users\daniely.campaner\AppData\Roaming\Code\User\globalStorage\redhat.java\1.16.0\config_ss_win\org.eclipse.equinox.launcher\org.eclipse.equinox.launcher.win32.win32.x86_64_1.2.700.v20221108-1024\eclipse_11801.dll
0x00007ffddbe20000 - 0x00007ffddbf4a000 	C:\Windows\System32\ole32.dll
0x00007ffdd9890000 - 0x00007ffdd98a8000 	C:\Windows\SYSTEM32\CRYPTSP.dll
0x00007ffdd8eb0000 - 0x00007ffdd8ee4000 	C:\Windows\system32\rsaenh.dll
0x00007ffdda530000 - 0x00007ffdda557000 	C:\Windows\System32\bcrypt.dll
0x00007ffdd9fd0000 - 0x00007ffdd9ffe000 	C:\Windows\SYSTEM32\USERENV.dll
0x00007ffdd98b0000 - 0x00007ffdd98bc000 	C:\Windows\SYSTEM32\CRYPTBASE.dll
0x00007ffdd9390000 - 0x00007ffdd93cc000 	C:\Windows\SYSTEM32\IPHLPAPI.DLL
0x00007ffddc170000 - 0x00007ffddc178000 	C:\Windows\System32\NSI.dll
0x00007ffdd5690000 - 0x00007ffdd56a7000 	C:\Windows\SYSTEM32\dhcpcsvc6.DLL
0x00007ffdd5650000 - 0x00007ffdd566d000 	C:\Windows\SYSTEM32\dhcpcsvc.DLL
0x00007ffdd93e0000 - 0x00007ffdd94ab000 	C:\Windows\SYSTEM32\DNSAPI.dll
0x00007ffdb3e40000 - 0x00007ffdb3e85000 	C:\Users\daniely.campaner\AppData\Local\Temp\jna--161128369\jna15074447215912008244.dll
0x00007ffddae70000 - 0x00007ffddae78000 	C:\Windows\System32\PSAPI.DLL

dbghelp: loaded successfully - version: 4.0.5 - missing functions: none
symbol engine: initialized successfully - sym options: 0x614 - pdb path: .;c:\Users\daniely.campaner\.vscode\extensions\redhat.java-1.16.0-win32-x64\jre\17.0.6-win32-x86_64\bin;C:\Windows\SYSTEM32;C:\Windows\WinSxS\amd64_microsoft.windows.common-controls_6595b64144ccf1df_6.0.19041.1110_none_60b5254171f9507e;c:\Users\daniely.campaner\.vscode\extensions\redhat.java-1.16.0-win32-x64\jre\17.0.6-win32-x86_64\bin\server;C:\Users\daniely.campaner\AppData\Roaming\Code\User\globalStorage\redhat.java\1.16.0\config_ss_win\org.eclipse.equinox.launcher\org.eclipse.equinox.launcher.win32.win32.x86_64_1.2.700.v20221108-1024;C:\Users\daniely.campaner\AppData\Local\Temp\jna--161128369

VM Arguments:
jvm_args: --add-modules=ALL-SYSTEM --add-opens=java.base/java.util=ALL-UNNAMED --add-opens=java.base/java.lang=ALL-UNNAMED --add-opens=java.base/sun.nio.fs=ALL-UNNAMED -Declipse.application=org.eclipse.jdt.ls.core.id1 -Dosgi.bundles.defaultStartLevel=4 -Declipse.product=org.eclipse.jdt.ls.core.product -Djava.import.generatesMetadataFilesAtProjectRoot=false -Dfile.encoding=utf8 -XX:+UseParallelGC -XX:GCTimeRatio=4 -XX:AdaptiveSizePolicyWeight=90 -Dsun.zip.disableMemoryMapping=true -Xmx1G -Xms100m -Xlog:disable -javaagent:c:\Users\daniely.campaner\.vscode\extensions\redhat.java-1.16.0-win32-x64\lombok\lombok-1.18.24.jar 
java_command: c:\Users\daniely.campaner\.vscode\extensions\redhat.java-1.16.0-win32-x64\server\plugins\org.eclipse.equinox.launcher_1.6.400.v20210924-0641.jar -configuration c:\Users\daniely.campaner\AppData\Roaming\Code\User\globalStorage\redhat.java\1.16.0\config_ss_win -data c:\Users\daniely.campaner\AppData\Roaming\Code\User\workspaceStorage\140875b2b59f48cccf3bfd66f9ec5d24\redhat.java\ss_ws
java_class_path (initial): c:\Users\daniely.campaner\.vscode\extensions\redhat.java-1.16.0-win32-x64\server\plugins\org.eclipse.equinox.launcher_1.6.400.v20210924-0641.jar
Launcher Type: SUN_STANDARD

[Global flags]
    uintx AdaptiveSizePolicyWeight                 = 90                                        {product} {command line}
     intx CICompilerCount                          = 3                                         {product} {ergonomic}
    uintx GCTimeRatio                              = 4                                         {product} {command line}
   size_t InitialHeapSize                          = 104857600                                 {product} {command line}
   size_t MaxHeapSize                              = 1073741824                                {product} {command line}
   size_t MaxNewSize                               = 357564416                                 {product} {ergonomic}
   size_t MinHeapDeltaBytes                        = 524288                                    {product} {ergonomic}
   size_t MinHeapSize                              = 104857600                                 {product} {command line}
   size_t NewSize                                  = 34603008                                  {product} {ergonomic}
    uintx NonNMethodCodeHeapSize                   = 5832780                                {pd product} {ergonomic}
    uintx NonProfiledCodeHeapSize                  = 122912730                              {pd product} {ergonomic}
   size_t OldSize                                  = 70254592                                  {product} {ergonomic}
    uintx ProfiledCodeHeapSize                     = 122912730                              {pd product} {ergonomic}
    uintx ReservedCodeCacheSize                    = 251658240                              {pd product} {ergonomic}
     bool SegmentedCodeCache                       = true                                      {product} {ergonomic}
   size_t SoftMaxHeapSize                          = 1073741824                             {manageable} {ergonomic}
     bool UseCompressedClassPointers               = true                           {product lp64_product} {ergonomic}
     bool UseCompressedOops                        = true                           {product lp64_product} {ergonomic}
     bool UseLargePagesIndividualAllocation        = false                                  {pd product} {ergonomic}
     bool UseParallelGC                            = true                                      {product} {command line}

Logging:
Log output configuration:
 #0: stdout all=off uptime,level,tags
 #1: stderr all=off uptime,level,tags

Environment Variables:
PATH=C:\Program Files (x86)\VMware\VMware Workstation\bin\;C:\Program Files\Common Files\Oracle\Java\javapath;C:\Program Files (x86)\Common Files\Oracle\Java\javapath;C:\Windows\system32;C:\Windows;C:\Windows\System32\Wbem;C:\Windows\System32\WindowsPowerShell\v1.0\;C:\Windows\System32\OpenSSH\;C:\Program Files\Git\cmd;C:\Program Files\nodejs\;C:\Program Files\Microsoft VS Code\bin;C:\Users\daniely.campaner\AppData\Local\Microsoft\WindowsApps;
USERNAME=daniely.campaner
OS=Windows_NT
PROCESSOR_IDENTIFIER=Intel64 Family 6 Model 158 Stepping 10, GenuineIntel
TMP=C:\Users\DANIEL~1.CAM\AppData\Local\Temp
TEMP=C:\Users\DANIEL~1.CAM\AppData\Local\Temp



---------------  S Y S T E M  ---------------

OS:
 Windows 10 , 64 bit Build 19041 (10.0.19041.2913)
OS uptime: 0 days 0:13 hours

CPU: total 6 (initial active 6) (6 cores per cpu, 1 threads per core) family 6 model 158 stepping 10 microcode 0xea, cx8, cmov, fxsr, mmx, 3dnowpref, sse, sse2, sse3, ssse3, sse4.1, sse4.2, popcnt, lzcnt, tsc, tscinvbit, avx, avx2, aes, erms, clmul, bmi1, bmi2, rtm, adx, fma, vzeroupper, clflush, clflushopt

Memory: 4k page, system-wide physical 8001M (1277M free)
TotalPageFile size 8001M (AvailPageFile size 2M)
current process WorkingSet (physical memory assigned to process): 163M, peak: 163M
current process commit charge ("private bytes"): 252M, peak: 253M

vm_info: OpenJDK 64-Bit Server VM (17.0.6+10) for windows-amd64 JRE (17.0.6+10), built on Jan 18 2023 10:08:59 by "temurin" with MS VC++ 16.7 (VS2019)

END.
