#
# There is insufficient memory for the Java Runtime Environment to continue.
# Native memory allocation (malloc) failed to allocate 237456 bytes for Chunk::new
# Possible reasons:
#   The system is out of physical RAM or swap space
#   The process is running with CompressedOops enabled, and the Java Heap may be blocking the growth of the native heap
# Possible solutions:
#   Reduce memory load on the system
#   Increase physical memory or swap space
#   Check if swap backing store is full
#   Decrease Java heap size (-Xmx/-Xms)
#   Decrease number of Java threads
#   Decrease Java thread stack sizes (-Xss)
#   Set larger code cache with -XX:ReservedCodeCacheSize=
#   JVM is running with Unscaled Compressed Oops mode in which the Java heap is
#     placed in the first 4GB address space. The Java Heap base address is the
#     maximum limit for the native heap growth. Please use -XX:HeapBaseMinAddress
#     to set the Java Heap base and to place the Java Heap above 4GB virtual address.
# This output file may be truncated or incomplete.
#
#  Out of Memory Error (arena.cpp:189), pid=12912, tid=11592
#
# JRE version: OpenJDK Runtime Environment Temurin-17.0.6+10 (17.0.6+10) (build 17.0.6+10)
# Java VM: OpenJDK 64-Bit Server VM Temurin-17.0.6+10 (17.0.6+10, mixed mode, tiered, compressed oops, compressed class ptrs, parallel gc, windows-amd64)
# No core dump will be written. Minidumps are not enabled by default on client versions of Windows
#

---------------  S U M M A R Y ------------

Command Line: --add-modules=ALL-SYSTEM --add-opens=java.base/java.util=ALL-UNNAMED --add-opens=java.base/java.lang=ALL-UNNAMED --add-opens=java.base/sun.nio.fs=ALL-UNNAMED -Declipse.application=org.eclipse.jdt.ls.core.id1 -Dosgi.bundles.defaultStartLevel=4 -Declipse.product=org.eclipse.jdt.ls.core.product -Djava.import.generatesMetadataFilesAtProjectRoot=false -Dfile.encoding=utf8 -XX:+UseParallelGC -XX:GCTimeRatio=4 -XX:AdaptiveSizePolicyWeight=90 -Dsun.zip.disableMemoryMapping=true -Xmx1G -Xms100m -Xlog:disable -javaagent:c:\Users\daniely.campaner\.vscode\extensions\redhat.java-1.16.0-win32-x64\lombok\lombok-1.18.24.jar -XX:+HeapDumpOnOutOfMemoryError -XX:HeapDumpPath=c:\Users\daniely.campaner\AppData\Roaming\Code\User\workspaceStorage\7750d84eb1923cc754df20621d31398b\redhat.java c:\Users\daniely.campaner\.vscode\extensions\redhat.java-1.16.0-win32-x64\server\plugins\org.eclipse.equinox.launcher_1.6.400.v20210924-0641.jar -configuration c:\Users\daniely.campaner\AppData\Roaming\Code\User\globalStorage\redhat.java\1.16.0\config_win -data c:\Users\daniely.campaner\AppData\Roaming\Code\User\workspaceStorage\7750d84eb1923cc754df20621d31398b\redhat.java\jdt_ws

Host: Intel(R) Core(TM) i5-9500 CPU @ 3.00GHz, 6 cores, 7G,  Windows 10 , 64 bit Build 19041 (10.0.19041.2913)
Time: Mon Jun 12 19:13:06 2023 Hora oficial do Brasil elapsed time: 4.553401 seconds (0d 0h 0m 4s)

---------------  T H R E A D  ---------------

Current thread (0x000001df2a9fc3d0):  JavaThread "C2 CompilerThread0" daemon [_thread_in_native, id=11592, stack(0x00000042caa00000,0x00000042cab00000)]


Current CompileTask:
C2:   4553 3515   !   4       org.eclipse.osgi.internal.loader.classpath.ClasspathManager::defineClass (636 bytes)

Stack: [0x00000042caa00000,0x00000042cab00000]
Native frames: (J=compiled Java code, j=interpreted, Vv=VM code, C=native code)
V  [jvm.dll+0x67741a]
V  [jvm.dll+0x834434]
V  [jvm.dll+0x835bde]
V  [jvm.dll+0x836243]
V  [jvm.dll+0x2457b5]
V  [jvm.dll+0xabafc]
V  [jvm.dll+0xac0cc]
V  [jvm.dll+0x55f6e3]
V  [jvm.dll+0x32ddd0]
V  [jvm.dll+0x32d24a]
V  [jvm.dll+0x2185f1]
V  [jvm.dll+0x217a11]
V  [jvm.dll+0x1a3d0d]
V  [jvm.dll+0x22742a]
V  [jvm.dll+0x225565]
V  [jvm.dll+0x7ea2cb]
V  [jvm.dll+0x7e483a]
V  [jvm.dll+0x6762c5]
C  [ucrtbase.dll+0x21bb2]
C  [KERNEL32.dll+0x17614]
C  [ntdll.dll+0x526a1]


---------------  P R O C E S S  ---------------

Threads class SMR info:
_java_thread_list=0x000001df307ebed0, length=26, elements={
0x000001df16b73770, 0x000001df2a9d9750, 0x000001df2a9da3c0, 0x000001df2a9f7290,
0x000001df2a9f7f00, 0x000001df2a9f9a20, 0x000001df2a9fa3d0, 0x000001df2a9fc3d0,
0x000001df2caa44a0, 0x000001df2cafec80, 0x000001df2cb44b20, 0x000001df2cd728f0,
0x000001df2d508830, 0x000001df2e207820, 0x000001df2e253300, 0x000001df2e24fd20,
0x000001df2d5ddcb0, 0x000001df2e1ed600, 0x000001df2e04c020, 0x000001df2e04ace0,
0x000001df2e04bb50, 0x000001df2e04c4f0, 0x000001df2e04a810, 0x000001df2e04b1b0,
0x000001df2ebdf050, 0x000001df2e04ce90
}

Java Threads: ( => current thread )
  0x000001df16b73770 JavaThread "main" [_thread_blocked, id=7476, stack(0x00000042ca100000,0x00000042ca200000)]
  0x000001df2a9d9750 JavaThread "Reference Handler" daemon [_thread_blocked, id=11740, stack(0x00000042ca400000,0x00000042ca500000)]
  0x000001df2a9da3c0 JavaThread "Finalizer" daemon [_thread_blocked, id=12404, stack(0x00000042ca500000,0x00000042ca600000)]
  0x000001df2a9f7290 JavaThread "Signal Dispatcher" daemon [_thread_blocked, id=11736, stack(0x00000042ca600000,0x00000042ca700000)]
  0x000001df2a9f7f00 JavaThread "Attach Listener" daemon [_thread_blocked, id=988, stack(0x00000042ca700000,0x00000042ca800000)]
  0x000001df2a9f9a20 JavaThread "Service Thread" daemon [_thread_blocked, id=12644, stack(0x00000042ca800000,0x00000042ca900000)]
  0x000001df2a9fa3d0 JavaThread "Monitor Deflation Thread" daemon [_thread_blocked, id=10888, stack(0x00000042ca900000,0x00000042caa00000)]
=>0x000001df2a9fc3d0 JavaThread "C2 CompilerThread0" daemon [_thread_in_native, id=11592, stack(0x00000042caa00000,0x00000042cab00000)]
  0x000001df2caa44a0 JavaThread "C1 CompilerThread0" daemon [_thread_in_native, id=7816, stack(0x00000042cab00000,0x00000042cac00000)]
  0x000001df2cafec80 JavaThread "Sweeper thread" daemon [_thread_blocked, id=10060, stack(0x00000042cac00000,0x00000042cad00000)]
  0x000001df2cb44b20 JavaThread "Common-Cleaner" daemon [_thread_blocked, id=10396, stack(0x00000042cad00000,0x00000042cae00000)]
  0x000001df2cd728f0 JavaThread "Notification Thread" daemon [_thread_blocked, id=9160, stack(0x00000042cae00000,0x00000042caf00000)]
  0x000001df2d508830 JavaThread "Active Thread: Equinox Container: 86df4517-14f9-4915-adbf-048305759509" [_thread_blocked, id=8820, stack(0x00000042cb600000,0x00000042cb700000)]
  0x000001df2e207820 JavaThread "Framework Event Dispatcher: Equinox Container: 86df4517-14f9-4915-adbf-048305759509" daemon [_thread_blocked, id=12160, stack(0x00000042cb700000,0x00000042cb800000)]
  0x000001df2e253300 JavaThread "Start Level: Equinox Container: 86df4517-14f9-4915-adbf-048305759509" daemon [_thread_blocked, id=10692, stack(0x00000042cb800000,0x00000042cb900000)]
  0x000001df2e24fd20 JavaThread "SCR Component Actor" daemon [_thread_blocked, id=6648, stack(0x00000042cb900000,0x00000042cba00000)]
  0x000001df2d5ddcb0 JavaThread "SCR Component Registry" daemon [_thread_blocked, id=11800, stack(0x00000042cba00000,0x00000042cbb00000)]
  0x000001df2e1ed600 JavaThread "Worker-JM" [_thread_blocked, id=13436, stack(0x00000042cbb00000,0x00000042cbc00000)]
  0x000001df2e04c020 JavaThread "Worker-0: Repository registry initialization" [_thread_blocked, id=5408, stack(0x00000042cbc00000,0x00000042cbd00000)]
  0x000001df2e04ace0 JavaThread "Worker-1: Updating Maven Dependencies" [_thread_in_vm, id=12692, stack(0x00000042cbd00000,0x00000042cbe00000)]
  0x000001df2e04bb50 JavaThread "Java indexing" daemon [_thread_blocked, id=9636, stack(0x00000042cbe00000,0x00000042cbf00000)]
  0x000001df2e04c4f0 JavaThread "JNA Cleaner" daemon [_thread_blocked, id=12424, stack(0x00000042cbf00000,0x00000042cc000000)]
  0x000001df2e04a810 JavaThread "pool-2-thread-1" [_thread_blocked, id=10492, stack(0x00000042cb000000,0x00000042cb100000)]
  0x000001df2e04b1b0 JavaThread "Worker-2" [_thread_blocked, id=5700, stack(0x00000042cc200000,0x00000042cc300000)]
  0x000001df2ebdf050 JavaThread "C2 CompilerThread1" daemon [_thread_in_native, id=1740, stack(0x00000042cc300000,0x00000042cc400000)]
  0x000001df2e04ce90 JavaThread "pool-1-thread-1" [_thread_blocked, id=11484, stack(0x00000042cc400000,0x00000042cc500000)]

Other Threads:
  0x000001df2a8c9b60 VMThread "VM Thread" [stack: 0x00000042ca300000,0x00000042ca400000] [id=3868]
  0x000001df2cd72dc0 WatcherThread [stack: 0x00000042caf00000,0x00000042cb000000] [id=4828]
  0x000001df16b88900 GCTaskThread "GC Thread#0" [stack: 0x00000042ca200000,0x00000042ca300000] [id=1136]
  0x000001df2d063580 GCTaskThread "GC Thread#1" [stack: 0x00000042cb100000,0x00000042cb200000] [id=7752]
  0x000001df2d063c40 GCTaskThread "GC Thread#2" [stack: 0x00000042cb200000,0x00000042cb300000] [id=5108]
  0x000001df2d4f40f0 GCTaskThread "GC Thread#3" [stack: 0x00000042cb300000,0x00000042cb400000] [id=6892]
  0x000001df2d4f43a0 GCTaskThread "GC Thread#4" [stack: 0x00000042cb400000,0x00000042cb500000] [id=6916]
  0x000001df2d4f4650 GCTaskThread "GC Thread#5" [stack: 0x00000042cb500000,0x00000042cb600000] [id=10584]

Threads with active compile tasks:
C2 CompilerThread0     4597 3515   !   4       org.eclipse.osgi.internal.loader.classpath.ClasspathManager::defineClass (636 bytes)
C1 CompilerThread0     4597 3647       3       com.google.common.collect.LexicographicalOrdering::compare (85 bytes)
C2 CompilerThread1     4597 3452       4       org.eclipse.osgi.internal.loader.BundleLoader::addExportedProvidersFor (167 bytes)

VM state: not at safepoint (normal execution)

VM Mutex/Monitor currently owned by a thread:  ([mutex/lock_event])
[0x000001df16b5e170] Metaspace_lock - owner thread: 0x000001df2e04ace0

Heap address: 0x00000000c0000000, size: 1024 MB, Compressed Oops mode: 32-bit

CDS archive(s) not mapped
Compressed class space mapped at: 0x0000000100000000-0x0000000140000000, reserved size: 1073741824
Narrow klass base: 0x0000000000000000, Narrow klass shift: 3, Narrow klass range: 0x140000000

GC Precious Log:
 CPUs: 6 total, 6 available
 Memory: 8001M
 Large Page Support: Disabled
 NUMA Support: Disabled
 Compressed Oops: Enabled (32-bit)
 Alignments: Space 512K, Generation 512K, Heap 2M
 Heap Min Capacity: 100M
 Heap Initial Capacity: 100M
 Heap Max Capacity: 1G
 Pre-touch: Disabled
 Parallel Workers: 6

Heap:
 PSYoungGen      total 23552K, used 8489K [0x00000000eab00000, 0x00000000ec580000, 0x0000000100000000)
  eden space 22016K, 32% used [0x00000000eab00000,0x00000000eb2064b8,0x00000000ec080000)
  from space 1536K, 84% used [0x00000000ec300000,0x00000000ec444010,0x00000000ec480000)
  to   space 1024K, 0% used [0x00000000ec480000,0x00000000ec480000,0x00000000ec580000)
 ParOldGen       total 68608K, used 12565K [0x00000000c0000000, 0x00000000c4300000, 0x00000000eab00000)
  object space 68608K, 18% used [0x00000000c0000000,0x00000000c0c454f8,0x00000000c4300000)
 Metaspace       used 41394K, committed 42112K, reserved 1089536K
  class space    used 4398K, committed 4736K, reserved 1048576K

Card table byte_map: [0x000001df16520000,0x000001df16730000] _byte_map_base: 0x000001df15f20000

Marking Bits: (ParMarkBitMap*) 0x00007ffa88233e70
 Begin Bits: [0x000001df28800000, 0x000001df29800000)
 End Bits:   [0x000001df29800000, 0x000001df2a800000)

Polling page: 0x000001df14b30000

Metaspace:

Usage:
  Non-class:     36.13 MB used.
      Class:      4.30 MB used.
       Both:     40.42 MB used.

Virtual space:
  Non-class space:       40.00 MB reserved,      36.50 MB ( 91%) committed,  5 nodes.
      Class space:        1.00 GB reserved,       4.62 MB ( <1%) committed,  1 nodes.
             Both:        1.04 GB reserved,      41.12 MB (  4%) committed. 

Chunk freelists:
   Non-Class:  2.92 MB
       Class:  3.34 MB
        Both:  6.27 MB

MaxMetaspaceSize: unlimited
CompressedClassSpaceSize: 1.00 GB
Initial GC threshold: 21.00 MB
Current GC threshold: 58.38 MB
CDS: off
MetaspaceReclaimPolicy: balanced
 - commit_granule_bytes: 65536.
 - commit_granule_words: 8192.
 - virtual_space_node_default_size: 1048576.
 - enlarge_chunks_in_place: 1.
 - new_chunks_are_fully_committed: 0.
 - uncommit_free_chunks: 1.
 - use_allocation_guard: 0.
 - handle_deallocations: 1.


Internal statistics:

num_allocs_failed_limit: 8.
num_arena_births: 330.
num_arena_deaths: 14.
num_vsnodes_births: 6.
num_vsnodes_deaths: 0.
num_space_committed: 658.
num_space_uncommitted: 0.
num_chunks_returned_to_freelist: 22.
num_chunks_taken_from_freelist: 1737.
num_chunk_merges: 12.
num_chunk_splits: 1124.
num_chunks_enlarged: 719.
num_purges: 2.
num_inconsistent_stats: 0.

CodeHeap 'non-profiled nmethods': size=120000Kb used=1680Kb max_used=1680Kb free=118320Kb
 bounds [0x000001df212d0000, 0x000001df21540000, 0x000001df28800000]
CodeHeap 'profiled nmethods': size=120000Kb used=7401Kb max_used=7401Kb free=112598Kb
 bounds [0x000001df19800000, 0x000001df19f40000, 0x000001df20d30000]
CodeHeap 'non-nmethods': size=5760Kb used=1264Kb max_used=1329Kb free=4495Kb
 bounds [0x000001df20d30000, 0x000001df20fa0000, 0x000001df212d0000]
 total_blobs=4222 nmethods=3636 adapters=499
 compilation: enabled
              stopped_count=0, restarted_count=0
 full_count=0

Compilation events (20 events):
Event: 4.532 Thread 0x000001df2caa44a0 nmethod 3624 0x000001df21473310 code [0x000001df214734a0, 0x000001df21473578]
Event: 4.533 Thread 0x000001df2caa44a0 3626       3       java.lang.Boolean::equals (29 bytes)
Event: 4.533 Thread 0x000001df2caa44a0 nmethod 3626 0x000001df19f2da10 code [0x000001df19f2dbc0, 0x000001df19f2df98]
Event: 4.534 Thread 0x000001df2caa44a0 3627       3       jdk.internal.reflect.AccessorGenerator::sub (5 bytes)
Event: 4.534 Thread 0x000001df2caa44a0 nmethod 3627 0x000001df19f2e090 code [0x000001df19f2e220, 0x000001df19f2e318]
Event: 4.535 Thread 0x000001df2caa44a0 3628       3       java.lang.Class::copyConstructors (38 bytes)
Event: 4.535 Thread 0x000001df2caa44a0 nmethod 3628 0x000001df19f2e390 code [0x000001df19f2e600, 0x000001df19f2f098]
Event: 4.536 Thread 0x000001df2caa44a0 3629       1       com.google.inject.Key$NullAnnotationStrategy::getAnnotationType (2 bytes)
Event: 4.536 Thread 0x000001df2caa44a0 nmethod 3629 0x000001df21473a10 code [0x000001df21473ba0, 0x000001df21473c78]
Event: 4.537 Thread 0x000001df2caa44a0 3630       3       com.google.inject.Key::get (12 bytes)
Event: 4.537 Thread 0x000001df2caa44a0 nmethod 3630 0x000001df19f2f510 code [0x000001df19f2f6e0, 0x000001df19f2fab8]
Event: 4.537 Thread 0x000001df2caa44a0 3631       3       com.google.common.collect.ImmutableSet$RegularSetBuilderImpl::add (122 bytes)
Event: 4.537 Thread 0x000001df2caa44a0 nmethod 3631 0x000001df19f2fc90 code [0x000001df19f2fee0, 0x000001df19f30858]
Event: 4.537 Thread 0x000001df2caa44a0 3632       3       com.google.common.collect.ImmutableSet$SetBuilderImpl::addDedupedElement (28 bytes)
Event: 4.537 Thread 0x000001df2caa44a0 nmethod 3632 0x000001df19f30c10 code [0x000001df19f30de0, 0x000001df19f31218]
Event: 4.539 Thread 0x000001df2caa44a0 3633       3       com.google.common.collect.ImmutableList::of (4 bytes)
Event: 4.539 Thread 0x000001df2caa44a0 nmethod 3633 0x000001df19f31410 code [0x000001df19f315a0, 0x000001df19f31698]
Event: 4.542 Thread 0x000001df2caa44a0 3634       3       com.google.inject.spi.InjectionPoint$InjectableMember::<init> (50 bytes)
Event: 4.542 Thread 0x000001df2caa44a0 nmethod 3634 0x000001df19f31710 code [0x000001df19f318e0, 0x000001df19f31d38]
Event: 4.544 Thread 0x000001df2caa44a0 3635       3       com.google.common.collect.ImmutableList::<init> (5 bytes)

GC Heap History (20 events):
Event: 2.135 GC heap before
{Heap before GC invocations=4 (full 0):
 PSYoungGen      total 29696K, used 10940K [0x00000000eab00000, 0x00000000ecc00000, 0x0000000100000000)
  eden space 25600K, 26% used [0x00000000eab00000,0x00000000eb1affd0,0x00000000ec400000)
  from space 4096K, 99% used [0x00000000ec400000,0x00000000ec7ff410,0x00000000ec800000)
  to   space 4096K, 0% used [0x00000000ec800000,0x00000000ec800000,0x00000000ecc00000)
 ParOldGen       total 68608K, used 3689K [0x00000000c0000000, 0x00000000c4300000, 0x00000000eab00000)
  object space 68608K, 5% used [0x00000000c0000000,0x00000000c039a470,0x00000000c4300000)
 Metaspace       used 21023K, committed 21504K, reserved 1073152K
  class space    used 2126K, committed 2368K, reserved 1048576K
}
Event: 2.140 GC heap after
{Heap after GC invocations=4 (full 0):
 PSYoungGen      total 29696K, used 4093K [0x00000000eab00000, 0x00000000ecc00000, 0x0000000100000000)
  eden space 25600K, 0% used [0x00000000eab00000,0x00000000eab00000,0x00000000ec400000)
  from space 4096K, 99% used [0x00000000ec800000,0x00000000ecbff410,0x00000000ecc00000)
  to   space 4096K, 0% used [0x00000000ec400000,0x00000000ec400000,0x00000000ec800000)
 ParOldGen       total 68608K, used 3927K [0x00000000c0000000, 0x00000000c4300000, 0x00000000eab00000)
  object space 68608K, 5% used [0x00000000c0000000,0x00000000c03d5ff8,0x00000000c4300000)
 Metaspace       used 21023K, committed 21504K, reserved 1073152K
  class space    used 2126K, committed 2368K, reserved 1048576K
}
Event: 2.140 GC heap before
{Heap before GC invocations=5 (full 1):
 PSYoungGen      total 29696K, used 4093K [0x00000000eab00000, 0x00000000ecc00000, 0x0000000100000000)
  eden space 25600K, 0% used [0x00000000eab00000,0x00000000eab00000,0x00000000ec400000)
  from space 4096K, 99% used [0x00000000ec800000,0x00000000ecbff410,0x00000000ecc00000)
  to   space 4096K, 0% used [0x00000000ec400000,0x00000000ec400000,0x00000000ec800000)
 ParOldGen       total 68608K, used 3927K [0x00000000c0000000, 0x00000000c4300000, 0x00000000eab00000)
  object space 68608K, 5% used [0x00000000c0000000,0x00000000c03d5ff8,0x00000000c4300000)
 Metaspace       used 21023K, committed 21504K, reserved 1073152K
  class space    used 2126K, committed 2368K, reserved 1048576K
}
Event: 2.158 GC heap after
{Heap after GC invocations=5 (full 1):
 PSYoungGen      total 29696K, used 0K [0x00000000eab00000, 0x00000000ecc00000, 0x0000000100000000)
  eden space 25600K, 0% used [0x00000000eab00000,0x00000000eab00000,0x00000000ec400000)
  from space 4096K, 0% used [0x00000000ec800000,0x00000000ec800000,0x00000000ecc00000)
  to   space 4096K, 0% used [0x00000000ec400000,0x00000000ec400000,0x00000000ec800000)
 ParOldGen       total 68608K, used 7841K [0x00000000c0000000, 0x00000000c4300000, 0x00000000eab00000)
  object space 68608K, 11% used [0x00000000c0000000,0x00000000c07a87d8,0x00000000c4300000)
 Metaspace       used 21010K, committed 21504K, reserved 1073152K
  class space    used 2123K, committed 2368K, reserved 1048576K
}
Event: 2.620 GC heap before
{Heap before GC invocations=6 (full 1):
 PSYoungGen      total 29696K, used 25600K [0x00000000eab00000, 0x00000000ecc00000, 0x0000000100000000)
  eden space 25600K, 100% used [0x00000000eab00000,0x00000000ec400000,0x00000000ec400000)
  from space 4096K, 0% used [0x00000000ec800000,0x00000000ec800000,0x00000000ecc00000)
  to   space 4096K, 0% used [0x00000000ec400000,0x00000000ec400000,0x00000000ec800000)
 ParOldGen       total 68608K, used 7841K [0x00000000c0000000, 0x00000000c4300000, 0x00000000eab00000)
  object space 68608K, 11% used [0x00000000c0000000,0x00000000c07a87d8,0x00000000c4300000)
 Metaspace       used 24524K, committed 25024K, reserved 1073152K
  class space    used 2535K, committed 2752K, reserved 1048576K
}
Event: 2.621 GC heap after
{Heap after GC invocations=6 (full 1):
 PSYoungGen      total 27136K, used 1961K [0x00000000eab00000, 0x00000000ec980000, 0x0000000100000000)
  eden space 25088K, 0% used [0x00000000eab00000,0x00000000eab00000,0x00000000ec380000)
  from space 2048K, 95% used [0x00000000ec400000,0x00000000ec5ea4f0,0x00000000ec600000)
  to   space 3072K, 0% used [0x00000000ec680000,0x00000000ec680000,0x00000000ec980000)
 ParOldGen       total 68608K, used 7849K [0x00000000c0000000, 0x00000000c4300000, 0x00000000eab00000)
  object space 68608K, 11% used [0x00000000c0000000,0x00000000c07aa7d8,0x00000000c4300000)
 Metaspace       used 24524K, committed 25024K, reserved 1073152K
  class space    used 2535K, committed 2752K, reserved 1048576K
}
Event: 2.874 GC heap before
{Heap before GC invocations=7 (full 1):
 PSYoungGen      total 27136K, used 27049K [0x00000000eab00000, 0x00000000ec980000, 0x0000000100000000)
  eden space 25088K, 100% used [0x00000000eab00000,0x00000000ec380000,0x00000000ec380000)
  from space 2048K, 95% used [0x00000000ec400000,0x00000000ec5ea4f0,0x00000000ec600000)
  to   space 3072K, 0% used [0x00000000ec680000,0x00000000ec680000,0x00000000ec980000)
 ParOldGen       total 68608K, used 7849K [0x00000000c0000000, 0x00000000c4300000, 0x00000000eab00000)
  object space 68608K, 11% used [0x00000000c0000000,0x00000000c07aa7d8,0x00000000c4300000)
 Metaspace       used 27844K, committed 28352K, reserved 1081344K
  class space    used 2776K, committed 3008K, reserved 1048576K
}
Event: 2.875 GC heap after
{Heap after GC invocations=7 (full 1):
 PSYoungGen      total 27648K, used 2917K [0x00000000eab00000, 0x00000000eca00000, 0x0000000100000000)
  eden space 24576K, 0% used [0x00000000eab00000,0x00000000eab00000,0x00000000ec300000)
  from space 3072K, 94% used [0x00000000ec680000,0x00000000ec9595e0,0x00000000ec980000)
  to   space 3584K, 0% used [0x00000000ec300000,0x00000000ec300000,0x00000000ec680000)
 ParOldGen       total 68608K, used 7857K [0x00000000c0000000, 0x00000000c4300000, 0x00000000eab00000)
  object space 68608K, 11% used [0x00000000c0000000,0x00000000c07ac7d8,0x00000000c4300000)
 Metaspace       used 27844K, committed 28352K, reserved 1081344K
  class space    used 2776K, committed 3008K, reserved 1048576K
}
Event: 3.214 GC heap before
{Heap before GC invocations=8 (full 1):
 PSYoungGen      total 27648K, used 27493K [0x00000000eab00000, 0x00000000eca00000, 0x0000000100000000)
  eden space 24576K, 100% used [0x00000000eab00000,0x00000000ec300000,0x00000000ec300000)
  from space 3072K, 94% used [0x00000000ec680000,0x00000000ec9595e0,0x00000000ec980000)
  to   space 3584K, 0% used [0x00000000ec300000,0x00000000ec300000,0x00000000ec680000)
 ParOldGen       total 68608K, used 7857K [0x00000000c0000000, 0x00000000c4300000, 0x00000000eab00000)
  object space 68608K, 11% used [0x00000000c0000000,0x00000000c07ac7d8,0x00000000c4300000)
 Metaspace       used 30938K, committed 31552K, reserved 1081344K
  class space    used 3053K, committed 3328K, reserved 1048576K
}
Event: 3.215 GC heap after
{Heap after GC invocations=8 (full 1):
 PSYoungGen      total 27136K, used 3054K [0x00000000eab00000, 0x00000000ec980000, 0x0000000100000000)
  eden space 24064K, 0% used [0x00000000eab00000,0x00000000eab00000,0x00000000ec280000)
  from space 3072K, 99% used [0x00000000ec300000,0x00000000ec5fb850,0x00000000ec600000)
  to   space 3584K, 0% used [0x00000000ec600000,0x00000000ec600000,0x00000000ec980000)
 ParOldGen       total 68608K, used 7865K [0x00000000c0000000, 0x00000000c4300000, 0x00000000eab00000)
  object space 68608K, 11% used [0x00000000c0000000,0x00000000c07ae7d8,0x00000000c4300000)
 Metaspace       used 30938K, committed 31552K, reserved 1081344K
  class space    used 3053K, committed 3328K, reserved 1048576K
}
Event: 3.702 GC heap before
{Heap before GC invocations=9 (full 1):
 PSYoungGen      total 27136K, used 27117K [0x00000000eab00000, 0x00000000ec980000, 0x0000000100000000)
  eden space 24064K, 99% used [0x00000000eab00000,0x00000000ec27fd00,0x00000000ec280000)
  from space 3072K, 99% used [0x00000000ec300000,0x00000000ec5fb850,0x00000000ec600000)
  to   space 3584K, 0% used [0x00000000ec600000,0x00000000ec600000,0x00000000ec980000)
 ParOldGen       total 68608K, used 7865K [0x00000000c0000000, 0x00000000c4300000, 0x00000000eab00000)
  object space 68608K, 11% used [0x00000000c0000000,0x00000000c07ae7d8,0x00000000c4300000)
 Metaspace       used 34738K, committed 35456K, reserved 1081344K
  class space    used 3533K, committed 3840K, reserved 1048576K
}
Event: 3.704 GC heap after
{Heap after GC invocations=9 (full 1):
 PSYoungGen      total 26624K, used 3582K [0x00000000eab00000, 0x00000000ecb00000, 0x0000000100000000)
  eden space 23040K, 0% used [0x00000000eab00000,0x00000000eab00000,0x00000000ec180000)
  from space 3584K, 99% used [0x00000000ec600000,0x00000000ec97f950,0x00000000ec980000)
  to   space 4608K, 0% used [0x00000000ec180000,0x00000000ec180000,0x00000000ec600000)
 ParOldGen       total 68608K, used 8449K [0x00000000c0000000, 0x00000000c4300000, 0x00000000eab00000)
  object space 68608K, 12% used [0x00000000c0000000,0x00000000c08407f8,0x00000000c4300000)
 Metaspace       used 34738K, committed 35456K, reserved 1081344K
  class space    used 3533K, committed 3840K, reserved 1048576K
}
Event: 3.730 GC heap before
{Heap before GC invocations=10 (full 1):
 PSYoungGen      total 26624K, used 6300K [0x00000000eab00000, 0x00000000ecb00000, 0x0000000100000000)
  eden space 23040K, 11% used [0x00000000eab00000,0x00000000eada78f8,0x00000000ec180000)
  from space 3584K, 99% used [0x00000000ec600000,0x00000000ec97f950,0x00000000ec980000)
  to   space 4608K, 0% used [0x00000000ec180000,0x00000000ec180000,0x00000000ec600000)
 ParOldGen       total 68608K, used 8449K [0x00000000c0000000, 0x00000000c4300000, 0x00000000eab00000)
  object space 68608K, 12% used [0x00000000c0000000,0x00000000c08407f8,0x00000000c4300000)
 Metaspace       used 35201K, committed 35840K, reserved 1081344K
  class space    used 3584K, committed 3840K, reserved 1048576K
}
Event: 3.733 GC heap after
{Heap after GC invocations=10 (full 1):
 PSYoungGen      total 25088K, used 1801K [0x00000000eab00000, 0x00000000ec800000, 0x0000000100000000)
  eden space 23040K, 0% used [0x00000000eab00000,0x00000000eab00000,0x00000000ec180000)
  from space 2048K, 87% used [0x00000000ec180000,0x00000000ec3425d8,0x00000000ec380000)
  to   space 3072K, 0% used [0x00000000ec500000,0x00000000ec500000,0x00000000ec800000)
 ParOldGen       total 68608K, used 10427K [0x00000000c0000000, 0x00000000c4300000, 0x00000000eab00000)
  object space 68608K, 15% used [0x00000000c0000000,0x00000000c0a2eda8,0x00000000c4300000)
 Metaspace       used 35201K, committed 35840K, reserved 1081344K
  class space    used 3584K, committed 3840K, reserved 1048576K
}
Event: 3.733 GC heap before
{Heap before GC invocations=11 (full 2):
 PSYoungGen      total 25088K, used 1801K [0x00000000eab00000, 0x00000000ec800000, 0x0000000100000000)
  eden space 23040K, 0% used [0x00000000eab00000,0x00000000eab00000,0x00000000ec180000)
  from space 2048K, 87% used [0x00000000ec180000,0x00000000ec3425d8,0x00000000ec380000)
  to   space 3072K, 0% used [0x00000000ec500000,0x00000000ec500000,0x00000000ec800000)
 ParOldGen       total 68608K, used 10427K [0x00000000c0000000, 0x00000000c4300000, 0x00000000eab00000)
  object space 68608K, 15% used [0x00000000c0000000,0x00000000c0a2eda8,0x00000000c4300000)
 Metaspace       used 35201K, committed 35840K, reserved 1081344K
  class space    used 3584K, committed 3840K, reserved 1048576K
}
Event: 3.750 GC heap after
{Heap after GC invocations=11 (full 2):
 PSYoungGen      total 25088K, used 0K [0x00000000eab00000, 0x00000000ec800000, 0x0000000100000000)
  eden space 23040K, 0% used [0x00000000eab00000,0x00000000eab00000,0x00000000ec180000)
  from space 2048K, 0% used [0x00000000ec180000,0x00000000ec180000,0x00000000ec380000)
  to   space 3072K, 0% used [0x00000000ec500000,0x00000000ec500000,0x00000000ec800000)
 ParOldGen       total 68608K, used 11912K [0x00000000c0000000, 0x00000000c4300000, 0x00000000eab00000)
  object space 68608K, 17% used [0x00000000c0000000,0x00000000c0ba20b8,0x00000000c4300000)
 Metaspace       used 35201K, committed 35840K, reserved 1081344K
  class space    used 3584K, committed 3840K, reserved 1048576K
}
Event: 4.055 GC heap before
{Heap before GC invocations=12 (full 2):
 PSYoungGen      total 25088K, used 23040K [0x00000000eab00000, 0x00000000ec800000, 0x0000000100000000)
  eden space 23040K, 100% used [0x00000000eab00000,0x00000000ec180000,0x00000000ec180000)
  from space 2048K, 0% used [0x00000000ec180000,0x00000000ec180000,0x00000000ec380000)
  to   space 3072K, 0% used [0x00000000ec500000,0x00000000ec500000,0x00000000ec800000)
 ParOldGen       total 68608K, used 11912K [0x00000000c0000000, 0x00000000c4300000, 0x00000000eab00000)
  object space 68608K, 17% used [0x00000000c0000000,0x00000000c0ba20b8,0x00000000c4300000)
 Metaspace       used 37721K, committed 38400K, reserved 1089536K
  class space    used 3943K, committed 4224K, reserved 1048576K
}
Event: 4.058 GC heap after
{Heap after GC invocations=12 (full 2):
 PSYoungGen      total 23552K, used 892K [0x00000000eab00000, 0x00000000ec600000, 0x0000000100000000)
  eden space 22528K, 0% used [0x00000000eab00000,0x00000000eab00000,0x00000000ec100000)
  from space 1024K, 87% used [0x00000000ec500000,0x00000000ec5df250,0x00000000ec600000)
  to   space 1536K, 0% used [0x00000000ec300000,0x00000000ec300000,0x00000000ec480000)
 ParOldGen       total 68608K, used 11920K [0x00000000c0000000, 0x00000000c4300000, 0x00000000eab00000)
  object space 68608K, 17% used [0x00000000c0000000,0x00000000c0ba40b8,0x00000000c4300000)
 Metaspace       used 37721K, committed 38400K, reserved 1089536K
  class space    used 3943K, committed 4224K, reserved 1048576K
}
Event: 4.421 GC heap before
{Heap before GC invocations=13 (full 2):
 PSYoungGen      total 23552K, used 23420K [0x00000000eab00000, 0x00000000ec600000, 0x0000000100000000)
  eden space 22528K, 100% used [0x00000000eab00000,0x00000000ec100000,0x00000000ec100000)
  from space 1024K, 87% used [0x00000000ec500000,0x00000000ec5df250,0x00000000ec600000)
  to   space 1536K, 0% used [0x00000000ec300000,0x00000000ec300000,0x00000000ec480000)
 ParOldGen       total 68608K, used 11920K [0x00000000c0000000, 0x00000000c4300000, 0x00000000eab00000)
  object space 68608K, 17% used [0x00000000c0000000,0x00000000c0ba40b8,0x00000000c4300000)
 Metaspace       used 40519K, committed 41216K, reserved 1089536K
  class space    used 4272K, committed 4608K, reserved 1048576K
}
Event: 4.424 GC heap after
{Heap after GC invocations=13 (full 2):
 PSYoungGen      total 23552K, used 1296K [0x00000000eab00000, 0x00000000ec580000, 0x0000000100000000)
  eden space 22016K, 0% used [0x00000000eab00000,0x00000000eab00000,0x00000000ec080000)
  from space 1536K, 84% used [0x00000000ec300000,0x00000000ec444010,0x00000000ec480000)
  to   space 1024K, 0% used [0x00000000ec480000,0x00000000ec480000,0x00000000ec580000)
 ParOldGen       total 68608K, used 12565K [0x00000000c0000000, 0x00000000c4300000, 0x00000000eab00000)
  object space 68608K, 18% used [0x00000000c0000000,0x00000000c0c454f8,0x00000000c4300000)
 Metaspace       used 40519K, committed 41216K, reserved 1089536K
  class space    used 4272K, committed 4608K, reserved 1048576K
}

Dll operation events (10 events):
Event: 0.077 Loaded shared library c:\Users\daniely.campaner\.vscode\extensions\redhat.java-1.16.0-win32-x64\jre\17.0.6-win32-x86_64\bin\java.dll
Event: 0.257 Loaded shared library c:\Users\daniely.campaner\.vscode\extensions\redhat.java-1.16.0-win32-x64\jre\17.0.6-win32-x86_64\bin\zip.dll
Event: 0.268 Loaded shared library C:\Users\daniely.campaner\.vscode\extensions\redhat.java-1.16.0-win32-x64\jre\17.0.6-win32-x86_64\bin\instrument.dll
Event: 0.286 Loaded shared library C:\Users\daniely.campaner\.vscode\extensions\redhat.java-1.16.0-win32-x64\jre\17.0.6-win32-x86_64\bin\net.dll
Event: 0.290 Loaded shared library C:\Users\daniely.campaner\.vscode\extensions\redhat.java-1.16.0-win32-x64\jre\17.0.6-win32-x86_64\bin\nio.dll
Event: 0.296 Loaded shared library C:\Users\daniely.campaner\.vscode\extensions\redhat.java-1.16.0-win32-x64\jre\17.0.6-win32-x86_64\bin\zip.dll
Event: 0.309 Loaded shared library C:\Users\daniely.campaner\.vscode\extensions\redhat.java-1.16.0-win32-x64\jre\17.0.6-win32-x86_64\bin\jimage.dll
Event: 0.363 Loaded shared library c:\Users\daniely.campaner\.vscode\extensions\redhat.java-1.16.0-win32-x64\jre\17.0.6-win32-x86_64\bin\verify.dll
Event: 1.487 Loaded shared library C:\Users\daniely.campaner\AppData\Roaming\Code\User\globalStorage\redhat.java\1.16.0\config_win\org.eclipse.equinox.launcher\org.eclipse.equinox.launcher.win32.win32.x86_64_1.2.700.v20221108-1024\eclipse_11801.dll
Event: 3.399 Loaded shared library C:\Users\daniely.campaner\AppData\Local\Temp\jna--161128369\jna8078720394708968837.dll

Deoptimization events (20 events):
Event: 4.112 Thread 0x000001df2e04ace0 DEOPT PACKING pc=0x000001df213d8898 sp=0x00000042cbdfdd60
Event: 4.112 Thread 0x000001df2e04ace0 DEOPT UNPACKING pc=0x000001df20d866a3 sp=0x00000042cbdfdc80 mode 2
Event: 4.112 Thread 0x000001df2e04ace0 Uncommon trap: trap_request=0xffffff66 fr.pc=0x000001df213d8898 relative=0x00000000000000f8
Event: 4.112 Thread 0x000001df2e04ace0 Uncommon trap: reason=speculate_class_check action=maybe_recompile pc=0x000001df213d8898 method=java.util.regex.Pattern$CharPredicate.lambda$negate$3(I)Z @ 2 c2
Event: 4.112 Thread 0x000001df2e04ace0 DEOPT PACKING pc=0x000001df213d8898 sp=0x00000042cbdfdd60
Event: 4.112 Thread 0x000001df2e04ace0 DEOPT UNPACKING pc=0x000001df20d866a3 sp=0x00000042cbdfdc80 mode 2
Event: 4.112 Thread 0x000001df2e04ace0 Uncommon trap: trap_request=0xffffff66 fr.pc=0x000001df213d8898 relative=0x00000000000000f8
Event: 4.112 Thread 0x000001df2e04ace0 Uncommon trap: reason=speculate_class_check action=maybe_recompile pc=0x000001df213d8898 method=java.util.regex.Pattern$CharPredicate.lambda$negate$3(I)Z @ 2 c2
Event: 4.112 Thread 0x000001df2e04ace0 DEOPT PACKING pc=0x000001df213d8898 sp=0x00000042cbdfdd60
Event: 4.112 Thread 0x000001df2e04ace0 DEOPT UNPACKING pc=0x000001df20d866a3 sp=0x00000042cbdfdc80 mode 2
Event: 4.143 Thread 0x000001df2e04ace0 Uncommon trap: trap_request=0xffffffc6 fr.pc=0x000001df2142f100 relative=0x0000000000000880
Event: 4.143 Thread 0x000001df2e04ace0 Uncommon trap: reason=bimorphic_or_optimized_type_check action=maybe_recompile pc=0x000001df2142f100 method=java.util.HashMap.putVal(ILjava/lang/Object;Ljava/lang/Object;ZZ)Ljava/lang/Object; @ 203 c2
Event: 4.143 Thread 0x000001df2e04ace0 DEOPT PACKING pc=0x000001df2142f100 sp=0x00000042cbdfdad0
Event: 4.143 Thread 0x000001df2e04ace0 DEOPT UNPACKING pc=0x000001df20d866a3 sp=0x00000042cbdfd9d8 mode 2
Event: 4.154 Thread 0x000001df2e04ace0 DEOPT PACKING pc=0x000001df19e8f2d9 sp=0x00000042cbdfdce0
Event: 4.154 Thread 0x000001df2e04ace0 DEOPT UNPACKING pc=0x000001df20d86e43 sp=0x00000042cbdfd138 mode 0
Event: 4.308 Thread 0x000001df2e04ce90 Uncommon trap: trap_request=0xffffff45 fr.pc=0x000001df2145bc3c relative=0x00000000000004fc
Event: 4.308 Thread 0x000001df2e04ce90 Uncommon trap: reason=unstable_if action=reinterpret pc=0x000001df2145bc3c method=java.lang.String.decodeASCII([BI[CII)I @ 7 c2
Event: 4.308 Thread 0x000001df2e04ce90 DEOPT PACKING pc=0x000001df2145bc3c sp=0x00000042cc4fdee0
Event: 4.308 Thread 0x000001df2e04ce90 DEOPT UNPACKING pc=0x000001df20d866a3 sp=0x00000042cc4fdd08 mode 2

Classes unloaded (7 events):
Event: 2.143 Thread 0x000001df2a8c9b60 Unloading class 0x0000000100216400 'java/lang/invoke/LambdaForm$MH+0x0000000100216400'
Event: 2.143 Thread 0x000001df2a8c9b60 Unloading class 0x0000000100216000 'java/lang/invoke/LambdaForm$MH+0x0000000100216000'
Event: 2.143 Thread 0x000001df2a8c9b60 Unloading class 0x0000000100215c00 'java/lang/invoke/LambdaForm$MH+0x0000000100215c00'
Event: 2.143 Thread 0x000001df2a8c9b60 Unloading class 0x0000000100215400 'java/lang/invoke/LambdaForm$MH+0x0000000100215400'
Event: 2.143 Thread 0x000001df2a8c9b60 Unloading class 0x0000000100215000 'java/lang/invoke/LambdaForm$BMH+0x0000000100215000'
Event: 2.143 Thread 0x000001df2a8c9b60 Unloading class 0x0000000100214c00 'java/lang/invoke/LambdaForm$DMH+0x0000000100214c00'
Event: 2.143 Thread 0x000001df2a8c9b60 Unloading class 0x0000000100212000 'java/lang/invoke/LambdaForm$DMH+0x0000000100212000'

Classes redefined (0 events):
No events

Internal exceptions (20 events):
Event: 3.039 Thread 0x000001df2e253300 Exception <a 'java/lang/NoSuchMethodError'{0x00000000ebd9ea08}: 'void java.lang.invoke.DirectMethodHandle$Holder.invokeVirtual(java.lang.Object, java.lang.Object)'> (0x00000000ebd9ea08) 
thrown [s\src\hotspot\share\interpreter\linkResolver.cpp, line 759]
Event: 3.062 Thread 0x000001df2e253300 Exception <a 'java/lang/NoSuchMethodError'{0x00000000ebf09d70}: 'java.lang.Object java.lang.invoke.DirectMethodHandle$Holder.invokeStaticInit(java.lang.Object, int, int, int, int)'> (0x00000000ebf09d70) 
thrown [s\src\hotspot\share\interpreter\linkResolver.cpp, line 759]
Event: 3.158 Thread 0x000001df2e253300 Exception <a 'java/lang/NoSuchMethodError'{0x00000000ebfc6fc8}: 'java.lang.Object java.lang.invoke.DirectMethodHandle$Holder.invokeStaticInit(java.lang.Object, java.lang.Object, int, int, int, int)'> (0x00000000ebfc6fc8) 
thrown [s\src\hotspot\share\interpreter\linkResolver.cpp, line 759]
Event: 3.217 Thread 0x000001df2e253300 Exception <a 'java/lang/ClassNotFoundException'{0x00000000eab13c70}: com/sun/org/apache/xml/internal/serializer/spi/XMLEntitiesProvider> (0x00000000eab13c70) 
thrown [s\src\hotspot\share\classfile\systemDictionary.cpp, line 256]
Event: 3.314 Thread 0x000001df2e253300 Exception <a 'java/io/FileNotFoundException'{0x00000000eaea8218}> (0x00000000eaea8218) 
thrown [s\src\hotspot\share\prims\jni.cpp, line 516]
Event: 3.425 Thread 0x000001df2e253300 Exception <a 'java/lang/UnsatisfiedLinkError'{0x00000000eb1561c0}: Não foi possível encontrar o procedimento especificado.
> (0x00000000eb1561c0) 
thrown [s\src\hotspot\share\prims\jni.cpp, line 535]
Event: 3.439 Thread 0x000001df2e253300 Exception <a 'java/io/FileNotFoundException'{0x00000000eb179440}> (0x00000000eb179440) 
thrown [s\src\hotspot\share\prims\jni.cpp, line 516]
Event: 3.447 Thread 0x000001df2e253300 Exception <a 'java/io/FileNotFoundException'{0x00000000eb1eb778}> (0x00000000eb1eb778) 
thrown [s\src\hotspot\share\prims\jni.cpp, line 516]
Event: 3.465 Thread 0x000001df2e253300 Exception <a 'java/lang/UnsatisfiedLinkError'{0x00000000eb2775f0}: Não foi possível encontrar o procedimento especificado.
> (0x00000000eb2775f0) 
thrown [s\src\hotspot\share\prims\jni.cpp, line 535]
Event: 3.543 Thread 0x000001df16b73770 Exception <a 'java/lang/NoSuchMethodError'{0x00000000eb615798}: 'java.lang.Object java.lang.invoke.DirectMethodHandle$Holder.invokeStatic(java.lang.Object, java.lang.Object, long, java.lang.Object)'> (0x00000000eb615798) 
thrown [s\src\hotspot\share\interpreter\linkResolver.cpp, line 759]
Event: 3.544 Thread 0x000001df16b73770 Exception <a 'java/lang/NoSuchMethodError'{0x00000000eb619230}: 'java.lang.Object java.lang.invoke.DirectMethodHandle$Holder.invokeStaticInit(java.lang.Object, java.lang.Object, long, java.lang.Object)'> (0x00000000eb619230) 
thrown [s\src\hotspot\share\interpreter\linkResolver.cpp, line 759]
Event: 3.544 Thread 0x000001df16b73770 Exception <a 'java/lang/NoSuchMethodError'{0x00000000eb61f840}: 'java.lang.Object java.lang.invoke.DirectMethodHandle$Holder.newInvokeSpecial(java.lang.Object, java.lang.Object, long)'> (0x00000000eb61f840) 
thrown [s\src\hotspot\share\interpreter\linkResolver.cpp, line 759]
Event: 3.544 Thread 0x000001df16b73770 Exception <a 'java/lang/NoSuchMethodError'{0x00000000eb623280}: 'java.lang.Object java.lang.invoke.Invokers$Holder.linkToTargetMethod(java.lang.Object, long, java.lang.Object)'> (0x00000000eb623280) 
thrown [s\src\hotspot\share\interpreter\linkResolver.cpp, line 759]
Event: 3.558 Thread 0x000001df2e04ace0 Exception <a 'java/lang/NoSuchMethodError'{0x00000000eb6b5250}: 'void java.lang.invoke.DirectMethodHandle$Holder.invokeStatic(java.lang.Object, java.lang.Object, java.lang.Object, java.lang.Object)'> (0x00000000eb6b5250) 
thrown [s\src\hotspot\share\interpreter\linkResolver.cpp, line 759]
Event: 3.809 Thread 0x000001df16b73770 Exception <a 'java/lang/NoSuchMethodError'{0x00000000eb17bd68}: 'void java.lang.invoke.DirectMethodHandle$Holder.invokeSpecial(java.lang.Object, java.lang.Object, java.lang.Object, java.lang.Object, java.lang.Object, java.lang.Object)'> (0x00000000eb17bd68) 
thrown [s\src\hotspot\share\interpreter\linkResolver.cpp, line 759]
Event: 3.810 Thread 0x000001df16b73770 Exception <a 'java/lang/IncompatibleClassChangeError'{0x00000000eb184860}: Found class java.lang.Object, but interface was expected> (0x00000000eb184860) 
thrown [s\src\hotspot\share\interpreter\linkResolver.cpp, line 826]
Event: 3.924 Thread 0x000001df2e04ace0 Exception <a 'java/lang/NoClassDefFoundError'{0x00000000eb8ac620}: javax/enterprise/inject/Typed> (0x00000000eb8ac620) 
thrown [s\src\hotspot\share\classfile\systemDictionary.cpp, line 245]
Event: 4.310 Thread 0x000001df2e04ce90 Exception <a 'java/io/FileNotFoundException'{0x00000000eb820870}> (0x00000000eb820870) 
thrown [s\src\hotspot\share\prims\jni.cpp, line 516]
Event: 4.346 Thread 0x000001df2e04ce90 Exception <a 'sun/nio/fs/WindowsException'{0x00000000ebab16a0}> (0x00000000ebab16a0) 
thrown [s\src\hotspot\share\prims\jni.cpp, line 516]
Event: 4.357 Thread 0x000001df2e04ce90 Exception <a 'java/lang/NoSuchMethodError'{0x00000000ebc6c008}: 'java.lang.Object java.lang.invoke.DirectMethodHandle$Holder.invokeStaticInit(java.lang.Object, int)'> (0x00000000ebc6c008) 
thrown [s\src\hotspot\share\interpreter\linkResolver.cpp, line 759]

VM Operations (20 events):
Event: 3.702 Executing VM operation: ParallelGCFailedAllocation
Event: 3.704 Executing VM operation: ParallelGCFailedAllocation done
Event: 3.730 Executing VM operation: CollectForMetadataAllocation
Event: 3.751 Executing VM operation: CollectForMetadataAllocation done
Event: 3.753 Executing VM operation: CollectForMetadataAllocation
Event: 3.761 Executing VM operation: CollectForMetadataAllocation done
Event: 3.863 Executing VM operation: HandshakeAllThreads
Event: 3.863 Executing VM operation: HandshakeAllThreads done
Event: 3.896 Executing VM operation: HandshakeAllThreads
Event: 3.896 Executing VM operation: HandshakeAllThreads done
Event: 4.049 Executing VM operation: ParallelGCFailedAllocation
Event: 4.063 Executing VM operation: ParallelGCFailedAllocation done
Event: 4.281 Executing VM operation: HandshakeAllThreads
Event: 4.281 Executing VM operation: HandshakeAllThreads done
Event: 4.362 Executing VM operation: HandshakeAllThreads
Event: 4.362 Executing VM operation: HandshakeAllThreads done
Event: 4.421 Executing VM operation: ParallelGCFailedAllocation
Event: 4.424 Executing VM operation: ParallelGCFailedAllocation done
Event: 4.472 Executing VM operation: HandshakeAllThreads
Event: 4.472 Executing VM operation: HandshakeAllThreads done

Events (20 events):
Event: 4.394 loading class sun/nio/fs/WindowsFileCopy
Event: 4.394 loading class sun/nio/fs/WindowsFileCopy done
Event: 4.408 loading class java/lang/InheritableThreadLocal
Event: 4.408 loading class java/lang/InheritableThreadLocal done
Event: 4.467 loading class sun/reflect/generics/scope/ConstructorScope
Event: 4.467 loading class sun/reflect/generics/scope/ConstructorScope done
Event: 4.467 loading class sun/reflect/generics/tree/VoidDescriptor
Event: 4.467 loading class sun/reflect/generics/tree/VoidDescriptor done
Event: 4.527 loading class java/nio/channels/SocketChannel
Event: 4.527 loading class java/nio/channels/NetworkChannel
Event: 4.527 loading class java/nio/channels/NetworkChannel done
Event: 4.527 loading class java/nio/channels/spi/AbstractSelectableChannel
Event: 4.527 loading class java/nio/channels/spi/AbstractSelectableChannel done
Event: 4.527 loading class java/nio/channels/SocketChannel done
Event: 4.528 loading class java/nio/channels/ServerSocketChannel
Event: 4.528 loading class java/nio/channels/ServerSocketChannel done
Event: 4.528 loading class javax/net/ssl/SSLSocketFactory
Event: 4.528 loading class javax/net/SocketFactory
Event: 4.528 loading class javax/net/SocketFactory done
Event: 4.528 loading class javax/net/ssl/SSLSocketFactory done


Dynamic libraries:
0x00007ff7cce90000 - 0x00007ff7cce9e000 	c:\Users\daniely.campaner\.vscode\extensions\redhat.java-1.16.0-win32-x64\jre\17.0.6-win32-x86_64\bin\java.exe
0x00007ffac1090000 - 0x00007ffac1288000 	C:\Windows\SYSTEM32\ntdll.dll
0x00007ffabff20000 - 0x00007ffabffdf000 	C:\Windows\System32\KERNEL32.dll
0x00007ffabe470000 - 0x00007ffabe571000 	C:\Windows\system32\hmpalert.dll
0x00007ffabe930000 - 0x00007ffabec26000 	C:\Windows\System32\KERNELBASE.dll
0x00007ffabe770000 - 0x00007ffabe870000 	C:\Windows\System32\ucrtbase.dll
0x00007ffaa69e0000 - 0x00007ffaa69f7000 	c:\Users\daniely.campaner\.vscode\extensions\redhat.java-1.16.0-win32-x64\jre\17.0.6-win32-x86_64\bin\jli.dll
0x00007ffac0740000 - 0x00007ffac08dd000 	C:\Windows\System32\USER32.dll
0x00007ffabe900000 - 0x00007ffabe922000 	C:\Windows\System32\win32u.dll
0x00007ffabfbc0000 - 0x00007ffabfbec000 	C:\Windows\System32\GDI32.dll
0x00007ffabefd0000 - 0x00007ffabf0e5000 	C:\Windows\System32\gdi32full.dll
0x00007ffabedd0000 - 0x00007ffabee6d000 	C:\Windows\System32\msvcp_win.dll
0x00007ffa9ddf0000 - 0x00007ffa9de09000 	c:\Users\daniely.campaner\.vscode\extensions\redhat.java-1.16.0-win32-x64\jre\17.0.6-win32-x86_64\bin\VCRUNTIME140.dll
0x00007ffaa8690000 - 0x00007ffaa892a000 	C:\Windows\WinSxS\amd64_microsoft.windows.common-controls_6595b64144ccf1df_6.0.19041.1110_none_60b5254171f9507e\COMCTL32.dll
0x00007ffabf920000 - 0x00007ffabf9be000 	C:\Windows\System32\msvcrt.dll
0x00007ffabf9c0000 - 0x00007ffabf9f0000 	C:\Windows\System32\IMM32.DLL
0x00007ffab9670000 - 0x00007ffab967c000 	c:\Users\daniely.campaner\.vscode\extensions\redhat.java-1.16.0-win32-x64\jre\17.0.6-win32-x86_64\bin\vcruntime140_1.dll
0x00007ffa9bc50000 - 0x00007ffa9bce1000 	c:\Users\daniely.campaner\.vscode\extensions\redhat.java-1.16.0-win32-x64\jre\17.0.6-win32-x86_64\bin\msvcp140.dll
0x00007ffa876b0000 - 0x00007ffa882f7000 	c:\Users\daniely.campaner\.vscode\extensions\redhat.java-1.16.0-win32-x64\jre\17.0.6-win32-x86_64\bin\server\jvm.dll
0x00007ffabfe70000 - 0x00007ffabff1f000 	C:\Windows\System32\ADVAPI32.dll
0x00007ffabfa50000 - 0x00007ffabfaec000 	C:\Windows\System32\sechost.dll
0x00007ffac0f20000 - 0x00007ffac1046000 	C:\Windows\System32\RPCRT4.dll
0x00007ffa9a010000 - 0x00007ffa9a019000 	C:\Windows\SYSTEM32\WSOCK32.dll
0x00007ffac06d0000 - 0x00007ffac073b000 	C:\Windows\System32\WS2_32.dll
0x00007ffab9c70000 - 0x00007ffab9c7a000 	C:\Windows\SYSTEM32\VERSION.dll
0x00007ffaad850000 - 0x00007ffaad877000 	C:\Windows\SYSTEM32\WINMM.dll
0x00007ffabc3a0000 - 0x00007ffabc3b2000 	C:\Windows\SYSTEM32\kernel.appcore.dll
0x00007ffab9370000 - 0x00007ffab937a000 	c:\Users\daniely.campaner\.vscode\extensions\redhat.java-1.16.0-win32-x64\jre\17.0.6-win32-x86_64\bin\jimage.dll
0x00007ffaad8d0000 - 0x00007ffaadab4000 	C:\Windows\SYSTEM32\DBGHELP.DLL
0x00007ffaad370000 - 0x00007ffaad3a4000 	C:\Windows\SYSTEM32\dbgcore.DLL
0x00007ffabe870000 - 0x00007ffabe8f2000 	C:\Windows\System32\bcryptPrimitives.dll
0x00007ffaafb20000 - 0x00007ffaafb2e000 	c:\Users\daniely.campaner\.vscode\extensions\redhat.java-1.16.0-win32-x64\jre\17.0.6-win32-x86_64\bin\instrument.dll
0x00007ffa9c830000 - 0x00007ffa9c855000 	c:\Users\daniely.campaner\.vscode\extensions\redhat.java-1.16.0-win32-x64\jre\17.0.6-win32-x86_64\bin\java.dll
0x00007ffa9c810000 - 0x00007ffa9c828000 	c:\Users\daniely.campaner\.vscode\extensions\redhat.java-1.16.0-win32-x64\jre\17.0.6-win32-x86_64\bin\zip.dll
0x00007ffabf0f0000 - 0x00007ffabf834000 	C:\Windows\System32\SHELL32.dll
0x00007ffabc5a0000 - 0x00007ffabcd33000 	C:\Windows\SYSTEM32\windows.storage.dll
0x00007ffac01b0000 - 0x00007ffac0504000 	C:\Windows\System32\combase.dll
0x00007ffabe050000 - 0x00007ffabe07e000 	C:\Windows\SYSTEM32\Wldp.dll
0x00007ffabfc70000 - 0x00007ffabfd1d000 	C:\Windows\System32\SHCORE.dll
0x00007ffabfaf0000 - 0x00007ffabfb45000 	C:\Windows\System32\shlwapi.dll
0x00007ffabe6b0000 - 0x00007ffabe6cf000 	C:\Windows\SYSTEM32\profapi.dll
0x00007ffa9c7f0000 - 0x00007ffa9c809000 	C:\Users\daniely.campaner\.vscode\extensions\redhat.java-1.16.0-win32-x64\jre\17.0.6-win32-x86_64\bin\net.dll
0x00007ffabd5e0000 - 0x00007ffabd6ea000 	C:\Windows\SYSTEM32\WINHTTP.dll
0x00007ffabdd40000 - 0x00007ffabddaa000 	C:\Windows\system32\mswsock.dll
0x00007ffa9c100000 - 0x00007ffa9c115000 	C:\Users\daniely.campaner\.vscode\extensions\redhat.java-1.16.0-win32-x64\jre\17.0.6-win32-x86_64\bin\nio.dll
0x00007ffaa69d0000 - 0x00007ffaa69e0000 	c:\Users\daniely.campaner\.vscode\extensions\redhat.java-1.16.0-win32-x64\jre\17.0.6-win32-x86_64\bin\verify.dll
0x00007ffa9b2e0000 - 0x00007ffa9b31e000 	C:\Users\daniely.campaner\AppData\Roaming\Code\User\globalStorage\redhat.java\1.16.0\config_win\org.eclipse.equinox.launcher\org.eclipse.equinox.launcher.win32.win32.x86_64_1.2.700.v20221108-1024\eclipse_11801.dll
0x00007ffac0510000 - 0x00007ffac063a000 	C:\Windows\System32\ole32.dll
0x00007ffabdf30000 - 0x00007ffabdf48000 	C:\Windows\SYSTEM32\CRYPTSP.dll
0x00007ffabd550000 - 0x00007ffabd584000 	C:\Windows\system32\rsaenh.dll
0x00007ffabec80000 - 0x00007ffabeca7000 	C:\Windows\System32\bcrypt.dll
0x00007ffabe670000 - 0x00007ffabe69e000 	C:\Windows\SYSTEM32\USERENV.dll
0x00007ffabdf50000 - 0x00007ffabdf5c000 	C:\Windows\SYSTEM32\CRYPTBASE.dll
0x00007ffabda30000 - 0x00007ffabda6c000 	C:\Windows\SYSTEM32\IPHLPAPI.DLL
0x00007ffabfb50000 - 0x00007ffabfb58000 	C:\Windows\System32\NSI.dll
0x00007ffab9ef0000 - 0x00007ffab9f07000 	C:\Windows\SYSTEM32\dhcpcsvc6.DLL
0x00007ffab9e60000 - 0x00007ffab9e7d000 	C:\Windows\SYSTEM32\dhcpcsvc.DLL
0x00007ffabda80000 - 0x00007ffabdb4b000 	C:\Windows\SYSTEM32\DNSAPI.dll
0x00007ffa978c0000 - 0x00007ffa97905000 	C:\Users\daniely.campaner\AppData\Local\Temp\jna--161128369\jna8078720394708968837.dll
0x00007ffabfd20000 - 0x00007ffabfd28000 	C:\Windows\System32\PSAPI.DLL

dbghelp: loaded successfully - version: 4.0.5 - missing functions: none
symbol engine: initialized successfully - sym options: 0x614 - pdb path: .;c:\Users\daniely.campaner\.vscode\extensions\redhat.java-1.16.0-win32-x64\jre\17.0.6-win32-x86_64\bin;C:\Windows\SYSTEM32;C:\Windows\WinSxS\amd64_microsoft.windows.common-controls_6595b64144ccf1df_6.0.19041.1110_none_60b5254171f9507e;c:\Users\daniely.campaner\.vscode\extensions\redhat.java-1.16.0-win32-x64\jre\17.0.6-win32-x86_64\bin\server;C:\Users\daniely.campaner\AppData\Roaming\Code\User\globalStorage\redhat.java\1.16.0\config_win\org.eclipse.equinox.launcher\org.eclipse.equinox.launcher.win32.win32.x86_64_1.2.700.v20221108-1024;C:\Users\daniely.campaner\AppData\Local\Temp\jna--161128369

VM Arguments:
jvm_args: --add-modules=ALL-SYSTEM --add-opens=java.base/java.util=ALL-UNNAMED --add-opens=java.base/java.lang=ALL-UNNAMED --add-opens=java.base/sun.nio.fs=ALL-UNNAMED -Declipse.application=org.eclipse.jdt.ls.core.id1 -Dosgi.bundles.defaultStartLevel=4 -Declipse.product=org.eclipse.jdt.ls.core.product -Djava.import.generatesMetadataFilesAtProjectRoot=false -Dfile.encoding=utf8 -XX:+UseParallelGC -XX:GCTimeRatio=4 -XX:AdaptiveSizePolicyWeight=90 -Dsun.zip.disableMemoryMapping=true -Xmx1G -Xms100m -Xlog:disable -javaagent:c:\Users\daniely.campaner\.vscode\extensions\redhat.java-1.16.0-win32-x64\lombok\lombok-1.18.24.jar -XX:+HeapDumpOnOutOfMemoryError -XX:HeapDumpPath=c:\Users\daniely.campaner\AppData\Roaming\Code\User\workspaceStorage\7750d84eb1923cc754df20621d31398b\redhat.java 
java_command: c:\Users\daniely.campaner\.vscode\extensions\redhat.java-1.16.0-win32-x64\server\plugins\org.eclipse.equinox.launcher_1.6.400.v20210924-0641.jar -configuration c:\Users\daniely.campaner\AppData\Roaming\Code\User\globalStorage\redhat.java\1.16.0\config_win -data c:\Users\daniely.campaner\AppData\Roaming\Code\User\workspaceStorage\7750d84eb1923cc754df20621d31398b\redhat.java\jdt_ws
java_class_path (initial): c:\Users\daniely.campaner\.vscode\extensions\redhat.java-1.16.0-win32-x64\server\plugins\org.eclipse.equinox.launcher_1.6.400.v20210924-0641.jar
Launcher Type: SUN_STANDARD

[Global flags]
    uintx AdaptiveSizePolicyWeight                 = 90                                        {product} {command line}
     intx CICompilerCount                          = 3                                         {product} {ergonomic}
    uintx GCTimeRatio                              = 4                                         {product} {command line}
     bool HeapDumpOnOutOfMemoryError               = true                                   {manageable} {command line}
    ccstr HeapDumpPath                             = c:\Users\daniely.campaner\AppData\Roaming\Code\User\workspaceStorage\7750d84eb1923cc754df20621d31398b\redhat.java         {manageable} {command line}
   size_t InitialHeapSize                          = 104857600                                 {product} {command line}
   size_t MaxHeapSize                              = 1073741824                                {product} {command line}
   size_t MaxNewSize                               = 357564416                                 {product} {ergonomic}
   size_t MinHeapDeltaBytes                        = 524288                                    {product} {ergonomic}
   size_t MinHeapSize                              = 104857600                                 {product} {command line}
   size_t NewSize                                  = 34603008                                  {product} {ergonomic}
    uintx NonNMethodCodeHeapSize                   = 5832780                                {pd product} {ergonomic}
    uintx NonProfiledCodeHeapSize                  = 122912730                              {pd product} {ergonomic}
   size_t OldSize                                  = 70254592                                  {product} {ergonomic}
    uintx ProfiledCodeHeapSize                     = 122912730                              {pd product} {ergonomic}
    uintx ReservedCodeCacheSize                    = 251658240                              {pd product} {ergonomic}
     bool SegmentedCodeCache                       = true                                      {product} {ergonomic}
   size_t SoftMaxHeapSize                          = 1073741824                             {manageable} {ergonomic}
     bool UseCompressedClassPointers               = true                           {product lp64_product} {ergonomic}
     bool UseCompressedOops                        = true                           {product lp64_product} {ergonomic}
     bool UseLargePagesIndividualAllocation        = false                                  {pd product} {ergonomic}
     bool UseParallelGC                            = true                                      {product} {command line}

Logging:
Log output configuration:
 #0: stdout all=off uptime,level,tags
 #1: stderr all=off uptime,level,tags

Environment Variables:
PATH=C:\Program Files (x86)\VMware\VMware Workstation\bin\;C:\Program Files\Common Files\Oracle\Java\javapath;C:\Program Files (x86)\Common Files\Oracle\Java\javapath;C:\Windows\system32;C:\Windows;C:\Windows\System32\Wbem;C:\Windows\System32\WindowsPowerShell\v1.0\;C:\Windows\System32\OpenSSH\;C:\Program Files\Git\cmd;C:\Program Files\nodejs\;C:\Program Files\Microsoft VS Code\bin;C:\Users\daniely.campaner\AppData\Local\Microsoft\WindowsApps;
USERNAME=daniely.campaner
OS=Windows_NT
PROCESSOR_IDENTIFIER=Intel64 Family 6 Model 158 Stepping 10, GenuineIntel
TMP=C:\Users\DANIEL~1.CAM\AppData\Local\Temp
TEMP=C:\Users\DANIEL~1.CAM\AppData\Local\Temp



---------------  S Y S T E M  ---------------

OS:
 Windows 10 , 64 bit Build 19041 (10.0.19041.2913)
OS uptime: 0 days 0:08 hours

CPU: total 6 (initial active 6) (6 cores per cpu, 1 threads per core) family 6 model 158 stepping 10 microcode 0xea, cx8, cmov, fxsr, mmx, 3dnowpref, sse, sse2, sse3, ssse3, sse4.1, sse4.2, popcnt, lzcnt, tsc, tscinvbit, avx, avx2, aes, erms, clmul, bmi1, bmi2, rtm, adx, fma, vzeroupper, clflush, clflushopt

Memory: 4k page, system-wide physical 8001M (1453M free)
TotalPageFile size 8001M (AvailPageFile size 2M)
current process WorkingSet (physical memory assigned to process): 183M, peak: 183M
current process commit charge ("private bytes"): 278M, peak: 278M

vm_info: OpenJDK 64-Bit Server VM (17.0.6+10) for windows-amd64 JRE (17.0.6+10), built on Jan 18 2023 10:08:59 by "temurin" with MS VC++ 16.7 (VS2019)

END.
